New log file opened at Sun May 17 21:43:26 CEST 2015 by 14548@Sabina
Sending msg to client activator-4e1f5cd8-cc27-47c6-8906-107a3e48ce98: DetachedLogEvent(LogMessage(debug,sbt server socket logs are in: C:\Users\Sabina\Documents\GitHub\DreamSpace\.sbtserver\connections\master.log))
Sending msg to client activator-4e1f5cd8-cc27-47c6-8906-107a3e48ce98: DetachedLogEvent(LogMessage(debug,sbt general server logs are in: C:\Users\Sabina\Documents\GitHub\DreamSpace\.sbtserver\master.log))
Sending msg to client activator-4e1f5cd8-cc27-47c6-8906-107a3e48ce98: DetachedLogEvent(LogMessage(debug,sbt client logs are in: C:\Users\Sabina\Documents\GitHub\DreamSpace\.sbtserver\connections\activator-4e1f5cd8-cc27-47c6-8906-107a3e48ce98.log))
Reading next message from client.
Got request: ListenToEvents()
Reading next message from client.
Got request: ListenToBuildChange()
Reading next message from client.
Got request: SendSyntheticBuildChanged()
Reading next message from client.
Got request: KeyLookupRequest(discoveredMainClasses)
Reading next message from client.
Got request: KeyLookupRequest(mainClass)
Reading next message from client.
Sending msg to client activator-4e1f5cd8-cc27-47c6-8906-107a3e48ce98: (3,ReceivedResponse())
Got request: KeyLookupRequest(echo:echoTraceSupported)
Reading next message from client.
Got request: KeyLookupRequest(echo:echoPlayVersionReport)
Reading next message from client.
Got request: KeyLookupRequest(echo:echoAkkaVersionReport)
Reading next message from client.
Got request: KeyLookupRequest(echo:echoTracePlayVersion)
Reading next message from client.
Sending msg to client activator-4e1f5cd8-cc27-47c6-8906-107a3e48ce98: DetachedLogEvent(LogMessage(debug,> initialize))
Sending msg to client activator-4e1f5cd8-cc27-47c6-8906-107a3e48ce98: DetachedLogEvent(LogMessage(debug,> onFailure load-failed))
Sending msg to client activator-4e1f5cd8-cc27-47c6-8906-107a3e48ce98: DetachedLogEvent(LogMessage(debug,> boot))
Sending msg to client activator-4e1f5cd8-cc27-47c6-8906-107a3e48ce98: DetachedLogEvent(LogMessage(debug,> reload))
Sending msg to client activator-4e1f5cd8-cc27-47c6-8906-107a3e48ce98: DetachedLogEvent(LogMessage(debug,[Loading] Scanning directory C:\Users\Sabina\Documents\GitHub\DreamSpace\project))
Sending msg to client activator-4e1f5cd8-cc27-47c6-8906-107a3e48ce98: DetachedLogEvent(LogMessage(debug,[Loading] Found non-root projects ))
Sending msg to client activator-4e1f5cd8-cc27-47c6-8906-107a3e48ce98: DetachedLogEvent(LogMessage(debug,[Loading] Done in C:\Users\Sabina\Documents\GitHub\DreamSpace\project, returning: ()))
Sending msg to client activator-4e1f5cd8-cc27-47c6-8906-107a3e48ce98: DetachedLogEvent(LogMessage(debug,deducing auto plugins based on known facts Set(Atom(sbt.plugins.CorePlugin)) and clauses Clauses(List(Clause(Atom(sbt.plugins.JvmPlugin),Set(Atom(sbt.plugins.IvyPlugin))), Clause(Atom(sbt.plugins.JUnitXmlReportPlugin),Set(Atom(sbt.plugins.JvmPlugin))), Clause(Atom(sbt.plugins.CorePlugin),Set(Atom(sbt.plugins.IvyPlugin))), Clause(Atom(sbt.plugins.IvyPlugin),Set(Atom(sbt.plugins.JvmPlugin))), Clause(Atom(sbt.plugins.JvmPlugin),Set(Atom(sbt.plugins.JUnitXmlReportPlugin)))))))
Sending msg to client activator-4e1f5cd8-cc27-47c6-8906-107a3e48ce98: DetachedLogEvent(LogMessage(debug,  :: deduced result: Matched(sbt.plugins.CorePlugin,sbt.plugins.IvyPlugin,sbt.plugins.JvmPlugin,sbt.plugins.JUnitXmlReportPlugin)))
Sending msg to client activator-4e1f5cd8-cc27-47c6-8906-107a3e48ce98: DetachedLogEvent(LogMessage(debug,sorting: ns: List(sbt.plugins.CorePlugin, sbt.plugins.IvyPlugin, sbt.plugins.JvmPlugin, sbt.plugins.JUnitXmlReportPlugin)))
Sending msg to client activator-4e1f5cd8-cc27-47c6-8906-107a3e48ce98: DetachedLogEvent(LogMessage(debug,  :: sorting:: found: List(sbt.plugins.CorePlugin) not found List(sbt.plugins.IvyPlugin, sbt.plugins.JvmPlugin, sbt.plugins.JUnitXmlReportPlugin)))
Sending msg to client activator-4e1f5cd8-cc27-47c6-8906-107a3e48ce98: DetachedLogEvent(LogMessage(debug,  :: sorting:: found: List(sbt.plugins.CorePlugin, sbt.plugins.IvyPlugin) not found List(sbt.plugins.JvmPlugin, sbt.plugins.JUnitXmlReportPlugin)))
Sending msg to client activator-4e1f5cd8-cc27-47c6-8906-107a3e48ce98: DetachedLogEvent(LogMessage(debug,  :: sorting:: found: List(sbt.plugins.CorePlugin, sbt.plugins.IvyPlugin, sbt.plugins.JvmPlugin) not found List(sbt.plugins.JUnitXmlReportPlugin)))
Sending msg to client activator-4e1f5cd8-cc27-47c6-8906-107a3e48ce98: DetachedLogEvent(LogMessage(debug,  :: sorting:: found: List(sbt.plugins.CorePlugin, sbt.plugins.IvyPlugin, sbt.plugins.JvmPlugin, sbt.plugins.JUnitXmlReportPlugin) not found List()))
Sending msg to client activator-4e1f5cd8-cc27-47c6-8906-107a3e48ce98: DetachedLogEvent(LogMessage(debug,  :: sorted deduced result: List(sbt.plugins.CorePlugin, sbt.plugins.IvyPlugin, sbt.plugins.JvmPlugin, sbt.plugins.JUnitXmlReportPlugin)))
Sending msg to client activator-4e1f5cd8-cc27-47c6-8906-107a3e48ce98: DetachedLogEvent(LogMessage(debug,[Loading] Done in C:\Users\Sabina\Documents\GitHub\DreamSpace\project, returning: (dreamspace-build)))
Sending msg to client activator-4e1f5cd8-cc27-47c6-8906-107a3e48ce98: DetachedLogEvent(LogMessage(info,Loading project definition from C:\Users\Sabina\Documents\GitHub\DreamSpace\project))
Sending msg to client activator-4e1f5cd8-cc27-47c6-8906-107a3e48ce98: DetachedLogEvent(LogMessage(debug,Running task... Cancel: sbt.TaskCancellationStrategy$Null$@77d60795, check cycles: false))
Sending msg to client activator-4e1f5cd8-cc27-47c6-8906-107a3e48ce98: DetachedLogEvent(LogMessage(debug,
Initial source changes: 
	removed:Set()
	added: Set()
	modified: Set()
Removed products: Set()
External API changes: API Changes: Set()
Modified binary dependencies: Set()
Initial directly invalidated sources: Set()

Sources indirectly invalidated by:
	product: Set()
	binary dep: Set()
	external source: Set()))
Sending msg to client activator-4e1f5cd8-cc27-47c6-8906-107a3e48ce98: DetachedLogEvent(LogMessage(debug,All initially invalidated sources: Set()
))
Sending msg to client activator-4e1f5cd8-cc27-47c6-8906-107a3e48ce98: DetachedLogEvent(LogMessage(debug,Copy resource mappings: 
	))
Sending msg to client activator-4e1f5cd8-cc27-47c6-8906-107a3e48ce98: DetachedLogEvent(LogMessage(debug,[Loading] Scanning directory C:\Users\Sabina\Documents\GitHub\DreamSpace))
Sending msg to client activator-4e1f5cd8-cc27-47c6-8906-107a3e48ce98: DetachedLogEvent(LogMessage(debug,[Loading] Found root project root w/ remaining ))
Sending msg to client activator-4e1f5cd8-cc27-47c6-8906-107a3e48ce98: DetachedLogEvent(LogMessage(debug,deducing auto plugins based on known facts Set(Atom(play.PlayJava), Atom(sbt.plugins.CorePlugin)) and clauses Clauses(List(Clause(Atom(sbt.plugins.JvmPlugin),Set(Atom(sbt.plugins.IvyPlugin))), Clause(Atom(sbt.plugins.JUnitXmlReportPlugin),Set(Atom(sbt.plugins.JvmPlugin))), Clause(Atom(play.sbt.forkrun.PlayForkRun),Set(Atom(sbt.plugins.BackgroundRunPlugin))), Clause(Atom(play.sbt.forkrun.PlayForkRun),Set(Atom(play.Play))), Clause(Atom(play.sbt.forkrun.PlayForkRun),Set(Atom(sbt.plugins.SerializersPlugin))), Clause(Atom(play.Play),Set(Atom(com.typesafe.sbt.webdriver.SbtWebDriver))), Clause(Atom(play.Play),Set(Atom(play.twirl.sbt.SbtTwirl))), Clause(Atom(play.Play),Set(Atom(com.typesafe.sbt.jse.SbtJsTask))), Clause(Atom(play.PlayJava),Set(Atom(play.Play))), Clause(Atom(play.PlayScala),Set(Atom(play.Play))), Clause(Atom(play.twirl.sbt.SbtTwirl),Set(Atom(sbt.plugins.JvmPlugin))), Clause(Atom(com.typesafe.sbt.packager.archetypes.AkkaAppPackaging),Set(Atom(com.typesafe.sbt.packager.archetypes.JavaAppPackaging))), Clause(Atom(com.typesafe.sbt.packager.archetypes.JavaAppPackaging),Set(Atom(com.typesafe.sbt.packager.windows.WindowsPlugin))), Clause(Atom(com.typesafe.sbt.packager.archetypes.JavaAppPackaging),Set(Atom(com.typesafe.sbt.packager.docker.DockerPlugin))), Clause(Atom(com.typesafe.sbt.packager.archetypes.JavaAppPackaging),Set(Atom(com.typesafe.sbt.packager.debian.DebianPlugin))), Clause(Atom(com.typesafe.sbt.packager.archetypes.JavaAppPackaging),Set(Atom(com.typesafe.sbt.packager.rpm.RpmPlugin))), Clause(Atom(com.typesafe.sbt.packager.archetypes.JavaServerAppPackaging),Set(Atom(com.typesafe.sbt.packager.archetypes.JavaAppPackaging))), Clause(Atom(com.typesafe.sbt.packager.archetypes.jar.ClasspathJarPlugin),Set(Atom(com.typesafe.sbt.packager.archetypes.JavaAppPackaging))), Clause(Atom(com.typesafe.sbt.packager.debian.DebianDeployPlugin),Set(Atom(com.typesafe.sbt.packager.debian.DebianPlugin))), Clause(Atom(com.typesafe.sbt.packager.debian.DebianPlugin),Set(Atom(com.typesafe.sbt.packager.linux.LinuxPlugin))), Clause(Atom(com.typesafe.sbt.packager.debian.JDebPackaging),Set(Atom(com.typesafe.sbt.packager.debian.DebianPlugin))), Clause(Atom(com.typesafe.sbt.packager.docker.DockerPlugin),Set(Atom(com.typesafe.sbt.packager.universal.UniversalPlugin))), Clause(Atom(com.typesafe.sbt.packager.jdkpackager.JDKPackagerDeployPlugin),Set(Atom(com.typesafe.sbt.packager.jdkpackager.JDKPackagerPlugin))), Clause(Atom(com.typesafe.sbt.packager.jdkpackager.JDKPackagerPlugin),Set(Atom(com.typesafe.sbt.packager.archetypes.JavaAppPackaging))), Clause(Atom(com.typesafe.sbt.packager.jdkpackager.JDKPackagerPlugin),Set(Atom(com.typesafe.sbt.packager.archetypes.jar.ClasspathJarPlugin))), Clause(Atom(com.typesafe.sbt.packager.linux.LinuxPlugin),Set(Atom(com.typesafe.sbt.packager.universal.UniversalPlugin))), Clause(Atom(com.typesafe.sbt.packager.rpm.RpmDeployPlugin),Set(Atom(com.typesafe.sbt.packager.rpm.RpmPlugin))), Clause(Atom(com.typesafe.sbt.packager.rpm.RpmPlugin),Set(Atom(com.typesafe.sbt.packager.linux.LinuxPlugin))), Clause(Atom(com.typesafe.sbt.packager.universal.UniversalDeployPlugin),Set(Atom(com.typesafe.sbt.packager.universal.UniversalPlugin))), Clause(Atom(com.typesafe.sbt.packager.universal.UniversalPlugin),Set(Atom(com.typesafe.sbt.SbtNativePackager))), Clause(Atom(com.typesafe.sbt.packager.windows.WindowsDeployPlugin),Set(Atom(com.typesafe.sbt.packager.windows.WindowsPlugin))), Clause(Atom(com.typesafe.sbt.packager.windows.WindowsPlugin),Set(Atom(com.typesafe.sbt.packager.universal.UniversalPlugin))), Clause(Atom(com.typesafe.sbt.jse.SbtJsEngine),Set(Atom(com.typesafe.sbt.web.SbtWeb))), Clause(Atom(com.typesafe.sbt.jse.SbtJsTask),Set(Atom(com.typesafe.sbt.jse.SbtJsEngine))), Clause(Atom(com.typesafe.sbt.webdriver.SbtWebDriver),Set(Atom(com.typesafe.sbt.web.SbtWeb))), Clause(Atom(sbt.plugins.BackgroundRunPlugin),Set(Atom(sbt.plugins.JvmPlugin))), Clause(Atom(com.heroku.sbt.HerokuPlugin),Set(Atom(sbt.plugins.JvmPlugin))), Clause(Atom(com.typesafe.sbt.coffeescript.SbtCoffeeScript),Set(Atom(com.typesafe.sbt.jse.SbtJsTask))), Clause(Atom(com.typesafe.sbt.less.SbtLess),Set(Atom(com.typesafe.sbt.jse.SbtJsTask))), Clause(Atom(com.typesafe.sbt.jshint.SbtJSHint),Set(Atom(com.typesafe.sbt.jse.SbtJsTask))), Clause(Atom(com.typesafe.sbt.rjs.SbtRjs),Set(Atom(com.typesafe.sbt.jse.SbtJsTask))), Clause(Atom(com.typesafe.sbt.digest.SbtDigest),Set(Atom(com.typesafe.sbt.web.SbtWeb))), Clause(Atom(com.typesafe.sbt.mocha.SbtMocha),Set(Atom(com.typesafe.sbt.jse.SbtJsTask))), Clause(Atom(sbt.plugins.CorePlugin),Set(Atom(sbt.plugins.IvyPlugin))), Clause(Atom(sbt.plugins.IvyPlugin),Set(Atom(sbt.plugins.JvmPlugin))), Clause(Atom(sbt.plugins.JvmPlugin),Set(Atom(sbt.plugins.JUnitXmlReportPlugin))), Clause(And(Set(Atom(sbt.plugins.BackgroundRunPlugin), Atom(play.Play), Atom(sbt.plugins.SerializersPlugin))),Set(Atom(play.sbt.forkrun.PlayForkRun))), Clause(Atom(com.typesafe.sbt.web.SbtWeb),Set(Atom(com.typesafe.sbt.jse.SbtJsEngine))), Clause(Atom(com.typesafe.sbt.jse.SbtJsEngine),Set(Atom(com.typesafe.sbt.jse.SbtJsTask))), Clause(Atom(com.typesafe.sbt.web.SbtWeb),Set(Atom(com.typesafe.sbt.webdriver.SbtWebDriver))), Clause(Atom(sbt.plugins.JvmPlugin),Set(Atom(sbt.plugins.BackgroundRunPlugin))), Clause(Atom(sbt.plugins.CorePlugin),Set(Atom(sbt.plugins.InteractionServicePlugin))), Clause(Atom(sbt.plugins.CorePlugin),Set(Atom(sbt.plugins.SendEventServicePlugin))), Clause(Atom(sbt.plugins.CorePlugin),Set(Atom(sbt.plugins.SerializersPlugin))), Clause(Atom(sbt.plugins.JvmPlugin),Set(Atom(com.heroku.sbt.HerokuPlugin))), Clause(Atom(com.typesafe.sbt.jse.SbtJsTask),Set(Atom(com.typesafe.sbt.coffeescript.SbtCoffeeScript))), Clause(Atom(com.typesafe.sbt.jse.SbtJsTask),Set(Atom(com.typesafe.sbt.less.SbtLess))), Clause(Atom(com.typesafe.sbt.jse.SbtJsTask),Set(Atom(com.typesafe.sbt.jshint.SbtJSHint))), Clause(Atom(com.typesafe.sbt.jse.SbtJsTask),Set(Atom(com.typesafe.sbt.rjs.SbtRjs))), Clause(Atom(com.typesafe.sbt.web.SbtWeb),Set(Atom(com.typesafe.sbt.digest.SbtDigest))), Clause(Atom(com.typesafe.sbt.jse.SbtJsTask),Set(Atom(com.typesafe.sbt.mocha.SbtMocha)))))))
Sending msg to client activator-4e1f5cd8-cc27-47c6-8906-107a3e48ce98: DetachedLogEvent(LogMessage(debug,  :: deduced result: Matched(sbt.plugins.CorePlugin,play.PlayJava,sbt.plugins.InteractionServicePlugin,sbt.plugins.SendEventServicePlugin,play.Play,sbt.plugins.SerializersPlugin,sbt.plugins.IvyPlugin,sbt.plugins.JvmPlugin,com.typesafe.sbt.jse.SbtJsTask,play.twirl.sbt.SbtTwirl,com.typesafe.sbt.webdriver.SbtWebDriver,com.typesafe.sbt.jshint.SbtJSHint,sbt.plugins.JUnitXmlReportPlugin,com.typesafe.sbt.mocha.SbtMocha,com.typesafe.sbt.less.SbtLess,com.typesafe.sbt.web.SbtWeb,com.typesafe.sbt.rjs.SbtRjs,com.typesafe.sbt.jse.SbtJsEngine,com.typesafe.sbt.coffeescript.SbtCoffeeScript,com.heroku.sbt.HerokuPlugin,sbt.plugins.BackgroundRunPlugin,com.typesafe.sbt.digest.SbtDigest,play.sbt.forkrun.PlayForkRun)))
Sending msg to client activator-4e1f5cd8-cc27-47c6-8906-107a3e48ce98: DetachedLogEvent(LogMessage(debug,sorting: ns: List(sbt.plugins.CorePlugin, play.PlayJava, sbt.plugins.InteractionServicePlugin, sbt.plugins.SendEventServicePlugin, play.Play, sbt.plugins.SerializersPlugin, sbt.plugins.IvyPlugin, sbt.plugins.JvmPlugin, com.typesafe.sbt.jse.SbtJsTask, play.twirl.sbt.SbtTwirl, com.typesafe.sbt.webdriver.SbtWebDriver, com.typesafe.sbt.jshint.SbtJSHint, sbt.plugins.JUnitXmlReportPlugin, com.typesafe.sbt.mocha.SbtMocha, com.typesafe.sbt.less.SbtLess, com.typesafe.sbt.web.SbtWeb, com.typesafe.sbt.rjs.SbtRjs, com.typesafe.sbt.jse.SbtJsEngine, com.typesafe.sbt.coffeescript.SbtCoffeeScript, com.heroku.sbt.HerokuPlugin, sbt.plugins.BackgroundRunPlugin, com.typesafe.sbt.digest.SbtDigest, play.sbt.forkrun.PlayForkRun)))
Sending msg to client activator-4e1f5cd8-cc27-47c6-8906-107a3e48ce98: DetachedLogEvent(LogMessage(debug,  :: sorting:: found: List(sbt.plugins.CorePlugin, com.typesafe.sbt.web.SbtWeb) not found List(play.PlayJava, sbt.plugins.InteractionServicePlugin, sbt.plugins.SendEventServicePlugin, play.Play, sbt.plugins.SerializersPlugin, sbt.plugins.IvyPlugin, sbt.plugins.JvmPlugin, com.typesafe.sbt.jse.SbtJsTask, play.twirl.sbt.SbtTwirl, com.typesafe.sbt.webdriver.SbtWebDriver, com.typesafe.sbt.jshint.SbtJSHint, sbt.plugins.JUnitXmlReportPlugin, com.typesafe.sbt.mocha.SbtMocha, com.typesafe.sbt.less.SbtLess, com.typesafe.sbt.rjs.SbtRjs, com.typesafe.sbt.jse.SbtJsEngine, com.typesafe.sbt.coffeescript.SbtCoffeeScript, com.heroku.sbt.HerokuPlugin, sbt.plugins.BackgroundRunPlugin, com.typesafe.sbt.digest.SbtDigest, play.sbt.forkrun.PlayForkRun)))
Sending msg to client activator-4e1f5cd8-cc27-47c6-8906-107a3e48ce98: DetachedLogEvent(LogMessage(debug,  :: sorting:: found: List(sbt.plugins.CorePlugin, com.typesafe.sbt.web.SbtWeb, sbt.plugins.InteractionServicePlugin, sbt.plugins.SendEventServicePlugin, sbt.plugins.SerializersPlugin, sbt.plugins.IvyPlugin, com.typesafe.sbt.webdriver.SbtWebDriver, com.typesafe.sbt.jse.SbtJsEngine, com.typesafe.sbt.digest.SbtDigest) not found List(play.PlayJava, play.Play, sbt.plugins.JvmPlugin, com.typesafe.sbt.jse.SbtJsTask, play.twirl.sbt.SbtTwirl, com.typesafe.sbt.jshint.SbtJSHint, sbt.plugins.JUnitXmlReportPlugin, com.typesafe.sbt.mocha.SbtMocha, com.typesafe.sbt.less.SbtLess, com.typesafe.sbt.rjs.SbtRjs, com.typesafe.sbt.coffeescript.SbtCoffeeScript, com.heroku.sbt.HerokuPlugin, sbt.plugins.BackgroundRunPlugin, play.sbt.forkrun.PlayForkRun)))
Sending msg to client activator-4e1f5cd8-cc27-47c6-8906-107a3e48ce98: DetachedLogEvent(LogMessage(debug,  :: sorting:: found: List(sbt.plugins.CorePlugin, com.typesafe.sbt.web.SbtWeb, sbt.plugins.InteractionServicePlugin, sbt.plugins.SendEventServicePlugin, sbt.plugins.SerializersPlugin, sbt.plugins.IvyPlugin, com.typesafe.sbt.webdriver.SbtWebDriver, com.typesafe.sbt.jse.SbtJsEngine, com.typesafe.sbt.digest.SbtDigest, sbt.plugins.JvmPlugin, com.typesafe.sbt.jse.SbtJsTask) not found List(play.PlayJava, play.Play, play.twirl.sbt.SbtTwirl, com.typesafe.sbt.jshint.SbtJSHint, sbt.plugins.JUnitXmlReportPlugin, com.typesafe.sbt.mocha.SbtMocha, com.typesafe.sbt.less.SbtLess, com.typesafe.sbt.rjs.SbtRjs, com.typesafe.sbt.coffeescript.SbtCoffeeScript, com.heroku.sbt.HerokuPlugin, sbt.plugins.BackgroundRunPlugin, play.sbt.forkrun.PlayForkRun)))
Sending msg to client activator-4e1f5cd8-cc27-47c6-8906-107a3e48ce98: DetachedLogEvent(LogMessage(debug,  :: sorting:: found: List(sbt.plugins.CorePlugin, com.typesafe.sbt.web.SbtWeb, sbt.plugins.InteractionServicePlugin, sbt.plugins.SendEventServicePlugin, sbt.plugins.SerializersPlugin, sbt.plugins.IvyPlugin, com.typesafe.sbt.webdriver.SbtWebDriver, com.typesafe.sbt.jse.SbtJsEngine, com.typesafe.sbt.digest.SbtDigest, sbt.plugins.JvmPlugin, com.typesafe.sbt.jse.SbtJsTask, play.twirl.sbt.SbtTwirl, com.typesafe.sbt.jshint.SbtJSHint, sbt.plugins.JUnitXmlReportPlugin, com.typesafe.sbt.mocha.SbtMocha, com.typesafe.sbt.less.SbtLess, com.typesafe.sbt.rjs.SbtRjs, com.typesafe.sbt.coffeescript.SbtCoffeeScript, com.heroku.sbt.HerokuPlugin, sbt.plugins.BackgroundRunPlugin) not found List(play.PlayJava, play.Play, play.sbt.forkrun.PlayForkRun)))
Sending msg to client activator-4e1f5cd8-cc27-47c6-8906-107a3e48ce98: DetachedLogEvent(LogMessage(debug,  :: sorting:: found: List(sbt.plugins.CorePlugin, com.typesafe.sbt.web.SbtWeb, sbt.plugins.InteractionServicePlugin, sbt.plugins.SendEventServicePlugin, sbt.plugins.SerializersPlugin, sbt.plugins.IvyPlugin, com.typesafe.sbt.webdriver.SbtWebDriver, com.typesafe.sbt.jse.SbtJsEngine, com.typesafe.sbt.digest.SbtDigest, sbt.plugins.JvmPlugin, com.typesafe.sbt.jse.SbtJsTask, play.twirl.sbt.SbtTwirl, com.typesafe.sbt.jshint.SbtJSHint, sbt.plugins.JUnitXmlReportPlugin, com.typesafe.sbt.mocha.SbtMocha, com.typesafe.sbt.less.SbtLess, com.typesafe.sbt.rjs.SbtRjs, com.typesafe.sbt.coffeescript.SbtCoffeeScript, com.heroku.sbt.HerokuPlugin, sbt.plugins.BackgroundRunPlugin, play.Play) not found List(play.PlayJava, play.sbt.forkrun.PlayForkRun)))
Sending msg to client activator-4e1f5cd8-cc27-47c6-8906-107a3e48ce98: DetachedLogEvent(LogMessage(debug,  :: sorting:: found: List(sbt.plugins.CorePlugin, com.typesafe.sbt.web.SbtWeb, sbt.plugins.InteractionServicePlugin, sbt.plugins.SendEventServicePlugin, sbt.plugins.SerializersPlugin, sbt.plugins.IvyPlugin, com.typesafe.sbt.webdriver.SbtWebDriver, com.typesafe.sbt.jse.SbtJsEngine, com.typesafe.sbt.digest.SbtDigest, sbt.plugins.JvmPlugin, com.typesafe.sbt.jse.SbtJsTask, play.twirl.sbt.SbtTwirl, com.typesafe.sbt.jshint.SbtJSHint, sbt.plugins.JUnitXmlReportPlugin, com.typesafe.sbt.mocha.SbtMocha, com.typesafe.sbt.less.SbtLess, com.typesafe.sbt.rjs.SbtRjs, com.typesafe.sbt.coffeescript.SbtCoffeeScript, com.heroku.sbt.HerokuPlugin, sbt.plugins.BackgroundRunPlugin, play.Play, play.PlayJava, play.sbt.forkrun.PlayForkRun) not found List()))
Sending msg to client activator-4e1f5cd8-cc27-47c6-8906-107a3e48ce98: DetachedLogEvent(LogMessage(debug,  :: sorted deduced result: List(sbt.plugins.CorePlugin, com.typesafe.sbt.web.SbtWeb, sbt.plugins.InteractionServicePlugin, sbt.plugins.SendEventServicePlugin, sbt.plugins.SerializersPlugin, sbt.plugins.IvyPlugin, com.typesafe.sbt.webdriver.SbtWebDriver, com.typesafe.sbt.jse.SbtJsEngine, com.typesafe.sbt.digest.SbtDigest, sbt.plugins.JvmPlugin, com.typesafe.sbt.jse.SbtJsTask, play.twirl.sbt.SbtTwirl, com.typesafe.sbt.jshint.SbtJSHint, sbt.plugins.JUnitXmlReportPlugin, com.typesafe.sbt.mocha.SbtMocha, com.typesafe.sbt.less.SbtLess, com.typesafe.sbt.rjs.SbtRjs, com.typesafe.sbt.coffeescript.SbtCoffeeScript, com.heroku.sbt.HerokuPlugin, sbt.plugins.BackgroundRunPlugin, play.Play, play.PlayJava, play.sbt.forkrun.PlayForkRun)))
Sending msg to client activator-4e1f5cd8-cc27-47c6-8906-107a3e48ce98: DetachedLogEvent(LogMessage(debug,[Loading] Done in C:\Users\Sabina\Documents\GitHub\DreamSpace, returning: (root)))
Sending msg to client activator-4e1f5cd8-cc27-47c6-8906-107a3e48ce98: DetachedLogEvent(LogMessage(info,Set current project to DreamSpace (in build file:/C:/Users/Sabina/Documents/GitHub/DreamSpace/)))
Sending msg to client activator-4e1f5cd8-cc27-47c6-8906-107a3e48ce98: DetachedLogEvent(LogMessage(info,Reapplying settings...))
Sending msg to client activator-4e1f5cd8-cc27-47c6-8906-107a3e48ce98: DetachedLogEvent(LogMessage(info,Set current project to DreamSpace (in build file:/C:/Users/Sabina/Documents/GitHub/DreamSpace/)))
Sending msg to client activator-4e1f5cd8-cc27-47c6-8906-107a3e48ce98: DetachedLogEvent(LogMessage(debug,> iflast shell))
Sending msg to client activator-4e1f5cd8-cc27-47c6-8906-107a3e48ce98: DetachedLogEvent(LogMessage(debug,> server-send-ready-for-request))
Sending msg to client activator-4e1f5cd8-cc27-47c6-8906-107a3e48ce98: BuildLoaded()
Sending msg to client activator-4e1f5cd8-cc27-47c6-8906-107a3e48ce98: DetachedLogEvent(LogMessage(debug,> server-handle-next-server-request))
Sending msg to client activator-4e1f5cd8-cc27-47c6-8906-107a3e48ce98: (4,ReceivedResponse())
Sending msg to client activator-4e1f5cd8-cc27-47c6-8906-107a3e48ce98: BuildStructureChanged(MinimalBuildStructure(Vector(file:/C:/Users/Sabina/Documents/GitHub/DreamSpace/),Vector(MinimalProjectStructure(ProjectReference(file:/C:/Users/Sabina/Documents/GitHub/DreamSpace/,root),Vector(sbt.plugins.CorePlugin, com.typesafe.sbt.web.SbtWeb, sbt.plugins.InteractionServicePlugin, sbt.plugins.SendEventServicePlugin, sbt.plugins.SerializersPlugin, sbt.plugins.IvyPlugin, com.typesafe.sbt.webdriver.SbtWebDriver, com.typesafe.sbt.jse.SbtJsEngine, com.typesafe.sbt.digest.SbtDigest, sbt.plugins.JvmPlugin, com.typesafe.sbt.jse.SbtJsTask, play.twirl.sbt.SbtTwirl, com.typesafe.sbt.jshint.SbtJSHint, sbt.plugins.JUnitXmlReportPlugin, com.typesafe.sbt.mocha.SbtMocha, com.typesafe.sbt.less.SbtLess, com.typesafe.sbt.rjs.SbtRjs, com.typesafe.sbt.coffeescript.SbtCoffeeScript, com.heroku.sbt.HerokuPlugin, sbt.plugins.BackgroundRunPlugin, play.Play, play.PlayJava, play.sbt.forkrun.PlayForkRun)))))
Got request: KeyLookupRequest(echo:echoAkkaVersionReport)
Reading next message from client.
Got request: KeyLookupRequest(discoveredMainClasses)
Reading next message from client.
Got request: KeyLookupRequest(echo:echoTracePlayVersion)
Reading next message from client.
Got request: KeyLookupRequest(mainClass)
Reading next message from client.
Got request: KeyLookupRequest(echo:echoTraceSupported)
Reading next message from client.
Got request: KeyLookupRequest(echo:echoPlayVersionReport)
Reading next message from client.
Sending msg to client activator-4e1f5cd8-cc27-47c6-8906-107a3e48ce98: (6,KeyLookupResponse(discoveredMainClasses,Vector(AttributeKey[scala.collection.Seq[java.lang.String]]("discoveredMainClasses") in Scope(Build: file:/C:/Users/Sabina/Documents/GitHub/DreamSpace/, , Project: ProjectReference(file:/C:/Users/Sabina/Documents/GitHub/DreamSpace/,root), Config: compile))))
Got request: ListenToValue(AttributeKey[scala.collection.Seq[java.lang.String]]("discoveredMainClasses") in Scope(Build: file:/C:/Users/Sabina/Documents/GitHub/DreamSpace/, , Project: ProjectReference(file:/C:/Users/Sabina/Documents/GitHub/DreamSpace/,root), Config: compile))
Reading next message from client.
Got request: SendSyntheticValueChanged(AttributeKey[scala.collection.Seq[java.lang.String]]("discoveredMainClasses") in Scope(Build: file:/C:/Users/Sabina/Documents/GitHub/DreamSpace/, , Project: ProjectReference(file:/C:/Users/Sabina/Documents/GitHub/DreamSpace/,root), Config: compile))
Reading next message from client.
Sending msg to client activator-4e1f5cd8-cc27-47c6-8906-107a3e48ce98: (7,KeyLookupResponse(mainClass,Vector(AttributeKey[scala.Option[java.lang.String]]("mainClass") in Scope(Build: file:/C:/Users/Sabina/Documents/GitHub/DreamSpace/, , Project: ProjectReference(file:/C:/Users/Sabina/Documents/GitHub/DreamSpace/,root), Config: compile))))
Got request: ListenToValue(AttributeKey[scala.Option[java.lang.String]]("mainClass") in Scope(Build: file:/C:/Users/Sabina/Documents/GitHub/DreamSpace/, , Project: ProjectReference(file:/C:/Users/Sabina/Documents/GitHub/DreamSpace/,root), Config: compile))
Reading next message from client.
Got request: SendSyntheticValueChanged(AttributeKey[scala.Option[java.lang.String]]("mainClass") in Scope(Build: file:/C:/Users/Sabina/Documents/GitHub/DreamSpace/, , Project: ProjectReference(file:/C:/Users/Sabina/Documents/GitHub/DreamSpace/,root), Config: compile))
Reading next message from client.
Sending msg to client activator-4e1f5cd8-cc27-47c6-8906-107a3e48ce98: (8,KeyLookupResponse(echo:echoTraceSupported,Vector()))
Sending msg to client activator-4e1f5cd8-cc27-47c6-8906-107a3e48ce98: (9,KeyLookupResponse(echo:echoPlayVersionReport,Vector()))
Sending msg to client activator-4e1f5cd8-cc27-47c6-8906-107a3e48ce98: (10,KeyLookupResponse(echo:echoAkkaVersionReport,Vector()))
Sending msg to client activator-4e1f5cd8-cc27-47c6-8906-107a3e48ce98: (11,KeyLookupResponse(echo:echoTracePlayVersion,Vector()))
Sending msg to client activator-4e1f5cd8-cc27-47c6-8906-107a3e48ce98: ExecutionWaiting(1,{file:/C:/Users/Sabina/Documents/GitHub/DreamSpace/}root/compile:discoveredMainClasses,ClientInfo(c2132344-f6ff-43cd-b1ef-e6fc539378b0,activator,Activator,1,Vector()))
Sending msg to client activator-4e1f5cd8-cc27-47c6-8906-107a3e48ce98: ExecutionStarting(1)
Sending msg to client activator-4e1f5cd8-cc27-47c6-8906-107a3e48ce98: DetachedLogEvent(LogMessage(debug,> {file:/C:/Users/Sabina/Documents/GitHub/DreamSpace/}root/compile:discoveredMainClasses))
Sending msg to client activator-4e1f5cd8-cc27-47c6-8906-107a3e48ce98: ExecutionWaiting(2,{file:/C:/Users/Sabina/Documents/GitHub/DreamSpace/}root/compile:mainClass,ClientInfo(c2132344-f6ff-43cd-b1ef-e6fc539378b0,activator,Activator,1,Vector()))
Sending msg to client activator-4e1f5cd8-cc27-47c6-8906-107a3e48ce98: DetachedLogEvent(LogMessage(debug,Evaluating tasks: compile:discoveredMainClasses))
Sending msg to client activator-4e1f5cd8-cc27-47c6-8906-107a3e48ce98: DetachedLogEvent(LogMessage(debug,Running task... Cancel: sbt.server.ServerTaskCancellation@5eba493, check cycles: false))
Sending msg to client activator-4e1f5cd8-cc27-47c6-8906-107a3e48ce98: DetachedLogEvent(LogMessage(debug,cancel strategy start enabled=true lastCommand=Some(LastCommand(CommandExecutionWork(ExecutionId(1),{file:/C:/Users/Sabina/Documents/GitHub/DreamSpace/}root/compile:discoveredMainClasses,Set(LiveClient(activator c2132344-f6ff-43cd-b1ef-e6fc539378b0)),sbt.server.WorkCancellationStatus$$anon$1@6396f777)))))
Sending msg to client activator-4e1f5cd8-cc27-47c6-8906-107a3e48ce98: TaskStarted(1,11,None)
Sending msg to client activator-4e1f5cd8-cc27-47c6-8906-107a3e48ce98: TaskStarted(1,13,None)
Sending msg to client activator-4e1f5cd8-cc27-47c6-8906-107a3e48ce98: TaskStarted(1,18,Some(AttributeKey[scala.collection.Seq[sbt.Credentials]]("credentials") in Scope(Global)))
Sending msg to client activator-4e1f5cd8-cc27-47c6-8906-107a3e48ce98: TaskStarted(1,21,None)
Sending msg to client activator-4e1f5cd8-cc27-47c6-8906-107a3e48ce98: TaskStarted(1,23,Some(AttributeKey[scala.collection.Seq[sbt.Resolver]]("externalResolvers") in Scope(Build: file:/C:/Users/Sabina/Documents/GitHub/DreamSpace/, , Project: ProjectReference(file:/C:/Users/Sabina/Documents/GitHub/DreamSpace/,root))))
Sending msg to client activator-4e1f5cd8-cc27-47c6-8906-107a3e48ce98: TaskStarted(1,24,Some(AttributeKey[scala.Option[scala.collection.Seq[sbt.Resolver]]]("bootResolvers") in Scope(Build: file:/C:/Users/Sabina/Documents/GitHub/DreamSpace/, , Project: ProjectReference(file:/C:/Users/Sabina/Documents/GitHub/DreamSpace/,root))))
Sending msg to client activator-4e1f5cd8-cc27-47c6-8906-107a3e48ce98: (12,KeyLookupResponse(echo:echoAkkaVersionReport,Vector()))
Sending msg to client activator-4e1f5cd8-cc27-47c6-8906-107a3e48ce98: TaskStarted(1,32,None)
Sending msg to client activator-4e1f5cd8-cc27-47c6-8906-107a3e48ce98: TaskStarted(1,33,Some(AttributeKey[boolean]("skip") in Scope(Global)))
Sending msg to client activator-4e1f5cd8-cc27-47c6-8906-107a3e48ce98: TaskStarted(1,37,Some(AttributeKey[java.lang.String]("updateCacheName") in Scope(Build: file:/C:/Users/Sabina/Documents/GitHub/DreamSpace/, , Project: ProjectReference(file:/C:/Users/Sabina/Documents/GitHub/DreamSpace/,root))))
Sending msg to client activator-4e1f5cd8-cc27-47c6-8906-107a3e48ce98: TaskStarted(1,39,None)
Sending msg to client activator-4e1f5cd8-cc27-47c6-8906-107a3e48ce98: (13,KeyLookupResponse(discoveredMainClasses,Vector(AttributeKey[scala.collection.Seq[java.lang.String]]("discoveredMainClasses") in Scope(Build: file:/C:/Users/Sabina/Documents/GitHub/DreamSpace/, , Project: ProjectReference(file:/C:/Users/Sabina/Documents/GitHub/DreamSpace/,root), Config: compile))))
Sending msg to client activator-4e1f5cd8-cc27-47c6-8906-107a3e48ce98: TaskStarted(1,40,None)
Sending msg to client activator-4e1f5cd8-cc27-47c6-8906-107a3e48ce98: TaskStarted(1,43,None)
Sending msg to client activator-4e1f5cd8-cc27-47c6-8906-107a3e48ce98: TaskStarted(1,62,Some(AttributeKey[sbt.SendEventService]("sendEventService") in Scope(Global)))
Sending msg to client activator-4e1f5cd8-cc27-47c6-8906-107a3e48ce98: TaskStarted(1,69,Some(AttributeKey[scala.collection.Seq[java.lang.String]]("scalacOptions") in Scope(Global)))
Sending msg to client activator-4e1f5cd8-cc27-47c6-8906-107a3e48ce98: TaskStarted(1,70,None)
Sending msg to client activator-4e1f5cd8-cc27-47c6-8906-107a3e48ce98: TaskStarted(1,71,Some(AttributeKey[scala.collection.Seq[scala.Function1[xsbti.Position,scala.Option[xsbti.Position]]]]("sourcePositionMappers") in Scope(Global)))
Sending msg to client activator-4e1f5cd8-cc27-47c6-8906-107a3e48ce98: TaskStarted(1,72,None)
Sending msg to client activator-4e1f5cd8-cc27-47c6-8906-107a3e48ce98: TaskStarted(1,75,Some(AttributeKey[scala.collection.Seq[java.io.File]]("unmanagedSources") in Scope(Build: file:/C:/Users/Sabina/Documents/GitHub/DreamSpace/, , Project: ProjectReference(file:/C:/Users/Sabina/Documents/GitHub/DreamSpace/,root), Config: compile)))
Sending msg to client activator-4e1f5cd8-cc27-47c6-8906-107a3e48ce98: TaskStarted(1,84,None)
Sending msg to client activator-4e1f5cd8-cc27-47c6-8906-107a3e48ce98: TaskStarted(1,93,Some(AttributeKey[sbt.inc.IncOptions]("incOptions") in Scope(Global)))
Sending msg to client activator-4e1f5cd8-cc27-47c6-8906-107a3e48ce98: TaskStarted(1,94,Some(AttributeKey[java.lang.String]("compileAnalysisFilename") in Scope(Build: file:/C:/Users/Sabina/Documents/GitHub/DreamSpace/, , Project: ProjectReference(file:/C:/Users/Sabina/Documents/GitHub/DreamSpace/,root), Config: compile)))
Sending msg to client activator-4e1f5cd8-cc27-47c6-8906-107a3e48ce98: TaskStarted(1,95,Some(AttributeKey[scala.Function1[java.io.File,scala.Function1[java.lang.String,boolean]]]("definesClass") in Scope(Global)))
Sending msg to client activator-4e1f5cd8-cc27-47c6-8906-107a3e48ce98: TaskStarted(1,97,None)
Sending msg to client activator-4e1f5cd8-cc27-47c6-8906-107a3e48ce98: TaskStarted(1,98,Some(AttributeKey[scala.collection.Seq[java.lang.String]]("javacOptions") in Scope(Global)))
Sending msg to client activator-4e1f5cd8-cc27-47c6-8906-107a3e48ce98: TaskFinished(1,11,None,true,None)
Sending msg to client activator-4e1f5cd8-cc27-47c6-8906-107a3e48ce98: TaskStarted(1,10,Some(AttributeKey[sbt.BuildStructure]("buildStructure") in Scope(Global)))
Sending msg to client activator-4e1f5cd8-cc27-47c6-8906-107a3e48ce98: TaskStarted(1,41,Some(AttributeKey[java.io.File]("dependencyCacheDirectory") in Scope(Build: file:/C:/Users/Sabina/Documents/GitHub/DreamSpace/, , Project: ProjectReference(file:/C:/Users/Sabina/Documents/GitHub/DreamSpace/,root))))
Sending msg to client activator-4e1f5cd8-cc27-47c6-8906-107a3e48ce98: TaskStarted(1,81,None)
Sending msg to client activator-4e1f5cd8-cc27-47c6-8906-107a3e48ce98: TaskStarted(1,91,Some(AttributeKey[xsbti.compile.GlobalsCache]("compilerCache") in Scope(Global)))
Sending msg to client activator-4e1f5cd8-cc27-47c6-8906-107a3e48ce98: TaskFinished(1,13,None,true,None)
Sending msg to client activator-4e1f5cd8-cc27-47c6-8906-107a3e48ce98: TaskFinished(1,18,Some(AttributeKey[scala.collection.Seq[sbt.Credentials]]("credentials") in Scope(Global)),true,None)
Sending msg to client activator-4e1f5cd8-cc27-47c6-8906-107a3e48ce98: TaskFinished(1,21,None,true,None)
Sending msg to client activator-4e1f5cd8-cc27-47c6-8906-107a3e48ce98: TaskStarted(1,20,None)
Sending msg to client activator-4e1f5cd8-cc27-47c6-8906-107a3e48ce98: TaskStarted(1,27,None)
Sending msg to client activator-4e1f5cd8-cc27-47c6-8906-107a3e48ce98: TaskStarted(1,28,None)
Sending msg to client activator-4e1f5cd8-cc27-47c6-8906-107a3e48ce98: TaskStarted(1,36,None)
Sending msg to client activator-4e1f5cd8-cc27-47c6-8906-107a3e48ce98: TaskStarted(1,44,None)
Sending msg to client activator-4e1f5cd8-cc27-47c6-8906-107a3e48ce98: TaskStarted(1,45,None)
Sending msg to client activator-4e1f5cd8-cc27-47c6-8906-107a3e48ce98: TaskStarted(1,47,None)
Sending msg to client activator-4e1f5cd8-cc27-47c6-8906-107a3e48ce98: TaskStarted(1,50,None)
Sending msg to client activator-4e1f5cd8-cc27-47c6-8906-107a3e48ce98: TaskStarted(1,54,None)
Sending msg to client activator-4e1f5cd8-cc27-47c6-8906-107a3e48ce98: TaskStarted(1,55,None)
Sending msg to client activator-4e1f5cd8-cc27-47c6-8906-107a3e48ce98: TaskStarted(1,59,None)
Sending msg to client activator-4e1f5cd8-cc27-47c6-8906-107a3e48ce98: TaskStarted(1,61,None)
Sending msg to client activator-4e1f5cd8-cc27-47c6-8906-107a3e48ce98: TaskStarted(1,80,None)
Sending msg to client activator-4e1f5cd8-cc27-47c6-8906-107a3e48ce98: TaskStarted(1,85,None)
Sending msg to client activator-4e1f5cd8-cc27-47c6-8906-107a3e48ce98: TaskStarted(1,86,None)
Sending msg to client activator-4e1f5cd8-cc27-47c6-8906-107a3e48ce98: TaskStarted(1,90,None)
Sending msg to client activator-4e1f5cd8-cc27-47c6-8906-107a3e48ce98: TaskFinished(1,23,Some(AttributeKey[scala.collection.Seq[sbt.Resolver]]("externalResolvers") in Scope(Build: file:/C:/Users/Sabina/Documents/GitHub/DreamSpace/, , Project: ProjectReference(file:/C:/Users/Sabina/Documents/GitHub/DreamSpace/,root))),true,None)
Sending msg to client activator-4e1f5cd8-cc27-47c6-8906-107a3e48ce98: TaskFinished(1,32,None,true,None)
Sending msg to client activator-4e1f5cd8-cc27-47c6-8906-107a3e48ce98: (14,KeyLookupResponse(echo:echoTracePlayVersion,Vector()))
Sending msg to client activator-4e1f5cd8-cc27-47c6-8906-107a3e48ce98: TaskFinished(1,33,Some(AttributeKey[boolean]("skip") in Scope(Global)),true,None)
Sending msg to client activator-4e1f5cd8-cc27-47c6-8906-107a3e48ce98: TaskFinished(1,39,None,true,None)
Sending msg to client activator-4e1f5cd8-cc27-47c6-8906-107a3e48ce98: TaskFinished(1,40,None,true,None)
Sending msg to client activator-4e1f5cd8-cc27-47c6-8906-107a3e48ce98: TaskStarted(1,38,Some(AttributeKey[scala.collection.Seq[sbt.UpdateReport]]("transitiveUpdate") in Scope(Build: file:/C:/Users/Sabina/Documents/GitHub/DreamSpace/, , Project: ProjectReference(file:/C:/Users/Sabina/Documents/GitHub/DreamSpace/,root))))
Sending msg to client activator-4e1f5cd8-cc27-47c6-8906-107a3e48ce98: (15,KeyLookupResponse(mainClass,Vector(AttributeKey[scala.Option[java.lang.String]]("mainClass") in Scope(Build: file:/C:/Users/Sabina/Documents/GitHub/DreamSpace/, , Project: ProjectReference(file:/C:/Users/Sabina/Documents/GitHub/DreamSpace/,root), Config: compile))))
Sending msg to client activator-4e1f5cd8-cc27-47c6-8906-107a3e48ce98: TaskFinished(1,43,None,true,None)
Sending msg to client activator-4e1f5cd8-cc27-47c6-8906-107a3e48ce98: TaskFinished(1,62,Some(AttributeKey[sbt.SendEventService]("sendEventService") in Scope(Global)),true,None)
Sending msg to client activator-4e1f5cd8-cc27-47c6-8906-107a3e48ce98: TaskFinished(1,69,Some(AttributeKey[scala.collection.Seq[java.lang.String]]("scalacOptions") in Scope(Global)),true,None)
Sending msg to client activator-4e1f5cd8-cc27-47c6-8906-107a3e48ce98: TaskFinished(1,70,None,true,None)
Sending msg to client activator-4e1f5cd8-cc27-47c6-8906-107a3e48ce98: TaskStarted(1,68,Some(AttributeKey[scala.collection.Seq[java.lang.String]]("scalacOptions") in Scope(Build: file:/C:/Users/Sabina/Documents/GitHub/DreamSpace/, , Project: ProjectReference(file:/C:/Users/Sabina/Documents/GitHub/DreamSpace/,root))))
Sending msg to client activator-4e1f5cd8-cc27-47c6-8906-107a3e48ce98: TaskFinished(1,24,Some(AttributeKey[scala.Option[scala.collection.Seq[sbt.Resolver]]]("bootResolvers") in Scope(Build: file:/C:/Users/Sabina/Documents/GitHub/DreamSpace/, , Project: ProjectReference(file:/C:/Users/Sabina/Documents/GitHub/DreamSpace/,root))),true,None)
Sending msg to client activator-4e1f5cd8-cc27-47c6-8906-107a3e48ce98: TaskFinished(1,37,Some(AttributeKey[java.lang.String]("updateCacheName") in Scope(Build: file:/C:/Users/Sabina/Documents/GitHub/DreamSpace/, , Project: ProjectReference(file:/C:/Users/Sabina/Documents/GitHub/DreamSpace/,root))),true,None)
Sending msg to client activator-4e1f5cd8-cc27-47c6-8906-107a3e48ce98: TaskFinished(1,84,None,true,None)
Sending msg to client activator-4e1f5cd8-cc27-47c6-8906-107a3e48ce98: TaskFinished(1,93,Some(AttributeKey[sbt.inc.IncOptions]("incOptions") in Scope(Global)),true,None)
Sending msg to client activator-4e1f5cd8-cc27-47c6-8906-107a3e48ce98: TaskStarted(1,92,Some(AttributeKey[sbt.inc.IncOptions]("incOptions") in Scope(Build: file:/C:/Users/Sabina/Documents/GitHub/DreamSpace/, , Project: ProjectReference(file:/C:/Users/Sabina/Documents/GitHub/DreamSpace/,root))))
Sending msg to client activator-4e1f5cd8-cc27-47c6-8906-107a3e48ce98: TaskFinished(1,71,Some(AttributeKey[scala.collection.Seq[scala.Function1[xsbti.Position,scala.Option[xsbti.Position]]]]("sourcePositionMappers") in Scope(Global)),true,None)
Sending msg to client activator-4e1f5cd8-cc27-47c6-8906-107a3e48ce98: TaskFinished(1,95,Some(AttributeKey[scala.Function1[java.io.File,scala.Function1[java.lang.String,boolean]]]("definesClass") in Scope(Global)),true,None)
Sending msg to client activator-4e1f5cd8-cc27-47c6-8906-107a3e48ce98: TaskFinished(1,97,None,true,None)
Sending msg to client activator-4e1f5cd8-cc27-47c6-8906-107a3e48ce98: TaskFinished(1,98,Some(AttributeKey[scala.collection.Seq[java.lang.String]]("javacOptions") in Scope(Global)),true,None)
Sending msg to client activator-4e1f5cd8-cc27-47c6-8906-107a3e48ce98: TaskStarted(1,96,Some(AttributeKey[scala.collection.Seq[java.lang.String]]("javacOptions") in Scope(Build: file:/C:/Users/Sabina/Documents/GitHub/DreamSpace/, , Project: ProjectReference(file:/C:/Users/Sabina/Documents/GitHub/DreamSpace/,root), Config: compile)))
Sending msg to client activator-4e1f5cd8-cc27-47c6-8906-107a3e48ce98: TaskFinished(1,10,Some(AttributeKey[sbt.BuildStructure]("buildStructure") in Scope(Global)),true,None)
Sending msg to client activator-4e1f5cd8-cc27-47c6-8906-107a3e48ce98: TaskStarted(1,9,Some(AttributeKey[sbt.Settings[sbt.Scope]]("settingsData") in Scope(Global)))
Sending msg to client activator-4e1f5cd8-cc27-47c6-8906-107a3e48ce98: TaskFinished(1,41,Some(AttributeKey[java.io.File]("dependencyCacheDirectory") in Scope(Build: file:/C:/Users/Sabina/Documents/GitHub/DreamSpace/, , Project: ProjectReference(file:/C:/Users/Sabina/Documents/GitHub/DreamSpace/,root))),true,None)
Sending msg to client activator-4e1f5cd8-cc27-47c6-8906-107a3e48ce98: TaskFinished(1,72,None,true,None)
Sending msg to client activator-4e1f5cd8-cc27-47c6-8906-107a3e48ce98: TaskFinished(1,94,Some(AttributeKey[java.lang.String]("compileAnalysisFilename") in Scope(Build: file:/C:/Users/Sabina/Documents/GitHub/DreamSpace/, , Project: ProjectReference(file:/C:/Users/Sabina/Documents/GitHub/DreamSpace/,root), Config: compile)),true,None)
Sending msg to client activator-4e1f5cd8-cc27-47c6-8906-107a3e48ce98: TaskFinished(1,20,None,true,None)
Sending msg to client activator-4e1f5cd8-cc27-47c6-8906-107a3e48ce98: TaskFinished(1,91,Some(AttributeKey[xsbti.compile.GlobalsCache]("compilerCache") in Scope(Global)),true,None)
Sending msg to client activator-4e1f5cd8-cc27-47c6-8906-107a3e48ce98: TaskFinished(1,28,None,true,None)
Sending msg to client activator-4e1f5cd8-cc27-47c6-8906-107a3e48ce98: TaskFinished(1,27,None,true,None)
Sending msg to client activator-4e1f5cd8-cc27-47c6-8906-107a3e48ce98: TaskFinished(1,36,None,true,None)
Sending msg to client activator-4e1f5cd8-cc27-47c6-8906-107a3e48ce98: TaskStarted(1,35,Some(AttributeKey[scala.collection.immutable.Map[sbt.ModuleID,sbt.SourcePosition]]("dependencyPositions") in Scope(Build: file:/C:/Users/Sabina/Documents/GitHub/DreamSpace/, , Project: ProjectReference(file:/C:/Users/Sabina/Documents/GitHub/DreamSpace/,root))))
Sending msg to client activator-4e1f5cd8-cc27-47c6-8906-107a3e48ce98: TaskFinished(1,44,None,true,None)
Sending msg to client activator-4e1f5cd8-cc27-47c6-8906-107a3e48ce98: TaskFinished(1,45,None,true,None)
Sending msg to client activator-4e1f5cd8-cc27-47c6-8906-107a3e48ce98: TaskFinished(1,50,None,true,None)
Sending msg to client activator-4e1f5cd8-cc27-47c6-8906-107a3e48ce98: TaskFinished(1,54,None,true,None)
Sending msg to client activator-4e1f5cd8-cc27-47c6-8906-107a3e48ce98: TaskFinished(1,47,None,true,None)
Sending msg to client activator-4e1f5cd8-cc27-47c6-8906-107a3e48ce98: TaskFinished(1,75,Some(AttributeKey[scala.collection.Seq[java.io.File]]("unmanagedSources") in Scope(Build: file:/C:/Users/Sabina/Documents/GitHub/DreamSpace/, , Project: ProjectReference(file:/C:/Users/Sabina/Documents/GitHub/DreamSpace/,root), Config: compile)),true,None)
Sending msg to client activator-4e1f5cd8-cc27-47c6-8906-107a3e48ce98: TaskStarted(1,74,Some(AttributeKey[scala.collection.Seq[java.io.File]]("unmanagedSources") in Scope(Build: file:/C:/Users/Sabina/Documents/GitHub/DreamSpace/, , Project: ProjectReference(file:/C:/Users/Sabina/Documents/GitHub/DreamSpace/,root), Config: compile)))
Sending msg to client activator-4e1f5cd8-cc27-47c6-8906-107a3e48ce98: TaskFinished(1,59,None,true,None)
Sending msg to client activator-4e1f5cd8-cc27-47c6-8906-107a3e48ce98: TaskFinished(1,61,None,true,None)
Sending msg to client activator-4e1f5cd8-cc27-47c6-8906-107a3e48ce98: TaskFinished(1,55,None,true,None)
Sending msg to client activator-4e1f5cd8-cc27-47c6-8906-107a3e48ce98: TaskFinished(1,80,None,true,None)
Sending msg to client activator-4e1f5cd8-cc27-47c6-8906-107a3e48ce98: TaskFinished(1,85,None,true,None)
Sending msg to client activator-4e1f5cd8-cc27-47c6-8906-107a3e48ce98: (16,KeyLookupResponse(echo:echoTraceSupported,Vector()))
Sending msg to client activator-4e1f5cd8-cc27-47c6-8906-107a3e48ce98: TaskFinished(1,86,None,true,None)
Sending msg to client activator-4e1f5cd8-cc27-47c6-8906-107a3e48ce98: TaskFinished(1,90,None,true,None)
Sending msg to client activator-4e1f5cd8-cc27-47c6-8906-107a3e48ce98: TaskFinished(1,38,Some(AttributeKey[scala.collection.Seq[sbt.UpdateReport]]("transitiveUpdate") in Scope(Build: file:/C:/Users/Sabina/Documents/GitHub/DreamSpace/, , Project: ProjectReference(file:/C:/Users/Sabina/Documents/GitHub/DreamSpace/,root))),true,None)
Sending msg to client activator-4e1f5cd8-cc27-47c6-8906-107a3e48ce98: TaskFinished(1,68,Some(AttributeKey[scala.collection.Seq[java.lang.String]]("scalacOptions") in Scope(Build: file:/C:/Users/Sabina/Documents/GitHub/DreamSpace/, , Project: ProjectReference(file:/C:/Users/Sabina/Documents/GitHub/DreamSpace/,root))),true,None)
Sending msg to client activator-4e1f5cd8-cc27-47c6-8906-107a3e48ce98: TaskStarted(1,67,Some(AttributeKey[java.lang.String]("twirlSourceEncoding") in Scope(Build: file:/C:/Users/Sabina/Documents/GitHub/DreamSpace/, , Project: ProjectReference(file:/C:/Users/Sabina/Documents/GitHub/DreamSpace/,root))))
Sending msg to client activator-4e1f5cd8-cc27-47c6-8906-107a3e48ce98: TaskFinished(1,92,Some(AttributeKey[sbt.inc.IncOptions]("incOptions") in Scope(Build: file:/C:/Users/Sabina/Documents/GitHub/DreamSpace/, , Project: ProjectReference(file:/C:/Users/Sabina/Documents/GitHub/DreamSpace/,root))),true,None)
Sending msg to client activator-4e1f5cd8-cc27-47c6-8906-107a3e48ce98: TaskFinished(1,96,Some(AttributeKey[scala.collection.Seq[java.lang.String]]("javacOptions") in Scope(Build: file:/C:/Users/Sabina/Documents/GitHub/DreamSpace/, , Project: ProjectReference(file:/C:/Users/Sabina/Documents/GitHub/DreamSpace/,root), Config: compile)),true,None)
Sending msg to client activator-4e1f5cd8-cc27-47c6-8906-107a3e48ce98: TaskFinished(1,9,Some(AttributeKey[sbt.Settings[sbt.Scope]]("settingsData") in Scope(Global)),true,None)
Sending msg to client activator-4e1f5cd8-cc27-47c6-8906-107a3e48ce98: TaskStarted(1,26,Some(AttributeKey[scala.collection.immutable.Map[org.apache.ivy.core.module.id.ModuleRevisionId,org.apache.ivy.core.module.descriptor.ModuleDescriptor]]("projectDescriptors") in Scope(Build: file:/C:/Users/Sabina/Documents/GitHub/DreamSpace/, , Project: ProjectReference(file:/C:/Users/Sabina/Documents/GitHub/DreamSpace/,root))))
Sending msg to client activator-4e1f5cd8-cc27-47c6-8906-107a3e48ce98: TaskStarted(1,31,Some(AttributeKey[scala.collection.Seq[sbt.ModuleID]]("projectDependencies") in Scope(Build: file:/C:/Users/Sabina/Documents/GitHub/DreamSpace/, , Project: ProjectReference(file:/C:/Users/Sabina/Documents/GitHub/DreamSpace/,root))))
Sending msg to client activator-4e1f5cd8-cc27-47c6-8906-107a3e48ce98: TaskStarted(1,42,None)
Sending msg to client activator-4e1f5cd8-cc27-47c6-8906-107a3e48ce98: TaskStarted(1,51,None)
Sending msg to client activator-4e1f5cd8-cc27-47c6-8906-107a3e48ce98: TaskStarted(1,83,Some(AttributeKey[sbt.ScalaInstance]("scalaInstance") in Scope(Build: file:/C:/Users/Sabina/Documents/GitHub/DreamSpace/, , Project: ProjectReference(file:/C:/Users/Sabina/Documents/GitHub/DreamSpace/,root))))
Sending msg to client activator-4e1f5cd8-cc27-47c6-8906-107a3e48ce98: TaskStarted(1,88,None)
Sending msg to client activator-4e1f5cd8-cc27-47c6-8906-107a3e48ce98: TaskFinished(1,35,Some(AttributeKey[scala.collection.immutable.Map[sbt.ModuleID,sbt.SourcePosition]]("dependencyPositions") in Scope(Build: file:/C:/Users/Sabina/Documents/GitHub/DreamSpace/, , Project: ProjectReference(file:/C:/Users/Sabina/Documents/GitHub/DreamSpace/,root))),true,None)
Sending msg to client activator-4e1f5cd8-cc27-47c6-8906-107a3e48ce98: TaskStarted(1,34,Some(AttributeKey[sbt.UnresolvedWarningConfiguration]("unresolvedWarningConfiguration") in Scope(Build: file:/C:/Users/Sabina/Documents/GitHub/DreamSpace/, , Project: ProjectReference(file:/C:/Users/Sabina/Documents/GitHub/DreamSpace/,root), Task: AttributeKey[sbt.UpdateReport]("update"))))
Sending msg to client activator-4e1f5cd8-cc27-47c6-8906-107a3e48ce98: TaskFinished(1,74,Some(AttributeKey[scala.collection.Seq[java.io.File]]("unmanagedSources") in Scope(Build: file:/C:/Users/Sabina/Documents/GitHub/DreamSpace/, , Project: ProjectReference(file:/C:/Users/Sabina/Documents/GitHub/DreamSpace/,root), Config: compile)),true,None)
Sending msg to client activator-4e1f5cd8-cc27-47c6-8906-107a3e48ce98: TaskFinished(1,67,Some(AttributeKey[java.lang.String]("twirlSourceEncoding") in Scope(Build: file:/C:/Users/Sabina/Documents/GitHub/DreamSpace/, , Project: ProjectReference(file:/C:/Users/Sabina/Documents/GitHub/DreamSpace/,root))),true,None)
Sending msg to client activator-4e1f5cd8-cc27-47c6-8906-107a3e48ce98: TaskStarted(1,66,None)
Sending msg to client activator-4e1f5cd8-cc27-47c6-8906-107a3e48ce98: TaskStarted(1,79,None)
Sending msg to client activator-4e1f5cd8-cc27-47c6-8906-107a3e48ce98: TaskFinished(1,81,None,true,None)
Sending msg to client activator-4e1f5cd8-cc27-47c6-8906-107a3e48ce98: TaskStarted(1,101,None)
Sending msg to client activator-4e1f5cd8-cc27-47c6-8906-107a3e48ce98: TaskFinished(1,31,Some(AttributeKey[scala.collection.Seq[sbt.ModuleID]]("projectDependencies") in Scope(Build: file:/C:/Users/Sabina/Documents/GitHub/DreamSpace/, , Project: ProjectReference(file:/C:/Users/Sabina/Documents/GitHub/DreamSpace/,root))),true,None)
Sending msg to client activator-4e1f5cd8-cc27-47c6-8906-107a3e48ce98: TaskStarted(1,30,Some(AttributeKey[scala.collection.Seq[sbt.ModuleID]]("allDependencies") in Scope(Build: file:/C:/Users/Sabina/Documents/GitHub/DreamSpace/, , Project: ProjectReference(file:/C:/Users/Sabina/Documents/GitHub/DreamSpace/,root))))
Sending msg to client activator-4e1f5cd8-cc27-47c6-8906-107a3e48ce98: TaskStarted(1,102,None)
Sending msg to client activator-4e1f5cd8-cc27-47c6-8906-107a3e48ce98: TaskStarted(1,107,None)
Sending msg to client activator-4e1f5cd8-cc27-47c6-8906-107a3e48ce98: TaskStarted(1,108,None)
Sending msg to client activator-4e1f5cd8-cc27-47c6-8906-107a3e48ce98: TaskStarted(1,110,None)
Sending msg to client activator-4e1f5cd8-cc27-47c6-8906-107a3e48ce98: TaskStarted(1,113,None)
Sending msg to client activator-4e1f5cd8-cc27-47c6-8906-107a3e48ce98: TaskFinished(1,34,Some(AttributeKey[sbt.UnresolvedWarningConfiguration]("unresolvedWarningConfiguration") in Scope(Build: file:/C:/Users/Sabina/Documents/GitHub/DreamSpace/, , Project: ProjectReference(file:/C:/Users/Sabina/Documents/GitHub/DreamSpace/,root), Task: AttributeKey[sbt.UpdateReport]("update"))),true,None)
Sending msg to client activator-4e1f5cd8-cc27-47c6-8906-107a3e48ce98: TaskFinished(1,101,None,true,None)
Sending msg to client activator-4e1f5cd8-cc27-47c6-8906-107a3e48ce98: TaskStarted(1,100,None)
Sending msg to client activator-4e1f5cd8-cc27-47c6-8906-107a3e48ce98: TaskFinished(1,30,Some(AttributeKey[scala.collection.Seq[sbt.ModuleID]]("allDependencies") in Scope(Build: file:/C:/Users/Sabina/Documents/GitHub/DreamSpace/, , Project: ProjectReference(file:/C:/Users/Sabina/Documents/GitHub/DreamSpace/,root))),true,None)
Sending msg to client activator-4e1f5cd8-cc27-47c6-8906-107a3e48ce98: TaskStarted(1,29,Some(AttributeKey[sbt.ModuleSettings]("moduleSettings") in Scope(Build: file:/C:/Users/Sabina/Documents/GitHub/DreamSpace/, , Project: ProjectReference(file:/C:/Users/Sabina/Documents/GitHub/DreamSpace/,root))))
Sending msg to client activator-4e1f5cd8-cc27-47c6-8906-107a3e48ce98: TaskFinished(1,102,None,true,None)
Sending msg to client activator-4e1f5cd8-cc27-47c6-8906-107a3e48ce98: (17,KeyLookupResponse(echo:echoPlayVersionReport,Vector()))
Sending msg to client activator-4e1f5cd8-cc27-47c6-8906-107a3e48ce98: TaskFinished(1,42,None,true,None)
Sending msg to client activator-4e1f5cd8-cc27-47c6-8906-107a3e48ce98: (18,ReceivedResponse())
Sending msg to client activator-4e1f5cd8-cc27-47c6-8906-107a3e48ce98: TaskFinished(1,107,None,true,None)
Sending msg to client activator-4e1f5cd8-cc27-47c6-8906-107a3e48ce98: TaskFinished(1,108,None,true,None)
Sending msg to client activator-4e1f5cd8-cc27-47c6-8906-107a3e48ce98: TaskStarted(1,106,Some(AttributeKey[scala.collection.Seq[sbt.Attributed[java.io.File]]]("unmanagedJars") in Scope(Build: file:/C:/Users/Sabina/Documents/GitHub/DreamSpace/, , Project: ProjectReference(file:/C:/Users/Sabina/Documents/GitHub/DreamSpace/,root), Config: compile)))
Sending msg to client activator-4e1f5cd8-cc27-47c6-8906-107a3e48ce98: TaskFinished(1,110,None,true,None)
Sending msg to client activator-4e1f5cd8-cc27-47c6-8906-107a3e48ce98: TaskStarted(1,109,None)
Sending msg to client activator-4e1f5cd8-cc27-47c6-8906-107a3e48ce98: TaskFinished(1,113,None,true,None)
Sending msg to client activator-4e1f5cd8-cc27-47c6-8906-107a3e48ce98: TaskStarted(1,112,None)
Sending msg to client activator-4e1f5cd8-cc27-47c6-8906-107a3e48ce98: TaskFinished(1,29,Some(AttributeKey[sbt.ModuleSettings]("moduleSettings") in Scope(Build: file:/C:/Users/Sabina/Documents/GitHub/DreamSpace/, , Project: ProjectReference(file:/C:/Users/Sabina/Documents/GitHub/DreamSpace/,root))),true,None)
Sending msg to client activator-4e1f5cd8-cc27-47c6-8906-107a3e48ce98: TaskFinished(1,66,None,true,None)
Sending msg to client activator-4e1f5cd8-cc27-47c6-8906-107a3e48ce98: TaskStarted(1,65,Some(AttributeKey[scala.collection.Seq[scala.Function1[xsbti.Position,scala.Option[xsbti.Position]]]]("sourcePositionMappers") in Scope(Build: file:/C:/Users/Sabina/Documents/GitHub/DreamSpace/, , Project: ProjectReference(file:/C:/Users/Sabina/Documents/GitHub/DreamSpace/,root))))
Sending msg to client activator-4e1f5cd8-cc27-47c6-8906-107a3e48ce98: ExecutionWaiting(3,{file:/C:/Users/Sabina/Documents/GitHub/DreamSpace/}root/compile:discoveredMainClasses,ClientInfo(4e1f5cd8-cc27-47c6-8906-107a3e48ce98,activator,Activator,1,Vector()))
Sending msg to client activator-4e1f5cd8-cc27-47c6-8906-107a3e48ce98: (19,ReceivedResponse())
Sending msg to client activator-4e1f5cd8-cc27-47c6-8906-107a3e48ce98: (20,ReceivedResponse())
Sending msg to client activator-4e1f5cd8-cc27-47c6-8906-107a3e48ce98: (21,ReceivedResponse())
Sending msg to client activator-4e1f5cd8-cc27-47c6-8906-107a3e48ce98: TaskFinished(1,100,None,true,None)
Sending msg to client activator-4e1f5cd8-cc27-47c6-8906-107a3e48ce98: TaskFinished(1,26,Some(AttributeKey[scala.collection.immutable.Map[org.apache.ivy.core.module.id.ModuleRevisionId,org.apache.ivy.core.module.descriptor.ModuleDescriptor]]("projectDescriptors") in Scope(Build: file:/C:/Users/Sabina/Documents/GitHub/DreamSpace/, , Project: ProjectReference(file:/C:/Users/Sabina/Documents/GitHub/DreamSpace/,root))),true,None)
Sending msg to client activator-4e1f5cd8-cc27-47c6-8906-107a3e48ce98: TaskStarted(1,25,Some(AttributeKey[sbt.Resolver]("projectResolver") in Scope(Build: file:/C:/Users/Sabina/Documents/GitHub/DreamSpace/, , Project: ProjectReference(file:/C:/Users/Sabina/Documents/GitHub/DreamSpace/,root))))
Sending msg to client activator-4e1f5cd8-cc27-47c6-8906-107a3e48ce98: TaskStarted(1,114,None)
Sending msg to client activator-4e1f5cd8-cc27-47c6-8906-107a3e48ce98: TaskFinished(1,112,None,true,None)
Sending msg to client activator-4e1f5cd8-cc27-47c6-8906-107a3e48ce98: TaskFinished(1,88,None,true,None)
Sending msg to client activator-4e1f5cd8-cc27-47c6-8906-107a3e48ce98: TaskFinished(1,106,Some(AttributeKey[scala.collection.Seq[sbt.Attributed[java.io.File]]]("unmanagedJars") in Scope(Build: file:/C:/Users/Sabina/Documents/GitHub/DreamSpace/, , Project: ProjectReference(file:/C:/Users/Sabina/Documents/GitHub/DreamSpace/,root), Config: compile)),true,None)
Sending msg to client activator-4e1f5cd8-cc27-47c6-8906-107a3e48ce98: TaskFinished(1,65,Some(AttributeKey[scala.collection.Seq[scala.Function1[xsbti.Position,scala.Option[xsbti.Position]]]]("sourcePositionMappers") in Scope(Build: file:/C:/Users/Sabina/Documents/GitHub/DreamSpace/, , Project: ProjectReference(file:/C:/Users/Sabina/Documents/GitHub/DreamSpace/,root))),true,None)
Sending msg to client activator-4e1f5cd8-cc27-47c6-8906-107a3e48ce98: TaskStarted(1,64,Some(AttributeKey[scala.collection.Seq[scala.Function1[xsbti.Position,scala.Option[xsbti.Position]]]]("sourcePositionMappers") in Scope(Build: file:/C:/Users/Sabina/Documents/GitHub/DreamSpace/, , Project: ProjectReference(file:/C:/Users/Sabina/Documents/GitHub/DreamSpace/,root))))
Sending msg to client activator-4e1f5cd8-cc27-47c6-8906-107a3e48ce98: TaskFinished(1,25,Some(AttributeKey[sbt.Resolver]("projectResolver") in Scope(Build: file:/C:/Users/Sabina/Documents/GitHub/DreamSpace/, , Project: ProjectReference(file:/C:/Users/Sabina/Documents/GitHub/DreamSpace/,root))),true,None)
Sending msg to client activator-4e1f5cd8-cc27-47c6-8906-107a3e48ce98: TaskStarted(1,22,Some(AttributeKey[scala.collection.Seq[sbt.Resolver]]("fullResolvers") in Scope(Build: file:/C:/Users/Sabina/Documents/GitHub/DreamSpace/, , Project: ProjectReference(file:/C:/Users/Sabina/Documents/GitHub/DreamSpace/,root))))
Sending msg to client activator-4e1f5cd8-cc27-47c6-8906-107a3e48ce98: TaskFinished(1,114,None,true,None)
Sending msg to client activator-4e1f5cd8-cc27-47c6-8906-107a3e48ce98: TaskFinished(1,109,None,true,None)
Sending msg to client activator-4e1f5cd8-cc27-47c6-8906-107a3e48ce98: TaskStarted(1,105,Some(AttributeKey[scala.collection.Seq[sbt.Attributed[java.io.File]]]("unmanagedJars") in Scope(Build: file:/C:/Users/Sabina/Documents/GitHub/DreamSpace/, , Project: ProjectReference(file:/C:/Users/Sabina/Documents/GitHub/DreamSpace/,root), Config: compile)))
Sending msg to client activator-4e1f5cd8-cc27-47c6-8906-107a3e48ce98: TaskFinished(1,64,Some(AttributeKey[scala.collection.Seq[scala.Function1[xsbti.Position,scala.Option[xsbti.Position]]]]("sourcePositionMappers") in Scope(Build: file:/C:/Users/Sabina/Documents/GitHub/DreamSpace/, , Project: ProjectReference(file:/C:/Users/Sabina/Documents/GitHub/DreamSpace/,root))),true,None)
Sending msg to client activator-4e1f5cd8-cc27-47c6-8906-107a3e48ce98: TaskFinished(1,22,Some(AttributeKey[scala.collection.Seq[sbt.Resolver]]("fullResolvers") in Scope(Build: file:/C:/Users/Sabina/Documents/GitHub/DreamSpace/, , Project: ProjectReference(file:/C:/Users/Sabina/Documents/GitHub/DreamSpace/,root))),true,None)
Sending msg to client activator-4e1f5cd8-cc27-47c6-8906-107a3e48ce98: TaskStarted(1,19,Some(AttributeKey[sbt.IvyConfiguration]("ivyConfiguration") in Scope(Build: file:/C:/Users/Sabina/Documents/GitHub/DreamSpace/, , Project: ProjectReference(file:/C:/Users/Sabina/Documents/GitHub/DreamSpace/,root))))
Sending msg to client activator-4e1f5cd8-cc27-47c6-8906-107a3e48ce98: TaskFinished(1,105,Some(AttributeKey[scala.collection.Seq[sbt.Attributed[java.io.File]]]("unmanagedJars") in Scope(Build: file:/C:/Users/Sabina/Documents/GitHub/DreamSpace/, , Project: ProjectReference(file:/C:/Users/Sabina/Documents/GitHub/DreamSpace/,root), Config: compile)),true,None)
Sending msg to client activator-4e1f5cd8-cc27-47c6-8906-107a3e48ce98: TaskStarted(1,104,None)
Sending msg to client activator-4e1f5cd8-cc27-47c6-8906-107a3e48ce98: TaskFinished(1,19,Some(AttributeKey[sbt.IvyConfiguration]("ivyConfiguration") in Scope(Build: file:/C:/Users/Sabina/Documents/GitHub/DreamSpace/, , Project: ProjectReference(file:/C:/Users/Sabina/Documents/GitHub/DreamSpace/,root))),true,None)
Sending msg to client activator-4e1f5cd8-cc27-47c6-8906-107a3e48ce98: TaskStarted(1,17,Some(AttributeKey[sbt.IvySbt]("ivySbt") in Scope(Build: file:/C:/Users/Sabina/Documents/GitHub/DreamSpace/, , Project: ProjectReference(file:/C:/Users/Sabina/Documents/GitHub/DreamSpace/,root))))
Sending msg to client activator-4e1f5cd8-cc27-47c6-8906-107a3e48ce98: TaskFinished(1,104,None,true,None)
Sending msg to client activator-4e1f5cd8-cc27-47c6-8906-107a3e48ce98: TaskStarted(1,103,None)
Sending msg to client activator-4e1f5cd8-cc27-47c6-8906-107a3e48ce98: TaskFinished(1,17,Some(AttributeKey[sbt.IvySbt]("ivySbt") in Scope(Build: file:/C:/Users/Sabina/Documents/GitHub/DreamSpace/, , Project: ProjectReference(file:/C:/Users/Sabina/Documents/GitHub/DreamSpace/,root))),true,None)
Sending msg to client activator-4e1f5cd8-cc27-47c6-8906-107a3e48ce98: TaskStarted(1,16,Some(AttributeKey[sbt.IvySbt$Module]("ivyModule") in Scope(Build: file:/C:/Users/Sabina/Documents/GitHub/DreamSpace/, , Project: ProjectReference(file:/C:/Users/Sabina/Documents/GitHub/DreamSpace/,root))))
Sending msg to client activator-4e1f5cd8-cc27-47c6-8906-107a3e48ce98: TaskFinished(1,103,None,true,None)
Sending msg to client activator-4e1f5cd8-cc27-47c6-8906-107a3e48ce98: TaskFinished(1,51,None,true,None)
Sending msg to client activator-4e1f5cd8-cc27-47c6-8906-107a3e48ce98: TaskStarted(1,49,Some(AttributeKey[scala.collection.Seq[sbt.Attributed[java.io.File]]]("unmanagedClasspath") in Scope(Build: file:/C:/Users/Sabina/Documents/GitHub/DreamSpace/, , Project: ProjectReference(file:/C:/Users/Sabina/Documents/GitHub/DreamSpace/,root), Config: compile)))
Sending msg to client activator-4e1f5cd8-cc27-47c6-8906-107a3e48ce98: TaskFinished(1,16,Some(AttributeKey[sbt.IvySbt$Module]("ivyModule") in Scope(Build: file:/C:/Users/Sabina/Documents/GitHub/DreamSpace/, , Project: ProjectReference(file:/C:/Users/Sabina/Documents/GitHub/DreamSpace/,root))),true,None)
Sending msg to client activator-4e1f5cd8-cc27-47c6-8906-107a3e48ce98: TaskStarted(1,15,Some(AttributeKey[sbt.UpdateReport]("update") in Scope(Build: file:/C:/Users/Sabina/Documents/GitHub/DreamSpace/, , Project: ProjectReference(file:/C:/Users/Sabina/Documents/GitHub/DreamSpace/,root))))
Sending msg to client activator-4e1f5cd8-cc27-47c6-8906-107a3e48ce98: TaskFinished(1,49,Some(AttributeKey[scala.collection.Seq[sbt.Attributed[java.io.File]]]("unmanagedClasspath") in Scope(Build: file:/C:/Users/Sabina/Documents/GitHub/DreamSpace/, , Project: ProjectReference(file:/C:/Users/Sabina/Documents/GitHub/DreamSpace/,root), Config: compile)),true,None)
Sending msg to client activator-4e1f5cd8-cc27-47c6-8906-107a3e48ce98: TaskFinished(1,79,None,true,None)
Sending msg to client activator-4e1f5cd8-cc27-47c6-8906-107a3e48ce98: TaskStarted(1,78,Some(AttributeKey[scala.collection.Seq[java.io.File]]("twirlCompileTemplates") in Scope(Build: file:/C:/Users/Sabina/Documents/GitHub/DreamSpace/, , Project: ProjectReference(file:/C:/Users/Sabina/Documents/GitHub/DreamSpace/,root), Config: compile)))
Sending msg to client activator-4e1f5cd8-cc27-47c6-8906-107a3e48ce98: TaskFinished(1,78,Some(AttributeKey[scala.collection.Seq[java.io.File]]("twirlCompileTemplates") in Scope(Build: file:/C:/Users/Sabina/Documents/GitHub/DreamSpace/, , Project: ProjectReference(file:/C:/Users/Sabina/Documents/GitHub/DreamSpace/,root), Config: compile)),true,None)
Sending msg to client activator-4e1f5cd8-cc27-47c6-8906-107a3e48ce98: TaskStarted(1,77,None)
Sending msg to client activator-4e1f5cd8-cc27-47c6-8906-107a3e48ce98: TaskFinished(1,77,None,true,None)
Sending msg to client activator-4e1f5cd8-cc27-47c6-8906-107a3e48ce98: TaskStarted(1,76,Some(AttributeKey[scala.collection.Seq[java.io.File]]("managedSources") in Scope(Build: file:/C:/Users/Sabina/Documents/GitHub/DreamSpace/, , Project: ProjectReference(file:/C:/Users/Sabina/Documents/GitHub/DreamSpace/,root), Config: compile)))
Sending msg to client activator-4e1f5cd8-cc27-47c6-8906-107a3e48ce98: TaskFinished(1,76,Some(AttributeKey[scala.collection.Seq[java.io.File]]("managedSources") in Scope(Build: file:/C:/Users/Sabina/Documents/GitHub/DreamSpace/, , Project: ProjectReference(file:/C:/Users/Sabina/Documents/GitHub/DreamSpace/,root), Config: compile)),true,None)
Sending msg to client activator-4e1f5cd8-cc27-47c6-8906-107a3e48ce98: TaskStarted(1,73,Some(AttributeKey[scala.collection.Seq[java.io.File]]("sources") in Scope(Build: file:/C:/Users/Sabina/Documents/GitHub/DreamSpace/, , Project: ProjectReference(file:/C:/Users/Sabina/Documents/GitHub/DreamSpace/,root), Config: compile)))
Sending msg to client activator-4e1f5cd8-cc27-47c6-8906-107a3e48ce98: TaskFinished(1,73,Some(AttributeKey[scala.collection.Seq[java.io.File]]("sources") in Scope(Build: file:/C:/Users/Sabina/Documents/GitHub/DreamSpace/, , Project: ProjectReference(file:/C:/Users/Sabina/Documents/GitHub/DreamSpace/,root), Config: compile)),true,None)
Sending msg to client activator-4e1f5cd8-cc27-47c6-8906-107a3e48ce98: TaskFinished(1,15,Some(AttributeKey[sbt.UpdateReport]("update") in Scope(Build: file:/C:/Users/Sabina/Documents/GitHub/DreamSpace/, , Project: ProjectReference(file:/C:/Users/Sabina/Documents/GitHub/DreamSpace/,root))),true,None)
Sending msg to client activator-4e1f5cd8-cc27-47c6-8906-107a3e48ce98: TaskStarted(1,14,Some(AttributeKey[sbt.UpdateReport]("update") in Scope(Build: file:/C:/Users/Sabina/Documents/GitHub/DreamSpace/, , Project: ProjectReference(file:/C:/Users/Sabina/Documents/GitHub/DreamSpace/,root))))
Sending msg to client activator-4e1f5cd8-cc27-47c6-8906-107a3e48ce98: TaskFinished(1,14,Some(AttributeKey[sbt.UpdateReport]("update") in Scope(Build: file:/C:/Users/Sabina/Documents/GitHub/DreamSpace/, , Project: ProjectReference(file:/C:/Users/Sabina/Documents/GitHub/DreamSpace/,root))),true,None)
Sending msg to client activator-4e1f5cd8-cc27-47c6-8906-107a3e48ce98: TaskStarted(1,12,Some(AttributeKey[sbt.Configuration]("classpathConfiguration") in Scope(Build: file:/C:/Users/Sabina/Documents/GitHub/DreamSpace/, , Project: ProjectReference(file:/C:/Users/Sabina/Documents/GitHub/DreamSpace/,root), Config: compile)))
Sending msg to client activator-4e1f5cd8-cc27-47c6-8906-107a3e48ce98: TaskStarted(1,87,Some(AttributeKey[scala.collection.Seq[java.lang.String]]("scalacOptions") in Scope(Build: file:/C:/Users/Sabina/Documents/GitHub/DreamSpace/, , Project: ProjectReference(file:/C:/Users/Sabina/Documents/GitHub/DreamSpace/,root), Config: compile)))
Sending msg to client activator-4e1f5cd8-cc27-47c6-8906-107a3e48ce98: TaskStarted(1,111,None)
Sending msg to client activator-4e1f5cd8-cc27-47c6-8906-107a3e48ce98: TaskFinished(1,12,Some(AttributeKey[sbt.Configuration]("classpathConfiguration") in Scope(Build: file:/C:/Users/Sabina/Documents/GitHub/DreamSpace/, , Project: ProjectReference(file:/C:/Users/Sabina/Documents/GitHub/DreamSpace/,root), Config: compile)),true,None)
Sending msg to client activator-4e1f5cd8-cc27-47c6-8906-107a3e48ce98: TaskStarted(1,8,None)
Sending msg to client activator-4e1f5cd8-cc27-47c6-8906-107a3e48ce98: TaskStarted(1,53,None)
Sending msg to client activator-4e1f5cd8-cc27-47c6-8906-107a3e48ce98: TaskFinished(1,87,Some(AttributeKey[scala.collection.Seq[java.lang.String]]("scalacOptions") in Scope(Build: file:/C:/Users/Sabina/Documents/GitHub/DreamSpace/, , Project: ProjectReference(file:/C:/Users/Sabina/Documents/GitHub/DreamSpace/,root), Config: compile)),true,None)
Sending msg to client activator-4e1f5cd8-cc27-47c6-8906-107a3e48ce98: TaskFinished(1,111,None,true,None)
Sending msg to client activator-4e1f5cd8-cc27-47c6-8906-107a3e48ce98: TaskFinished(1,83,Some(AttributeKey[sbt.ScalaInstance]("scalaInstance") in Scope(Build: file:/C:/Users/Sabina/Documents/GitHub/DreamSpace/, , Project: ProjectReference(file:/C:/Users/Sabina/Documents/GitHub/DreamSpace/,root))),true,None)
Sending msg to client activator-4e1f5cd8-cc27-47c6-8906-107a3e48ce98: TaskStarted(1,82,Some(AttributeKey[sbt.Compiler$Compilers]("compilers") in Scope(Global)))
Sending msg to client activator-4e1f5cd8-cc27-47c6-8906-107a3e48ce98: TaskStarted(1,117,None)
Sending msg to client activator-4e1f5cd8-cc27-47c6-8906-107a3e48ce98: TaskStarted(1,118,None)
Sending msg to client activator-4e1f5cd8-cc27-47c6-8906-107a3e48ce98: TaskFinished(1,53,None,true,None)
Sending msg to client activator-4e1f5cd8-cc27-47c6-8906-107a3e48ce98: TaskStarted(1,52,Some(AttributeKey[scala.collection.Seq[sbt.Attributed[java.io.File]]]("managedClasspath") in Scope(Build: file:/C:/Users/Sabina/Documents/GitHub/DreamSpace/, , Project: ProjectReference(file:/C:/Users/Sabina/Documents/GitHub/DreamSpace/,root), Config: compile)))
Sending msg to client activator-4e1f5cd8-cc27-47c6-8906-107a3e48ce98: TaskFinished(1,82,Some(AttributeKey[sbt.Compiler$Compilers]("compilers") in Scope(Global)),true,None)
Sending msg to client activator-4e1f5cd8-cc27-47c6-8906-107a3e48ce98: TaskFinished(1,117,None,true,None)
Sending msg to client activator-4e1f5cd8-cc27-47c6-8906-107a3e48ce98: TaskFinished(1,118,None,true,None)
Sending msg to client activator-4e1f5cd8-cc27-47c6-8906-107a3e48ce98: TaskStarted(1,116,None)
Sending msg to client activator-4e1f5cd8-cc27-47c6-8906-107a3e48ce98: TaskFinished(1,52,Some(AttributeKey[scala.collection.Seq[sbt.Attributed[java.io.File]]]("managedClasspath") in Scope(Build: file:/C:/Users/Sabina/Documents/GitHub/DreamSpace/, , Project: ProjectReference(file:/C:/Users/Sabina/Documents/GitHub/DreamSpace/,root), Config: compile)),true,None)
Sending msg to client activator-4e1f5cd8-cc27-47c6-8906-107a3e48ce98: TaskStarted(1,48,None)
Sending msg to client activator-4e1f5cd8-cc27-47c6-8906-107a3e48ce98: TaskFinished(1,116,None,true,None)
Sending msg to client activator-4e1f5cd8-cc27-47c6-8906-107a3e48ce98: TaskStarted(1,115,None)
Sending msg to client activator-4e1f5cd8-cc27-47c6-8906-107a3e48ce98: TaskFinished(1,48,None,true,None)
Sending msg to client activator-4e1f5cd8-cc27-47c6-8906-107a3e48ce98: TaskStarted(1,46,Some(AttributeKey[scala.collection.Seq[sbt.Attributed[java.io.File]]]("externalDependencyClasspath") in Scope(Build: file:/C:/Users/Sabina/Documents/GitHub/DreamSpace/, , Project: ProjectReference(file:/C:/Users/Sabina/Documents/GitHub/DreamSpace/,root), Config: compile)))
Sending msg to client activator-4e1f5cd8-cc27-47c6-8906-107a3e48ce98: TaskFinished(1,115,None,true,None)
Sending msg to client activator-4e1f5cd8-cc27-47c6-8906-107a3e48ce98: TaskFinished(1,8,None,true,None)
Sending msg to client activator-4e1f5cd8-cc27-47c6-8906-107a3e48ce98: TaskStarted(1,7,Some(AttributeKey[scala.collection.Seq[sbt.Attributed[java.io.File]]]("internalDependencyClasspath") in Scope(Build: file:/C:/Users/Sabina/Documents/GitHub/DreamSpace/, , Project: ProjectReference(file:/C:/Users/Sabina/Documents/GitHub/DreamSpace/,root), Config: compile)))
Sending msg to client activator-4e1f5cd8-cc27-47c6-8906-107a3e48ce98: TaskFinished(1,46,Some(AttributeKey[scala.collection.Seq[sbt.Attributed[java.io.File]]]("externalDependencyClasspath") in Scope(Build: file:/C:/Users/Sabina/Documents/GitHub/DreamSpace/, , Project: ProjectReference(file:/C:/Users/Sabina/Documents/GitHub/DreamSpace/,root), Config: compile)),true,None)
Sending msg to client activator-4e1f5cd8-cc27-47c6-8906-107a3e48ce98: TaskFinished(1,7,Some(AttributeKey[scala.collection.Seq[sbt.Attributed[java.io.File]]]("internalDependencyClasspath") in Scope(Build: file:/C:/Users/Sabina/Documents/GitHub/DreamSpace/, , Project: ProjectReference(file:/C:/Users/Sabina/Documents/GitHub/DreamSpace/,root), Config: compile)),true,None)
Sending msg to client activator-4e1f5cd8-cc27-47c6-8906-107a3e48ce98: TaskStarted(1,6,None)
Sending msg to client activator-4e1f5cd8-cc27-47c6-8906-107a3e48ce98: TaskFinished(1,6,None,true,None)
Sending msg to client activator-4e1f5cd8-cc27-47c6-8906-107a3e48ce98: TaskStarted(1,5,Some(AttributeKey[scala.collection.Seq[sbt.Attributed[java.io.File]]]("dependencyClasspath") in Scope(Build: file:/C:/Users/Sabina/Documents/GitHub/DreamSpace/, , Project: ProjectReference(file:/C:/Users/Sabina/Documents/GitHub/DreamSpace/,root), Config: compile)))
Sending msg to client activator-4e1f5cd8-cc27-47c6-8906-107a3e48ce98: TaskFinished(1,5,Some(AttributeKey[scala.collection.Seq[sbt.Attributed[java.io.File]]]("dependencyClasspath") in Scope(Build: file:/C:/Users/Sabina/Documents/GitHub/DreamSpace/, , Project: ProjectReference(file:/C:/Users/Sabina/Documents/GitHub/DreamSpace/,root), Config: compile)),true,None)
Sending msg to client activator-4e1f5cd8-cc27-47c6-8906-107a3e48ce98: TaskStarted(1,89,Some(AttributeKey[sbt.Compiler$IncSetup]("incCompileSetup") in Scope(Build: file:/C:/Users/Sabina/Documents/GitHub/DreamSpace/, , Project: ProjectReference(file:/C:/Users/Sabina/Documents/GitHub/DreamSpace/,root), Config: compile)))
Sending msg to client activator-4e1f5cd8-cc27-47c6-8906-107a3e48ce98: TaskFinished(1,89,Some(AttributeKey[sbt.Compiler$IncSetup]("incCompileSetup") in Scope(Build: file:/C:/Users/Sabina/Documents/GitHub/DreamSpace/, , Project: ProjectReference(file:/C:/Users/Sabina/Documents/GitHub/DreamSpace/,root), Config: compile)),true,None)
Sending msg to client activator-4e1f5cd8-cc27-47c6-8906-107a3e48ce98: TaskStarted(1,63,Some(AttributeKey[sbt.Compiler$Inputs]("compileInputs") in Scope(Build: file:/C:/Users/Sabina/Documents/GitHub/DreamSpace/, , Project: ProjectReference(file:/C:/Users/Sabina/Documents/GitHub/DreamSpace/,root), Config: compile, Task: AttributeKey[sbt.inc.Analysis]("compile"))))
Sending msg to client activator-4e1f5cd8-cc27-47c6-8906-107a3e48ce98: TaskStarted(1,99,Some(AttributeKey[sbt.Compiler$PreviousAnalysis]("readAnalysis") in Scope(Build: file:/C:/Users/Sabina/Documents/GitHub/DreamSpace/, , Project: ProjectReference(file:/C:/Users/Sabina/Documents/GitHub/DreamSpace/,root), Config: compile)))
Sending msg to client activator-4e1f5cd8-cc27-47c6-8906-107a3e48ce98: TaskFinished(1,63,Some(AttributeKey[sbt.Compiler$Inputs]("compileInputs") in Scope(Build: file:/C:/Users/Sabina/Documents/GitHub/DreamSpace/, , Project: ProjectReference(file:/C:/Users/Sabina/Documents/GitHub/DreamSpace/,root), Config: compile, Task: AttributeKey[sbt.inc.Analysis]("compile"))),true,None)
Sending msg to client activator-4e1f5cd8-cc27-47c6-8906-107a3e48ce98: TaskStarted(1,60,Some(AttributeKey[scala.Option[xsbti.Reporter]]("compilerReporter") in Scope(Build: file:/C:/Users/Sabina/Documents/GitHub/DreamSpace/, , Project: ProjectReference(file:/C:/Users/Sabina/Documents/GitHub/DreamSpace/,root), Config: compile, Task: AttributeKey[sbt.inc.Analysis]("compile"))))
Sending msg to client activator-4e1f5cd8-cc27-47c6-8906-107a3e48ce98: TaskFinished(1,60,Some(AttributeKey[scala.Option[xsbti.Reporter]]("compilerReporter") in Scope(Build: file:/C:/Users/Sabina/Documents/GitHub/DreamSpace/, , Project: ProjectReference(file:/C:/Users/Sabina/Documents/GitHub/DreamSpace/,root), Config: compile, Task: AttributeKey[sbt.inc.Analysis]("compile"))),true,None)
Sending msg to client activator-4e1f5cd8-cc27-47c6-8906-107a3e48ce98: TaskFinished(1,99,Some(AttributeKey[sbt.Compiler$PreviousAnalysis]("readAnalysis") in Scope(Build: file:/C:/Users/Sabina/Documents/GitHub/DreamSpace/, , Project: ProjectReference(file:/C:/Users/Sabina/Documents/GitHub/DreamSpace/,root), Config: compile)),true,None)
Sending msg to client activator-4e1f5cd8-cc27-47c6-8906-107a3e48ce98: TaskStarted(1,58,Some(AttributeKey[sbt.compiler.IC$Result]("compileIncremental") in Scope(Build: file:/C:/Users/Sabina/Documents/GitHub/DreamSpace/, , Project: ProjectReference(file:/C:/Users/Sabina/Documents/GitHub/DreamSpace/,root), Config: compile)))
Sending msg to client activator-4e1f5cd8-cc27-47c6-8906-107a3e48ce98: TaskLogEvent(58,LogMessage(debug,
Initial source changes: 
	removed:Set()
	added: Set()
	modified: Set()
Removed products: Set()
External API changes: API Changes: Set()
Modified binary dependencies: Set()
Initial directly invalidated sources: Set()

Sources indirectly invalidated by:
	product: Set()
	binary dep: Set()
	external source: Set()))
Sending msg to client activator-4e1f5cd8-cc27-47c6-8906-107a3e48ce98: TaskLogEvent(58,LogMessage(debug,All initially invalidated sources: Set()
))
Sending msg to client activator-4e1f5cd8-cc27-47c6-8906-107a3e48ce98: TaskFinished(1,58,Some(AttributeKey[sbt.compiler.IC$Result]("compileIncremental") in Scope(Build: file:/C:/Users/Sabina/Documents/GitHub/DreamSpace/, , Project: ProjectReference(file:/C:/Users/Sabina/Documents/GitHub/DreamSpace/,root), Config: compile)),true,None)
Sending msg to client activator-4e1f5cd8-cc27-47c6-8906-107a3e48ce98: TaskStarted(1,57,Some(AttributeKey[sbt.compiler.IC$Result]("manipulateBytecode") in Scope(Build: file:/C:/Users/Sabina/Documents/GitHub/DreamSpace/, , Project: ProjectReference(file:/C:/Users/Sabina/Documents/GitHub/DreamSpace/,root), Config: compile)))
Sending msg to client activator-4e1f5cd8-cc27-47c6-8906-107a3e48ce98: TaskFinished(1,57,Some(AttributeKey[sbt.compiler.IC$Result]("manipulateBytecode") in Scope(Build: file:/C:/Users/Sabina/Documents/GitHub/DreamSpace/, , Project: ProjectReference(file:/C:/Users/Sabina/Documents/GitHub/DreamSpace/,root), Config: compile)),true,None)
Sending msg to client activator-4e1f5cd8-cc27-47c6-8906-107a3e48ce98: TaskStarted(1,56,Some(AttributeKey[sbt.inc.Analysis]("compile") in Scope(Build: file:/C:/Users/Sabina/Documents/GitHub/DreamSpace/, , Project: ProjectReference(file:/C:/Users/Sabina/Documents/GitHub/DreamSpace/,root), Config: compile)))
Sending msg to client activator-4e1f5cd8-cc27-47c6-8906-107a3e48ce98: TaskFinished(1,56,Some(AttributeKey[sbt.inc.Analysis]("compile") in Scope(Build: file:/C:/Users/Sabina/Documents/GitHub/DreamSpace/, , Project: ProjectReference(file:/C:/Users/Sabina/Documents/GitHub/DreamSpace/,root), Config: compile)),true,None)
Sending msg to client activator-4e1f5cd8-cc27-47c6-8906-107a3e48ce98: TaskStarted(1,4,Some(AttributeKey[sbt.inc.Analysis]("compile") in Scope(Build: file:/C:/Users/Sabina/Documents/GitHub/DreamSpace/, , Project: ProjectReference(file:/C:/Users/Sabina/Documents/GitHub/DreamSpace/,root), Config: compile)))
Got request: UnlistenToEvents()
Reading next message from client.
Sending msg to client activator-4e1f5cd8-cc27-47c6-8906-107a3e48ce98: (22,ReceivedResponse())
Got request: UnlistenToValue(AttributeKey[scala.collection.Seq[java.lang.String]]("discoveredMainClasses") in Scope(Build: file:/C:/Users/Sabina/Documents/GitHub/DreamSpace/, , Project: ProjectReference(file:/C:/Users/Sabina/Documents/GitHub/DreamSpace/,root), Config: compile))
Reading next message from client.
Got request: UnlistenToValue(AttributeKey[scala.Option[java.lang.String]]("mainClass") in Scope(Build: file:/C:/Users/Sabina/Documents/GitHub/DreamSpace/, , Project: ProjectReference(file:/C:/Users/Sabina/Documents/GitHub/DreamSpace/,root), Config: compile))
Reading next message from client.
Got request: UnlistenToBuildChange()
Reading next message from client.
Client activator-4e1f5cd8-cc27-47c6-8906-107a3e48ce98 EOF, shutting down.
Stopping client.
Client activator-4e1f5cd8-cc27-47c6-8906-107a3e48ce98 thread exiting.
Dropping message (23,ReceivedResponse()) to dead client activator-4e1f5cd8-cc27-47c6-8906-107a3e48ce98
Dropping message (24,ReceivedResponse()) to dead client activator-4e1f5cd8-cc27-47c6-8906-107a3e48ce98
Dropping message (25,ReceivedResponse()) to dead client activator-4e1f5cd8-cc27-47c6-8906-107a3e48ce98
Dropping message (0,ReceivedResponse()) to dead client activator-4e1f5cd8-cc27-47c6-8906-107a3e48ce98
Dropping message BuildStructureChanged(MinimalBuildStructure(Vector(file:/C:/Users/Sabina/Documents/GitHub/DreamSpace/),Vector(MinimalProjectStructure(ProjectReference(file:/C:/Users/Sabina/Documents/GitHub/DreamSpace/,root),Vector(sbt.plugins.CorePlugin, com.typesafe.sbt.web.SbtWeb, sbt.plugins.InteractionServicePlugin, sbt.plugins.SendEventServicePlugin, sbt.plugins.SerializersPlugin, sbt.plugins.IvyPlugin, com.typesafe.sbt.webdriver.SbtWebDriver, com.typesafe.sbt.jse.SbtJsEngine, com.typesafe.sbt.digest.SbtDigest, sbt.plugins.JvmPlugin, com.typesafe.sbt.jse.SbtJsTask, play.twirl.sbt.SbtTwirl, com.typesafe.sbt.jshint.SbtJSHint, sbt.plugins.JUnitXmlReportPlugin, com.typesafe.sbt.mocha.SbtMocha, com.typesafe.sbt.less.SbtLess, com.typesafe.sbt.rjs.SbtRjs, com.typesafe.sbt.coffeescript.SbtCoffeeScript, com.heroku.sbt.HerokuPlugin, sbt.plugins.BackgroundRunPlugin, play.Play, play.PlayJava, play.sbt.forkrun.PlayForkRun))))) to dead client activator-4e1f5cd8-cc27-47c6-8906-107a3e48ce98
