New log file opened at Thu May 28 09:00:00 CEST 2015 by 6904@MyComputer-PC
Sending msg to client activator-8c994471-ab53-47d4-b1b1-9b4e4148dbee: DetachedLogEvent(LogMessage(debug,sbt server socket logs are in: C:\Users\My Computer\DreamSpace\.sbtserver\connections\master.log))
Sending msg to client activator-8c994471-ab53-47d4-b1b1-9b4e4148dbee: DetachedLogEvent(LogMessage(debug,sbt client logs are in: C:\Users\My Computer\DreamSpace\.sbtserver\connections\activator-8c994471-ab53-47d4-b1b1-9b4e4148dbee.log))
Sending msg to client activator-8c994471-ab53-47d4-b1b1-9b4e4148dbee: DetachedLogEvent(LogMessage(debug,sbt general server logs are in: C:\Users\My Computer\DreamSpace\.sbtserver\master.log))
Reading next message from client.
Got request: ListenToEvents()
Reading next message from client.
Got request: ListenToBuildChange()
Reading next message from client.
Got request: SendSyntheticBuildChanged()
Reading next message from client.
Got request: KeyLookupRequest(discoveredMainClasses)
Reading next message from client.
Sending msg to client activator-8c994471-ab53-47d4-b1b1-9b4e4148dbee: (3,ReceivedResponse())
Got request: KeyLookupRequest(mainClass)
Reading next message from client.
Got request: KeyLookupRequest(echo:echoTraceSupported)
Reading next message from client.
Got request: KeyLookupRequest(echo:echoPlayVersionReport)
Reading next message from client.
Got request: KeyLookupRequest(echo:echoAkkaVersionReport)
Reading next message from client.
Got request: KeyLookupRequest(echo:echoTracePlayVersion)
Reading next message from client.
Got request: UnlistenToEvents()
Reading next message from client.
Got request: UnlistenToBuildChange()
Reading next message from client.
Client activator-8c994471-ab53-47d4-b1b1-9b4e4148dbee EOF, shutting down.
Stopping client.
Dropping message (12,ReceivedResponse()) to dead client activator-8c994471-ab53-47d4-b1b1-9b4e4148dbee
Dropping message (0,ReceivedResponse()) to dead client activator-8c994471-ab53-47d4-b1b1-9b4e4148dbee
Client activator-8c994471-ab53-47d4-b1b1-9b4e4148dbee thread exiting.
Dropping message (4,ReceivedResponse()) to dead client activator-8c994471-ab53-47d4-b1b1-9b4e4148dbee
Dropping message BuildStructureChanged(MinimalBuildStructure(Vector(file:/C:/Users/My%20Computer/DreamSpace/),Vector(MinimalProjectStructure(ProjectReference(file:/C:/Users/My%20Computer/DreamSpace/,root),Vector(sbt.plugins.CorePlugin, com.typesafe.sbt.web.SbtWeb, sbt.plugins.InteractionServicePlugin, sbt.plugins.SendEventServicePlugin, sbt.plugins.SerializersPlugin, sbt.plugins.IvyPlugin, com.typesafe.sbt.webdriver.SbtWebDriver, com.typesafe.sbt.jse.SbtJsEngine, com.typesafe.sbt.digest.SbtDigest, sbt.plugins.JvmPlugin, com.typesafe.sbt.jse.SbtJsTask, play.twirl.sbt.SbtTwirl, com.typesafe.sbt.jshint.SbtJSHint, sbt.plugins.JUnitXmlReportPlugin, com.typesafe.sbt.mocha.SbtMocha, com.typesafe.sbt.less.SbtLess, com.typesafe.sbt.rjs.SbtRjs, com.typesafe.sbt.coffeescript.SbtCoffeeScript, com.heroku.sbt.HerokuPlugin, sbt.plugins.BackgroundRunPlugin, play.Play, play.PlayJava, play.sbt.forkrun.PlayForkRun))))) to dead client activator-8c994471-ab53-47d4-b1b1-9b4e4148dbee
Dropping message (6,KeyLookupResponse(discoveredMainClasses,Vector(AttributeKey[scala.collection.Seq[java.lang.String]]("discoveredMainClasses") in Scope(Build: file:/C:/Users/My%20Computer/DreamSpace/, , Project: ProjectReference(file:/C:/Users/My%20Computer/DreamSpace/,root), Config: compile)))) to dead client activator-8c994471-ab53-47d4-b1b1-9b4e4148dbee
Dropping message (7,KeyLookupResponse(mainClass,Vector(AttributeKey[scala.Option[java.lang.String]]("mainClass") in Scope(Build: file:/C:/Users/My%20Computer/DreamSpace/, , Project: ProjectReference(file:/C:/Users/My%20Computer/DreamSpace/,root), Config: compile)))) to dead client activator-8c994471-ab53-47d4-b1b1-9b4e4148dbee
Dropping message (8,KeyLookupResponse(echo:echoTraceSupported,Vector())) to dead client activator-8c994471-ab53-47d4-b1b1-9b4e4148dbee
Dropping message (9,KeyLookupResponse(echo:echoPlayVersionReport,Vector())) to dead client activator-8c994471-ab53-47d4-b1b1-9b4e4148dbee
Dropping message (10,KeyLookupResponse(echo:echoAkkaVersionReport,Vector())) to dead client activator-8c994471-ab53-47d4-b1b1-9b4e4148dbee
Dropping message (11,KeyLookupResponse(echo:echoTracePlayVersion,Vector())) to dead client activator-8c994471-ab53-47d4-b1b1-9b4e4148dbee
Dropping message (13,ReceivedResponse()) to dead client activator-8c994471-ab53-47d4-b1b1-9b4e4148dbee
Dropping message BuildStructureChanged(MinimalBuildStructure(Vector(file:/C:/Users/My%20Computer/DreamSpace/),Vector(MinimalProjectStructure(ProjectReference(file:/C:/Users/My%20Computer/DreamSpace/,root),Vector(sbt.plugins.CorePlugin, com.typesafe.sbt.web.SbtWeb, sbt.plugins.InteractionServicePlugin, sbt.plugins.SendEventServicePlugin, sbt.plugins.SerializersPlugin, sbt.plugins.IvyPlugin, com.typesafe.sbt.webdriver.SbtWebDriver, com.typesafe.sbt.jse.SbtJsEngine, com.typesafe.sbt.digest.SbtDigest, sbt.plugins.JvmPlugin, com.typesafe.sbt.jse.SbtJsTask, play.twirl.sbt.SbtTwirl, com.typesafe.sbt.jshint.SbtJSHint, sbt.plugins.JUnitXmlReportPlugin, com.typesafe.sbt.mocha.SbtMocha, com.typesafe.sbt.less.SbtLess, com.typesafe.sbt.rjs.SbtRjs, com.typesafe.sbt.coffeescript.SbtCoffeeScript, com.heroku.sbt.HerokuPlugin, sbt.plugins.BackgroundRunPlugin, play.Play, play.PlayJava, play.sbt.forkrun.PlayForkRun))))) to dead client activator-8c994471-ab53-47d4-b1b1-9b4e4148dbee
