New log file opened at Tue May 12 15:59:44 CEST 2015 by 5908@noname
Sending msg to client play-fork-run-1da10e1a-a7b9-4a6c-bc96-7ef26e0ef5bf: DetachedLogEvent(LogMessage(debug,sbt server socket logs are in: C:\Users\fred\DreamSpace\.sbtserver\connections\master.log))
Sending msg to client play-fork-run-1da10e1a-a7b9-4a6c-bc96-7ef26e0ef5bf: DetachedLogEvent(LogMessage(debug,sbt general server logs are in: C:\Users\fred\DreamSpace\.sbtserver\master.log))
Sending msg to client play-fork-run-1da10e1a-a7b9-4a6c-bc96-7ef26e0ef5bf: DetachedLogEvent(LogMessage(debug,sbt client logs are in: C:\Users\fred\DreamSpace\.sbtserver\connections\play-fork-run-1da10e1a-a7b9-4a6c-bc96-7ef26e0ef5bf.log))
Reading next message from client.
Got request: DaemonRequest(true)
Reading next message from client.
Sending msg to client play-fork-run-1da10e1a-a7b9-4a6c-bc96-7ef26e0ef5bf: (3,ReceivedResponse())
Got request: ListenToEvents()
Reading next message from client.
Sending msg to client play-fork-run-1da10e1a-a7b9-4a6c-bc96-7ef26e0ef5bf: BackgroundJobStarted(47,BackgroundJobInfo(8,backgroundRun,AttributeKey[sbt.BackgroundJobHandle]("backgroundRun") in Scope(Build: file:/C:/Users/fred/DreamSpace/, , Project: ProjectReference(file:/C:/Users/fred/DreamSpace/,root), Config: compile)))
Sending msg to client play-fork-run-1da10e1a-a7b9-4a6c-bc96-7ef26e0ef5bf: BackgroundJobStarted(41,BackgroundJobInfo(7,backgroundRun,AttributeKey[sbt.BackgroundJobHandle]("backgroundRun") in Scope(Build: file:/C:/Users/fred/DreamSpace/, , Project: ProjectReference(file:/C:/Users/fred/DreamSpace/,root), Config: compile)))
Sending msg to client play-fork-run-1da10e1a-a7b9-4a6c-bc96-7ef26e0ef5bf: (4,ReceivedResponse())
Got request: KeyLookupRequest(root/playForkConfig)
Reading next message from client.
Sending msg to client play-fork-run-1da10e1a-a7b9-4a6c-bc96-7ef26e0ef5bf: (5,KeyLookupResponse(root/playForkConfig,Vector(AttributeKey[play.forkrun.protocol.ForkConfig]("playForkConfig") in Scope(Build: file:/C:/Users/fred/DreamSpace/, , Project: ProjectReference(file:/C:/Users/fred/DreamSpace/,root)))))
Got request: ListenToValue(AttributeKey[play.forkrun.protocol.ForkConfig]("playForkConfig") in Scope(Build: file:/C:/Users/fred/DreamSpace/, , Project: ProjectReference(file:/C:/Users/fred/DreamSpace/,root)))
Reading next message from client.
Sending msg to client play-fork-run-1da10e1a-a7b9-4a6c-bc96-7ef26e0ef5bf: (6,ReceivedResponse())
Got request: KeyExecutionRequest(AttributeKey[play.forkrun.protocol.ForkConfig]("playForkConfig") in Scope(Build: file:/C:/Users/fred/DreamSpace/, , Project: ProjectReference(file:/C:/Users/fred/DreamSpace/,root)))
Reading next message from client.
Sending msg to client play-fork-run-1da10e1a-a7b9-4a6c-bc96-7ef26e0ef5bf: (7,ExecutionRequestReceived(48))
Sending msg to client play-fork-run-1da10e1a-a7b9-4a6c-bc96-7ef26e0ef5bf: ExecutionWaiting(48,{file:/C:/Users/fred/DreamSpace/}root/*:playForkConfig,ClientInfo(1da10e1a-a7b9-4a6c-bc96-7ef26e0ef5bf,play-fork-run,Play Fork Run,1,Vector()))
Sending msg to client play-fork-run-1da10e1a-a7b9-4a6c-bc96-7ef26e0ef5bf: ExecutionStarting(48)
Sending msg to client play-fork-run-1da10e1a-a7b9-4a6c-bc96-7ef26e0ef5bf: DetachedLogEvent(LogMessage(debug,> {file:/C:/Users/fred/DreamSpace/}root/*:playForkConfig))
Sending msg to client play-fork-run-1da10e1a-a7b9-4a6c-bc96-7ef26e0ef5bf: DetachedLogEvent(LogMessage(debug,Evaluating tasks: *:playForkConfig))
Sending msg to client play-fork-run-1da10e1a-a7b9-4a6c-bc96-7ef26e0ef5bf: DetachedLogEvent(LogMessage(debug,Running task... Cancel: sbt.server.ServerTaskCancellation@5289f095, check cycles: false))
Sending msg to client play-fork-run-1da10e1a-a7b9-4a6c-bc96-7ef26e0ef5bf: DetachedLogEvent(LogMessage(debug,cancel strategy start enabled=true lastCommand=Some(LastCommand(CommandExecutionWork(ExecutionId(48),{file:/C:/Users/fred/DreamSpace/}root/*:playForkConfig,Set(LiveClient(play-fork-run 1da10e1a-a7b9-4a6c-bc96-7ef26e0ef5bf)),sbt.server.WorkCancellationStatus$$anon$1@5f8cbb62)))))
Sending msg to client play-fork-run-1da10e1a-a7b9-4a6c-bc96-7ef26e0ef5bf: TaskStarted(48,3156,Some(AttributeKey[scala.Tuple2[java.lang.String,java.io.File]]("playPrefixAndAssets") in Scope(Build: file:/C:/Users/fred/DreamSpace/, , Project: ProjectReference(file:/C:/Users/fred/DreamSpace/,root))))
Sending msg to client play-fork-run-1da10e1a-a7b9-4a6c-bc96-7ef26e0ef5bf: TaskStarted(48,3160,None)
Sending msg to client play-fork-run-1da10e1a-a7b9-4a6c-bc96-7ef26e0ef5bf: TaskStarted(48,3164,None)
Sending msg to client play-fork-run-1da10e1a-a7b9-4a6c-bc96-7ef26e0ef5bf: TaskStarted(48,3166,Some(AttributeKey[java.lang.String]("updateCacheName") in Scope(Build: file:/C:/Users/fred/DreamSpace/, , Project: ProjectReference(file:/C:/Users/fred/DreamSpace/,root))))
Sending msg to client play-fork-run-1da10e1a-a7b9-4a6c-bc96-7ef26e0ef5bf: TaskStarted(48,3167,Some(AttributeKey[boolean]("skip") in Scope(Global)))
Sending msg to client play-fork-run-1da10e1a-a7b9-4a6c-bc96-7ef26e0ef5bf: TaskStarted(48,3168,None)
Sending msg to client play-fork-run-1da10e1a-a7b9-4a6c-bc96-7ef26e0ef5bf: TaskStarted(48,3171,Some(AttributeKey[scala.collection.Seq[sbt.Credentials]]("credentials") in Scope(Global)))
Sending msg to client play-fork-run-1da10e1a-a7b9-4a6c-bc96-7ef26e0ef5bf: TaskStarted(48,3176,Some(AttributeKey[scala.Option[scala.collection.Seq[sbt.Resolver]]]("bootResolvers") in Scope(Build: file:/C:/Users/fred/DreamSpace/, , Project: ProjectReference(file:/C:/Users/fred/DreamSpace/,root))))
Sending msg to client play-fork-run-1da10e1a-a7b9-4a6c-bc96-7ef26e0ef5bf: TaskStarted(48,3177,Some(AttributeKey[scala.collection.Seq[sbt.Resolver]]("externalResolvers") in Scope(Build: file:/C:/Users/fred/DreamSpace/, , Project: ProjectReference(file:/C:/Users/fred/DreamSpace/,root))))
Sending msg to client play-fork-run-1da10e1a-a7b9-4a6c-bc96-7ef26e0ef5bf: TaskStarted(48,3190,None)
Sending msg to client play-fork-run-1da10e1a-a7b9-4a6c-bc96-7ef26e0ef5bf: TaskStarted(48,3192,None)
Sending msg to client play-fork-run-1da10e1a-a7b9-4a6c-bc96-7ef26e0ef5bf: TaskStarted(48,3193,None)
Sending msg to client play-fork-run-1da10e1a-a7b9-4a6c-bc96-7ef26e0ef5bf: TaskStarted(48,3206,None)
Sending msg to client play-fork-run-1da10e1a-a7b9-4a6c-bc96-7ef26e0ef5bf: TaskStarted(48,3208,Some(AttributeKey[scala.collection.Seq[java.lang.String]]("javaOptions") in Scope(Global)))
Sending msg to client play-fork-run-1da10e1a-a7b9-4a6c-bc96-7ef26e0ef5bf: TaskFinished(48,3160,None,true,None)
Sending msg to client play-fork-run-1da10e1a-a7b9-4a6c-bc96-7ef26e0ef5bf: TaskStarted(48,3159,Some(AttributeKey[scala.collection.Seq[java.lang.String]]("playMonitoredFiles") in Scope(Build: file:/C:/Users/fred/DreamSpace/, , Project: ProjectReference(file:/C:/Users/fred/DreamSpace/,root))))
Sending msg to client play-fork-run-1da10e1a-a7b9-4a6c-bc96-7ef26e0ef5bf: TaskStarted(48,3181,Some(AttributeKey[sbt.BuildStructure]("buildStructure") in Scope(Global)))
Sending msg to client play-fork-run-1da10e1a-a7b9-4a6c-bc96-7ef26e0ef5bf: TaskStarted(48,3194,Some(AttributeKey[java.io.File]("dependencyCacheDirectory") in Scope(Build: file:/C:/Users/fred/DreamSpace/, , Project: ProjectReference(file:/C:/Users/fred/DreamSpace/,root))))
Sending msg to client play-fork-run-1da10e1a-a7b9-4a6c-bc96-7ef26e0ef5bf: TaskFinished(48,3164,None,true,None)
Sending msg to client play-fork-run-1da10e1a-a7b9-4a6c-bc96-7ef26e0ef5bf: TaskStarted(48,3163,None)
Sending msg to client play-fork-run-1da10e1a-a7b9-4a6c-bc96-7ef26e0ef5bf: TaskStarted(48,3172,None)
Sending msg to client play-fork-run-1da10e1a-a7b9-4a6c-bc96-7ef26e0ef5bf: TaskStarted(48,3174,None)
Sending msg to client play-fork-run-1da10e1a-a7b9-4a6c-bc96-7ef26e0ef5bf: TaskStarted(48,3182,None)
Sending msg to client play-fork-run-1da10e1a-a7b9-4a6c-bc96-7ef26e0ef5bf: TaskStarted(48,3188,None)
Sending msg to client play-fork-run-1da10e1a-a7b9-4a6c-bc96-7ef26e0ef5bf: TaskStarted(48,3198,None)
Sending msg to client play-fork-run-1da10e1a-a7b9-4a6c-bc96-7ef26e0ef5bf: TaskStarted(48,3201,None)
Sending msg to client play-fork-run-1da10e1a-a7b9-4a6c-bc96-7ef26e0ef5bf: TaskStarted(48,3207,None)
Sending msg to client play-fork-run-1da10e1a-a7b9-4a6c-bc96-7ef26e0ef5bf: TaskFinished(48,3156,Some(AttributeKey[scala.Tuple2[java.lang.String,java.io.File]]("playPrefixAndAssets") in Scope(Build: file:/C:/Users/fred/DreamSpace/, , Project: ProjectReference(file:/C:/Users/fred/DreamSpace/,root))),true,None)
Sending msg to client play-fork-run-1da10e1a-a7b9-4a6c-bc96-7ef26e0ef5bf: TaskStarted(48,3158,None)
Sending msg to client play-fork-run-1da10e1a-a7b9-4a6c-bc96-7ef26e0ef5bf: TaskFinished(48,3166,Some(AttributeKey[java.lang.String]("updateCacheName") in Scope(Build: file:/C:/Users/fred/DreamSpace/, , Project: ProjectReference(file:/C:/Users/fred/DreamSpace/,root))),true,None)
Sending msg to client play-fork-run-1da10e1a-a7b9-4a6c-bc96-7ef26e0ef5bf: TaskFinished(48,3168,None,true,None)
Sending msg to client play-fork-run-1da10e1a-a7b9-4a6c-bc96-7ef26e0ef5bf: TaskFinished(48,3171,Some(AttributeKey[scala.collection.Seq[sbt.Credentials]]("credentials") in Scope(Global)),true,None)
Sending msg to client play-fork-run-1da10e1a-a7b9-4a6c-bc96-7ef26e0ef5bf: TaskFinished(48,3176,Some(AttributeKey[scala.Option[scala.collection.Seq[sbt.Resolver]]]("bootResolvers") in Scope(Build: file:/C:/Users/fred/DreamSpace/, , Project: ProjectReference(file:/C:/Users/fred/DreamSpace/,root))),true,None)
Sending msg to client play-fork-run-1da10e1a-a7b9-4a6c-bc96-7ef26e0ef5bf: TaskFinished(48,3177,Some(AttributeKey[scala.collection.Seq[sbt.Resolver]]("externalResolvers") in Scope(Build: file:/C:/Users/fred/DreamSpace/, , Project: ProjectReference(file:/C:/Users/fred/DreamSpace/,root))),true,None)
Sending msg to client play-fork-run-1da10e1a-a7b9-4a6c-bc96-7ef26e0ef5bf: TaskFinished(48,3190,None,true,None)
Sending msg to client play-fork-run-1da10e1a-a7b9-4a6c-bc96-7ef26e0ef5bf: TaskFinished(48,3192,None,true,None)
Sending msg to client play-fork-run-1da10e1a-a7b9-4a6c-bc96-7ef26e0ef5bf: TaskFinished(48,3193,None,true,None)
Sending msg to client play-fork-run-1da10e1a-a7b9-4a6c-bc96-7ef26e0ef5bf: TaskStarted(48,3191,Some(AttributeKey[scala.collection.Seq[sbt.UpdateReport]]("transitiveUpdate") in Scope(Build: file:/C:/Users/fred/DreamSpace/, , Project: ProjectReference(file:/C:/Users/fred/DreamSpace/,root))))
Sending msg to client play-fork-run-1da10e1a-a7b9-4a6c-bc96-7ef26e0ef5bf: TaskFinished(48,3206,None,true,None)
Sending msg to client play-fork-run-1da10e1a-a7b9-4a6c-bc96-7ef26e0ef5bf: TaskFinished(48,3208,Some(AttributeKey[scala.collection.Seq[java.lang.String]]("javaOptions") in Scope(Global)),true,None)
Sending msg to client play-fork-run-1da10e1a-a7b9-4a6c-bc96-7ef26e0ef5bf: TaskFinished(48,3159,Some(AttributeKey[scala.collection.Seq[java.lang.String]]("playMonitoredFiles") in Scope(Build: file:/C:/Users/fred/DreamSpace/, , Project: ProjectReference(file:/C:/Users/fred/DreamSpace/,root))),true,None)
Sending msg to client play-fork-run-1da10e1a-a7b9-4a6c-bc96-7ef26e0ef5bf: TaskFinished(48,3181,Some(AttributeKey[sbt.BuildStructure]("buildStructure") in Scope(Global)),true,None)
Sending msg to client play-fork-run-1da10e1a-a7b9-4a6c-bc96-7ef26e0ef5bf: TaskStarted(48,3180,Some(AttributeKey[sbt.Settings[sbt.Scope]]("settingsData") in Scope(Global)))
Sending msg to client play-fork-run-1da10e1a-a7b9-4a6c-bc96-7ef26e0ef5bf: TaskFinished(48,3194,Some(AttributeKey[java.io.File]("dependencyCacheDirectory") in Scope(Build: file:/C:/Users/fred/DreamSpace/, , Project: ProjectReference(file:/C:/Users/fred/DreamSpace/,root))),true,None)
Sending msg to client play-fork-run-1da10e1a-a7b9-4a6c-bc96-7ef26e0ef5bf: TaskFinished(48,3163,None,true,None)
Sending msg to client play-fork-run-1da10e1a-a7b9-4a6c-bc96-7ef26e0ef5bf: TaskFinished(48,3172,None,true,None)
Sending msg to client play-fork-run-1da10e1a-a7b9-4a6c-bc96-7ef26e0ef5bf: TaskFinished(48,3167,Some(AttributeKey[boolean]("skip") in Scope(Global)),true,None)
Sending msg to client play-fork-run-1da10e1a-a7b9-4a6c-bc96-7ef26e0ef5bf: TaskFinished(48,3188,None,true,None)
Sending msg to client play-fork-run-1da10e1a-a7b9-4a6c-bc96-7ef26e0ef5bf: TaskStarted(48,3187,Some(AttributeKey[scala.collection.immutable.Map[sbt.ModuleID,sbt.SourcePosition]]("dependencyPositions") in Scope(Build: file:/C:/Users/fred/DreamSpace/, , Project: ProjectReference(file:/C:/Users/fred/DreamSpace/,root))))
Sending msg to client play-fork-run-1da10e1a-a7b9-4a6c-bc96-7ef26e0ef5bf: TaskFinished(48,3198,None,true,None)
Sending msg to client play-fork-run-1da10e1a-a7b9-4a6c-bc96-7ef26e0ef5bf: TaskFinished(48,3201,None,true,None)
Sending msg to client play-fork-run-1da10e1a-a7b9-4a6c-bc96-7ef26e0ef5bf: TaskFinished(48,3182,None,true,None)
Sending msg to client play-fork-run-1da10e1a-a7b9-4a6c-bc96-7ef26e0ef5bf: TaskFinished(48,3207,None,true,None)
Sending msg to client play-fork-run-1da10e1a-a7b9-4a6c-bc96-7ef26e0ef5bf: TaskFinished(48,3174,None,true,None)
Sending msg to client play-fork-run-1da10e1a-a7b9-4a6c-bc96-7ef26e0ef5bf: TaskFinished(48,3158,None,true,None)
Sending msg to client play-fork-run-1da10e1a-a7b9-4a6c-bc96-7ef26e0ef5bf: TaskStarted(48,3157,None)
Sending msg to client play-fork-run-1da10e1a-a7b9-4a6c-bc96-7ef26e0ef5bf: TaskFinished(48,3191,Some(AttributeKey[scala.collection.Seq[sbt.UpdateReport]]("transitiveUpdate") in Scope(Build: file:/C:/Users/fred/DreamSpace/, , Project: ProjectReference(file:/C:/Users/fred/DreamSpace/,root))),true,None)
Sending msg to client play-fork-run-1da10e1a-a7b9-4a6c-bc96-7ef26e0ef5bf: TaskFinished(48,3180,Some(AttributeKey[sbt.Settings[sbt.Scope]]("settingsData") in Scope(Global)),true,None)
Sending msg to client play-fork-run-1da10e1a-a7b9-4a6c-bc96-7ef26e0ef5bf: TaskStarted(48,3179,Some(AttributeKey[scala.collection.immutable.Map[org.apache.ivy.core.module.id.ModuleRevisionId,org.apache.ivy.core.module.descriptor.ModuleDescriptor]]("projectDescriptors") in Scope(Build: file:/C:/Users/fred/DreamSpace/, , Project: ProjectReference(file:/C:/Users/fred/DreamSpace/,root))))
Sending msg to client play-fork-run-1da10e1a-a7b9-4a6c-bc96-7ef26e0ef5bf: TaskStarted(48,3185,Some(AttributeKey[scala.collection.Seq[sbt.ModuleID]]("projectDependencies") in Scope(Build: file:/C:/Users/fred/DreamSpace/, , Project: ProjectReference(file:/C:/Users/fred/DreamSpace/,root))))
Sending msg to client play-fork-run-1da10e1a-a7b9-4a6c-bc96-7ef26e0ef5bf: TaskStarted(48,3189,None)
Sending msg to client play-fork-run-1da10e1a-a7b9-4a6c-bc96-7ef26e0ef5bf: TaskStarted(48,3199,None)
Sending msg to client play-fork-run-1da10e1a-a7b9-4a6c-bc96-7ef26e0ef5bf: TaskFinished(48,3157,None,true,None)
Sending msg to client play-fork-run-1da10e1a-a7b9-4a6c-bc96-7ef26e0ef5bf: TaskStarted(48,3155,Some(AttributeKey[scala.collection.Seq[scala.Tuple2[java.lang.String,java.io.File]]]("playAllAssets") in Scope(Build: file:/C:/Users/fred/DreamSpace/, , Project: ProjectReference(file:/C:/Users/fred/DreamSpace/,root))))
Sending msg to client play-fork-run-1da10e1a-a7b9-4a6c-bc96-7ef26e0ef5bf: TaskFinished(48,3185,Some(AttributeKey[scala.collection.Seq[sbt.ModuleID]]("projectDependencies") in Scope(Build: file:/C:/Users/fred/DreamSpace/, , Project: ProjectReference(file:/C:/Users/fred/DreamSpace/,root))),true,None)
Sending msg to client play-fork-run-1da10e1a-a7b9-4a6c-bc96-7ef26e0ef5bf: TaskStarted(48,3184,Some(AttributeKey[scala.collection.Seq[sbt.ModuleID]]("allDependencies") in Scope(Build: file:/C:/Users/fred/DreamSpace/, , Project: ProjectReference(file:/C:/Users/fred/DreamSpace/,root))))
Sending msg to client play-fork-run-1da10e1a-a7b9-4a6c-bc96-7ef26e0ef5bf: TaskStarted(48,3209,None)
Sending msg to client play-fork-run-1da10e1a-a7b9-4a6c-bc96-7ef26e0ef5bf: TaskStarted(48,3213,None)
Sending msg to client play-fork-run-1da10e1a-a7b9-4a6c-bc96-7ef26e0ef5bf: TaskStarted(48,3214,None)
Sending msg to client play-fork-run-1da10e1a-a7b9-4a6c-bc96-7ef26e0ef5bf: TaskStarted(48,3217,None)
Sending msg to client play-fork-run-1da10e1a-a7b9-4a6c-bc96-7ef26e0ef5bf: TaskStarted(48,3218,None)
Sending msg to client play-fork-run-1da10e1a-a7b9-4a6c-bc96-7ef26e0ef5bf: TaskStarted(48,3220,None)
Sending msg to client play-fork-run-1da10e1a-a7b9-4a6c-bc96-7ef26e0ef5bf: TaskFinished(48,3155,Some(AttributeKey[scala.collection.Seq[scala.Tuple2[java.lang.String,java.io.File]]]("playAllAssets") in Scope(Build: file:/C:/Users/fred/DreamSpace/, , Project: ProjectReference(file:/C:/Users/fred/DreamSpace/,root))),true,None)
Sending msg to client play-fork-run-1da10e1a-a7b9-4a6c-bc96-7ef26e0ef5bf: TaskStarted(48,3222,None)
Sending msg to client play-fork-run-1da10e1a-a7b9-4a6c-bc96-7ef26e0ef5bf: TaskFinished(48,3184,Some(AttributeKey[scala.collection.Seq[sbt.ModuleID]]("allDependencies") in Scope(Build: file:/C:/Users/fred/DreamSpace/, , Project: ProjectReference(file:/C:/Users/fred/DreamSpace/,root))),true,None)
Sending msg to client play-fork-run-1da10e1a-a7b9-4a6c-bc96-7ef26e0ef5bf: TaskStarted(48,3183,Some(AttributeKey[sbt.ModuleSettings]("moduleSettings") in Scope(Build: file:/C:/Users/fred/DreamSpace/, , Project: ProjectReference(file:/C:/Users/fred/DreamSpace/,root))))
Sending msg to client play-fork-run-1da10e1a-a7b9-4a6c-bc96-7ef26e0ef5bf: TaskFinished(48,3209,None,true,None)
Sending msg to client play-fork-run-1da10e1a-a7b9-4a6c-bc96-7ef26e0ef5bf: TaskFinished(48,3189,None,true,None)
Sending msg to client play-fork-run-1da10e1a-a7b9-4a6c-bc96-7ef26e0ef5bf: TaskFinished(48,3213,None,true,None)
Sending msg to client play-fork-run-1da10e1a-a7b9-4a6c-bc96-7ef26e0ef5bf: TaskFinished(48,3214,None,true,None)
Sending msg to client play-fork-run-1da10e1a-a7b9-4a6c-bc96-7ef26e0ef5bf: TaskStarted(48,3212,Some(AttributeKey[scala.collection.Seq[sbt.Attributed[java.io.File]]]("unmanagedJars") in Scope(Build: file:/C:/Users/fred/DreamSpace/, , Project: ProjectReference(file:/C:/Users/fred/DreamSpace/,root), Config: runtime)))
Sending msg to client play-fork-run-1da10e1a-a7b9-4a6c-bc96-7ef26e0ef5bf: TaskFinished(48,3217,None,true,None)
Sending msg to client play-fork-run-1da10e1a-a7b9-4a6c-bc96-7ef26e0ef5bf: TaskFinished(48,3218,None,true,None)
Sending msg to client play-fork-run-1da10e1a-a7b9-4a6c-bc96-7ef26e0ef5bf: TaskStarted(48,3216,Some(AttributeKey[scala.collection.Seq[sbt.Attributed[java.io.File]]]("unmanagedJars") in Scope(Build: file:/C:/Users/fred/DreamSpace/, , Project: ProjectReference(file:/C:/Users/fred/DreamSpace/,root), Config: compile)))
Sending msg to client play-fork-run-1da10e1a-a7b9-4a6c-bc96-7ef26e0ef5bf: TaskFinished(48,3220,None,true,None)
Sending msg to client play-fork-run-1da10e1a-a7b9-4a6c-bc96-7ef26e0ef5bf: TaskStarted(48,3219,None)
Sending msg to client play-fork-run-1da10e1a-a7b9-4a6c-bc96-7ef26e0ef5bf: TaskFinished(48,3222,None,true,None)
Sending msg to client play-fork-run-1da10e1a-a7b9-4a6c-bc96-7ef26e0ef5bf: TaskStarted(48,3221,None)
Sending msg to client play-fork-run-1da10e1a-a7b9-4a6c-bc96-7ef26e0ef5bf: TaskFinished(48,3183,Some(AttributeKey[sbt.ModuleSettings]("moduleSettings") in Scope(Build: file:/C:/Users/fred/DreamSpace/, , Project: ProjectReference(file:/C:/Users/fred/DreamSpace/,root))),true,None)
Sending msg to client play-fork-run-1da10e1a-a7b9-4a6c-bc96-7ef26e0ef5bf: TaskFinished(48,3212,Some(AttributeKey[scala.collection.Seq[sbt.Attributed[java.io.File]]]("unmanagedJars") in Scope(Build: file:/C:/Users/fred/DreamSpace/, , Project: ProjectReference(file:/C:/Users/fred/DreamSpace/,root), Config: runtime)),true,None)
Sending msg to client play-fork-run-1da10e1a-a7b9-4a6c-bc96-7ef26e0ef5bf: TaskStarted(48,3223,None)
Sending msg to client play-fork-run-1da10e1a-a7b9-4a6c-bc96-7ef26e0ef5bf: TaskFinished(48,3221,None,true,None)
Sending msg to client play-fork-run-1da10e1a-a7b9-4a6c-bc96-7ef26e0ef5bf: TaskFinished(48,3179,Some(AttributeKey[scala.collection.immutable.Map[org.apache.ivy.core.module.id.ModuleRevisionId,org.apache.ivy.core.module.descriptor.ModuleDescriptor]]("projectDescriptors") in Scope(Build: file:/C:/Users/fred/DreamSpace/, , Project: ProjectReference(file:/C:/Users/fred/DreamSpace/,root))),true,None)
Sending msg to client play-fork-run-1da10e1a-a7b9-4a6c-bc96-7ef26e0ef5bf: TaskStarted(48,3178,Some(AttributeKey[sbt.Resolver]("projectResolver") in Scope(Build: file:/C:/Users/fred/DreamSpace/, , Project: ProjectReference(file:/C:/Users/fred/DreamSpace/,root))))
Sending msg to client play-fork-run-1da10e1a-a7b9-4a6c-bc96-7ef26e0ef5bf: TaskFinished(48,3223,None,true,None)
Sending msg to client play-fork-run-1da10e1a-a7b9-4a6c-bc96-7ef26e0ef5bf: TaskFinished(48,3219,None,true,None)
Sending msg to client play-fork-run-1da10e1a-a7b9-4a6c-bc96-7ef26e0ef5bf: TaskFinished(48,3178,Some(AttributeKey[sbt.Resolver]("projectResolver") in Scope(Build: file:/C:/Users/fred/DreamSpace/, , Project: ProjectReference(file:/C:/Users/fred/DreamSpace/,root))),true,None)
Sending msg to client play-fork-run-1da10e1a-a7b9-4a6c-bc96-7ef26e0ef5bf: TaskStarted(48,3175,Some(AttributeKey[scala.collection.Seq[sbt.Resolver]]("fullResolvers") in Scope(Build: file:/C:/Users/fred/DreamSpace/, , Project: ProjectReference(file:/C:/Users/fred/DreamSpace/,root))))
Sending msg to client play-fork-run-1da10e1a-a7b9-4a6c-bc96-7ef26e0ef5bf: TaskFinished(48,3216,Some(AttributeKey[scala.collection.Seq[sbt.Attributed[java.io.File]]]("unmanagedJars") in Scope(Build: file:/C:/Users/fred/DreamSpace/, , Project: ProjectReference(file:/C:/Users/fred/DreamSpace/,root), Config: compile)),true,None)
Sending msg to client play-fork-run-1da10e1a-a7b9-4a6c-bc96-7ef26e0ef5bf: TaskStarted(48,3215,Some(AttributeKey[scala.collection.Seq[sbt.Attributed[java.io.File]]]("unmanagedJars") in Scope(Build: file:/C:/Users/fred/DreamSpace/, , Project: ProjectReference(file:/C:/Users/fred/DreamSpace/,root), Config: compile)))
Sending msg to client play-fork-run-1da10e1a-a7b9-4a6c-bc96-7ef26e0ef5bf: TaskFinished(48,3175,Some(AttributeKey[scala.collection.Seq[sbt.Resolver]]("fullResolvers") in Scope(Build: file:/C:/Users/fred/DreamSpace/, , Project: ProjectReference(file:/C:/Users/fred/DreamSpace/,root))),true,None)
Sending msg to client play-fork-run-1da10e1a-a7b9-4a6c-bc96-7ef26e0ef5bf: TaskStarted(48,3173,Some(AttributeKey[sbt.IvyConfiguration]("ivyConfiguration") in Scope(Build: file:/C:/Users/fred/DreamSpace/, , Project: ProjectReference(file:/C:/Users/fred/DreamSpace/,root))))
Sending msg to client play-fork-run-1da10e1a-a7b9-4a6c-bc96-7ef26e0ef5bf: TaskFinished(48,3215,Some(AttributeKey[scala.collection.Seq[sbt.Attributed[java.io.File]]]("unmanagedJars") in Scope(Build: file:/C:/Users/fred/DreamSpace/, , Project: ProjectReference(file:/C:/Users/fred/DreamSpace/,root), Config: compile)),true,None)
Sending msg to client play-fork-run-1da10e1a-a7b9-4a6c-bc96-7ef26e0ef5bf: TaskStarted(48,3211,None)
Sending msg to client play-fork-run-1da10e1a-a7b9-4a6c-bc96-7ef26e0ef5bf: TaskFinished(48,3173,Some(AttributeKey[sbt.IvyConfiguration]("ivyConfiguration") in Scope(Build: file:/C:/Users/fred/DreamSpace/, , Project: ProjectReference(file:/C:/Users/fred/DreamSpace/,root))),true,None)
Sending msg to client play-fork-run-1da10e1a-a7b9-4a6c-bc96-7ef26e0ef5bf: TaskStarted(48,3170,Some(AttributeKey[sbt.IvySbt]("ivySbt") in Scope(Build: file:/C:/Users/fred/DreamSpace/, , Project: ProjectReference(file:/C:/Users/fred/DreamSpace/,root))))
Sending msg to client play-fork-run-1da10e1a-a7b9-4a6c-bc96-7ef26e0ef5bf: TaskFinished(48,3211,None,true,None)
Sending msg to client play-fork-run-1da10e1a-a7b9-4a6c-bc96-7ef26e0ef5bf: TaskStarted(48,3210,None)
Sending msg to client play-fork-run-1da10e1a-a7b9-4a6c-bc96-7ef26e0ef5bf: TaskFinished(48,3170,Some(AttributeKey[sbt.IvySbt]("ivySbt") in Scope(Build: file:/C:/Users/fred/DreamSpace/, , Project: ProjectReference(file:/C:/Users/fred/DreamSpace/,root))),true,None)
Sending msg to client play-fork-run-1da10e1a-a7b9-4a6c-bc96-7ef26e0ef5bf: TaskStarted(48,3169,Some(AttributeKey[sbt.IvySbt$Module]("ivyModule") in Scope(Build: file:/C:/Users/fred/DreamSpace/, , Project: ProjectReference(file:/C:/Users/fred/DreamSpace/,root))))
Sending msg to client play-fork-run-1da10e1a-a7b9-4a6c-bc96-7ef26e0ef5bf: TaskFinished(48,3210,None,true,None)
Sending msg to client play-fork-run-1da10e1a-a7b9-4a6c-bc96-7ef26e0ef5bf: TaskFinished(48,3199,None,true,None)
Sending msg to client play-fork-run-1da10e1a-a7b9-4a6c-bc96-7ef26e0ef5bf: TaskStarted(48,3197,Some(AttributeKey[scala.collection.Seq[sbt.Attributed[java.io.File]]]("unmanagedClasspath") in Scope(Build: file:/C:/Users/fred/DreamSpace/, , Project: ProjectReference(file:/C:/Users/fred/DreamSpace/,root), Config: runtime)))
Sending msg to client play-fork-run-1da10e1a-a7b9-4a6c-bc96-7ef26e0ef5bf: TaskFinished(48,3169,Some(AttributeKey[sbt.IvySbt$Module]("ivyModule") in Scope(Build: file:/C:/Users/fred/DreamSpace/, , Project: ProjectReference(file:/C:/Users/fred/DreamSpace/,root))),true,None)
Sending msg to client play-fork-run-1da10e1a-a7b9-4a6c-bc96-7ef26e0ef5bf: TaskFinished(48,3197,Some(AttributeKey[scala.collection.Seq[sbt.Attributed[java.io.File]]]("unmanagedClasspath") in Scope(Build: file:/C:/Users/fred/DreamSpace/, , Project: ProjectReference(file:/C:/Users/fred/DreamSpace/,root), Config: runtime)),true,None)
Sending msg to client play-fork-run-1da10e1a-a7b9-4a6c-bc96-7ef26e0ef5bf: TaskFinished(48,3187,Some(AttributeKey[scala.collection.immutable.Map[sbt.ModuleID,sbt.SourcePosition]]("dependencyPositions") in Scope(Build: file:/C:/Users/fred/DreamSpace/, , Project: ProjectReference(file:/C:/Users/fred/DreamSpace/,root))),true,None)
Sending msg to client play-fork-run-1da10e1a-a7b9-4a6c-bc96-7ef26e0ef5bf: TaskStarted(48,3186,Some(AttributeKey[sbt.UnresolvedWarningConfiguration]("unresolvedWarningConfiguration") in Scope(Build: file:/C:/Users/fred/DreamSpace/, , Project: ProjectReference(file:/C:/Users/fred/DreamSpace/,root), Task: AttributeKey[sbt.UpdateReport]("update"))))
Sending msg to client play-fork-run-1da10e1a-a7b9-4a6c-bc96-7ef26e0ef5bf: TaskFinished(48,3186,Some(AttributeKey[sbt.UnresolvedWarningConfiguration]("unresolvedWarningConfiguration") in Scope(Build: file:/C:/Users/fred/DreamSpace/, , Project: ProjectReference(file:/C:/Users/fred/DreamSpace/,root), Task: AttributeKey[sbt.UpdateReport]("update"))),true,None)
Sending msg to client play-fork-run-1da10e1a-a7b9-4a6c-bc96-7ef26e0ef5bf: TaskStarted(48,3165,Some(AttributeKey[sbt.UpdateReport]("update") in Scope(Build: file:/C:/Users/fred/DreamSpace/, , Project: ProjectReference(file:/C:/Users/fred/DreamSpace/,root))))
Sending msg to client play-fork-run-1da10e1a-a7b9-4a6c-bc96-7ef26e0ef5bf: TaskFinished(48,3165,Some(AttributeKey[sbt.UpdateReport]("update") in Scope(Build: file:/C:/Users/fred/DreamSpace/, , Project: ProjectReference(file:/C:/Users/fred/DreamSpace/,root))),true,None)
Sending msg to client play-fork-run-1da10e1a-a7b9-4a6c-bc96-7ef26e0ef5bf: TaskStarted(48,3162,Some(AttributeKey[sbt.UpdateReport]("update") in Scope(Build: file:/C:/Users/fred/DreamSpace/, , Project: ProjectReference(file:/C:/Users/fred/DreamSpace/,root))))
Sending msg to client play-fork-run-1da10e1a-a7b9-4a6c-bc96-7ef26e0ef5bf: TaskFinished(48,3162,Some(AttributeKey[sbt.UpdateReport]("update") in Scope(Build: file:/C:/Users/fred/DreamSpace/, , Project: ProjectReference(file:/C:/Users/fred/DreamSpace/,root))),true,None)
Sending msg to client play-fork-run-1da10e1a-a7b9-4a6c-bc96-7ef26e0ef5bf: TaskStarted(48,3161,Some(AttributeKey[scala.collection.Seq[sbt.Attributed[java.io.File]]]("managedClasspath") in Scope(Build: file:/C:/Users/fred/DreamSpace/, , Project: ProjectReference(file:/C:/Users/fred/DreamSpace/,root), Config: docs)))
Sending msg to client play-fork-run-1da10e1a-a7b9-4a6c-bc96-7ef26e0ef5bf: TaskStarted(48,3205,Some(AttributeKey[sbt.Configuration]("classpathConfiguration") in Scope(Build: file:/C:/Users/fred/DreamSpace/, , Project: ProjectReference(file:/C:/Users/fred/DreamSpace/,root), Config: compile)))
Sending msg to client play-fork-run-1da10e1a-a7b9-4a6c-bc96-7ef26e0ef5bf: TaskFinished(48,3205,Some(AttributeKey[sbt.Configuration]("classpathConfiguration") in Scope(Build: file:/C:/Users/fred/DreamSpace/, , Project: ProjectReference(file:/C:/Users/fred/DreamSpace/,root), Config: compile)),true,None)
Sending msg to client play-fork-run-1da10e1a-a7b9-4a6c-bc96-7ef26e0ef5bf: TaskStarted(48,3204,None)
Sending msg to client play-fork-run-1da10e1a-a7b9-4a6c-bc96-7ef26e0ef5bf: TaskFinished(48,3161,Some(AttributeKey[scala.collection.Seq[sbt.Attributed[java.io.File]]]("managedClasspath") in Scope(Build: file:/C:/Users/fred/DreamSpace/, , Project: ProjectReference(file:/C:/Users/fred/DreamSpace/,root), Config: docs)),true,None)
Sending msg to client play-fork-run-1da10e1a-a7b9-4a6c-bc96-7ef26e0ef5bf: TaskFinished(48,3204,None,true,None)
Sending msg to client play-fork-run-1da10e1a-a7b9-4a6c-bc96-7ef26e0ef5bf: TaskStarted(48,3203,Some(AttributeKey[sbt.Configuration]("classpathConfiguration") in Scope(Build: file:/C:/Users/fred/DreamSpace/, , Project: ProjectReference(file:/C:/Users/fred/DreamSpace/,root), Config: runtime)))
Sending msg to client play-fork-run-1da10e1a-a7b9-4a6c-bc96-7ef26e0ef5bf: TaskFinished(48,3203,Some(AttributeKey[sbt.Configuration]("classpathConfiguration") in Scope(Build: file:/C:/Users/fred/DreamSpace/, , Project: ProjectReference(file:/C:/Users/fred/DreamSpace/,root), Config: runtime)),true,None)
Sending msg to client play-fork-run-1da10e1a-a7b9-4a6c-bc96-7ef26e0ef5bf: TaskStarted(48,3202,None)
Sending msg to client play-fork-run-1da10e1a-a7b9-4a6c-bc96-7ef26e0ef5bf: TaskFinished(48,3202,None,true,None)
Sending msg to client play-fork-run-1da10e1a-a7b9-4a6c-bc96-7ef26e0ef5bf: TaskStarted(48,3200,Some(AttributeKey[scala.collection.Seq[sbt.Attributed[java.io.File]]]("managedClasspath") in Scope(Build: file:/C:/Users/fred/DreamSpace/, , Project: ProjectReference(file:/C:/Users/fred/DreamSpace/,root), Config: runtime)))
Sending msg to client play-fork-run-1da10e1a-a7b9-4a6c-bc96-7ef26e0ef5bf: TaskFinished(48,3200,Some(AttributeKey[scala.collection.Seq[sbt.Attributed[java.io.File]]]("managedClasspath") in Scope(Build: file:/C:/Users/fred/DreamSpace/, , Project: ProjectReference(file:/C:/Users/fred/DreamSpace/,root), Config: runtime)),true,None)
Sending msg to client play-fork-run-1da10e1a-a7b9-4a6c-bc96-7ef26e0ef5bf: TaskStarted(48,3196,None)
Sending msg to client play-fork-run-1da10e1a-a7b9-4a6c-bc96-7ef26e0ef5bf: TaskFinished(48,3196,None,true,None)
Sending msg to client play-fork-run-1da10e1a-a7b9-4a6c-bc96-7ef26e0ef5bf: TaskStarted(48,3195,Some(AttributeKey[scala.collection.Seq[sbt.Attributed[java.io.File]]]("playDependencyClasspath") in Scope(Build: file:/C:/Users/fred/DreamSpace/, , Project: ProjectReference(file:/C:/Users/fred/DreamSpace/,root))))
Sending msg to client play-fork-run-1da10e1a-a7b9-4a6c-bc96-7ef26e0ef5bf: TaskFinished(48,3195,Some(AttributeKey[scala.collection.Seq[sbt.Attributed[java.io.File]]]("playDependencyClasspath") in Scope(Build: file:/C:/Users/fred/DreamSpace/, , Project: ProjectReference(file:/C:/Users/fred/DreamSpace/,root))),true,None)
Sending msg to client play-fork-run-1da10e1a-a7b9-4a6c-bc96-7ef26e0ef5bf: TaskStarted(48,3154,Some(AttributeKey[play.forkrun.protocol.ForkConfig]("playForkConfig") in Scope(Build: file:/C:/Users/fred/DreamSpace/, , Project: ProjectReference(file:/C:/Users/fred/DreamSpace/,root))))
Sending msg to client play-fork-run-1da10e1a-a7b9-4a6c-bc96-7ef26e0ef5bf: TaskFinished(48,3154,Some(AttributeKey[play.forkrun.protocol.ForkConfig]("playForkConfig") in Scope(Build: file:/C:/Users/fred/DreamSpace/, , Project: ProjectReference(file:/C:/Users/fred/DreamSpace/,root))),true,None)
Sending msg to client play-fork-run-1da10e1a-a7b9-4a6c-bc96-7ef26e0ef5bf: ValueChanged(AttributeKey[play.forkrun.protocol.ForkConfig]("playForkConfig") in Scope(Build: file:/C:/Users/fred/DreamSpace/, , Project: ProjectReference(file:/C:/Users/fred/DreamSpace/,root)),TaskSuccess(BuildValue(LazyValue(ForkConfig(C:\Users\fred\DreamSpace,List(),List(C:\Users\fred\.ivy2\cache\org.scala-lang\scala-library\jars\scala-library-2.11.1.jar, C:\Users\fred\.ivy2\cache\com.typesafe.play\twirl-api_2.11\jars\twirl-api_2.11-1.0.2.jar, C:\Users\fred\.ivy2\cache\org.apache.commons\commons-lang3\jars\commons-lang3-3.1.jar, C:\Users\fred\.ivy2\cache\org.scala-lang.modules\scala-xml_2.11\bundles\scala-xml_2.11-1.0.1.jar, C:\Users\fred\.ivy2\cache\com.typesafe.play\play_2.11\jars\play_2.11-2.3.8.jar, C:\Users\fred\.ivy2\cache\com.typesafe.play\build-link\jars\build-link-2.3.8.jar, C:\Users\fred\.ivy2\cache\com.typesafe.play\play-exceptions\jars\play-exceptions-2.3.8.jar, C:\Users\fred\.ivy2\cache\com.typesafe.play\play-iteratees_2.11\jars\play-iteratees_2.11-2.3.8.jar, C:\Users\fred\.ivy2\cache\org.scala-stm\scala-stm_2.11\jars\scala-stm_2.11-0.7.jar, C:\Users\fred\.ivy2\cache\com.typesafe\config\bundles\config-1.2.1.jar, C:\Users\fred\.ivy2\cache\com.typesafe.play\play-json_2.11\jars\play-json_2.11-2.3.8.jar, C:\Users\fred\.ivy2\cache\com.typesafe.play\play-functional_2.11\jars\play-functional_2.11-2.3.8.jar, C:\Users\fred\.ivy2\cache\com.typesafe.play\play-datacommons_2.11\jars\play-datacommons_2.11-2.3.8.jar, C:\Users\fred\.ivy2\cache\joda-time\joda-time\jars\joda-time-2.3.jar, C:\Users\fred\.ivy2\cache\org.joda\joda-convert\jars\joda-convert-1.6.jar, C:\Users\fred\.ivy2\cache\com.fasterxml.jackson.core\jackson-annotations\bundles\jackson-annotations-2.3.2.jar, C:\Users\fred\.ivy2\cache\com.fasterxml.jackson.core\jackson-core\bundles\jackson-core-2.3.2.jar, C:\Users\fred\.ivy2\cache\com.fasterxml.jackson.core\jackson-databind\bundles\jackson-databind-2.3.2.jar, C:\Users\fred\.ivy2\cache\org.scala-lang\scala-reflect\jars\scala-reflect-2.11.1.jar, C:\Users\fred\.ivy2\cache\org.scala-lang.modules\scala-parser-combinators_2.11\bundles\scala-parser-combinators_2.11-1.0.1.jar, C:\Users\fred\.ivy2\cache\io.netty\netty\bundles\netty-3.9.3.Final.jar, C:\Users\fred\.ivy2\cache\com.typesafe.netty\netty-http-pipelining\jars\netty-http-pipelining-1.1.2.jar, C:\Users\fred\.ivy2\cache\org.slf4j\slf4j-api\jars\slf4j-api-1.7.6.jar, C:\Users\fred\.ivy2\cache\org.slf4j\jul-to-slf4j\jars\jul-to-slf4j-1.7.6.jar, C:\Users\fred\.ivy2\cache\org.slf4j\jcl-over-slf4j\jars\jcl-over-slf4j-1.7.6.jar, C:\Users\fred\.ivy2\cache\ch.qos.logback\logback-core\jars\logback-core-1.1.1.jar, C:\Users\fred\.ivy2\cache\ch.qos.logback\logback-classic\jars\logback-classic-1.1.1.jar, C:\Users\fred\.ivy2\cache\com.typesafe.akka\akka-actor_2.11\jars\akka-actor_2.11-2.3.4.jar, C:\Users\fred\.ivy2\cache\com.typesafe.akka\akka-slf4j_2.11\jars\akka-slf4j_2.11-2.3.4.jar, C:\Users\fred\.ivy2\cache\commons-codec\commons-codec\jars\commons-codec-1.9.jar, C:\Users\fred\.ivy2\cache\xerces\xercesImpl\jars\xercesImpl-2.11.0.jar, C:\Users\fred\.ivy2\cache\xml-apis\xml-apis\jars\xml-apis-1.4.01.jar, C:\Users\fred\.ivy2\cache\javax.transaction\jta\jars\jta-1.1.jar, C:\Users\fred\.ivy2\cache\com.typesafe.play\play-java_2.11\jars\play-java_2.11-2.3.8.jar, C:\Users\fred\.ivy2\cache\org.yaml\snakeyaml\bundles\snakeyaml-1.13.jar, C:\Users\fred\.ivy2\cache\org.hibernate\hibernate-validator\jars\hibernate-validator-5.0.3.Final.jar, C:\Users\fred\.ivy2\cache\javax.validation\validation-api\jars\validation-api-1.1.0.Final.jar, C:\Users\fred\.ivy2\cache\com.fasterxml\classmate\bundles\classmate-1.0.0.jar, C:\Users\fred\.ivy2\cache\org.jboss.logging\jboss-logging\jars\jboss-logging-3.2.0.Final.jar, C:\Users\fred\.ivy2\cache\org.springframework\spring-context\jars\spring-context-4.0.3.RELEASE.jar, C:\Users\fred\.ivy2\cache\org.springframework\spring-core\jars\spring-core-4.0.3.RELEASE.jar, C:\Users\fred\.ivy2\cache\org.springframework\spring-beans\jars\spring-beans-4.0.3.RELEASE.jar, C:\Users\fred\.ivy2\cache\org.javassist\javassist\bundles\javassist-3.19.0-GA.jar, C:\Users\fred\.ivy2\cache\org.reflections\reflections\jars\reflections-0.9.8.jar, C:\Users\fred\.ivy2\cache\com.google.guava\guava\bundles\guava-16.0.1.jar, C:\Users\fred\.ivy2\cache\dom4j\dom4j\jars\dom4j-1.6.1.jar, C:\Users\fred\.ivy2\cache\com.google.code.findbugs\jsr305\jars\jsr305-2.0.3.jar, C:\Users\fred\.ivy2\cache\org.apache.tomcat\tomcat-servlet-api\jars\tomcat-servlet-api-8.0.5.jar, C:\Users\fred\.ivy2\cache\mysql\mysql-connector-java\jars\mysql-connector-java-5.1.27.jar, C:\Users\fred\.ivy2\cache\com.typesafe.play\play-java-jdbc_2.11\jars\play-java-jdbc_2.11-2.3.8.jar, C:\Users\fred\.ivy2\cache\com.typesafe.play\play-jdbc_2.11\jars\play-jdbc_2.11-2.3.8.jar, C:\Users\fred\.ivy2\cache\com.jolbox\bonecp\bundles\bonecp-0.8.0.RELEASE.jar, C:\Users\fred\.ivy2\cache\com.h2database\h2\jars\h2-1.3.175.jar, C:\Users\fred\.ivy2\cache\tyrex\tyrex\jars\tyrex-1.0.1.jar, C:\Users\fred\.ivy2\cache\com.typesafe.play\play-java-ebean_2.11\jars\play-java-ebean_2.11-2.3.8.jar, C:\Users\fred\.ivy2\cache\org.avaje.ebeanorm\avaje-ebeanorm\jars\avaje-ebeanorm-3.3.4.jar, C:\Users\fred\.ivy2\cache\org.avaje.ebeanorm\avaje-ebeanorm-agent\jars\avaje-ebeanorm-agent-3.2.2.jar, C:\Users\fred\.ivy2\cache\org.hibernate.javax.persistence\hibernate-jpa-2.0-api\jars\hibernate-jpa-2.0-api-1.0.1.Final.jar, C:\Users\fred\.ivy2\cache\com.typesafe.play\play-cache_2.11\jars\play-cache_2.11-2.3.8.jar, C:\Users\fred\.ivy2\cache\net.sf.ehcache\ehcache-core\jars\ehcache-core-2.6.8.jar, C:\Users\fred\.ivy2\cache\com.typesafe.play\play-java-ws_2.11\jars\play-java-ws_2.11-2.3.8.jar, C:\Users\fred\.ivy2\cache\com.typesafe.play\play-ws_2.11\jars\play-ws_2.11-2.3.8.jar, C:\Users\fred\.ivy2\cache\com.ning\async-http-client\jars\async-http-client-1.8.15.jar, C:\Users\fred\.ivy2\cache\oauth.signpost\signpost-core\jars\signpost-core-1.2.1.2.jar, C:\Users\fred\.ivy2\cache\oauth.signpost\signpost-commonshttp4\jars\signpost-commonshttp4-1.2.1.2.jar, C:\Users\fred\.ivy2\cache\org.apache.httpcomponents\httpcore\jars\httpcore-4.0.1.jar, C:\Users\fred\.ivy2\cache\org.apache.httpcomponents\httpclient\jars\httpclient-4.0.1.jar, C:\Users\fred\.ivy2\cache\commons-logging\commons-logging\jars\commons-logging-1.1.1.jar),List((public/,C:\Users\fred\DreamSpace\target\web\public\main)),List(C:\Users\fred\.ivy2\cache\com.typesafe.play\play-docs_2.11\jars\play-docs_2.11-2.3.8.jar, C:\Users\fred\.ivy2\cache\org.scala-lang\scala-library\jars\scala-library-2.11.1.jar, C:\Users\fred\.ivy2\cache\com.typesafe.play\play_2.11\jars\play_2.11-2.3.8.jar, C:\Users\fred\.ivy2\cache\com.typesafe.play\build-link\jars\build-link-2.3.8.jar, C:\Users\fred\.ivy2\cache\com.typesafe.play\play-exceptions\jars\play-exceptions-2.3.8.jar, C:\Users\fred\.ivy2\cache\org.javassist\javassist\bundles\javassist-3.18.2-GA.jar, C:\Users\fred\.ivy2\cache\com.typesafe.play\play-iteratees_2.11\jars\play-iteratees_2.11-2.3.8.jar, C:\Users\fred\.ivy2\cache\org.scala-stm\scala-stm_2.11\jars\scala-stm_2.11-0.7.jar, C:\Users\fred\.ivy2\cache\com.typesafe\config\bundles\config-1.2.1.jar, C:\Users\fred\.ivy2\cache\com.typesafe.play\play-json_2.11\jars\play-json_2.11-2.3.8.jar, C:\Users\fred\.ivy2\cache\com.typesafe.play\play-functional_2.11\jars\play-functional_2.11-2.3.8.jar, C:\Users\fred\.ivy2\cache\com.typesafe.play\play-datacommons_2.11\jars\play-datacommons_2.11-2.3.8.jar, C:\Users\fred\.ivy2\cache\joda-time\joda-time\jars\joda-time-2.3.jar, C:\Users\fred\.ivy2\cache\org.joda\joda-convert\jars\joda-convert-1.6.jar, C:\Users\fred\.ivy2\cache\com.fasterxml.jackson.core\jackson-annotations\bundles\jackson-annotations-2.3.2.jar, C:\Users\fred\.ivy2\cache\com.fasterxml.jackson.core\jackson-core\bundles\jackson-core-2.3.2.jar, C:\Users\fred\.ivy2\cache\com.fasterxml.jackson.core\jackson-databind\bundles\jackson-databind-2.3.2.jar, C:\Users\fred\.ivy2\cache\org.scala-lang\scala-reflect\jars\scala-reflect-2.11.1.jar, C:\Users\fred\.ivy2\cache\com.typesafe.play\twirl-api_2.11\jars\twirl-api_2.11-1.0.2.jar, C:\Users\fred\.ivy2\cache\org.apache.commons\commons-lang3\jars\commons-lang3-3.1.jar, C:\Users\fred\.ivy2\cache\org.scala-lang.modules\scala-xml_2.11\bundles\scala-xml_2.11-1.0.1.jar, C:\Users\fred\.ivy2\cache\org.scala-lang.modules\scala-parser-combinators_2.11\bundles\scala-parser-combinators_2.11-1.0.1.jar, C:\Users\fred\.ivy2\cache\io.netty\netty\bundles\netty-3.9.3.Final.jar, C:\Users\fred\.ivy2\cache\com.typesafe.netty\netty-http-pipelining\jars\netty-http-pipelining-1.1.2.jar, C:\Users\fred\.ivy2\cache\org.slf4j\slf4j-api\jars\slf4j-api-1.7.6.jar, C:\Users\fred\.ivy2\cache\org.slf4j\jul-to-slf4j\jars\jul-to-slf4j-1.7.6.jar, C:\Users\fred\.ivy2\cache\org.slf4j\jcl-over-slf4j\jars\jcl-over-slf4j-1.7.6.jar, C:\Users\fred\.ivy2\cache\ch.qos.logback\logback-core\jars\logback-core-1.1.1.jar, C:\Users\fred\.ivy2\cache\ch.qos.logback\logback-classic\jars\logback-classic-1.1.1.jar, C:\Users\fred\.ivy2\cache\com.typesafe.akka\akka-actor_2.11\jars\akka-actor_2.11-2.3.4.jar, C:\Users\fred\.ivy2\cache\com.typesafe.akka\akka-slf4j_2.11\jars\akka-slf4j_2.11-2.3.4.jar, C:\Users\fred\.ivy2\cache\commons-codec\commons-codec\jars\commons-codec-1.9.jar, C:\Users\fred\.ivy2\cache\xerces\xercesImpl\jars\xercesImpl-2.11.0.jar, C:\Users\fred\.ivy2\cache\xml-apis\xml-apis\jars\xml-apis-1.4.01.jar, C:\Users\fred\.ivy2\cache\javax.transaction\jta\jars\jta-1.1.jar, C:\Users\fred\.ivy2\cache\com.typesafe.play\play-doc_2.11\jars\play-doc_2.11-1.1.0.jar, C:\Users\fred\.ivy2\cache\org.pegdown\pegdown\jars\pegdown-1.4.0.jar, C:\Users\fred\.ivy2\cache\org.parboiled\parboiled-java\bundles\parboiled-java-1.1.5.jar, C:\Users\fred\.ivy2\cache\org.parboiled\parboiled-core\bundles\parboiled-core-1.1.5.jar, C:\Users\fred\.ivy2\cache\org.ow2.asm\asm\jars\asm-4.1.jar, C:\Users\fred\.ivy2\cache\org.ow2.asm\asm-tree\jars\asm-tree-4.1.jar, C:\Users\fred\.ivy2\cache\org.ow2.asm\asm-analysis\jars\asm-analysis-4.1.jar, C:\Users\fred\.ivy2\cache\org.ow2.asm\asm-util\jars\asm-util-4.1.jar, C:\Users\fred\.ivy2\cache\commons-io\commons-io\jars\commons-io-2.4.jar),List(),9000,DefaultWatchService,List(C:\Users\fred\DreamSpace\app-2.11, C:\Users\fred\DreamSpace\app, C:\Users\fred\DreamSpace\conf, C:\Users\fred\DreamSpace\app\assets, C:\Users\fred\DreamSpace\public),C:\Users\fred\DreamSpace\target,500,root/playForkNotifyStart,root/playForkReload,300000),scala.pickling.PicklerUnpickler$DelegatingPicklerUnpickler@328a771a),ForkConfig(C:\Users\fred\DreamSpace,List(),List(C:\Users\fred\.ivy2\cache\org.scala-lang\scala-library\jars\scala-library-2.11.1.jar, C:\Users\fred\.ivy2\cache\com.typesafe.play\twirl-api_2.11\jars\twirl-api_2.11-1.0.2.jar, C:\Users\fred\.ivy2\cache\org.apache.commons\commons-lang3\jars\commons-lang3-3.1.jar, C:\Users\fred\.ivy2\cache\org.scala-lang.modules\scala-xml_2.11\bundles\scala-xml_2.11-1.0.1.jar, C:\Users\fred\.ivy2\cache\com.typesafe.play\play_2.11\jars\play_2.11-2.3.8.jar, C:\Users\fred\.ivy2\cache\com.typesafe.play\build-link\jars\build-link-2.3.8.jar, C:\Users\fred\.ivy2\cache\com.typesafe.play\play-exceptions\jars\play-exceptions-2.3.8.jar, C:\Users\fred\.ivy2\cache\com.typesafe.play\play-iteratees_2.11\jars\play-iteratees_2.11-2.3.8.jar, C:\Users\fred\.ivy2\cache\org.scala-stm\scala-stm_2.11\jars\scala-stm_2.11-0.7.jar, C:\Users\fred\.ivy2\cache\com.typesafe\config\bundles\config-1.2.1.jar, C:\Users\fred\.ivy2\cache\com.typesafe.play\play-json_2.11\jars\play-json_2.11-2.3.8.jar, C:\Users\fred\.ivy2\cache\com.typesafe.play\play-functional_2.11\jars\play-functional_2.11-2.3.8.jar, C:\Users\fred\.ivy2\cache\com.typesafe.play\play-datacommons_2.11\jars\play-datacommons_2.11-2.3.8.jar, C:\Users\fred\.ivy2\cache\joda-time\joda-time\jars\joda-time-2.3.jar, C:\Users\fred\.ivy2\cache\org.joda\joda-convert\jars\joda-convert-1.6.jar, C:\Users\fred\.ivy2\cache\com.fasterxml.jackson.core\jackson-annotations\bundles\jackson-annotations-2.3.2.jar, C:\Users\fred\.ivy2\cache\com.fasterxml.jackson.core\jackson-core\bundles\jackson-core-2.3.2.jar, C:\Users\fred\.ivy2\cache\com.fasterxml.jackson.core\jackson-databind\bundles\jackson-databind-2.3.2.jar, C:\Users\fred\.ivy2\cache\org.scala-lang\scala-reflect\jars\scala-reflect-2.11.1.jar, C:\Users\fred\.ivy2\cache\org.scala-lang.modules\scala-parser-combinators_2.11\bundles\scala-parser-combinators_2.11-1.0.1.jar, C:\Users\fred\.ivy2\cache\io.netty\netty\bundles\netty-3.9.3.Final.jar, C:\Users\fred\.ivy2\cache\com.typesafe.netty\netty-http-pipelining\jars\netty-http-pipelining-1.1.2.jar, C:\Users\fred\.ivy2\cache\org.slf4j\slf4j-api\jars\slf4j-api-1.7.6.jar, C:\Users\fred\.ivy2\cache\org.slf4j\jul-to-slf4j\jars\jul-to-slf4j-1.7.6.jar, C:\Users\fred\.ivy2\cache\org.slf4j\jcl-over-slf4j\jars\jcl-over-slf4j-1.7.6.jar, C:\Users\fred\.ivy2\cache\ch.qos.logback\logback-core\jars\logback-core-1.1.1.jar, C:\Users\fred\.ivy2\cache\ch.qos.logback\logback-classic\jars\logback-classic-1.1.1.jar, C:\Users\fred\.ivy2\cache\com.typesafe.akka\akka-actor_2.11\jars\akka-actor_2.11-2.3.4.jar, C:\Users\fred\.ivy2\cache\com.typesafe.akka\akka-slf4j_2.11\jars\akka-slf4j_2.11-2.3.4.jar, C:\Users\fred\.ivy2\cache\commons-codec\commons-codec\jars\commons-codec-1.9.jar, C:\Users\fred\.ivy2\cache\xerces\xercesImpl\jars\xercesImpl-2.11.0.jar, C:\Users\fred\.ivy2\cache\xml-apis\xml-apis\jars\xml-apis-1.4.01.jar, C:\Users\fred\.ivy2\cache\javax.transaction\jta\jars\jta-1.1.jar, C:\Users\fred\.ivy2\cache\com.typesafe.play\play-java_2.11\jars\play-java_2.11-2.3.8.jar, C:\Users\fred\.ivy2\cache\org.yaml\snakeyaml\bundles\snakeyaml-1.13.jar, C:\Users\fred\.ivy2\cache\org.hibernate\hibernate-validator\jars\hibernate-validator-5.0.3.Final.jar, C:\Users\fred\.ivy2\cache\javax.validation\validation-api\jars\validation-api-1.1.0.Final.jar, C:\Users\fred\.ivy2\cache\com.fasterxml\classmate\bundles\classmate-1.0.0.jar, C:\Users\fred\.ivy2\cache\org.jboss.logging\jboss-logging\jars\jboss-logging-3.2.0.Final.jar, C:\Users\fred\.ivy2\cache\org.springframework\spring-context\jars\spring-context-4.0.3.RELEASE.jar, C:\Users\fred\.ivy2\cache\org.springframework\spring-core\jars\spring-core-4.0.3.RELEASE.jar, C:\Users\fred\.ivy2\cache\org.springframework\spring-beans\jars\spring-beans-4.0.3.RELEASE.jar, C:\Users\fred\.ivy2\cache\org.javassist\javassist\bundles\javassist-3.19.0-GA.jar, C:\Users\fred\.ivy2\cache\org.reflections\reflections\jars\reflections-0.9.8.jar, C:\Users\fred\.ivy2\cache\com.google.guava\guava\bundles\guava-16.0.1.jar, C:\Users\fred\.ivy2\cache\dom4j\dom4j\jars\dom4j-1.6.1.jar, C:\Users\fred\.ivy2\cache\com.google.code.findbugs\jsr305\jars\jsr305-2.0.3.jar, C:\Users\fred\.ivy2\cache\org.apache.tomcat\tomcat-servlet-api\jars\tomcat-servlet-api-8.0.5.jar, C:\Users\fred\.ivy2\cache\mysql\mysql-connector-java\jars\mysql-connector-java-5.1.27.jar, C:\Users\fred\.ivy2\cache\com.typesafe.play\play-java-jdbc_2.11\jars\play-java-jdbc_2.11-2.3.8.jar, C:\Users\fred\.ivy2\cache\com.typesafe.play\play-jdbc_2.11\jars\play-jdbc_2.11-2.3.8.jar, C:\Users\fred\.ivy2\cache\com.jolbox\bonecp\bundles\bonecp-0.8.0.RELEASE.jar, C:\Users\fred\.ivy2\cache\com.h2database\h2\jars\h2-1.3.175.jar, C:\Users\fred\.ivy2\cache\tyrex\tyrex\jars\tyrex-1.0.1.jar, C:\Users\fred\.ivy2\cache\com.typesafe.play\play-java-ebean_2.11\jars\play-java-ebean_2.11-2.3.8.jar, C:\Users\fred\.ivy2\cache\org.avaje.ebeanorm\avaje-ebeanorm\jars\avaje-ebeanorm-3.3.4.jar, C:\Users\fred\.ivy2\cache\org.avaje.ebeanorm\avaje-ebeanorm-agent\jars\avaje-ebeanorm-agent-3.2.2.jar, C:\Users\fred\.ivy2\cache\org.hibernate.javax.persistence\hibernate-jpa-2.0-api\jars\hibernate-jpa-2.0-api-1.0.1.Final.jar, C:\Users\fred\.ivy2\cache\com.typesafe.play\play-cache_2.11\jars\play-cache_2.11-2.3.8.jar, C:\Users\fred\.ivy2\cache\net.sf.ehcache\ehcache-core\jars\ehcache-core-2.6.8.jar, C:\Users\fred\.ivy2\cache\com.typesafe.play\play-java-ws_2.11\jars\play-java-ws_2.11-2.3.8.jar, C:\Users\fred\.ivy2\cache\com.typesafe.play\play-ws_2.11\jars\play-ws_2.11-2.3.8.jar, C:\Users\fred\.ivy2\cache\com.ning\async-http-client\jars\async-http-client-1.8.15.jar, C:\Users\fred\.ivy2\cache\oauth.signpost\signpost-core\jars\signpost-core-1.2.1.2.jar, C:\Users\fred\.ivy2\cache\oauth.signpost\signpost-commonshttp4\jars\signpost-commonshttp4-1.2.1.2.jar, C:\Users\fred\.ivy2\cache\org.apache.httpcomponents\httpcore\jars\httpcore-4.0.1.jar, C:\Users\fred\.ivy2\cache\org.apache.httpcomponents\httpclient\jars\httpclient-4.0.1.jar, C:\Users\fred\.ivy2\cache\commons-logging\commons-logging\jars\commons-logging-1.1.1.jar),List((public/,C:\Users\fred\DreamSpace\target\web\public\main)),List(C:\Users\fred\.ivy2\cache\com.typesafe.play\play-docs_2.11\jars\play-docs_2.11-2.3.8.jar, C:\Users\fred\.ivy2\cache\org.scala-lang\scala-library\jars\scala-library-2.11.1.jar, C:\Users\fred\.ivy2\cache\com.typesafe.play\play_2.11\jars\play_2.11-2.3.8.jar, C:\Users\fred\.ivy2\cache\com.typesafe.play\build-link\jars\build-link-2.3.8.jar, C:\Users\fred\.ivy2\cache\com.typesafe.play\play-exceptions\jars\play-exceptions-2.3.8.jar, C:\Users\fred\.ivy2\cache\org.javassist\javassist\bundles\javassist-3.18.2-GA.jar, C:\Users\fred\.ivy2\cache\com.typesafe.play\play-iteratees_2.11\jars\play-iteratees_2.11-2.3.8.jar, C:\Users\fred\.ivy2\cache\org.scala-stm\scala-stm_2.11\jars\scala-stm_2.11-0.7.jar, C:\Users\fred\.ivy2\cache\com.typesafe\config\bundles\config-1.2.1.jar, C:\Users\fred\.ivy2\cache\com.typesafe.play\play-json_2.11\jars\play-json_2.11-2.3.8.jar, C:\Users\fred\.ivy2\cache\com.typesafe.play\play-functional_2.11\jars\play-functional_2.11-2.3.8.jar, C:\Users\fred\.ivy2\cache\com.typesafe.play\play-datacommons_2.11\jars\play-datacommons_2.11-2.3.8.jar, C:\Users\fred\.ivy2\cache\joda-time\joda-time\jars\joda-time-2.3.jar, C:\Users\fred\.ivy2\cache\org.joda\joda-convert\jars\joda-convert-1.6.jar, C:\Users\fred\.ivy2\cache\com.fasterxml.jackson.core\jackson-annotations\bundles\jackson-annotations-2.3.2.jar, C:\Users\fred\.ivy2\cache\com.fasterxml.jackson.core\jackson-core\bundles\jackson-core-2.3.2.jar, C:\Users\fred\.ivy2\cache\com.fasterxml.jackson.core\jackson-databind\bundles\jackson-databind-2.3.2.jar, C:\Users\fred\.ivy2\cache\org.scala-lang\scala-reflect\jars\scala-reflect-2.11.1.jar, C:\Users\fred\.ivy2\cache\com.typesafe.play\twirl-api_2.11\jars\twirl-api_2.11-1.0.2.jar, C:\Users\fred\.ivy2\cache\org.apache.commons\commons-lang3\jars\commons-lang3-3.1.jar, C:\Users\fred\.ivy2\cache\org.scala-lang.modules\scala-xml_2.11\bundles\scala-xml_2.11-1.0.1.jar, C:\Users\fred\.ivy2\cache\org.scala-lang.modules\scala-parser-combinators_2.11\bundles\scala-parser-combinators_2.11-1.0.1.jar, C:\Users\fred\.ivy2\cache\io.netty\netty\bundles\netty-3.9.3.Final.jar, C:\Users\fred\.ivy2\cache\com.typesafe.netty\netty-http-pipelining\jars\netty-http-pipelining-1.1.2.jar, C:\Users\fred\.ivy2\cache\org.slf4j\slf4j-api\jars\slf4j-api-1.7.6.jar, C:\Users\fred\.ivy2\cache\org.slf4j\jul-to-slf4j\jars\jul-to-slf4j-1.7.6.jar, C:\Users\fred\.ivy2\cache\org.slf4j\jcl-over-slf4j\jars\jcl-over-slf4j-1.7.6.jar, C:\Users\fred\.ivy2\cache\ch.qos.logback\logback-core\jars\logback-core-1.1.1.jar, C:\Users\fred\.ivy2\cache\ch.qos.logback\logback-classic\jars\logback-classic-1.1.1.jar, C:\Users\fred\.ivy2\cache\com.typesafe.akka\akka-actor_2.11\jars\akka-actor_2.11-2.3.4.jar, C:\Users\fred\.ivy2\cache\com.typesafe.akka\akka-slf4j_2.11\jars\akka-slf4j_2.11-2.3.4.jar, C:\Users\fred\.ivy2\cache\commons-codec\commons-codec\jars\commons-codec-1.9.jar, C:\Users\fred\.ivy2\cache\xerces\xercesImpl\jars\xercesImpl-2.11.0.jar, C:\Users\fred\.ivy2\cache\xml-apis\xml-apis\jars\xml-apis-1.4.01.jar, C:\Users\fred\.ivy2\cache\javax.transaction\jta\jars\jta-1.1.jar, C:\Users\fred\.ivy2\cache\com.typesafe.play\play-doc_2.11\jars\play-doc_2.11-1.1.0.jar, C:\Users\fred\.ivy2\cache\org.pegdown\pegdown\jars\pegdown-1.4.0.jar, C:\Users\fred\.ivy2\cache\org.parboiled\parboiled-java\bundles\parboiled-java-1.1.5.jar, C:\Users\fred\.ivy2\cache\org.parboiled\parboiled-core\bundles\parboiled-core-1.1.5.jar, C:\Users\fred\.ivy2\cache\org.ow2.asm\asm\jars\asm-4.1.jar, C:\Users\fred\.ivy2\cache\org.ow2.asm\asm-tree\jars\asm-tree-4.1.jar, C:\Users\fred\.ivy2\cache\org.ow2.asm\asm-analysis\jars\asm-analysis-4.1.jar, C:\Users\fred\.ivy2\cache\org.ow2.asm\asm-util\jars\asm-util-4.1.jar, C:\Users\fred\.ivy2\cache\commons-io\commons-io\jars\commons-io-2.4.jar),List(),9000,DefaultWatchService,List(C:\Users\fred\DreamSpace\app-2.11, C:\Users\fred\DreamSpace\app, C:\Users\fred\DreamSpace\conf, C:\Users\fred\DreamSpace\app\assets, C:\Users\fred\DreamSpace\public),C:\Users\fred\DreamSpace\target,500,root/playForkNotifyStart,root/playForkReload,300000))))
Sending msg to client play-fork-run-1da10e1a-a7b9-4a6c-bc96-7ef26e0ef5bf: TaskStarted(48,3153,None)
Sending msg to client play-fork-run-1da10e1a-a7b9-4a6c-bc96-7ef26e0ef5bf: TaskFinished(48,3153,None,true,None)
Sending msg to client play-fork-run-1da10e1a-a7b9-4a6c-bc96-7ef26e0ef5bf: TaskStarted(48,3152,None)
Sending msg to client play-fork-run-1da10e1a-a7b9-4a6c-bc96-7ef26e0ef5bf: TaskFinished(48,3152,None,true,None)
Sending msg to client play-fork-run-1da10e1a-a7b9-4a6c-bc96-7ef26e0ef5bf: DetachedLogEvent(LogMessage(debug,cancel strategy finish enabled=false lastCommand=Some(LastCommand(CommandExecutionWork(ExecutionId(48),{file:/C:/Users/fred/DreamSpace/}root/*:playForkConfig,Set(LiveClient(play-fork-run 1da10e1a-a7b9-4a6c-bc96-7ef26e0ef5bf)),sbt.server.WorkCancellationStatus$$anon$1@5f8cbb62)))))
Sending msg to client play-fork-run-1da10e1a-a7b9-4a6c-bc96-7ef26e0ef5bf: DetachedLogEvent(LogSuccess(Total time: 0 s, completed 2015-maj-12 15:59:45))
Sending msg to client play-fork-run-1da10e1a-a7b9-4a6c-bc96-7ef26e0ef5bf: DetachedLogEvent(LogMessage(debug,> server-post-command-cleanup))
Sending msg to client play-fork-run-1da10e1a-a7b9-4a6c-bc96-7ef26e0ef5bf: ExecutionSuccess(48)
Sending msg to client play-fork-run-1da10e1a-a7b9-4a6c-bc96-7ef26e0ef5bf: DetachedLogEvent(LogMessage(debug,> server-handle-next-server-request))
Sending msg to client play-fork-run-1da10e1a-a7b9-4a6c-bc96-7ef26e0ef5bf: BackgroundJobLogEvent(8,LogMessage(info,))
Sending msg to client play-fork-run-1da10e1a-a7b9-4a6c-bc96-7ef26e0ef5bf: BackgroundJobLogEvent(8,LogMessage(info,--- (Running the application, auto-reloading is enabled) ---))
Sending msg to client play-fork-run-1da10e1a-a7b9-4a6c-bc96-7ef26e0ef5bf: BackgroundJobLogEvent(8,LogMessage(info,))
Sending msg to client play-fork-run-1da10e1a-a7b9-4a6c-bc96-7ef26e0ef5bf: BackgroundJobLogEvent(8,LogMessage(info,play - Listening for HTTP on /0:0:0:0:0:0:0:0:9000))
Sending msg to client play-fork-run-1da10e1a-a7b9-4a6c-bc96-7ef26e0ef5bf: BackgroundJobLogEvent(8,LogMessage(info,))
Sending msg to client play-fork-run-1da10e1a-a7b9-4a6c-bc96-7ef26e0ef5bf: BackgroundJobLogEvent(8,LogMessage(info,(Server started, use Ctrl+D to stop and go back to the console...)))
Sending msg to client play-fork-run-1da10e1a-a7b9-4a6c-bc96-7ef26e0ef5bf: BackgroundJobLogEvent(8,LogMessage(info,))
Got request: ExecutionRequest(root/playForkNotifyStart http://localhost:9000)
Reading next message from client.
Sending msg to client play-fork-run-1da10e1a-a7b9-4a6c-bc96-7ef26e0ef5bf: (8,ExecutionRequestReceived(49))
Sending msg to client play-fork-run-1da10e1a-a7b9-4a6c-bc96-7ef26e0ef5bf: ExecutionWaiting(49,root/playForkNotifyStart http://localhost:9000,ClientInfo(1da10e1a-a7b9-4a6c-bc96-7ef26e0ef5bf,play-fork-run,Play Fork Run,1,Vector()))
Sending msg to client play-fork-run-1da10e1a-a7b9-4a6c-bc96-7ef26e0ef5bf: ExecutionStarting(49)
Sending msg to client play-fork-run-1da10e1a-a7b9-4a6c-bc96-7ef26e0ef5bf: DetachedLogEvent(LogMessage(debug,> root/playForkNotifyStart http://localhost:9000))
Sending msg to client play-fork-run-1da10e1a-a7b9-4a6c-bc96-7ef26e0ef5bf: DetachedLogEvent(LogMessage(debug,Evaluating tasks: *:playForkNotifyStart))
Sending msg to client play-fork-run-1da10e1a-a7b9-4a6c-bc96-7ef26e0ef5bf: DetachedLogEvent(LogMessage(debug,Running task... Cancel: sbt.server.ServerTaskCancellation@d768597, check cycles: false))
Sending msg to client play-fork-run-1da10e1a-a7b9-4a6c-bc96-7ef26e0ef5bf: DetachedLogEvent(LogMessage(debug,cancel strategy start enabled=true lastCommand=Some(LastCommand(CommandExecutionWork(ExecutionId(49),root/playForkNotifyStart http://localhost:9000,Set(LiveClient(play-fork-run 1da10e1a-a7b9-4a6c-bc96-7ef26e0ef5bf)),sbt.server.WorkCancellationStatus$$anon$1@488d57f9)))))
Sending msg to client play-fork-run-1da10e1a-a7b9-4a6c-bc96-7ef26e0ef5bf: TaskStarted(49,3228,Some(AttributeKey[sbt.SendEventService]("sendEventService") in Scope(Global)))
Sending msg to client play-fork-run-1da10e1a-a7b9-4a6c-bc96-7ef26e0ef5bf: TaskFinished(49,3228,Some(AttributeKey[sbt.SendEventService]("sendEventService") in Scope(Global)),true,None)
Sending msg to client play-fork-run-1da10e1a-a7b9-4a6c-bc96-7ef26e0ef5bf: TaskStarted(49,3227,Some(AttributeKey[scala.Function1[java.lang.String,void]]("playForkStarted") in Scope(Build: file:/C:/Users/fred/DreamSpace/, , Project: ProjectReference(file:/C:/Users/fred/DreamSpace/,root))))
Sending msg to client play-fork-run-1da10e1a-a7b9-4a6c-bc96-7ef26e0ef5bf: TaskFinished(49,3227,Some(AttributeKey[scala.Function1[java.lang.String,void]]("playForkStarted") in Scope(Build: file:/C:/Users/fred/DreamSpace/, , Project: ProjectReference(file:/C:/Users/fred/DreamSpace/,root))),true,None)
Sending msg to client play-fork-run-1da10e1a-a7b9-4a6c-bc96-7ef26e0ef5bf: TaskStarted(49,3226,Some(AttributeKey[void]("playForkNotifyStart") in Scope(Build: file:/C:/Users/fred/DreamSpace/, , Project: ProjectReference(file:/C:/Users/fred/DreamSpace/,root))))
Sending msg to client play-fork-run-1da10e1a-a7b9-4a6c-bc96-7ef26e0ef5bf: TaskEvent(3226,LazyValue(PlayServerStarted(http://localhost:9000),play.forkrun.protocol.Serializers$PlayForkrunProtocolPlayServerStartedPickler1$2$@4e3b04bb))
Sending msg to client play-fork-run-1da10e1a-a7b9-4a6c-bc96-7ef26e0ef5bf: TaskFinished(49,3226,Some(AttributeKey[void]("playForkNotifyStart") in Scope(Build: file:/C:/Users/fred/DreamSpace/, , Project: ProjectReference(file:/C:/Users/fred/DreamSpace/,root))),true,None)
Sending msg to client play-fork-run-1da10e1a-a7b9-4a6c-bc96-7ef26e0ef5bf: TaskStarted(49,3225,None)
Sending msg to client play-fork-run-1da10e1a-a7b9-4a6c-bc96-7ef26e0ef5bf: TaskFinished(49,3225,None,true,None)
Sending msg to client play-fork-run-1da10e1a-a7b9-4a6c-bc96-7ef26e0ef5bf: TaskStarted(49,3224,None)
Sending msg to client play-fork-run-1da10e1a-a7b9-4a6c-bc96-7ef26e0ef5bf: TaskFinished(49,3224,None,true,None)
Sending msg to client play-fork-run-1da10e1a-a7b9-4a6c-bc96-7ef26e0ef5bf: DetachedLogEvent(LogMessage(debug,cancel strategy finish enabled=false lastCommand=Some(LastCommand(CommandExecutionWork(ExecutionId(49),root/playForkNotifyStart http://localhost:9000,Set(LiveClient(play-fork-run 1da10e1a-a7b9-4a6c-bc96-7ef26e0ef5bf)),sbt.server.WorkCancellationStatus$$anon$1@488d57f9)))))
Sending msg to client play-fork-run-1da10e1a-a7b9-4a6c-bc96-7ef26e0ef5bf: DetachedLogEvent(LogSuccess(Total time: 0 s, completed 2015-maj-12 15:59:46))
Sending msg to client play-fork-run-1da10e1a-a7b9-4a6c-bc96-7ef26e0ef5bf: DetachedLogEvent(LogMessage(debug,> server-post-command-cleanup))
Sending msg to client play-fork-run-1da10e1a-a7b9-4a6c-bc96-7ef26e0ef5bf: ExecutionSuccess(49)
Sending msg to client play-fork-run-1da10e1a-a7b9-4a6c-bc96-7ef26e0ef5bf: DetachedLogEvent(LogMessage(debug,> server-handle-next-server-request))
Sending msg to client play-fork-run-1da10e1a-a7b9-4a6c-bc96-7ef26e0ef5bf: BackgroundJobLogEvent(7,LogMessage(info,Forked Play process did not exit on its own, terminating it))
Sending msg to client play-fork-run-1da10e1a-a7b9-4a6c-bc96-7ef26e0ef5bf: BackgroundJobFinished(41,7)
