New log file opened at Tue May 12 15:34:46 CEST 2015 by 5908@noname
Sending msg to client play-fork-run-72f39b61-3f66-484f-a8fa-a7c33486cdbc: DetachedLogEvent(LogMessage(debug,sbt server socket logs are in: C:\Users\fred\DreamSpace\.sbtserver\connections\master.log))
Sending msg to client play-fork-run-72f39b61-3f66-484f-a8fa-a7c33486cdbc: DetachedLogEvent(LogMessage(debug,sbt general server logs are in: C:\Users\fred\DreamSpace\.sbtserver\master.log))
Sending msg to client play-fork-run-72f39b61-3f66-484f-a8fa-a7c33486cdbc: DetachedLogEvent(LogMessage(debug,sbt client logs are in: C:\Users\fred\DreamSpace\.sbtserver\connections\play-fork-run-72f39b61-3f66-484f-a8fa-a7c33486cdbc.log))
Reading next message from client.
Got request: DaemonRequest(true)
Reading next message from client.
Sending msg to client play-fork-run-72f39b61-3f66-484f-a8fa-a7c33486cdbc: (3,ReceivedResponse())
Got request: ListenToEvents()
Reading next message from client.
Sending msg to client play-fork-run-72f39b61-3f66-484f-a8fa-a7c33486cdbc: BackgroundJobStarted(36,BackgroundJobInfo(6,backgroundRun,AttributeKey[sbt.BackgroundJobHandle]("backgroundRun") in Scope(Build: file:/C:/Users/fred/DreamSpace/, , Project: ProjectReference(file:/C:/Users/fred/DreamSpace/,root), Config: compile)))
Sending msg to client play-fork-run-72f39b61-3f66-484f-a8fa-a7c33486cdbc: BackgroundJobStarted(30,BackgroundJobInfo(5,backgroundRun,AttributeKey[sbt.BackgroundJobHandle]("backgroundRun") in Scope(Build: file:/C:/Users/fred/DreamSpace/, , Project: ProjectReference(file:/C:/Users/fred/DreamSpace/,root), Config: compile)))
Sending msg to client play-fork-run-72f39b61-3f66-484f-a8fa-a7c33486cdbc: (4,ReceivedResponse())
Got request: KeyLookupRequest(root/playForkConfig)
Reading next message from client.
Sending msg to client play-fork-run-72f39b61-3f66-484f-a8fa-a7c33486cdbc: (5,KeyLookupResponse(root/playForkConfig,Vector(AttributeKey[play.forkrun.protocol.ForkConfig]("playForkConfig") in Scope(Build: file:/C:/Users/fred/DreamSpace/, , Project: ProjectReference(file:/C:/Users/fred/DreamSpace/,root)))))
Got request: ListenToValue(AttributeKey[play.forkrun.protocol.ForkConfig]("playForkConfig") in Scope(Build: file:/C:/Users/fred/DreamSpace/, , Project: ProjectReference(file:/C:/Users/fred/DreamSpace/,root)))
Reading next message from client.
Sending msg to client play-fork-run-72f39b61-3f66-484f-a8fa-a7c33486cdbc: (6,ReceivedResponse())
Got request: KeyExecutionRequest(AttributeKey[play.forkrun.protocol.ForkConfig]("playForkConfig") in Scope(Build: file:/C:/Users/fred/DreamSpace/, , Project: ProjectReference(file:/C:/Users/fred/DreamSpace/,root)))
Reading next message from client.
Sending msg to client play-fork-run-72f39b61-3f66-484f-a8fa-a7c33486cdbc: (7,ExecutionRequestReceived(37))
Sending msg to client play-fork-run-72f39b61-3f66-484f-a8fa-a7c33486cdbc: ExecutionWaiting(37,{file:/C:/Users/fred/DreamSpace/}root/*:playForkConfig,ClientInfo(72f39b61-3f66-484f-a8fa-a7c33486cdbc,play-fork-run,Play Fork Run,1,Vector()))
Sending msg to client play-fork-run-72f39b61-3f66-484f-a8fa-a7c33486cdbc: ExecutionStarting(37)
Sending msg to client play-fork-run-72f39b61-3f66-484f-a8fa-a7c33486cdbc: DetachedLogEvent(LogMessage(debug,> {file:/C:/Users/fred/DreamSpace/}root/*:playForkConfig))
Sending msg to client play-fork-run-72f39b61-3f66-484f-a8fa-a7c33486cdbc: DetachedLogEvent(LogMessage(debug,Evaluating tasks: *:playForkConfig))
Sending msg to client play-fork-run-72f39b61-3f66-484f-a8fa-a7c33486cdbc: DetachedLogEvent(LogMessage(debug,Running task... Cancel: sbt.server.ServerTaskCancellation@634f2f6c, check cycles: false))
Sending msg to client play-fork-run-72f39b61-3f66-484f-a8fa-a7c33486cdbc: DetachedLogEvent(LogMessage(debug,cancel strategy start enabled=true lastCommand=Some(LastCommand(CommandExecutionWork(ExecutionId(37),{file:/C:/Users/fred/DreamSpace/}root/*:playForkConfig,Set(LiveClient(play-fork-run 72f39b61-3f66-484f-a8fa-a7c33486cdbc)),sbt.server.WorkCancellationStatus$$anon$1@3c68a022)))))
Sending msg to client play-fork-run-72f39b61-3f66-484f-a8fa-a7c33486cdbc: TaskStarted(37,2554,Some(AttributeKey[scala.Tuple2[java.lang.String,java.io.File]]("playPrefixAndAssets") in Scope(Build: file:/C:/Users/fred/DreamSpace/, , Project: ProjectReference(file:/C:/Users/fred/DreamSpace/,root))))
Sending msg to client play-fork-run-72f39b61-3f66-484f-a8fa-a7c33486cdbc: TaskStarted(37,2558,None)
Sending msg to client play-fork-run-72f39b61-3f66-484f-a8fa-a7c33486cdbc: TaskStarted(37,2562,None)
Sending msg to client play-fork-run-72f39b61-3f66-484f-a8fa-a7c33486cdbc: TaskStarted(37,2564,Some(AttributeKey[java.lang.String]("updateCacheName") in Scope(Build: file:/C:/Users/fred/DreamSpace/, , Project: ProjectReference(file:/C:/Users/fred/DreamSpace/,root))))
Sending msg to client play-fork-run-72f39b61-3f66-484f-a8fa-a7c33486cdbc: TaskStarted(37,2565,Some(AttributeKey[boolean]("skip") in Scope(Global)))
Sending msg to client play-fork-run-72f39b61-3f66-484f-a8fa-a7c33486cdbc: TaskStarted(37,2566,None)
Sending msg to client play-fork-run-72f39b61-3f66-484f-a8fa-a7c33486cdbc: TaskStarted(37,2569,Some(AttributeKey[scala.collection.Seq[sbt.Credentials]]("credentials") in Scope(Global)))
Sending msg to client play-fork-run-72f39b61-3f66-484f-a8fa-a7c33486cdbc: TaskStarted(37,2574,Some(AttributeKey[scala.Option[scala.collection.Seq[sbt.Resolver]]]("bootResolvers") in Scope(Build: file:/C:/Users/fred/DreamSpace/, , Project: ProjectReference(file:/C:/Users/fred/DreamSpace/,root))))
Sending msg to client play-fork-run-72f39b61-3f66-484f-a8fa-a7c33486cdbc: TaskStarted(37,2575,Some(AttributeKey[scala.collection.Seq[sbt.Resolver]]("externalResolvers") in Scope(Build: file:/C:/Users/fred/DreamSpace/, , Project: ProjectReference(file:/C:/Users/fred/DreamSpace/,root))))
Sending msg to client play-fork-run-72f39b61-3f66-484f-a8fa-a7c33486cdbc: TaskStarted(37,2588,None)
Sending msg to client play-fork-run-72f39b61-3f66-484f-a8fa-a7c33486cdbc: TaskStarted(37,2590,None)
Sending msg to client play-fork-run-72f39b61-3f66-484f-a8fa-a7c33486cdbc: TaskStarted(37,2591,None)
Sending msg to client play-fork-run-72f39b61-3f66-484f-a8fa-a7c33486cdbc: TaskStarted(37,2604,None)
Sending msg to client play-fork-run-72f39b61-3f66-484f-a8fa-a7c33486cdbc: TaskStarted(37,2606,Some(AttributeKey[scala.collection.Seq[java.lang.String]]("javaOptions") in Scope(Global)))
Sending msg to client play-fork-run-72f39b61-3f66-484f-a8fa-a7c33486cdbc: TaskFinished(37,2554,Some(AttributeKey[scala.Tuple2[java.lang.String,java.io.File]]("playPrefixAndAssets") in Scope(Build: file:/C:/Users/fred/DreamSpace/, , Project: ProjectReference(file:/C:/Users/fred/DreamSpace/,root))),true,None)
Sending msg to client play-fork-run-72f39b61-3f66-484f-a8fa-a7c33486cdbc: TaskStarted(37,2556,None)
Sending msg to client play-fork-run-72f39b61-3f66-484f-a8fa-a7c33486cdbc: TaskFinished(37,2558,None,true,None)
Sending msg to client play-fork-run-72f39b61-3f66-484f-a8fa-a7c33486cdbc: TaskStarted(37,2557,Some(AttributeKey[scala.collection.Seq[java.lang.String]]("playMonitoredFiles") in Scope(Build: file:/C:/Users/fred/DreamSpace/, , Project: ProjectReference(file:/C:/Users/fred/DreamSpace/,root))))
Sending msg to client play-fork-run-72f39b61-3f66-484f-a8fa-a7c33486cdbc: TaskStarted(37,2579,Some(AttributeKey[sbt.BuildStructure]("buildStructure") in Scope(Global)))
Sending msg to client play-fork-run-72f39b61-3f66-484f-a8fa-a7c33486cdbc: TaskStarted(37,2592,Some(AttributeKey[java.io.File]("dependencyCacheDirectory") in Scope(Build: file:/C:/Users/fred/DreamSpace/, , Project: ProjectReference(file:/C:/Users/fred/DreamSpace/,root))))
Sending msg to client play-fork-run-72f39b61-3f66-484f-a8fa-a7c33486cdbc: TaskFinished(37,2564,Some(AttributeKey[java.lang.String]("updateCacheName") in Scope(Build: file:/C:/Users/fred/DreamSpace/, , Project: ProjectReference(file:/C:/Users/fred/DreamSpace/,root))),true,None)
Sending msg to client play-fork-run-72f39b61-3f66-484f-a8fa-a7c33486cdbc: TaskFinished(37,2562,None,true,None)
Sending msg to client play-fork-run-72f39b61-3f66-484f-a8fa-a7c33486cdbc: TaskStarted(37,2561,None)
Sending msg to client play-fork-run-72f39b61-3f66-484f-a8fa-a7c33486cdbc: TaskStarted(37,2570,None)
Sending msg to client play-fork-run-72f39b61-3f66-484f-a8fa-a7c33486cdbc: TaskStarted(37,2572,None)
Sending msg to client play-fork-run-72f39b61-3f66-484f-a8fa-a7c33486cdbc: TaskStarted(37,2580,None)
Sending msg to client play-fork-run-72f39b61-3f66-484f-a8fa-a7c33486cdbc: TaskStarted(37,2586,None)
Sending msg to client play-fork-run-72f39b61-3f66-484f-a8fa-a7c33486cdbc: TaskStarted(37,2596,None)
Sending msg to client play-fork-run-72f39b61-3f66-484f-a8fa-a7c33486cdbc: TaskStarted(37,2599,None)
Sending msg to client play-fork-run-72f39b61-3f66-484f-a8fa-a7c33486cdbc: TaskStarted(37,2605,None)
Sending msg to client play-fork-run-72f39b61-3f66-484f-a8fa-a7c33486cdbc: TaskFinished(37,2569,Some(AttributeKey[scala.collection.Seq[sbt.Credentials]]("credentials") in Scope(Global)),true,None)
Sending msg to client play-fork-run-72f39b61-3f66-484f-a8fa-a7c33486cdbc: TaskFinished(37,2575,Some(AttributeKey[scala.collection.Seq[sbt.Resolver]]("externalResolvers") in Scope(Build: file:/C:/Users/fred/DreamSpace/, , Project: ProjectReference(file:/C:/Users/fred/DreamSpace/,root))),true,None)
Sending msg to client play-fork-run-72f39b61-3f66-484f-a8fa-a7c33486cdbc: TaskFinished(37,2588,None,true,None)
Sending msg to client play-fork-run-72f39b61-3f66-484f-a8fa-a7c33486cdbc: TaskFinished(37,2590,None,true,None)
Sending msg to client play-fork-run-72f39b61-3f66-484f-a8fa-a7c33486cdbc: TaskFinished(37,2591,None,true,None)
Sending msg to client play-fork-run-72f39b61-3f66-484f-a8fa-a7c33486cdbc: TaskStarted(37,2589,Some(AttributeKey[scala.collection.Seq[sbt.UpdateReport]]("transitiveUpdate") in Scope(Build: file:/C:/Users/fred/DreamSpace/, , Project: ProjectReference(file:/C:/Users/fred/DreamSpace/,root))))
Sending msg to client play-fork-run-72f39b61-3f66-484f-a8fa-a7c33486cdbc: TaskFinished(37,2604,None,true,None)
Sending msg to client play-fork-run-72f39b61-3f66-484f-a8fa-a7c33486cdbc: TaskFinished(37,2606,Some(AttributeKey[scala.collection.Seq[java.lang.String]]("javaOptions") in Scope(Global)),true,None)
Sending msg to client play-fork-run-72f39b61-3f66-484f-a8fa-a7c33486cdbc: TaskFinished(37,2574,Some(AttributeKey[scala.Option[scala.collection.Seq[sbt.Resolver]]]("bootResolvers") in Scope(Build: file:/C:/Users/fred/DreamSpace/, , Project: ProjectReference(file:/C:/Users/fred/DreamSpace/,root))),true,None)
Sending msg to client play-fork-run-72f39b61-3f66-484f-a8fa-a7c33486cdbc: TaskFinished(37,2556,None,true,None)
Sending msg to client play-fork-run-72f39b61-3f66-484f-a8fa-a7c33486cdbc: TaskStarted(37,2555,None)
Sending msg to client play-fork-run-72f39b61-3f66-484f-a8fa-a7c33486cdbc: TaskFinished(37,2557,Some(AttributeKey[scala.collection.Seq[java.lang.String]]("playMonitoredFiles") in Scope(Build: file:/C:/Users/fred/DreamSpace/, , Project: ProjectReference(file:/C:/Users/fred/DreamSpace/,root))),true,None)
Sending msg to client play-fork-run-72f39b61-3f66-484f-a8fa-a7c33486cdbc: TaskFinished(37,2579,Some(AttributeKey[sbt.BuildStructure]("buildStructure") in Scope(Global)),true,None)
Sending msg to client play-fork-run-72f39b61-3f66-484f-a8fa-a7c33486cdbc: TaskStarted(37,2578,Some(AttributeKey[sbt.Settings[sbt.Scope]]("settingsData") in Scope(Global)))
Sending msg to client play-fork-run-72f39b61-3f66-484f-a8fa-a7c33486cdbc: TaskFinished(37,2592,Some(AttributeKey[java.io.File]("dependencyCacheDirectory") in Scope(Build: file:/C:/Users/fred/DreamSpace/, , Project: ProjectReference(file:/C:/Users/fred/DreamSpace/,root))),true,None)
Sending msg to client play-fork-run-72f39b61-3f66-484f-a8fa-a7c33486cdbc: TaskFinished(37,2561,None,true,None)
Sending msg to client play-fork-run-72f39b61-3f66-484f-a8fa-a7c33486cdbc: TaskFinished(37,2570,None,true,None)
Sending msg to client play-fork-run-72f39b61-3f66-484f-a8fa-a7c33486cdbc: TaskFinished(37,2565,Some(AttributeKey[boolean]("skip") in Scope(Global)),true,None)
Sending msg to client play-fork-run-72f39b61-3f66-484f-a8fa-a7c33486cdbc: TaskFinished(37,2566,None,true,None)
Sending msg to client play-fork-run-72f39b61-3f66-484f-a8fa-a7c33486cdbc: TaskFinished(37,2580,None,true,None)
Sending msg to client play-fork-run-72f39b61-3f66-484f-a8fa-a7c33486cdbc: TaskFinished(37,2572,None,true,None)
Sending msg to client play-fork-run-72f39b61-3f66-484f-a8fa-a7c33486cdbc: TaskFinished(37,2596,None,true,None)
Sending msg to client play-fork-run-72f39b61-3f66-484f-a8fa-a7c33486cdbc: TaskFinished(37,2599,None,true,None)
Sending msg to client play-fork-run-72f39b61-3f66-484f-a8fa-a7c33486cdbc: TaskFinished(37,2586,None,true,None)
Sending msg to client play-fork-run-72f39b61-3f66-484f-a8fa-a7c33486cdbc: TaskStarted(37,2585,Some(AttributeKey[scala.collection.immutable.Map[sbt.ModuleID,sbt.SourcePosition]]("dependencyPositions") in Scope(Build: file:/C:/Users/fred/DreamSpace/, , Project: ProjectReference(file:/C:/Users/fred/DreamSpace/,root))))
Sending msg to client play-fork-run-72f39b61-3f66-484f-a8fa-a7c33486cdbc: TaskFinished(37,2605,None,true,None)
Sending msg to client play-fork-run-72f39b61-3f66-484f-a8fa-a7c33486cdbc: TaskFinished(37,2589,Some(AttributeKey[scala.collection.Seq[sbt.UpdateReport]]("transitiveUpdate") in Scope(Build: file:/C:/Users/fred/DreamSpace/, , Project: ProjectReference(file:/C:/Users/fred/DreamSpace/,root))),true,None)
Sending msg to client play-fork-run-72f39b61-3f66-484f-a8fa-a7c33486cdbc: TaskFinished(37,2555,None,true,None)
Sending msg to client play-fork-run-72f39b61-3f66-484f-a8fa-a7c33486cdbc: TaskStarted(37,2553,Some(AttributeKey[scala.collection.Seq[scala.Tuple2[java.lang.String,java.io.File]]]("playAllAssets") in Scope(Build: file:/C:/Users/fred/DreamSpace/, , Project: ProjectReference(file:/C:/Users/fred/DreamSpace/,root))))
Sending msg to client play-fork-run-72f39b61-3f66-484f-a8fa-a7c33486cdbc: TaskFinished(37,2578,Some(AttributeKey[sbt.Settings[sbt.Scope]]("settingsData") in Scope(Global)),true,None)
Sending msg to client play-fork-run-72f39b61-3f66-484f-a8fa-a7c33486cdbc: TaskStarted(37,2577,Some(AttributeKey[scala.collection.immutable.Map[org.apache.ivy.core.module.id.ModuleRevisionId,org.apache.ivy.core.module.descriptor.ModuleDescriptor]]("projectDescriptors") in Scope(Build: file:/C:/Users/fred/DreamSpace/, , Project: ProjectReference(file:/C:/Users/fred/DreamSpace/,root))))
Sending msg to client play-fork-run-72f39b61-3f66-484f-a8fa-a7c33486cdbc: TaskStarted(37,2583,Some(AttributeKey[scala.collection.Seq[sbt.ModuleID]]("projectDependencies") in Scope(Build: file:/C:/Users/fred/DreamSpace/, , Project: ProjectReference(file:/C:/Users/fred/DreamSpace/,root))))
Sending msg to client play-fork-run-72f39b61-3f66-484f-a8fa-a7c33486cdbc: TaskStarted(37,2587,None)
Sending msg to client play-fork-run-72f39b61-3f66-484f-a8fa-a7c33486cdbc: TaskStarted(37,2597,None)
Sending msg to client play-fork-run-72f39b61-3f66-484f-a8fa-a7c33486cdbc: TaskFinished(37,2553,Some(AttributeKey[scala.collection.Seq[scala.Tuple2[java.lang.String,java.io.File]]]("playAllAssets") in Scope(Build: file:/C:/Users/fred/DreamSpace/, , Project: ProjectReference(file:/C:/Users/fred/DreamSpace/,root))),true,None)
Sending msg to client play-fork-run-72f39b61-3f66-484f-a8fa-a7c33486cdbc: TaskStarted(37,2608,None)
Sending msg to client play-fork-run-72f39b61-3f66-484f-a8fa-a7c33486cdbc: TaskFinished(37,2583,Some(AttributeKey[scala.collection.Seq[sbt.ModuleID]]("projectDependencies") in Scope(Build: file:/C:/Users/fred/DreamSpace/, , Project: ProjectReference(file:/C:/Users/fred/DreamSpace/,root))),true,None)
Sending msg to client play-fork-run-72f39b61-3f66-484f-a8fa-a7c33486cdbc: TaskStarted(37,2582,Some(AttributeKey[scala.collection.Seq[sbt.ModuleID]]("allDependencies") in Scope(Build: file:/C:/Users/fred/DreamSpace/, , Project: ProjectReference(file:/C:/Users/fred/DreamSpace/,root))))
Sending msg to client play-fork-run-72f39b61-3f66-484f-a8fa-a7c33486cdbc: TaskStarted(37,2609,None)
Sending msg to client play-fork-run-72f39b61-3f66-484f-a8fa-a7c33486cdbc: TaskStarted(37,2613,None)
Sending msg to client play-fork-run-72f39b61-3f66-484f-a8fa-a7c33486cdbc: TaskStarted(37,2614,None)
Sending msg to client play-fork-run-72f39b61-3f66-484f-a8fa-a7c33486cdbc: TaskStarted(37,2617,None)
Sending msg to client play-fork-run-72f39b61-3f66-484f-a8fa-a7c33486cdbc: TaskStarted(37,2618,None)
Sending msg to client play-fork-run-72f39b61-3f66-484f-a8fa-a7c33486cdbc: TaskStarted(37,2620,None)
Sending msg to client play-fork-run-72f39b61-3f66-484f-a8fa-a7c33486cdbc: TaskFinished(37,2608,None,true,None)
Sending msg to client play-fork-run-72f39b61-3f66-484f-a8fa-a7c33486cdbc: TaskStarted(37,2607,None)
Sending msg to client play-fork-run-72f39b61-3f66-484f-a8fa-a7c33486cdbc: TaskFinished(37,2582,Some(AttributeKey[scala.collection.Seq[sbt.ModuleID]]("allDependencies") in Scope(Build: file:/C:/Users/fred/DreamSpace/, , Project: ProjectReference(file:/C:/Users/fred/DreamSpace/,root))),true,None)
Sending msg to client play-fork-run-72f39b61-3f66-484f-a8fa-a7c33486cdbc: TaskStarted(37,2581,Some(AttributeKey[sbt.ModuleSettings]("moduleSettings") in Scope(Build: file:/C:/Users/fred/DreamSpace/, , Project: ProjectReference(file:/C:/Users/fred/DreamSpace/,root))))
Sending msg to client play-fork-run-72f39b61-3f66-484f-a8fa-a7c33486cdbc: TaskFinished(37,2609,None,true,None)
Sending msg to client play-fork-run-72f39b61-3f66-484f-a8fa-a7c33486cdbc: TaskFinished(37,2587,None,true,None)
Sending msg to client play-fork-run-72f39b61-3f66-484f-a8fa-a7c33486cdbc: TaskFinished(37,2613,None,true,None)
Sending msg to client play-fork-run-72f39b61-3f66-484f-a8fa-a7c33486cdbc: TaskFinished(37,2614,None,true,None)
Sending msg to client play-fork-run-72f39b61-3f66-484f-a8fa-a7c33486cdbc: TaskStarted(37,2612,Some(AttributeKey[scala.collection.Seq[sbt.Attributed[java.io.File]]]("unmanagedJars") in Scope(Build: file:/C:/Users/fred/DreamSpace/, , Project: ProjectReference(file:/C:/Users/fred/DreamSpace/,root), Config: runtime)))
Sending msg to client play-fork-run-72f39b61-3f66-484f-a8fa-a7c33486cdbc: TaskFinished(37,2617,None,true,None)
Sending msg to client play-fork-run-72f39b61-3f66-484f-a8fa-a7c33486cdbc: TaskFinished(37,2618,None,true,None)
Sending msg to client play-fork-run-72f39b61-3f66-484f-a8fa-a7c33486cdbc: TaskStarted(37,2616,Some(AttributeKey[scala.collection.Seq[sbt.Attributed[java.io.File]]]("unmanagedJars") in Scope(Build: file:/C:/Users/fred/DreamSpace/, , Project: ProjectReference(file:/C:/Users/fred/DreamSpace/,root), Config: compile)))
Sending msg to client play-fork-run-72f39b61-3f66-484f-a8fa-a7c33486cdbc: TaskFinished(37,2620,None,true,None)
Sending msg to client play-fork-run-72f39b61-3f66-484f-a8fa-a7c33486cdbc: TaskStarted(37,2619,None)
Sending msg to client play-fork-run-72f39b61-3f66-484f-a8fa-a7c33486cdbc: TaskFinished(37,2607,None,true,None)
Sending msg to client play-fork-run-72f39b61-3f66-484f-a8fa-a7c33486cdbc: TaskFinished(37,2577,Some(AttributeKey[scala.collection.immutable.Map[org.apache.ivy.core.module.id.ModuleRevisionId,org.apache.ivy.core.module.descriptor.ModuleDescriptor]]("projectDescriptors") in Scope(Build: file:/C:/Users/fred/DreamSpace/, , Project: ProjectReference(file:/C:/Users/fred/DreamSpace/,root))),true,None)
Sending msg to client play-fork-run-72f39b61-3f66-484f-a8fa-a7c33486cdbc: TaskStarted(37,2576,Some(AttributeKey[sbt.Resolver]("projectResolver") in Scope(Build: file:/C:/Users/fred/DreamSpace/, , Project: ProjectReference(file:/C:/Users/fred/DreamSpace/,root))))
Sending msg to client play-fork-run-72f39b61-3f66-484f-a8fa-a7c33486cdbc: TaskFinished(37,2581,Some(AttributeKey[sbt.ModuleSettings]("moduleSettings") in Scope(Build: file:/C:/Users/fred/DreamSpace/, , Project: ProjectReference(file:/C:/Users/fred/DreamSpace/,root))),true,None)
Sending msg to client play-fork-run-72f39b61-3f66-484f-a8fa-a7c33486cdbc: TaskStarted(37,2621,None)
Sending msg to client play-fork-run-72f39b61-3f66-484f-a8fa-a7c33486cdbc: TaskFinished(37,2576,Some(AttributeKey[sbt.Resolver]("projectResolver") in Scope(Build: file:/C:/Users/fred/DreamSpace/, , Project: ProjectReference(file:/C:/Users/fred/DreamSpace/,root))),true,None)
Sending msg to client play-fork-run-72f39b61-3f66-484f-a8fa-a7c33486cdbc: TaskStarted(37,2573,Some(AttributeKey[scala.collection.Seq[sbt.Resolver]]("fullResolvers") in Scope(Build: file:/C:/Users/fred/DreamSpace/, , Project: ProjectReference(file:/C:/Users/fred/DreamSpace/,root))))
Sending msg to client play-fork-run-72f39b61-3f66-484f-a8fa-a7c33486cdbc: TaskFinished(37,2612,Some(AttributeKey[scala.collection.Seq[sbt.Attributed[java.io.File]]]("unmanagedJars") in Scope(Build: file:/C:/Users/fred/DreamSpace/, , Project: ProjectReference(file:/C:/Users/fred/DreamSpace/,root), Config: runtime)),true,None)
Sending msg to client play-fork-run-72f39b61-3f66-484f-a8fa-a7c33486cdbc: TaskFinished(37,2616,Some(AttributeKey[scala.collection.Seq[sbt.Attributed[java.io.File]]]("unmanagedJars") in Scope(Build: file:/C:/Users/fred/DreamSpace/, , Project: ProjectReference(file:/C:/Users/fred/DreamSpace/,root), Config: compile)),true,None)
Sending msg to client play-fork-run-72f39b61-3f66-484f-a8fa-a7c33486cdbc: TaskFinished(37,2621,None,true,None)
Sending msg to client play-fork-run-72f39b61-3f66-484f-a8fa-a7c33486cdbc: TaskFinished(37,2619,None,true,None)
Sending msg to client play-fork-run-72f39b61-3f66-484f-a8fa-a7c33486cdbc: TaskStarted(37,2615,Some(AttributeKey[scala.collection.Seq[sbt.Attributed[java.io.File]]]("unmanagedJars") in Scope(Build: file:/C:/Users/fred/DreamSpace/, , Project: ProjectReference(file:/C:/Users/fred/DreamSpace/,root), Config: compile)))
Sending msg to client play-fork-run-72f39b61-3f66-484f-a8fa-a7c33486cdbc: TaskFinished(37,2573,Some(AttributeKey[scala.collection.Seq[sbt.Resolver]]("fullResolvers") in Scope(Build: file:/C:/Users/fred/DreamSpace/, , Project: ProjectReference(file:/C:/Users/fred/DreamSpace/,root))),true,None)
Sending msg to client play-fork-run-72f39b61-3f66-484f-a8fa-a7c33486cdbc: TaskStarted(37,2571,Some(AttributeKey[sbt.IvyConfiguration]("ivyConfiguration") in Scope(Build: file:/C:/Users/fred/DreamSpace/, , Project: ProjectReference(file:/C:/Users/fred/DreamSpace/,root))))
Sending msg to client play-fork-run-72f39b61-3f66-484f-a8fa-a7c33486cdbc: TaskFinished(37,2615,Some(AttributeKey[scala.collection.Seq[sbt.Attributed[java.io.File]]]("unmanagedJars") in Scope(Build: file:/C:/Users/fred/DreamSpace/, , Project: ProjectReference(file:/C:/Users/fred/DreamSpace/,root), Config: compile)),true,None)
Sending msg to client play-fork-run-72f39b61-3f66-484f-a8fa-a7c33486cdbc: TaskStarted(37,2611,None)
Sending msg to client play-fork-run-72f39b61-3f66-484f-a8fa-a7c33486cdbc: TaskFinished(37,2571,Some(AttributeKey[sbt.IvyConfiguration]("ivyConfiguration") in Scope(Build: file:/C:/Users/fred/DreamSpace/, , Project: ProjectReference(file:/C:/Users/fred/DreamSpace/,root))),true,None)
Sending msg to client play-fork-run-72f39b61-3f66-484f-a8fa-a7c33486cdbc: TaskStarted(37,2568,Some(AttributeKey[sbt.IvySbt]("ivySbt") in Scope(Build: file:/C:/Users/fred/DreamSpace/, , Project: ProjectReference(file:/C:/Users/fred/DreamSpace/,root))))
Sending msg to client play-fork-run-72f39b61-3f66-484f-a8fa-a7c33486cdbc: TaskFinished(37,2611,None,true,None)
Sending msg to client play-fork-run-72f39b61-3f66-484f-a8fa-a7c33486cdbc: TaskStarted(37,2610,None)
Sending msg to client play-fork-run-72f39b61-3f66-484f-a8fa-a7c33486cdbc: TaskFinished(37,2568,Some(AttributeKey[sbt.IvySbt]("ivySbt") in Scope(Build: file:/C:/Users/fred/DreamSpace/, , Project: ProjectReference(file:/C:/Users/fred/DreamSpace/,root))),true,None)
Sending msg to client play-fork-run-72f39b61-3f66-484f-a8fa-a7c33486cdbc: TaskStarted(37,2567,Some(AttributeKey[sbt.IvySbt$Module]("ivyModule") in Scope(Build: file:/C:/Users/fred/DreamSpace/, , Project: ProjectReference(file:/C:/Users/fred/DreamSpace/,root))))
Sending msg to client play-fork-run-72f39b61-3f66-484f-a8fa-a7c33486cdbc: TaskFinished(37,2610,None,true,None)
Sending msg to client play-fork-run-72f39b61-3f66-484f-a8fa-a7c33486cdbc: TaskFinished(37,2597,None,true,None)
Sending msg to client play-fork-run-72f39b61-3f66-484f-a8fa-a7c33486cdbc: TaskStarted(37,2595,Some(AttributeKey[scala.collection.Seq[sbt.Attributed[java.io.File]]]("unmanagedClasspath") in Scope(Build: file:/C:/Users/fred/DreamSpace/, , Project: ProjectReference(file:/C:/Users/fred/DreamSpace/,root), Config: runtime)))
Sending msg to client play-fork-run-72f39b61-3f66-484f-a8fa-a7c33486cdbc: TaskFinished(37,2567,Some(AttributeKey[sbt.IvySbt$Module]("ivyModule") in Scope(Build: file:/C:/Users/fred/DreamSpace/, , Project: ProjectReference(file:/C:/Users/fred/DreamSpace/,root))),true,None)
Sending msg to client play-fork-run-72f39b61-3f66-484f-a8fa-a7c33486cdbc: TaskFinished(37,2595,Some(AttributeKey[scala.collection.Seq[sbt.Attributed[java.io.File]]]("unmanagedClasspath") in Scope(Build: file:/C:/Users/fred/DreamSpace/, , Project: ProjectReference(file:/C:/Users/fred/DreamSpace/,root), Config: runtime)),true,None)
Sending msg to client play-fork-run-72f39b61-3f66-484f-a8fa-a7c33486cdbc: TaskFinished(37,2585,Some(AttributeKey[scala.collection.immutable.Map[sbt.ModuleID,sbt.SourcePosition]]("dependencyPositions") in Scope(Build: file:/C:/Users/fred/DreamSpace/, , Project: ProjectReference(file:/C:/Users/fred/DreamSpace/,root))),true,None)
Sending msg to client play-fork-run-72f39b61-3f66-484f-a8fa-a7c33486cdbc: TaskStarted(37,2584,Some(AttributeKey[sbt.UnresolvedWarningConfiguration]("unresolvedWarningConfiguration") in Scope(Build: file:/C:/Users/fred/DreamSpace/, , Project: ProjectReference(file:/C:/Users/fred/DreamSpace/,root), Task: AttributeKey[sbt.UpdateReport]("update"))))
Sending msg to client play-fork-run-72f39b61-3f66-484f-a8fa-a7c33486cdbc: TaskFinished(37,2584,Some(AttributeKey[sbt.UnresolvedWarningConfiguration]("unresolvedWarningConfiguration") in Scope(Build: file:/C:/Users/fred/DreamSpace/, , Project: ProjectReference(file:/C:/Users/fred/DreamSpace/,root), Task: AttributeKey[sbt.UpdateReport]("update"))),true,None)
Sending msg to client play-fork-run-72f39b61-3f66-484f-a8fa-a7c33486cdbc: TaskStarted(37,2563,Some(AttributeKey[sbt.UpdateReport]("update") in Scope(Build: file:/C:/Users/fred/DreamSpace/, , Project: ProjectReference(file:/C:/Users/fred/DreamSpace/,root))))
Sending msg to client play-fork-run-72f39b61-3f66-484f-a8fa-a7c33486cdbc: TaskFinished(37,2563,Some(AttributeKey[sbt.UpdateReport]("update") in Scope(Build: file:/C:/Users/fred/DreamSpace/, , Project: ProjectReference(file:/C:/Users/fred/DreamSpace/,root))),true,None)
Sending msg to client play-fork-run-72f39b61-3f66-484f-a8fa-a7c33486cdbc: TaskStarted(37,2560,Some(AttributeKey[sbt.UpdateReport]("update") in Scope(Build: file:/C:/Users/fred/DreamSpace/, , Project: ProjectReference(file:/C:/Users/fred/DreamSpace/,root))))
Sending msg to client play-fork-run-72f39b61-3f66-484f-a8fa-a7c33486cdbc: TaskFinished(37,2560,Some(AttributeKey[sbt.UpdateReport]("update") in Scope(Build: file:/C:/Users/fred/DreamSpace/, , Project: ProjectReference(file:/C:/Users/fred/DreamSpace/,root))),true,None)
Sending msg to client play-fork-run-72f39b61-3f66-484f-a8fa-a7c33486cdbc: TaskStarted(37,2559,Some(AttributeKey[scala.collection.Seq[sbt.Attributed[java.io.File]]]("managedClasspath") in Scope(Build: file:/C:/Users/fred/DreamSpace/, , Project: ProjectReference(file:/C:/Users/fred/DreamSpace/,root), Config: docs)))
Sending msg to client play-fork-run-72f39b61-3f66-484f-a8fa-a7c33486cdbc: TaskStarted(37,2603,Some(AttributeKey[sbt.Configuration]("classpathConfiguration") in Scope(Build: file:/C:/Users/fred/DreamSpace/, , Project: ProjectReference(file:/C:/Users/fred/DreamSpace/,root), Config: compile)))
Sending msg to client play-fork-run-72f39b61-3f66-484f-a8fa-a7c33486cdbc: TaskFinished(37,2559,Some(AttributeKey[scala.collection.Seq[sbt.Attributed[java.io.File]]]("managedClasspath") in Scope(Build: file:/C:/Users/fred/DreamSpace/, , Project: ProjectReference(file:/C:/Users/fred/DreamSpace/,root), Config: docs)),true,None)
Sending msg to client play-fork-run-72f39b61-3f66-484f-a8fa-a7c33486cdbc: TaskFinished(37,2603,Some(AttributeKey[sbt.Configuration]("classpathConfiguration") in Scope(Build: file:/C:/Users/fred/DreamSpace/, , Project: ProjectReference(file:/C:/Users/fred/DreamSpace/,root), Config: compile)),true,None)
Sending msg to client play-fork-run-72f39b61-3f66-484f-a8fa-a7c33486cdbc: TaskStarted(37,2602,None)
Sending msg to client play-fork-run-72f39b61-3f66-484f-a8fa-a7c33486cdbc: TaskFinished(37,2602,None,true,None)
Sending msg to client play-fork-run-72f39b61-3f66-484f-a8fa-a7c33486cdbc: TaskStarted(37,2601,Some(AttributeKey[sbt.Configuration]("classpathConfiguration") in Scope(Build: file:/C:/Users/fred/DreamSpace/, , Project: ProjectReference(file:/C:/Users/fred/DreamSpace/,root), Config: runtime)))
Sending msg to client play-fork-run-72f39b61-3f66-484f-a8fa-a7c33486cdbc: TaskFinished(37,2601,Some(AttributeKey[sbt.Configuration]("classpathConfiguration") in Scope(Build: file:/C:/Users/fred/DreamSpace/, , Project: ProjectReference(file:/C:/Users/fred/DreamSpace/,root), Config: runtime)),true,None)
Sending msg to client play-fork-run-72f39b61-3f66-484f-a8fa-a7c33486cdbc: TaskStarted(37,2600,None)
Sending msg to client play-fork-run-72f39b61-3f66-484f-a8fa-a7c33486cdbc: TaskFinished(37,2600,None,true,None)
Sending msg to client play-fork-run-72f39b61-3f66-484f-a8fa-a7c33486cdbc: TaskStarted(37,2598,Some(AttributeKey[scala.collection.Seq[sbt.Attributed[java.io.File]]]("managedClasspath") in Scope(Build: file:/C:/Users/fred/DreamSpace/, , Project: ProjectReference(file:/C:/Users/fred/DreamSpace/,root), Config: runtime)))
Sending msg to client play-fork-run-72f39b61-3f66-484f-a8fa-a7c33486cdbc: TaskFinished(37,2598,Some(AttributeKey[scala.collection.Seq[sbt.Attributed[java.io.File]]]("managedClasspath") in Scope(Build: file:/C:/Users/fred/DreamSpace/, , Project: ProjectReference(file:/C:/Users/fred/DreamSpace/,root), Config: runtime)),true,None)
Sending msg to client play-fork-run-72f39b61-3f66-484f-a8fa-a7c33486cdbc: TaskStarted(37,2594,None)
Sending msg to client play-fork-run-72f39b61-3f66-484f-a8fa-a7c33486cdbc: TaskFinished(37,2594,None,true,None)
Sending msg to client play-fork-run-72f39b61-3f66-484f-a8fa-a7c33486cdbc: TaskStarted(37,2593,Some(AttributeKey[scala.collection.Seq[sbt.Attributed[java.io.File]]]("playDependencyClasspath") in Scope(Build: file:/C:/Users/fred/DreamSpace/, , Project: ProjectReference(file:/C:/Users/fred/DreamSpace/,root))))
Sending msg to client play-fork-run-72f39b61-3f66-484f-a8fa-a7c33486cdbc: TaskFinished(37,2593,Some(AttributeKey[scala.collection.Seq[sbt.Attributed[java.io.File]]]("playDependencyClasspath") in Scope(Build: file:/C:/Users/fred/DreamSpace/, , Project: ProjectReference(file:/C:/Users/fred/DreamSpace/,root))),true,None)
Sending msg to client play-fork-run-72f39b61-3f66-484f-a8fa-a7c33486cdbc: TaskStarted(37,2552,Some(AttributeKey[play.forkrun.protocol.ForkConfig]("playForkConfig") in Scope(Build: file:/C:/Users/fred/DreamSpace/, , Project: ProjectReference(file:/C:/Users/fred/DreamSpace/,root))))
Sending msg to client play-fork-run-72f39b61-3f66-484f-a8fa-a7c33486cdbc: TaskFinished(37,2552,Some(AttributeKey[play.forkrun.protocol.ForkConfig]("playForkConfig") in Scope(Build: file:/C:/Users/fred/DreamSpace/, , Project: ProjectReference(file:/C:/Users/fred/DreamSpace/,root))),true,None)
Sending msg to client play-fork-run-72f39b61-3f66-484f-a8fa-a7c33486cdbc: ValueChanged(AttributeKey[play.forkrun.protocol.ForkConfig]("playForkConfig") in Scope(Build: file:/C:/Users/fred/DreamSpace/, , Project: ProjectReference(file:/C:/Users/fred/DreamSpace/,root)),TaskSuccess(BuildValue(LazyValue(ForkConfig(C:\Users\fred\DreamSpace,List(),List(C:\Users\fred\.ivy2\cache\org.scala-lang\scala-library\jars\scala-library-2.11.1.jar, C:\Users\fred\.ivy2\cache\com.typesafe.play\twirl-api_2.11\jars\twirl-api_2.11-1.0.2.jar, C:\Users\fred\.ivy2\cache\org.apache.commons\commons-lang3\jars\commons-lang3-3.1.jar, C:\Users\fred\.ivy2\cache\org.scala-lang.modules\scala-xml_2.11\bundles\scala-xml_2.11-1.0.1.jar, C:\Users\fred\.ivy2\cache\com.typesafe.play\play_2.11\jars\play_2.11-2.3.8.jar, C:\Users\fred\.ivy2\cache\com.typesafe.play\build-link\jars\build-link-2.3.8.jar, C:\Users\fred\.ivy2\cache\com.typesafe.play\play-exceptions\jars\play-exceptions-2.3.8.jar, C:\Users\fred\.ivy2\cache\com.typesafe.play\play-iteratees_2.11\jars\play-iteratees_2.11-2.3.8.jar, C:\Users\fred\.ivy2\cache\org.scala-stm\scala-stm_2.11\jars\scala-stm_2.11-0.7.jar, C:\Users\fred\.ivy2\cache\com.typesafe\config\bundles\config-1.2.1.jar, C:\Users\fred\.ivy2\cache\com.typesafe.play\play-json_2.11\jars\play-json_2.11-2.3.8.jar, C:\Users\fred\.ivy2\cache\com.typesafe.play\play-functional_2.11\jars\play-functional_2.11-2.3.8.jar, C:\Users\fred\.ivy2\cache\com.typesafe.play\play-datacommons_2.11\jars\play-datacommons_2.11-2.3.8.jar, C:\Users\fred\.ivy2\cache\joda-time\joda-time\jars\joda-time-2.3.jar, C:\Users\fred\.ivy2\cache\org.joda\joda-convert\jars\joda-convert-1.6.jar, C:\Users\fred\.ivy2\cache\com.fasterxml.jackson.core\jackson-annotations\bundles\jackson-annotations-2.3.2.jar, C:\Users\fred\.ivy2\cache\com.fasterxml.jackson.core\jackson-core\bundles\jackson-core-2.3.2.jar, C:\Users\fred\.ivy2\cache\com.fasterxml.jackson.core\jackson-databind\bundles\jackson-databind-2.3.2.jar, C:\Users\fred\.ivy2\cache\org.scala-lang\scala-reflect\jars\scala-reflect-2.11.1.jar, C:\Users\fred\.ivy2\cache\org.scala-lang.modules\scala-parser-combinators_2.11\bundles\scala-parser-combinators_2.11-1.0.1.jar, C:\Users\fred\.ivy2\cache\io.netty\netty\bundles\netty-3.9.3.Final.jar, C:\Users\fred\.ivy2\cache\com.typesafe.netty\netty-http-pipelining\jars\netty-http-pipelining-1.1.2.jar, C:\Users\fred\.ivy2\cache\org.slf4j\slf4j-api\jars\slf4j-api-1.7.6.jar, C:\Users\fred\.ivy2\cache\org.slf4j\jul-to-slf4j\jars\jul-to-slf4j-1.7.6.jar, C:\Users\fred\.ivy2\cache\org.slf4j\jcl-over-slf4j\jars\jcl-over-slf4j-1.7.6.jar, C:\Users\fred\.ivy2\cache\ch.qos.logback\logback-core\jars\logback-core-1.1.1.jar, C:\Users\fred\.ivy2\cache\ch.qos.logback\logback-classic\jars\logback-classic-1.1.1.jar, C:\Users\fred\.ivy2\cache\com.typesafe.akka\akka-actor_2.11\jars\akka-actor_2.11-2.3.4.jar, C:\Users\fred\.ivy2\cache\com.typesafe.akka\akka-slf4j_2.11\jars\akka-slf4j_2.11-2.3.4.jar, C:\Users\fred\.ivy2\cache\commons-codec\commons-codec\jars\commons-codec-1.9.jar, C:\Users\fred\.ivy2\cache\xerces\xercesImpl\jars\xercesImpl-2.11.0.jar, C:\Users\fred\.ivy2\cache\xml-apis\xml-apis\jars\xml-apis-1.4.01.jar, C:\Users\fred\.ivy2\cache\javax.transaction\jta\jars\jta-1.1.jar, C:\Users\fred\.ivy2\cache\com.typesafe.play\play-java_2.11\jars\play-java_2.11-2.3.8.jar, C:\Users\fred\.ivy2\cache\org.yaml\snakeyaml\bundles\snakeyaml-1.13.jar, C:\Users\fred\.ivy2\cache\org.hibernate\hibernate-validator\jars\hibernate-validator-5.0.3.Final.jar, C:\Users\fred\.ivy2\cache\javax.validation\validation-api\jars\validation-api-1.1.0.Final.jar, C:\Users\fred\.ivy2\cache\com.fasterxml\classmate\bundles\classmate-1.0.0.jar, C:\Users\fred\.ivy2\cache\org.jboss.logging\jboss-logging\jars\jboss-logging-3.2.0.Final.jar, C:\Users\fred\.ivy2\cache\org.springframework\spring-context\jars\spring-context-4.0.3.RELEASE.jar, C:\Users\fred\.ivy2\cache\org.springframework\spring-core\jars\spring-core-4.0.3.RELEASE.jar, C:\Users\fred\.ivy2\cache\org.springframework\spring-beans\jars\spring-beans-4.0.3.RELEASE.jar, C:\Users\fred\.ivy2\cache\org.javassist\javassist\bundles\javassist-3.19.0-GA.jar, C:\Users\fred\.ivy2\cache\org.reflections\reflections\jars\reflections-0.9.8.jar, C:\Users\fred\.ivy2\cache\com.google.guava\guava\bundles\guava-16.0.1.jar, C:\Users\fred\.ivy2\cache\dom4j\dom4j\jars\dom4j-1.6.1.jar, C:\Users\fred\.ivy2\cache\com.google.code.findbugs\jsr305\jars\jsr305-2.0.3.jar, C:\Users\fred\.ivy2\cache\org.apache.tomcat\tomcat-servlet-api\jars\tomcat-servlet-api-8.0.5.jar, C:\Users\fred\.ivy2\cache\mysql\mysql-connector-java\jars\mysql-connector-java-5.1.27.jar, C:\Users\fred\.ivy2\cache\com.typesafe.play\play-java-jdbc_2.11\jars\play-java-jdbc_2.11-2.3.8.jar, C:\Users\fred\.ivy2\cache\com.typesafe.play\play-jdbc_2.11\jars\play-jdbc_2.11-2.3.8.jar, C:\Users\fred\.ivy2\cache\com.jolbox\bonecp\bundles\bonecp-0.8.0.RELEASE.jar, C:\Users\fred\.ivy2\cache\com.h2database\h2\jars\h2-1.3.175.jar, C:\Users\fred\.ivy2\cache\tyrex\tyrex\jars\tyrex-1.0.1.jar, C:\Users\fred\.ivy2\cache\com.typesafe.play\play-java-ebean_2.11\jars\play-java-ebean_2.11-2.3.8.jar, C:\Users\fred\.ivy2\cache\org.avaje.ebeanorm\avaje-ebeanorm\jars\avaje-ebeanorm-3.3.4.jar, C:\Users\fred\.ivy2\cache\org.avaje.ebeanorm\avaje-ebeanorm-agent\jars\avaje-ebeanorm-agent-3.2.2.jar, C:\Users\fred\.ivy2\cache\org.hibernate.javax.persistence\hibernate-jpa-2.0-api\jars\hibernate-jpa-2.0-api-1.0.1.Final.jar, C:\Users\fred\.ivy2\cache\com.typesafe.play\play-cache_2.11\jars\play-cache_2.11-2.3.8.jar, C:\Users\fred\.ivy2\cache\net.sf.ehcache\ehcache-core\jars\ehcache-core-2.6.8.jar, C:\Users\fred\.ivy2\cache\com.typesafe.play\play-java-ws_2.11\jars\play-java-ws_2.11-2.3.8.jar, C:\Users\fred\.ivy2\cache\com.typesafe.play\play-ws_2.11\jars\play-ws_2.11-2.3.8.jar, C:\Users\fred\.ivy2\cache\com.ning\async-http-client\jars\async-http-client-1.8.15.jar, C:\Users\fred\.ivy2\cache\oauth.signpost\signpost-core\jars\signpost-core-1.2.1.2.jar, C:\Users\fred\.ivy2\cache\oauth.signpost\signpost-commonshttp4\jars\signpost-commonshttp4-1.2.1.2.jar, C:\Users\fred\.ivy2\cache\org.apache.httpcomponents\httpcore\jars\httpcore-4.0.1.jar, C:\Users\fred\.ivy2\cache\org.apache.httpcomponents\httpclient\jars\httpclient-4.0.1.jar, C:\Users\fred\.ivy2\cache\commons-logging\commons-logging\jars\commons-logging-1.1.1.jar),List((public/,C:\Users\fred\DreamSpace\target\web\public\main)),List(C:\Users\fred\.ivy2\cache\com.typesafe.play\play-docs_2.11\jars\play-docs_2.11-2.3.8.jar, C:\Users\fred\.ivy2\cache\org.scala-lang\scala-library\jars\scala-library-2.11.1.jar, C:\Users\fred\.ivy2\cache\com.typesafe.play\play_2.11\jars\play_2.11-2.3.8.jar, C:\Users\fred\.ivy2\cache\com.typesafe.play\build-link\jars\build-link-2.3.8.jar, C:\Users\fred\.ivy2\cache\com.typesafe.play\play-exceptions\jars\play-exceptions-2.3.8.jar, C:\Users\fred\.ivy2\cache\org.javassist\javassist\bundles\javassist-3.18.2-GA.jar, C:\Users\fred\.ivy2\cache\com.typesafe.play\play-iteratees_2.11\jars\play-iteratees_2.11-2.3.8.jar, C:\Users\fred\.ivy2\cache\org.scala-stm\scala-stm_2.11\jars\scala-stm_2.11-0.7.jar, C:\Users\fred\.ivy2\cache\com.typesafe\config\bundles\config-1.2.1.jar, C:\Users\fred\.ivy2\cache\com.typesafe.play\play-json_2.11\jars\play-json_2.11-2.3.8.jar, C:\Users\fred\.ivy2\cache\com.typesafe.play\play-functional_2.11\jars\play-functional_2.11-2.3.8.jar, C:\Users\fred\.ivy2\cache\com.typesafe.play\play-datacommons_2.11\jars\play-datacommons_2.11-2.3.8.jar, C:\Users\fred\.ivy2\cache\joda-time\joda-time\jars\joda-time-2.3.jar, C:\Users\fred\.ivy2\cache\org.joda\joda-convert\jars\joda-convert-1.6.jar, C:\Users\fred\.ivy2\cache\com.fasterxml.jackson.core\jackson-annotations\bundles\jackson-annotations-2.3.2.jar, C:\Users\fred\.ivy2\cache\com.fasterxml.jackson.core\jackson-core\bundles\jackson-core-2.3.2.jar, C:\Users\fred\.ivy2\cache\com.fasterxml.jackson.core\jackson-databind\bundles\jackson-databind-2.3.2.jar, C:\Users\fred\.ivy2\cache\org.scala-lang\scala-reflect\jars\scala-reflect-2.11.1.jar, C:\Users\fred\.ivy2\cache\com.typesafe.play\twirl-api_2.11\jars\twirl-api_2.11-1.0.2.jar, C:\Users\fred\.ivy2\cache\org.apache.commons\commons-lang3\jars\commons-lang3-3.1.jar, C:\Users\fred\.ivy2\cache\org.scala-lang.modules\scala-xml_2.11\bundles\scala-xml_2.11-1.0.1.jar, C:\Users\fred\.ivy2\cache\org.scala-lang.modules\scala-parser-combinators_2.11\bundles\scala-parser-combinators_2.11-1.0.1.jar, C:\Users\fred\.ivy2\cache\io.netty\netty\bundles\netty-3.9.3.Final.jar, C:\Users\fred\.ivy2\cache\com.typesafe.netty\netty-http-pipelining\jars\netty-http-pipelining-1.1.2.jar, C:\Users\fred\.ivy2\cache\org.slf4j\slf4j-api\jars\slf4j-api-1.7.6.jar, C:\Users\fred\.ivy2\cache\org.slf4j\jul-to-slf4j\jars\jul-to-slf4j-1.7.6.jar, C:\Users\fred\.ivy2\cache\org.slf4j\jcl-over-slf4j\jars\jcl-over-slf4j-1.7.6.jar, C:\Users\fred\.ivy2\cache\ch.qos.logback\logback-core\jars\logback-core-1.1.1.jar, C:\Users\fred\.ivy2\cache\ch.qos.logback\logback-classic\jars\logback-classic-1.1.1.jar, C:\Users\fred\.ivy2\cache\com.typesafe.akka\akka-actor_2.11\jars\akka-actor_2.11-2.3.4.jar, C:\Users\fred\.ivy2\cache\com.typesafe.akka\akka-slf4j_2.11\jars\akka-slf4j_2.11-2.3.4.jar, C:\Users\fred\.ivy2\cache\commons-codec\commons-codec\jars\commons-codec-1.9.jar, C:\Users\fred\.ivy2\cache\xerces\xercesImpl\jars\xercesImpl-2.11.0.jar, C:\Users\fred\.ivy2\cache\xml-apis\xml-apis\jars\xml-apis-1.4.01.jar, C:\Users\fred\.ivy2\cache\javax.transaction\jta\jars\jta-1.1.jar, C:\Users\fred\.ivy2\cache\com.typesafe.play\play-doc_2.11\jars\play-doc_2.11-1.1.0.jar, C:\Users\fred\.ivy2\cache\org.pegdown\pegdown\jars\pegdown-1.4.0.jar, C:\Users\fred\.ivy2\cache\org.parboiled\parboiled-java\bundles\parboiled-java-1.1.5.jar, C:\Users\fred\.ivy2\cache\org.parboiled\parboiled-core\bundles\parboiled-core-1.1.5.jar, C:\Users\fred\.ivy2\cache\org.ow2.asm\asm\jars\asm-4.1.jar, C:\Users\fred\.ivy2\cache\org.ow2.asm\asm-tree\jars\asm-tree-4.1.jar, C:\Users\fred\.ivy2\cache\org.ow2.asm\asm-analysis\jars\asm-analysis-4.1.jar, C:\Users\fred\.ivy2\cache\org.ow2.asm\asm-util\jars\asm-util-4.1.jar, C:\Users\fred\.ivy2\cache\commons-io\commons-io\jars\commons-io-2.4.jar),List(),9000,DefaultWatchService,List(C:\Users\fred\DreamSpace\app-2.11, C:\Users\fred\DreamSpace\app, C:\Users\fred\DreamSpace\conf, C:\Users\fred\DreamSpace\app\assets, C:\Users\fred\DreamSpace\public),C:\Users\fred\DreamSpace\target,500,root/playForkNotifyStart,root/playForkReload,300000),scala.pickling.PicklerUnpickler$DelegatingPicklerUnpickler@328a771a),ForkConfig(C:\Users\fred\DreamSpace,List(),List(C:\Users\fred\.ivy2\cache\org.scala-lang\scala-library\jars\scala-library-2.11.1.jar, C:\Users\fred\.ivy2\cache\com.typesafe.play\twirl-api_2.11\jars\twirl-api_2.11-1.0.2.jar, C:\Users\fred\.ivy2\cache\org.apache.commons\commons-lang3\jars\commons-lang3-3.1.jar, C:\Users\fred\.ivy2\cache\org.scala-lang.modules\scala-xml_2.11\bundles\scala-xml_2.11-1.0.1.jar, C:\Users\fred\.ivy2\cache\com.typesafe.play\play_2.11\jars\play_2.11-2.3.8.jar, C:\Users\fred\.ivy2\cache\com.typesafe.play\build-link\jars\build-link-2.3.8.jar, C:\Users\fred\.ivy2\cache\com.typesafe.play\play-exceptions\jars\play-exceptions-2.3.8.jar, C:\Users\fred\.ivy2\cache\com.typesafe.play\play-iteratees_2.11\jars\play-iteratees_2.11-2.3.8.jar, C:\Users\fred\.ivy2\cache\org.scala-stm\scala-stm_2.11\jars\scala-stm_2.11-0.7.jar, C:\Users\fred\.ivy2\cache\com.typesafe\config\bundles\config-1.2.1.jar, C:\Users\fred\.ivy2\cache\com.typesafe.play\play-json_2.11\jars\play-json_2.11-2.3.8.jar, C:\Users\fred\.ivy2\cache\com.typesafe.play\play-functional_2.11\jars\play-functional_2.11-2.3.8.jar, C:\Users\fred\.ivy2\cache\com.typesafe.play\play-datacommons_2.11\jars\play-datacommons_2.11-2.3.8.jar, C:\Users\fred\.ivy2\cache\joda-time\joda-time\jars\joda-time-2.3.jar, C:\Users\fred\.ivy2\cache\org.joda\joda-convert\jars\joda-convert-1.6.jar, C:\Users\fred\.ivy2\cache\com.fasterxml.jackson.core\jackson-annotations\bundles\jackson-annotations-2.3.2.jar, C:\Users\fred\.ivy2\cache\com.fasterxml.jackson.core\jackson-core\bundles\jackson-core-2.3.2.jar, C:\Users\fred\.ivy2\cache\com.fasterxml.jackson.core\jackson-databind\bundles\jackson-databind-2.3.2.jar, C:\Users\fred\.ivy2\cache\org.scala-lang\scala-reflect\jars\scala-reflect-2.11.1.jar, C:\Users\fred\.ivy2\cache\org.scala-lang.modules\scala-parser-combinators_2.11\bundles\scala-parser-combinators_2.11-1.0.1.jar, C:\Users\fred\.ivy2\cache\io.netty\netty\bundles\netty-3.9.3.Final.jar, C:\Users\fred\.ivy2\cache\com.typesafe.netty\netty-http-pipelining\jars\netty-http-pipelining-1.1.2.jar, C:\Users\fred\.ivy2\cache\org.slf4j\slf4j-api\jars\slf4j-api-1.7.6.jar, C:\Users\fred\.ivy2\cache\org.slf4j\jul-to-slf4j\jars\jul-to-slf4j-1.7.6.jar, C:\Users\fred\.ivy2\cache\org.slf4j\jcl-over-slf4j\jars\jcl-over-slf4j-1.7.6.jar, C:\Users\fred\.ivy2\cache\ch.qos.logback\logback-core\jars\logback-core-1.1.1.jar, C:\Users\fred\.ivy2\cache\ch.qos.logback\logback-classic\jars\logback-classic-1.1.1.jar, C:\Users\fred\.ivy2\cache\com.typesafe.akka\akka-actor_2.11\jars\akka-actor_2.11-2.3.4.jar, C:\Users\fred\.ivy2\cache\com.typesafe.akka\akka-slf4j_2.11\jars\akka-slf4j_2.11-2.3.4.jar, C:\Users\fred\.ivy2\cache\commons-codec\commons-codec\jars\commons-codec-1.9.jar, C:\Users\fred\.ivy2\cache\xerces\xercesImpl\jars\xercesImpl-2.11.0.jar, C:\Users\fred\.ivy2\cache\xml-apis\xml-apis\jars\xml-apis-1.4.01.jar, C:\Users\fred\.ivy2\cache\javax.transaction\jta\jars\jta-1.1.jar, C:\Users\fred\.ivy2\cache\com.typesafe.play\play-java_2.11\jars\play-java_2.11-2.3.8.jar, C:\Users\fred\.ivy2\cache\org.yaml\snakeyaml\bundles\snakeyaml-1.13.jar, C:\Users\fred\.ivy2\cache\org.hibernate\hibernate-validator\jars\hibernate-validator-5.0.3.Final.jar, C:\Users\fred\.ivy2\cache\javax.validation\validation-api\jars\validation-api-1.1.0.Final.jar, C:\Users\fred\.ivy2\cache\com.fasterxml\classmate\bundles\classmate-1.0.0.jar, C:\Users\fred\.ivy2\cache\org.jboss.logging\jboss-logging\jars\jboss-logging-3.2.0.Final.jar, C:\Users\fred\.ivy2\cache\org.springframework\spring-context\jars\spring-context-4.0.3.RELEASE.jar, C:\Users\fred\.ivy2\cache\org.springframework\spring-core\jars\spring-core-4.0.3.RELEASE.jar, C:\Users\fred\.ivy2\cache\org.springframework\spring-beans\jars\spring-beans-4.0.3.RELEASE.jar, C:\Users\fred\.ivy2\cache\org.javassist\javassist\bundles\javassist-3.19.0-GA.jar, C:\Users\fred\.ivy2\cache\org.reflections\reflections\jars\reflections-0.9.8.jar, C:\Users\fred\.ivy2\cache\com.google.guava\guava\bundles\guava-16.0.1.jar, C:\Users\fred\.ivy2\cache\dom4j\dom4j\jars\dom4j-1.6.1.jar, C:\Users\fred\.ivy2\cache\com.google.code.findbugs\jsr305\jars\jsr305-2.0.3.jar, C:\Users\fred\.ivy2\cache\org.apache.tomcat\tomcat-servlet-api\jars\tomcat-servlet-api-8.0.5.jar, C:\Users\fred\.ivy2\cache\mysql\mysql-connector-java\jars\mysql-connector-java-5.1.27.jar, C:\Users\fred\.ivy2\cache\com.typesafe.play\play-java-jdbc_2.11\jars\play-java-jdbc_2.11-2.3.8.jar, C:\Users\fred\.ivy2\cache\com.typesafe.play\play-jdbc_2.11\jars\play-jdbc_2.11-2.3.8.jar, C:\Users\fred\.ivy2\cache\com.jolbox\bonecp\bundles\bonecp-0.8.0.RELEASE.jar, C:\Users\fred\.ivy2\cache\com.h2database\h2\jars\h2-1.3.175.jar, C:\Users\fred\.ivy2\cache\tyrex\tyrex\jars\tyrex-1.0.1.jar, C:\Users\fred\.ivy2\cache\com.typesafe.play\play-java-ebean_2.11\jars\play-java-ebean_2.11-2.3.8.jar, C:\Users\fred\.ivy2\cache\org.avaje.ebeanorm\avaje-ebeanorm\jars\avaje-ebeanorm-3.3.4.jar, C:\Users\fred\.ivy2\cache\org.avaje.ebeanorm\avaje-ebeanorm-agent\jars\avaje-ebeanorm-agent-3.2.2.jar, C:\Users\fred\.ivy2\cache\org.hibernate.javax.persistence\hibernate-jpa-2.0-api\jars\hibernate-jpa-2.0-api-1.0.1.Final.jar, C:\Users\fred\.ivy2\cache\com.typesafe.play\play-cache_2.11\jars\play-cache_2.11-2.3.8.jar, C:\Users\fred\.ivy2\cache\net.sf.ehcache\ehcache-core\jars\ehcache-core-2.6.8.jar, C:\Users\fred\.ivy2\cache\com.typesafe.play\play-java-ws_2.11\jars\play-java-ws_2.11-2.3.8.jar, C:\Users\fred\.ivy2\cache\com.typesafe.play\play-ws_2.11\jars\play-ws_2.11-2.3.8.jar, C:\Users\fred\.ivy2\cache\com.ning\async-http-client\jars\async-http-client-1.8.15.jar, C:\Users\fred\.ivy2\cache\oauth.signpost\signpost-core\jars\signpost-core-1.2.1.2.jar, C:\Users\fred\.ivy2\cache\oauth.signpost\signpost-commonshttp4\jars\signpost-commonshttp4-1.2.1.2.jar, C:\Users\fred\.ivy2\cache\org.apache.httpcomponents\httpcore\jars\httpcore-4.0.1.jar, C:\Users\fred\.ivy2\cache\org.apache.httpcomponents\httpclient\jars\httpclient-4.0.1.jar, C:\Users\fred\.ivy2\cache\commons-logging\commons-logging\jars\commons-logging-1.1.1.jar),List((public/,C:\Users\fred\DreamSpace\target\web\public\main)),List(C:\Users\fred\.ivy2\cache\com.typesafe.play\play-docs_2.11\jars\play-docs_2.11-2.3.8.jar, C:\Users\fred\.ivy2\cache\org.scala-lang\scala-library\jars\scala-library-2.11.1.jar, C:\Users\fred\.ivy2\cache\com.typesafe.play\play_2.11\jars\play_2.11-2.3.8.jar, C:\Users\fred\.ivy2\cache\com.typesafe.play\build-link\jars\build-link-2.3.8.jar, C:\Users\fred\.ivy2\cache\com.typesafe.play\play-exceptions\jars\play-exceptions-2.3.8.jar, C:\Users\fred\.ivy2\cache\org.javassist\javassist\bundles\javassist-3.18.2-GA.jar, C:\Users\fred\.ivy2\cache\com.typesafe.play\play-iteratees_2.11\jars\play-iteratees_2.11-2.3.8.jar, C:\Users\fred\.ivy2\cache\org.scala-stm\scala-stm_2.11\jars\scala-stm_2.11-0.7.jar, C:\Users\fred\.ivy2\cache\com.typesafe\config\bundles\config-1.2.1.jar, C:\Users\fred\.ivy2\cache\com.typesafe.play\play-json_2.11\jars\play-json_2.11-2.3.8.jar, C:\Users\fred\.ivy2\cache\com.typesafe.play\play-functional_2.11\jars\play-functional_2.11-2.3.8.jar, C:\Users\fred\.ivy2\cache\com.typesafe.play\play-datacommons_2.11\jars\play-datacommons_2.11-2.3.8.jar, C:\Users\fred\.ivy2\cache\joda-time\joda-time\jars\joda-time-2.3.jar, C:\Users\fred\.ivy2\cache\org.joda\joda-convert\jars\joda-convert-1.6.jar, C:\Users\fred\.ivy2\cache\com.fasterxml.jackson.core\jackson-annotations\bundles\jackson-annotations-2.3.2.jar, C:\Users\fred\.ivy2\cache\com.fasterxml.jackson.core\jackson-core\bundles\jackson-core-2.3.2.jar, C:\Users\fred\.ivy2\cache\com.fasterxml.jackson.core\jackson-databind\bundles\jackson-databind-2.3.2.jar, C:\Users\fred\.ivy2\cache\org.scala-lang\scala-reflect\jars\scala-reflect-2.11.1.jar, C:\Users\fred\.ivy2\cache\com.typesafe.play\twirl-api_2.11\jars\twirl-api_2.11-1.0.2.jar, C:\Users\fred\.ivy2\cache\org.apache.commons\commons-lang3\jars\commons-lang3-3.1.jar, C:\Users\fred\.ivy2\cache\org.scala-lang.modules\scala-xml_2.11\bundles\scala-xml_2.11-1.0.1.jar, C:\Users\fred\.ivy2\cache\org.scala-lang.modules\scala-parser-combinators_2.11\bundles\scala-parser-combinators_2.11-1.0.1.jar, C:\Users\fred\.ivy2\cache\io.netty\netty\bundles\netty-3.9.3.Final.jar, C:\Users\fred\.ivy2\cache\com.typesafe.netty\netty-http-pipelining\jars\netty-http-pipelining-1.1.2.jar, C:\Users\fred\.ivy2\cache\org.slf4j\slf4j-api\jars\slf4j-api-1.7.6.jar, C:\Users\fred\.ivy2\cache\org.slf4j\jul-to-slf4j\jars\jul-to-slf4j-1.7.6.jar, C:\Users\fred\.ivy2\cache\org.slf4j\jcl-over-slf4j\jars\jcl-over-slf4j-1.7.6.jar, C:\Users\fred\.ivy2\cache\ch.qos.logback\logback-core\jars\logback-core-1.1.1.jar, C:\Users\fred\.ivy2\cache\ch.qos.logback\logback-classic\jars\logback-classic-1.1.1.jar, C:\Users\fred\.ivy2\cache\com.typesafe.akka\akka-actor_2.11\jars\akka-actor_2.11-2.3.4.jar, C:\Users\fred\.ivy2\cache\com.typesafe.akka\akka-slf4j_2.11\jars\akka-slf4j_2.11-2.3.4.jar, C:\Users\fred\.ivy2\cache\commons-codec\commons-codec\jars\commons-codec-1.9.jar, C:\Users\fred\.ivy2\cache\xerces\xercesImpl\jars\xercesImpl-2.11.0.jar, C:\Users\fred\.ivy2\cache\xml-apis\xml-apis\jars\xml-apis-1.4.01.jar, C:\Users\fred\.ivy2\cache\javax.transaction\jta\jars\jta-1.1.jar, C:\Users\fred\.ivy2\cache\com.typesafe.play\play-doc_2.11\jars\play-doc_2.11-1.1.0.jar, C:\Users\fred\.ivy2\cache\org.pegdown\pegdown\jars\pegdown-1.4.0.jar, C:\Users\fred\.ivy2\cache\org.parboiled\parboiled-java\bundles\parboiled-java-1.1.5.jar, C:\Users\fred\.ivy2\cache\org.parboiled\parboiled-core\bundles\parboiled-core-1.1.5.jar, C:\Users\fred\.ivy2\cache\org.ow2.asm\asm\jars\asm-4.1.jar, C:\Users\fred\.ivy2\cache\org.ow2.asm\asm-tree\jars\asm-tree-4.1.jar, C:\Users\fred\.ivy2\cache\org.ow2.asm\asm-analysis\jars\asm-analysis-4.1.jar, C:\Users\fred\.ivy2\cache\org.ow2.asm\asm-util\jars\asm-util-4.1.jar, C:\Users\fred\.ivy2\cache\commons-io\commons-io\jars\commons-io-2.4.jar),List(),9000,DefaultWatchService,List(C:\Users\fred\DreamSpace\app-2.11, C:\Users\fred\DreamSpace\app, C:\Users\fred\DreamSpace\conf, C:\Users\fred\DreamSpace\app\assets, C:\Users\fred\DreamSpace\public),C:\Users\fred\DreamSpace\target,500,root/playForkNotifyStart,root/playForkReload,300000))))
Sending msg to client play-fork-run-72f39b61-3f66-484f-a8fa-a7c33486cdbc: TaskStarted(37,2551,None)
Sending msg to client play-fork-run-72f39b61-3f66-484f-a8fa-a7c33486cdbc: TaskFinished(37,2551,None,true,None)
Sending msg to client play-fork-run-72f39b61-3f66-484f-a8fa-a7c33486cdbc: TaskStarted(37,2550,None)
Sending msg to client play-fork-run-72f39b61-3f66-484f-a8fa-a7c33486cdbc: TaskFinished(37,2550,None,true,None)
Sending msg to client play-fork-run-72f39b61-3f66-484f-a8fa-a7c33486cdbc: DetachedLogEvent(LogMessage(debug,cancel strategy finish enabled=false lastCommand=Some(LastCommand(CommandExecutionWork(ExecutionId(37),{file:/C:/Users/fred/DreamSpace/}root/*:playForkConfig,Set(LiveClient(play-fork-run 72f39b61-3f66-484f-a8fa-a7c33486cdbc)),sbt.server.WorkCancellationStatus$$anon$1@3c68a022)))))
Sending msg to client play-fork-run-72f39b61-3f66-484f-a8fa-a7c33486cdbc: DetachedLogEvent(LogSuccess(Total time: 0 s, completed 2015-maj-12 15:34:47))
Sending msg to client play-fork-run-72f39b61-3f66-484f-a8fa-a7c33486cdbc: DetachedLogEvent(LogMessage(debug,> server-post-command-cleanup))
Sending msg to client play-fork-run-72f39b61-3f66-484f-a8fa-a7c33486cdbc: ExecutionSuccess(37)
Sending msg to client play-fork-run-72f39b61-3f66-484f-a8fa-a7c33486cdbc: DetachedLogEvent(LogMessage(debug,> server-handle-next-server-request))
Sending msg to client play-fork-run-72f39b61-3f66-484f-a8fa-a7c33486cdbc: BackgroundJobLogEvent(6,LogMessage(info,))
Sending msg to client play-fork-run-72f39b61-3f66-484f-a8fa-a7c33486cdbc: ExecutionWaiting(38,jobStop 5,ClientInfo(c6a8050c-3b4a-418d-902f-690c002ac974,activator,Activator,1,Vector()))
Sending msg to client play-fork-run-72f39b61-3f66-484f-a8fa-a7c33486cdbc: ExecutionWaiting(39,jobStop 6,ClientInfo(c6a8050c-3b4a-418d-902f-690c002ac974,activator,Activator,1,Vector()))
Sending msg to client play-fork-run-72f39b61-3f66-484f-a8fa-a7c33486cdbc: ExecutionStarting(38)
Sending msg to client play-fork-run-72f39b61-3f66-484f-a8fa-a7c33486cdbc: DetachedLogEvent(LogMessage(debug,> jobStop 5))
Sending msg to client play-fork-run-72f39b61-3f66-484f-a8fa-a7c33486cdbc: DetachedLogEvent(LogMessage(debug,Evaluating tasks: *:jobStop))
Sending msg to client play-fork-run-72f39b61-3f66-484f-a8fa-a7c33486cdbc: DetachedLogEvent(LogMessage(debug,Running task... Cancel: sbt.server.ServerTaskCancellation@40f89318, check cycles: false))
Sending msg to client play-fork-run-72f39b61-3f66-484f-a8fa-a7c33486cdbc: DetachedLogEvent(LogMessage(debug,cancel strategy start enabled=true lastCommand=Some(LastCommand(CommandExecutionWork(ExecutionId(38),jobStop 5,Set(LiveClient(activator c6a8050c-3b4a-418d-902f-690c002ac974)),sbt.server.WorkCancellationStatus$$anon$1@428bf1e6)))))
Sending msg to client play-fork-run-72f39b61-3f66-484f-a8fa-a7c33486cdbc: TaskStarted(38,2624,Some(AttributeKey[void]("jobStop") in Scope(Global)))
Sending msg to client play-fork-run-72f39b61-3f66-484f-a8fa-a7c33486cdbc: TaskFinished(38,2624,Some(AttributeKey[void]("jobStop") in Scope(Global)),true,None)
Sending msg to client play-fork-run-72f39b61-3f66-484f-a8fa-a7c33486cdbc: BackgroundJobFinished(30,5)
Sending msg to client play-fork-run-72f39b61-3f66-484f-a8fa-a7c33486cdbc: DetachedLogEvent(LogStdErr(Exception in thread "sbt-bg-threads-5" java.lang.Error: java.lang.InterruptedException: sleep interrupted))
Sending msg to client play-fork-run-72f39b61-3f66-484f-a8fa-a7c33486cdbc: DetachedLogEvent(LogStdErr(	at java.util.concurrent.ThreadPoolExecutor.runWorker(ThreadPoolExecutor.java:1148)))
Sending msg to client play-fork-run-72f39b61-3f66-484f-a8fa-a7c33486cdbc: DetachedLogEvent(LogStdErr(	at java.util.concurrent.ThreadPoolExecutor$Worker.run(ThreadPoolExecutor.java:617)))
Sending msg to client play-fork-run-72f39b61-3f66-484f-a8fa-a7c33486cdbc: DetachedLogEvent(LogStdErr(	at java.lang.Thread.run(Thread.java:745)))
Sending msg to client play-fork-run-72f39b61-3f66-484f-a8fa-a7c33486cdbc: DetachedLogEvent(LogStdErr(Caused by: java.lang.InterruptedException: sleep interrupted))
Sending msg to client play-fork-run-72f39b61-3f66-484f-a8fa-a7c33486cdbc: DetachedLogEvent(LogStdErr(	at java.lang.Thread.sleep(Native Method)))
Sending msg to client play-fork-run-72f39b61-3f66-484f-a8fa-a7c33486cdbc: DetachedLogEvent(LogStdErr(	at play.sbt.forkrun.PlayForkProcess$.timedWaitFor$1(PlayForkProcess.scala:57)))
Sending msg to client play-fork-run-72f39b61-3f66-484f-a8fa-a7c33486cdbc: DetachedLogEvent(LogStdErr(	at play.sbt.forkrun.PlayForkProcess$.play$sbt$forkrun$PlayForkProcess$$stop$1(PlayForkProcess.scala:64)))
Sending msg to client play-fork-run-72f39b61-3f66-484f-a8fa-a7c33486cdbc: DetachedLogEvent(LogStdErr(	at play.sbt.forkrun.PlayForkProcess$.run(PlayForkProcess.scala:82)))
Sending msg to client play-fork-run-72f39b61-3f66-484f-a8fa-a7c33486cdbc: DetachedLogEvent(LogStdErr(	at play.sbt.forkrun.PlayForkProcess$.apply(PlayForkProcess.scala:34)))
Sending msg to client play-fork-run-72f39b61-3f66-484f-a8fa-a7c33486cdbc: DetachedLogEvent(LogStdErr(	at play.sbt.forkrun.PlayForkRun$$anonfun$backgroundForkRunTask$1$$anonfun$apply$7$$anonfun$apply$8$$anonfun$apply$9.apply(PlayForkRun.scala:108)))
Sending msg to client play-fork-run-72f39b61-3f66-484f-a8fa-a7c33486cdbc: DetachedLogEvent(LogStdErr(	at play.sbt.forkrun.PlayForkRun$$anonfun$backgroundForkRunTask$1$$anonfun$apply$7$$anonfun$apply$8$$anonfun$apply$9.apply(PlayForkRun.scala:107)))
Sending msg to client play-fork-run-72f39b61-3f66-484f-a8fa-a7c33486cdbc: DetachedLogEvent(LogStdErr(	at sbt.BackgroundThreadPool$$anonfun$1.apply$mcV$sp(AbstractBackgroundJobService.scala:134)))
Sending msg to client play-fork-run-72f39b61-3f66-484f-a8fa-a7c33486cdbc: DetachedLogEvent(LogStdErr(	at sbt.BackgroundThreadPool$BackgroundRunnable.run(AbstractBackgroundJobService.scala:68)))
Sending msg to client play-fork-run-72f39b61-3f66-484f-a8fa-a7c33486cdbc: DetachedLogEvent(LogStdErr(	at java.util.concurrent.ThreadPoolExecutor.runWorker(ThreadPoolExecutor.java:1142)))
Sending msg to client play-fork-run-72f39b61-3f66-484f-a8fa-a7c33486cdbc: DetachedLogEvent(LogStdErr(	... 2 more))
Sending msg to client play-fork-run-72f39b61-3f66-484f-a8fa-a7c33486cdbc: TaskStarted(38,2623,None)
Sending msg to client play-fork-run-72f39b61-3f66-484f-a8fa-a7c33486cdbc: TaskFinished(38,2623,None,true,None)
Sending msg to client play-fork-run-72f39b61-3f66-484f-a8fa-a7c33486cdbc: TaskStarted(38,2622,None)
Sending msg to client play-fork-run-72f39b61-3f66-484f-a8fa-a7c33486cdbc: TaskFinished(38,2622,None,true,None)
Sending msg to client play-fork-run-72f39b61-3f66-484f-a8fa-a7c33486cdbc: DetachedLogEvent(LogMessage(debug,cancel strategy finish enabled=false lastCommand=Some(LastCommand(CommandExecutionWork(ExecutionId(38),jobStop 5,Set(LiveClient(activator c6a8050c-3b4a-418d-902f-690c002ac974)),sbt.server.WorkCancellationStatus$$anon$1@428bf1e6)))))
Sending msg to client play-fork-run-72f39b61-3f66-484f-a8fa-a7c33486cdbc: DetachedLogEvent(LogSuccess(Total time: 0 s, completed 2015-maj-12 15:34:48))
Sending msg to client play-fork-run-72f39b61-3f66-484f-a8fa-a7c33486cdbc: DetachedLogEvent(LogMessage(debug,> server-post-command-cleanup))
Sending msg to client play-fork-run-72f39b61-3f66-484f-a8fa-a7c33486cdbc: ExecutionSuccess(38)
Sending msg to client play-fork-run-72f39b61-3f66-484f-a8fa-a7c33486cdbc: DetachedLogEvent(LogMessage(debug,> server-handle-next-server-request))
Sending msg to client play-fork-run-72f39b61-3f66-484f-a8fa-a7c33486cdbc: ExecutionStarting(39)
Sending msg to client play-fork-run-72f39b61-3f66-484f-a8fa-a7c33486cdbc: DetachedLogEvent(LogMessage(debug,> jobStop 6))
Sending msg to client play-fork-run-72f39b61-3f66-484f-a8fa-a7c33486cdbc: DetachedLogEvent(LogMessage(debug,Evaluating tasks: *:jobStop))
Sending msg to client play-fork-run-72f39b61-3f66-484f-a8fa-a7c33486cdbc: DetachedLogEvent(LogMessage(debug,Running task... Cancel: sbt.server.ServerTaskCancellation@12454a48, check cycles: false))
Sending msg to client play-fork-run-72f39b61-3f66-484f-a8fa-a7c33486cdbc: DetachedLogEvent(LogMessage(debug,cancel strategy start enabled=true lastCommand=Some(LastCommand(CommandExecutionWork(ExecutionId(39),jobStop 6,Set(LiveClient(activator c6a8050c-3b4a-418d-902f-690c002ac974)),sbt.server.WorkCancellationStatus$$anon$1@5e070342)))))
Sending msg to client play-fork-run-72f39b61-3f66-484f-a8fa-a7c33486cdbc: TaskStarted(39,2627,Some(AttributeKey[void]("jobStop") in Scope(Global)))
Sending msg to client play-fork-run-72f39b61-3f66-484f-a8fa-a7c33486cdbc: BackgroundJobLogEvent(6,LogMessage(info,Stopping Play fork run ...))
Sending msg to client play-fork-run-72f39b61-3f66-484f-a8fa-a7c33486cdbc: TaskFinished(39,2627,Some(AttributeKey[void]("jobStop") in Scope(Global)),true,None)
Sending msg to client play-fork-run-72f39b61-3f66-484f-a8fa-a7c33486cdbc: TaskStarted(39,2626,None)
Sending msg to client play-fork-run-72f39b61-3f66-484f-a8fa-a7c33486cdbc: TaskFinished(39,2626,None,true,None)
Sending msg to client play-fork-run-72f39b61-3f66-484f-a8fa-a7c33486cdbc: TaskStarted(39,2625,None)
Sending msg to client play-fork-run-72f39b61-3f66-484f-a8fa-a7c33486cdbc: TaskFinished(39,2625,None,true,None)
Sending msg to client play-fork-run-72f39b61-3f66-484f-a8fa-a7c33486cdbc: DetachedLogEvent(LogMessage(debug,cancel strategy finish enabled=false lastCommand=Some(LastCommand(CommandExecutionWork(ExecutionId(39),jobStop 6,Set(LiveClient(activator c6a8050c-3b4a-418d-902f-690c002ac974)),sbt.server.WorkCancellationStatus$$anon$1@5e070342)))))
Sending msg to client play-fork-run-72f39b61-3f66-484f-a8fa-a7c33486cdbc: DetachedLogEvent(LogSuccess(Total time: 0 s, completed 2015-maj-12 15:34:48))
Sending msg to client play-fork-run-72f39b61-3f66-484f-a8fa-a7c33486cdbc: DetachedLogEvent(LogMessage(debug,> server-post-command-cleanup))
Sending msg to client play-fork-run-72f39b61-3f66-484f-a8fa-a7c33486cdbc: ExecutionSuccess(39)
Sending msg to client play-fork-run-72f39b61-3f66-484f-a8fa-a7c33486cdbc: DetachedLogEvent(LogMessage(debug,> server-handle-next-server-request))
Sending msg to client play-fork-run-72f39b61-3f66-484f-a8fa-a7c33486cdbc: BackgroundJobLogEvent(6,LogMessage(info,--- (Running the application, auto-reloading is enabled) ---))
Sending msg to client play-fork-run-72f39b61-3f66-484f-a8fa-a7c33486cdbc: BackgroundJobLogEvent(6,LogMessage(info,))
Sending msg to client play-fork-run-72f39b61-3f66-484f-a8fa-a7c33486cdbc: BackgroundJobLogEvent(6,LogMessage(info,play - Listening for HTTP on /0:0:0:0:0:0:0:0:9000))
Sending msg to client play-fork-run-72f39b61-3f66-484f-a8fa-a7c33486cdbc: BackgroundJobLogEvent(6,LogMessage(info,))
Sending msg to client play-fork-run-72f39b61-3f66-484f-a8fa-a7c33486cdbc: BackgroundJobLogEvent(6,LogMessage(info,(Server started, use Ctrl+D to stop and go back to the console...)))
Sending msg to client play-fork-run-72f39b61-3f66-484f-a8fa-a7c33486cdbc: BackgroundJobLogEvent(6,LogMessage(info,))
Got request: ExecutionRequest(root/playForkNotifyStart http://localhost:9000)
Reading next message from client.
Sending msg to client play-fork-run-72f39b61-3f66-484f-a8fa-a7c33486cdbc: (8,ExecutionRequestReceived(40))
Sending msg to client play-fork-run-72f39b61-3f66-484f-a8fa-a7c33486cdbc: ExecutionWaiting(40,root/playForkNotifyStart http://localhost:9000,ClientInfo(72f39b61-3f66-484f-a8fa-a7c33486cdbc,play-fork-run,Play Fork Run,1,Vector()))
Sending msg to client play-fork-run-72f39b61-3f66-484f-a8fa-a7c33486cdbc: ExecutionStarting(40)
Sending msg to client play-fork-run-72f39b61-3f66-484f-a8fa-a7c33486cdbc: DetachedLogEvent(LogMessage(debug,> root/playForkNotifyStart http://localhost:9000))
Sending msg to client play-fork-run-72f39b61-3f66-484f-a8fa-a7c33486cdbc: DetachedLogEvent(LogMessage(debug,Evaluating tasks: *:playForkNotifyStart))
Sending msg to client play-fork-run-72f39b61-3f66-484f-a8fa-a7c33486cdbc: DetachedLogEvent(LogMessage(debug,Running task... Cancel: sbt.server.ServerTaskCancellation@72e00ae1, check cycles: false))
Sending msg to client play-fork-run-72f39b61-3f66-484f-a8fa-a7c33486cdbc: DetachedLogEvent(LogMessage(debug,cancel strategy start enabled=true lastCommand=Some(LastCommand(CommandExecutionWork(ExecutionId(40),root/playForkNotifyStart http://localhost:9000,Set(LiveClient(play-fork-run 72f39b61-3f66-484f-a8fa-a7c33486cdbc)),sbt.server.WorkCancellationStatus$$anon$1@38804e01)))))
Sending msg to client play-fork-run-72f39b61-3f66-484f-a8fa-a7c33486cdbc: TaskStarted(40,2632,Some(AttributeKey[sbt.SendEventService]("sendEventService") in Scope(Global)))
Sending msg to client play-fork-run-72f39b61-3f66-484f-a8fa-a7c33486cdbc: TaskFinished(40,2632,Some(AttributeKey[sbt.SendEventService]("sendEventService") in Scope(Global)),true,None)
Sending msg to client play-fork-run-72f39b61-3f66-484f-a8fa-a7c33486cdbc: TaskStarted(40,2631,Some(AttributeKey[scala.Function1[java.lang.String,void]]("playForkStarted") in Scope(Build: file:/C:/Users/fred/DreamSpace/, , Project: ProjectReference(file:/C:/Users/fred/DreamSpace/,root))))
Sending msg to client play-fork-run-72f39b61-3f66-484f-a8fa-a7c33486cdbc: TaskFinished(40,2631,Some(AttributeKey[scala.Function1[java.lang.String,void]]("playForkStarted") in Scope(Build: file:/C:/Users/fred/DreamSpace/, , Project: ProjectReference(file:/C:/Users/fred/DreamSpace/,root))),true,None)
Sending msg to client play-fork-run-72f39b61-3f66-484f-a8fa-a7c33486cdbc: TaskStarted(40,2630,Some(AttributeKey[void]("playForkNotifyStart") in Scope(Build: file:/C:/Users/fred/DreamSpace/, , Project: ProjectReference(file:/C:/Users/fred/DreamSpace/,root))))
Sending msg to client play-fork-run-72f39b61-3f66-484f-a8fa-a7c33486cdbc: TaskEvent(2630,LazyValue(PlayServerStarted(http://localhost:9000),play.forkrun.protocol.Serializers$PlayForkrunProtocolPlayServerStartedPickler1$2$@4e3b04bb))
Sending msg to client play-fork-run-72f39b61-3f66-484f-a8fa-a7c33486cdbc: TaskFinished(40,2630,Some(AttributeKey[void]("playForkNotifyStart") in Scope(Build: file:/C:/Users/fred/DreamSpace/, , Project: ProjectReference(file:/C:/Users/fred/DreamSpace/,root))),true,None)
Sending msg to client play-fork-run-72f39b61-3f66-484f-a8fa-a7c33486cdbc: TaskStarted(40,2629,None)
Sending msg to client play-fork-run-72f39b61-3f66-484f-a8fa-a7c33486cdbc: TaskFinished(40,2629,None,true,None)
Sending msg to client play-fork-run-72f39b61-3f66-484f-a8fa-a7c33486cdbc: TaskStarted(40,2628,None)
Sending msg to client play-fork-run-72f39b61-3f66-484f-a8fa-a7c33486cdbc: TaskFinished(40,2628,None,true,None)
Sending msg to client play-fork-run-72f39b61-3f66-484f-a8fa-a7c33486cdbc: DetachedLogEvent(LogMessage(debug,cancel strategy finish enabled=false lastCommand=Some(LastCommand(CommandExecutionWork(ExecutionId(40),root/playForkNotifyStart http://localhost:9000,Set(LiveClient(play-fork-run 72f39b61-3f66-484f-a8fa-a7c33486cdbc)),sbt.server.WorkCancellationStatus$$anon$1@38804e01)))))
Sending msg to client play-fork-run-72f39b61-3f66-484f-a8fa-a7c33486cdbc: DetachedLogEvent(LogSuccess(Total time: 0 s, completed 2015-maj-12 15:34:49))
Sending msg to client play-fork-run-72f39b61-3f66-484f-a8fa-a7c33486cdbc: DetachedLogEvent(LogMessage(debug,> server-post-command-cleanup))
Sending msg to client play-fork-run-72f39b61-3f66-484f-a8fa-a7c33486cdbc: ExecutionSuccess(40)
Sending msg to client play-fork-run-72f39b61-3f66-484f-a8fa-a7c33486cdbc: DetachedLogEvent(LogMessage(debug,> server-handle-next-server-request))
Got request: UnlistenToEvents()
Reading next message from client.
Sending msg to client play-fork-run-72f39b61-3f66-484f-a8fa-a7c33486cdbc: (9,ReceivedResponse())
Got request: UnlistenToValue(AttributeKey[play.forkrun.protocol.ForkConfig]("playForkConfig") in Scope(Build: file:/C:/Users/fred/DreamSpace/, , Project: ProjectReference(file:/C:/Users/fred/DreamSpace/,root)))
Reading next message from client.
Client play-fork-run-72f39b61-3f66-484f-a8fa-a7c33486cdbc EOF, shutting down.
Stopping client.
Client play-fork-run-72f39b61-3f66-484f-a8fa-a7c33486cdbc thread exiting.
Dropping message (10,ReceivedResponse()) to dead client play-fork-run-72f39b61-3f66-484f-a8fa-a7c33486cdbc
Dropping message (0,ReceivedResponse()) to dead client play-fork-run-72f39b61-3f66-484f-a8fa-a7c33486cdbc
