New log file opened at Fri May 15 13:47:42 CEST 2015 by 5156@MyComputer-PC
Sending msg to client play-fork-run-51f48b48-aac2-46d9-8db5-a9479f018603: DetachedLogEvent(LogMessage(debug,sbt server socket logs are in: C:\Users\My Computer\DreamSpace\.sbtserver\connections\master.log))
Sending msg to client play-fork-run-51f48b48-aac2-46d9-8db5-a9479f018603: DetachedLogEvent(LogMessage(debug,sbt general server logs are in: C:\Users\My Computer\DreamSpace\.sbtserver\master.log))
Sending msg to client play-fork-run-51f48b48-aac2-46d9-8db5-a9479f018603: DetachedLogEvent(LogMessage(debug,sbt client logs are in: C:\Users\My Computer\DreamSpace\.sbtserver\connections\play-fork-run-51f48b48-aac2-46d9-8db5-a9479f018603.log))
Reading next message from client.
Got request: DaemonRequest(true)
Reading next message from client.
Sending msg to client play-fork-run-51f48b48-aac2-46d9-8db5-a9479f018603: (3,ReceivedResponse())
Got request: ListenToEvents()
Reading next message from client.
Sending msg to client play-fork-run-51f48b48-aac2-46d9-8db5-a9479f018603: BackgroundJobStarted(5,BackgroundJobInfo(1,backgroundRun,AttributeKey[sbt.BackgroundJobHandle]("backgroundRun") in Scope(Build: file:/C:/Users/My%20Computer/DreamSpace/, , Project: ProjectReference(file:/C:/Users/My%20Computer/DreamSpace/,root), Config: compile)))
Sending msg to client play-fork-run-51f48b48-aac2-46d9-8db5-a9479f018603: (4,ReceivedResponse())
Got request: KeyLookupRequest(root/playForkConfig)
Reading next message from client.
Sending msg to client play-fork-run-51f48b48-aac2-46d9-8db5-a9479f018603: (5,KeyLookupResponse(root/playForkConfig,Vector(AttributeKey[play.forkrun.protocol.ForkConfig]("playForkConfig") in Scope(Build: file:/C:/Users/My%20Computer/DreamSpace/, , Project: ProjectReference(file:/C:/Users/My%20Computer/DreamSpace/,root)))))
Got request: ListenToValue(AttributeKey[play.forkrun.protocol.ForkConfig]("playForkConfig") in Scope(Build: file:/C:/Users/My%20Computer/DreamSpace/, , Project: ProjectReference(file:/C:/Users/My%20Computer/DreamSpace/,root)))
Reading next message from client.
Sending msg to client play-fork-run-51f48b48-aac2-46d9-8db5-a9479f018603: (6,ReceivedResponse())
Got request: KeyExecutionRequest(AttributeKey[play.forkrun.protocol.ForkConfig]("playForkConfig") in Scope(Build: file:/C:/Users/My%20Computer/DreamSpace/, , Project: ProjectReference(file:/C:/Users/My%20Computer/DreamSpace/,root)))
Reading next message from client.
Sending msg to client play-fork-run-51f48b48-aac2-46d9-8db5-a9479f018603: (7,ExecutionRequestReceived(6))
Sending msg to client play-fork-run-51f48b48-aac2-46d9-8db5-a9479f018603: ExecutionWaiting(6,{file:/C:/Users/My%20Computer/DreamSpace/}root/*:playForkConfig,ClientInfo(51f48b48-aac2-46d9-8db5-a9479f018603,play-fork-run,Play Fork Run,1,Vector()))
Sending msg to client play-fork-run-51f48b48-aac2-46d9-8db5-a9479f018603: ExecutionStarting(6)
Sending msg to client play-fork-run-51f48b48-aac2-46d9-8db5-a9479f018603: DetachedLogEvent(LogMessage(debug,> {file:/C:/Users/My%20Computer/DreamSpace/}root/*:playForkConfig))
Sending msg to client play-fork-run-51f48b48-aac2-46d9-8db5-a9479f018603: DetachedLogEvent(LogMessage(debug,Evaluating tasks: *:playForkConfig))
Sending msg to client play-fork-run-51f48b48-aac2-46d9-8db5-a9479f018603: DetachedLogEvent(LogMessage(debug,Running task... Cancel: sbt.server.ServerTaskCancellation@6477257f, check cycles: false))
Sending msg to client play-fork-run-51f48b48-aac2-46d9-8db5-a9479f018603: DetachedLogEvent(LogMessage(debug,cancel strategy start enabled=true lastCommand=Some(LastCommand(CommandExecutionWork(ExecutionId(6),{file:/C:/Users/My%20Computer/DreamSpace/}root/*:playForkConfig,Set(LiveClient(play-fork-run 51f48b48-aac2-46d9-8db5-a9479f018603)),sbt.server.WorkCancellationStatus$$anon$1@19527d84)))))
Sending msg to client play-fork-run-51f48b48-aac2-46d9-8db5-a9479f018603: TaskStarted(6,406,None)
Sending msg to client play-fork-run-51f48b48-aac2-46d9-8db5-a9479f018603: TaskStarted(6,413,None)
Sending msg to client play-fork-run-51f48b48-aac2-46d9-8db5-a9479f018603: TaskStarted(6,418,None)
Sending msg to client play-fork-run-51f48b48-aac2-46d9-8db5-a9479f018603: TaskStarted(6,427,Some(AttributeKey[scala.collection.Seq[sbt.Credentials]]("credentials") in Scope(Global)))
Sending msg to client play-fork-run-51f48b48-aac2-46d9-8db5-a9479f018603: TaskStarted(6,430,Some(AttributeKey[scala.collection.Seq[sbt.Resolver]]("externalResolvers") in Scope(Build: file:/C:/Users/My%20Computer/DreamSpace/, , Project: ProjectReference(file:/C:/Users/My%20Computer/DreamSpace/,root))))
Sending msg to client play-fork-run-51f48b48-aac2-46d9-8db5-a9479f018603: TaskStarted(6,431,Some(AttributeKey[scala.Option[scala.collection.Seq[sbt.Resolver]]]("bootResolvers") in Scope(Build: file:/C:/Users/My%20Computer/DreamSpace/, , Project: ProjectReference(file:/C:/Users/My%20Computer/DreamSpace/,root))))
Sending msg to client play-fork-run-51f48b48-aac2-46d9-8db5-a9479f018603: TaskStarted(6,436,Some(AttributeKey[java.lang.String]("updateCacheName") in Scope(Build: file:/C:/Users/My%20Computer/DreamSpace/, , Project: ProjectReference(file:/C:/Users/My%20Computer/DreamSpace/,root))))
Sending msg to client play-fork-run-51f48b48-aac2-46d9-8db5-a9479f018603: TaskStarted(6,437,Some(AttributeKey[boolean]("skip") in Scope(Global)))
Sending msg to client play-fork-run-51f48b48-aac2-46d9-8db5-a9479f018603: TaskStarted(6,439,None)
Sending msg to client play-fork-run-51f48b48-aac2-46d9-8db5-a9479f018603: TaskStarted(6,440,None)
Sending msg to client play-fork-run-51f48b48-aac2-46d9-8db5-a9479f018603: TaskStarted(6,442,None)
Sending msg to client play-fork-run-51f48b48-aac2-46d9-8db5-a9479f018603: TaskStarted(6,443,None)
Sending msg to client play-fork-run-51f48b48-aac2-46d9-8db5-a9479f018603: TaskStarted(6,452,Some(AttributeKey[scala.Tuple2[java.lang.String,java.io.File]]("playPrefixAndAssets") in Scope(Build: file:/C:/Users/My%20Computer/DreamSpace/, , Project: ProjectReference(file:/C:/Users/My%20Computer/DreamSpace/,root))))
Sending msg to client play-fork-run-51f48b48-aac2-46d9-8db5-a9479f018603: TaskStarted(6,455,Some(AttributeKey[scala.collection.Seq[java.lang.String]]("javaOptions") in Scope(Global)))
Sending msg to client play-fork-run-51f48b48-aac2-46d9-8db5-a9479f018603: TaskFinished(6,406,None,true,None)
Sending msg to client play-fork-run-51f48b48-aac2-46d9-8db5-a9479f018603: TaskStarted(6,405,None)
Sending msg to client play-fork-run-51f48b48-aac2-46d9-8db5-a9479f018603: TaskStarted(6,415,None)
Sending msg to client play-fork-run-51f48b48-aac2-46d9-8db5-a9479f018603: TaskStarted(6,426,None)
Sending msg to client play-fork-run-51f48b48-aac2-46d9-8db5-a9479f018603: TaskStarted(6,434,None)
Sending msg to client play-fork-run-51f48b48-aac2-46d9-8db5-a9479f018603: TaskStarted(6,435,None)
Sending msg to client play-fork-run-51f48b48-aac2-46d9-8db5-a9479f018603: TaskStarted(6,446,None)
Sending msg to client play-fork-run-51f48b48-aac2-46d9-8db5-a9479f018603: TaskStarted(6,447,None)
Sending msg to client play-fork-run-51f48b48-aac2-46d9-8db5-a9479f018603: TaskStarted(6,449,None)
Sending msg to client play-fork-run-51f48b48-aac2-46d9-8db5-a9479f018603: TaskFinished(6,430,Some(AttributeKey[scala.collection.Seq[sbt.Resolver]]("externalResolvers") in Scope(Build: file:/C:/Users/My%20Computer/DreamSpace/, , Project: ProjectReference(file:/C:/Users/My%20Computer/DreamSpace/,root))),true,None)
Sending msg to client play-fork-run-51f48b48-aac2-46d9-8db5-a9479f018603: TaskFinished(6,431,Some(AttributeKey[scala.Option[scala.collection.Seq[sbt.Resolver]]]("bootResolvers") in Scope(Build: file:/C:/Users/My%20Computer/DreamSpace/, , Project: ProjectReference(file:/C:/Users/My%20Computer/DreamSpace/,root))),true,None)
Sending msg to client play-fork-run-51f48b48-aac2-46d9-8db5-a9479f018603: TaskFinished(6,436,Some(AttributeKey[java.lang.String]("updateCacheName") in Scope(Build: file:/C:/Users/My%20Computer/DreamSpace/, , Project: ProjectReference(file:/C:/Users/My%20Computer/DreamSpace/,root))),true,None)
Sending msg to client play-fork-run-51f48b48-aac2-46d9-8db5-a9479f018603: TaskFinished(6,437,Some(AttributeKey[boolean]("skip") in Scope(Global)),true,None)
Sending msg to client play-fork-run-51f48b48-aac2-46d9-8db5-a9479f018603: TaskFinished(6,439,None,true,None)
Sending msg to client play-fork-run-51f48b48-aac2-46d9-8db5-a9479f018603: TaskFinished(6,440,None,true,None)
Sending msg to client play-fork-run-51f48b48-aac2-46d9-8db5-a9479f018603: TaskStarted(6,438,Some(AttributeKey[scala.collection.Seq[sbt.UpdateReport]]("transitiveUpdate") in Scope(Build: file:/C:/Users/My%20Computer/DreamSpace/, , Project: ProjectReference(file:/C:/Users/My%20Computer/DreamSpace/,root))))
Sending msg to client play-fork-run-51f48b48-aac2-46d9-8db5-a9479f018603: TaskFinished(6,442,None,true,None)
Sending msg to client play-fork-run-51f48b48-aac2-46d9-8db5-a9479f018603: TaskFinished(6,443,None,true,None)
Sending msg to client play-fork-run-51f48b48-aac2-46d9-8db5-a9479f018603: TaskFinished(6,452,Some(AttributeKey[scala.Tuple2[java.lang.String,java.io.File]]("playPrefixAndAssets") in Scope(Build: file:/C:/Users/My%20Computer/DreamSpace/, , Project: ProjectReference(file:/C:/Users/My%20Computer/DreamSpace/,root))),true,None)
Sending msg to client play-fork-run-51f48b48-aac2-46d9-8db5-a9479f018603: TaskStarted(6,454,None)
Sending msg to client play-fork-run-51f48b48-aac2-46d9-8db5-a9479f018603: TaskFinished(6,455,Some(AttributeKey[scala.collection.Seq[java.lang.String]]("javaOptions") in Scope(Global)),true,None)
Sending msg to client play-fork-run-51f48b48-aac2-46d9-8db5-a9479f018603: TaskFinished(6,405,None,true,None)
Sending msg to client play-fork-run-51f48b48-aac2-46d9-8db5-a9479f018603: TaskFinished(6,413,None,true,None)
Sending msg to client play-fork-run-51f48b48-aac2-46d9-8db5-a9479f018603: TaskFinished(6,426,None,true,None)
Sending msg to client play-fork-run-51f48b48-aac2-46d9-8db5-a9479f018603: TaskFinished(6,434,None,true,None)
Sending msg to client play-fork-run-51f48b48-aac2-46d9-8db5-a9479f018603: TaskFinished(6,435,None,true,None)
Sending msg to client play-fork-run-51f48b48-aac2-46d9-8db5-a9479f018603: TaskFinished(6,446,None,true,None)
Sending msg to client play-fork-run-51f48b48-aac2-46d9-8db5-a9479f018603: TaskFinished(6,447,None,true,None)
Sending msg to client play-fork-run-51f48b48-aac2-46d9-8db5-a9479f018603: TaskFinished(6,449,None,true,None)
Sending msg to client play-fork-run-51f48b48-aac2-46d9-8db5-a9479f018603: TaskFinished(6,438,Some(AttributeKey[scala.collection.Seq[sbt.UpdateReport]]("transitiveUpdate") in Scope(Build: file:/C:/Users/My%20Computer/DreamSpace/, , Project: ProjectReference(file:/C:/Users/My%20Computer/DreamSpace/,root))),true,None)
Sending msg to client play-fork-run-51f48b48-aac2-46d9-8db5-a9479f018603: TaskFinished(6,454,None,true,None)
Sending msg to client play-fork-run-51f48b48-aac2-46d9-8db5-a9479f018603: TaskStarted(6,453,None)
Sending msg to client play-fork-run-51f48b48-aac2-46d9-8db5-a9479f018603: TaskFinished(6,453,None,true,None)
Sending msg to client play-fork-run-51f48b48-aac2-46d9-8db5-a9479f018603: TaskStarted(6,451,Some(AttributeKey[scala.collection.Seq[scala.Tuple2[java.lang.String,java.io.File]]]("playAllAssets") in Scope(Build: file:/C:/Users/My%20Computer/DreamSpace/, , Project: ProjectReference(file:/C:/Users/My%20Computer/DreamSpace/,root))))
Sending msg to client play-fork-run-51f48b48-aac2-46d9-8db5-a9479f018603: TaskFinished(6,451,Some(AttributeKey[scala.collection.Seq[scala.Tuple2[java.lang.String,java.io.File]]]("playAllAssets") in Scope(Build: file:/C:/Users/My%20Computer/DreamSpace/, , Project: ProjectReference(file:/C:/Users/My%20Computer/DreamSpace/,root))),true,None)
Sending msg to client play-fork-run-51f48b48-aac2-46d9-8db5-a9479f018603: TaskFinished(6,427,Some(AttributeKey[scala.collection.Seq[sbt.Credentials]]("credentials") in Scope(Global)),true,None)
Sending msg to client play-fork-run-51f48b48-aac2-46d9-8db5-a9479f018603: TaskFinished(6,418,None,true,None)
Sending msg to client play-fork-run-51f48b48-aac2-46d9-8db5-a9479f018603: TaskStarted(6,417,Some(AttributeKey[java.io.File]("dependencyCacheDirectory") in Scope(Build: file:/C:/Users/My%20Computer/DreamSpace/, , Project: ProjectReference(file:/C:/Users/My%20Computer/DreamSpace/,root))))
Sending msg to client play-fork-run-51f48b48-aac2-46d9-8db5-a9479f018603: TaskStarted(6,424,Some(AttributeKey[sbt.BuildStructure]("buildStructure") in Scope(Global)))
Sending msg to client play-fork-run-51f48b48-aac2-46d9-8db5-a9479f018603: TaskStarted(6,445,Some(AttributeKey[scala.collection.immutable.Map[sbt.ModuleID,sbt.SourcePosition]]("dependencyPositions") in Scope(Build: file:/C:/Users/My%20Computer/DreamSpace/, , Project: ProjectReference(file:/C:/Users/My%20Computer/DreamSpace/,root))))
Sending msg to client play-fork-run-51f48b48-aac2-46d9-8db5-a9479f018603: TaskStarted(6,457,Some(AttributeKey[scala.collection.Seq[java.lang.String]]("playMonitoredFiles") in Scope(Build: file:/C:/Users/My%20Computer/DreamSpace/, , Project: ProjectReference(file:/C:/Users/My%20Computer/DreamSpace/,root))))
Sending msg to client play-fork-run-51f48b48-aac2-46d9-8db5-a9479f018603: TaskFinished(6,417,Some(AttributeKey[java.io.File]("dependencyCacheDirectory") in Scope(Build: file:/C:/Users/My%20Computer/DreamSpace/, , Project: ProjectReference(file:/C:/Users/My%20Computer/DreamSpace/,root))),true,None)
Sending msg to client play-fork-run-51f48b48-aac2-46d9-8db5-a9479f018603: TaskFinished(6,445,Some(AttributeKey[scala.collection.immutable.Map[sbt.ModuleID,sbt.SourcePosition]]("dependencyPositions") in Scope(Build: file:/C:/Users/My%20Computer/DreamSpace/, , Project: ProjectReference(file:/C:/Users/My%20Computer/DreamSpace/,root))),true,None)
Sending msg to client play-fork-run-51f48b48-aac2-46d9-8db5-a9479f018603: TaskStarted(6,444,Some(AttributeKey[sbt.UnresolvedWarningConfiguration]("unresolvedWarningConfiguration") in Scope(Build: file:/C:/Users/My%20Computer/DreamSpace/, , Project: ProjectReference(file:/C:/Users/My%20Computer/DreamSpace/,root), Task: AttributeKey[sbt.UpdateReport]("update"))))
Sending msg to client play-fork-run-51f48b48-aac2-46d9-8db5-a9479f018603: TaskFinished(6,424,Some(AttributeKey[sbt.BuildStructure]("buildStructure") in Scope(Global)),true,None)
Sending msg to client play-fork-run-51f48b48-aac2-46d9-8db5-a9479f018603: TaskStarted(6,423,Some(AttributeKey[sbt.Settings[sbt.Scope]]("settingsData") in Scope(Global)))
Sending msg to client play-fork-run-51f48b48-aac2-46d9-8db5-a9479f018603: TaskFinished(6,423,Some(AttributeKey[sbt.Settings[sbt.Scope]]("settingsData") in Scope(Global)),true,None)
Sending msg to client play-fork-run-51f48b48-aac2-46d9-8db5-a9479f018603: TaskStarted(6,422,Some(AttributeKey[scala.collection.Seq[sbt.ModuleID]]("projectDependencies") in Scope(Build: file:/C:/Users/My%20Computer/DreamSpace/, , Project: ProjectReference(file:/C:/Users/My%20Computer/DreamSpace/,root))))
Sending msg to client play-fork-run-51f48b48-aac2-46d9-8db5-a9479f018603: TaskStarted(6,433,Some(AttributeKey[scala.collection.immutable.Map[org.apache.ivy.core.module.id.ModuleRevisionId,org.apache.ivy.core.module.descriptor.ModuleDescriptor]]("projectDescriptors") in Scope(Build: file:/C:/Users/My%20Computer/DreamSpace/, , Project: ProjectReference(file:/C:/Users/My%20Computer/DreamSpace/,root))))
Sending msg to client play-fork-run-51f48b48-aac2-46d9-8db5-a9479f018603: TaskStarted(6,441,None)
Sending msg to client play-fork-run-51f48b48-aac2-46d9-8db5-a9479f018603: TaskStarted(6,450,None)
Sending msg to client play-fork-run-51f48b48-aac2-46d9-8db5-a9479f018603: TaskFinished(6,422,Some(AttributeKey[scala.collection.Seq[sbt.ModuleID]]("projectDependencies") in Scope(Build: file:/C:/Users/My%20Computer/DreamSpace/, , Project: ProjectReference(file:/C:/Users/My%20Computer/DreamSpace/,root))),true,None)
Sending msg to client play-fork-run-51f48b48-aac2-46d9-8db5-a9479f018603: TaskStarted(6,421,Some(AttributeKey[scala.collection.Seq[sbt.ModuleID]]("allDependencies") in Scope(Build: file:/C:/Users/My%20Computer/DreamSpace/, , Project: ProjectReference(file:/C:/Users/My%20Computer/DreamSpace/,root))))
Sending msg to client play-fork-run-51f48b48-aac2-46d9-8db5-a9479f018603: TaskFinished(6,444,Some(AttributeKey[sbt.UnresolvedWarningConfiguration]("unresolvedWarningConfiguration") in Scope(Build: file:/C:/Users/My%20Computer/DreamSpace/, , Project: ProjectReference(file:/C:/Users/My%20Computer/DreamSpace/,root), Task: AttributeKey[sbt.UpdateReport]("update"))),true,None)
Sending msg to client play-fork-run-51f48b48-aac2-46d9-8db5-a9479f018603: TaskStarted(6,458,None)
Sending msg to client play-fork-run-51f48b48-aac2-46d9-8db5-a9479f018603: TaskStarted(6,463,None)
Sending msg to client play-fork-run-51f48b48-aac2-46d9-8db5-a9479f018603: TaskStarted(6,465,None)
Sending msg to client play-fork-run-51f48b48-aac2-46d9-8db5-a9479f018603: TaskStarted(6,466,None)
Sending msg to client play-fork-run-51f48b48-aac2-46d9-8db5-a9479f018603: TaskStarted(6,468,None)
Sending msg to client play-fork-run-51f48b48-aac2-46d9-8db5-a9479f018603: TaskStarted(6,469,None)
Sending msg to client play-fork-run-51f48b48-aac2-46d9-8db5-a9479f018603: TaskStarted(6,471,None)
Sending msg to client play-fork-run-51f48b48-aac2-46d9-8db5-a9479f018603: TaskFinished(6,421,Some(AttributeKey[scala.collection.Seq[sbt.ModuleID]]("allDependencies") in Scope(Build: file:/C:/Users/My%20Computer/DreamSpace/, , Project: ProjectReference(file:/C:/Users/My%20Computer/DreamSpace/,root))),true,None)
Sending msg to client play-fork-run-51f48b48-aac2-46d9-8db5-a9479f018603: TaskStarted(6,420,Some(AttributeKey[sbt.ModuleSettings]("moduleSettings") in Scope(Build: file:/C:/Users/My%20Computer/DreamSpace/, , Project: ProjectReference(file:/C:/Users/My%20Computer/DreamSpace/,root))))
Sending msg to client play-fork-run-51f48b48-aac2-46d9-8db5-a9479f018603: TaskFinished(6,458,None,true,None)
Sending msg to client play-fork-run-51f48b48-aac2-46d9-8db5-a9479f018603: TaskFinished(6,441,None,true,None)
Sending msg to client play-fork-run-51f48b48-aac2-46d9-8db5-a9479f018603: TaskFinished(6,463,None,true,None)
Sending msg to client play-fork-run-51f48b48-aac2-46d9-8db5-a9479f018603: TaskStarted(6,462,None)
Sending msg to client play-fork-run-51f48b48-aac2-46d9-8db5-a9479f018603: TaskFinished(6,465,None,true,None)
Sending msg to client play-fork-run-51f48b48-aac2-46d9-8db5-a9479f018603: TaskFinished(6,466,None,true,None)
Sending msg to client play-fork-run-51f48b48-aac2-46d9-8db5-a9479f018603: TaskStarted(6,464,Some(AttributeKey[scala.collection.Seq[sbt.Attributed[java.io.File]]]("unmanagedJars") in Scope(Build: file:/C:/Users/My%20Computer/DreamSpace/, , Project: ProjectReference(file:/C:/Users/My%20Computer/DreamSpace/,root), Config: compile)))
Sending msg to client play-fork-run-51f48b48-aac2-46d9-8db5-a9479f018603: TaskFinished(6,469,None,true,None)
Sending msg to client play-fork-run-51f48b48-aac2-46d9-8db5-a9479f018603: TaskFinished(6,471,None,true,None)
Sending msg to client play-fork-run-51f48b48-aac2-46d9-8db5-a9479f018603: TaskStarted(6,470,None)
Sending msg to client play-fork-run-51f48b48-aac2-46d9-8db5-a9479f018603: TaskFinished(6,420,Some(AttributeKey[sbt.ModuleSettings]("moduleSettings") in Scope(Build: file:/C:/Users/My%20Computer/DreamSpace/, , Project: ProjectReference(file:/C:/Users/My%20Computer/DreamSpace/,root))),true,None)
Sending msg to client play-fork-run-51f48b48-aac2-46d9-8db5-a9479f018603: TaskStarted(6,472,None)
Sending msg to client play-fork-run-51f48b48-aac2-46d9-8db5-a9479f018603: TaskFinished(6,464,Some(AttributeKey[scala.collection.Seq[sbt.Attributed[java.io.File]]]("unmanagedJars") in Scope(Build: file:/C:/Users/My%20Computer/DreamSpace/, , Project: ProjectReference(file:/C:/Users/My%20Computer/DreamSpace/,root), Config: compile)),true,None)
Sending msg to client play-fork-run-51f48b48-aac2-46d9-8db5-a9479f018603: TaskFinished(6,470,None,true,None)
Sending msg to client play-fork-run-51f48b48-aac2-46d9-8db5-a9479f018603: TaskFinished(6,433,Some(AttributeKey[scala.collection.immutable.Map[org.apache.ivy.core.module.id.ModuleRevisionId,org.apache.ivy.core.module.descriptor.ModuleDescriptor]]("projectDescriptors") in Scope(Build: file:/C:/Users/My%20Computer/DreamSpace/, , Project: ProjectReference(file:/C:/Users/My%20Computer/DreamSpace/,root))),true,None)
Sending msg to client play-fork-run-51f48b48-aac2-46d9-8db5-a9479f018603: TaskStarted(6,432,Some(AttributeKey[sbt.Resolver]("projectResolver") in Scope(Build: file:/C:/Users/My%20Computer/DreamSpace/, , Project: ProjectReference(file:/C:/Users/My%20Computer/DreamSpace/,root))))
Sending msg to client play-fork-run-51f48b48-aac2-46d9-8db5-a9479f018603: TaskFinished(6,472,None,true,None)
Sending msg to client play-fork-run-51f48b48-aac2-46d9-8db5-a9479f018603: TaskFinished(6,462,None,true,None)
Sending msg to client play-fork-run-51f48b48-aac2-46d9-8db5-a9479f018603: TaskStarted(6,461,Some(AttributeKey[scala.collection.Seq[sbt.Attributed[java.io.File]]]("unmanagedJars") in Scope(Build: file:/C:/Users/My%20Computer/DreamSpace/, , Project: ProjectReference(file:/C:/Users/My%20Computer/DreamSpace/,root), Config: compile)))
Sending msg to client play-fork-run-51f48b48-aac2-46d9-8db5-a9479f018603: TaskFinished(6,432,Some(AttributeKey[sbt.Resolver]("projectResolver") in Scope(Build: file:/C:/Users/My%20Computer/DreamSpace/, , Project: ProjectReference(file:/C:/Users/My%20Computer/DreamSpace/,root))),true,None)
Sending msg to client play-fork-run-51f48b48-aac2-46d9-8db5-a9479f018603: TaskStarted(6,429,Some(AttributeKey[scala.collection.Seq[sbt.Resolver]]("fullResolvers") in Scope(Build: file:/C:/Users/My%20Computer/DreamSpace/, , Project: ProjectReference(file:/C:/Users/My%20Computer/DreamSpace/,root))))
Sending msg to client play-fork-run-51f48b48-aac2-46d9-8db5-a9479f018603: TaskFinished(6,461,Some(AttributeKey[scala.collection.Seq[sbt.Attributed[java.io.File]]]("unmanagedJars") in Scope(Build: file:/C:/Users/My%20Computer/DreamSpace/, , Project: ProjectReference(file:/C:/Users/My%20Computer/DreamSpace/,root), Config: compile)),true,None)
Sending msg to client play-fork-run-51f48b48-aac2-46d9-8db5-a9479f018603: TaskFinished(6,415,None,true,None)
Sending msg to client play-fork-run-51f48b48-aac2-46d9-8db5-a9479f018603: TaskFinished(6,457,Some(AttributeKey[scala.collection.Seq[java.lang.String]]("playMonitoredFiles") in Scope(Build: file:/C:/Users/My%20Computer/DreamSpace/, , Project: ProjectReference(file:/C:/Users/My%20Computer/DreamSpace/,root))),true,None)
Sending msg to client play-fork-run-51f48b48-aac2-46d9-8db5-a9479f018603: TaskFinished(6,429,Some(AttributeKey[scala.collection.Seq[sbt.Resolver]]("fullResolvers") in Scope(Build: file:/C:/Users/My%20Computer/DreamSpace/, , Project: ProjectReference(file:/C:/Users/My%20Computer/DreamSpace/,root))),true,None)
Sending msg to client play-fork-run-51f48b48-aac2-46d9-8db5-a9479f018603: TaskStarted(6,428,Some(AttributeKey[sbt.IvyConfiguration]("ivyConfiguration") in Scope(Build: file:/C:/Users/My%20Computer/DreamSpace/, , Project: ProjectReference(file:/C:/Users/My%20Computer/DreamSpace/,root))))
Sending msg to client play-fork-run-51f48b48-aac2-46d9-8db5-a9479f018603: TaskFinished(6,428,Some(AttributeKey[sbt.IvyConfiguration]("ivyConfiguration") in Scope(Build: file:/C:/Users/My%20Computer/DreamSpace/, , Project: ProjectReference(file:/C:/Users/My%20Computer/DreamSpace/,root))),true,None)
Sending msg to client play-fork-run-51f48b48-aac2-46d9-8db5-a9479f018603: TaskStarted(6,425,Some(AttributeKey[sbt.IvySbt]("ivySbt") in Scope(Build: file:/C:/Users/My%20Computer/DreamSpace/, , Project: ProjectReference(file:/C:/Users/My%20Computer/DreamSpace/,root))))
Sending msg to client play-fork-run-51f48b48-aac2-46d9-8db5-a9479f018603: TaskFinished(6,425,Some(AttributeKey[sbt.IvySbt]("ivySbt") in Scope(Build: file:/C:/Users/My%20Computer/DreamSpace/, , Project: ProjectReference(file:/C:/Users/My%20Computer/DreamSpace/,root))),true,None)
Sending msg to client play-fork-run-51f48b48-aac2-46d9-8db5-a9479f018603: TaskStarted(6,419,Some(AttributeKey[sbt.IvySbt$Module]("ivyModule") in Scope(Build: file:/C:/Users/My%20Computer/DreamSpace/, , Project: ProjectReference(file:/C:/Users/My%20Computer/DreamSpace/,root))))
Sending msg to client play-fork-run-51f48b48-aac2-46d9-8db5-a9479f018603: TaskFinished(6,419,Some(AttributeKey[sbt.IvySbt$Module]("ivyModule") in Scope(Build: file:/C:/Users/My%20Computer/DreamSpace/, , Project: ProjectReference(file:/C:/Users/My%20Computer/DreamSpace/,root))),true,None)
Sending msg to client play-fork-run-51f48b48-aac2-46d9-8db5-a9479f018603: TaskStarted(6,416,Some(AttributeKey[sbt.UpdateReport]("update") in Scope(Build: file:/C:/Users/My%20Computer/DreamSpace/, , Project: ProjectReference(file:/C:/Users/My%20Computer/DreamSpace/,root))))
Sending msg to client play-fork-run-51f48b48-aac2-46d9-8db5-a9479f018603: TaskFinished(6,468,None,true,None)
Sending msg to client play-fork-run-51f48b48-aac2-46d9-8db5-a9479f018603: TaskStarted(6,467,Some(AttributeKey[scala.collection.Seq[sbt.Attributed[java.io.File]]]("unmanagedJars") in Scope(Build: file:/C:/Users/My%20Computer/DreamSpace/, , Project: ProjectReference(file:/C:/Users/My%20Computer/DreamSpace/,root), Config: runtime)))
Sending msg to client play-fork-run-51f48b48-aac2-46d9-8db5-a9479f018603: TaskFinished(6,416,Some(AttributeKey[sbt.UpdateReport]("update") in Scope(Build: file:/C:/Users/My%20Computer/DreamSpace/, , Project: ProjectReference(file:/C:/Users/My%20Computer/DreamSpace/,root))),true,None)
Sending msg to client play-fork-run-51f48b48-aac2-46d9-8db5-a9479f018603: TaskStarted(6,414,Some(AttributeKey[sbt.UpdateReport]("update") in Scope(Build: file:/C:/Users/My%20Computer/DreamSpace/, , Project: ProjectReference(file:/C:/Users/My%20Computer/DreamSpace/,root))))
Sending msg to client play-fork-run-51f48b48-aac2-46d9-8db5-a9479f018603: TaskFinished(6,414,Some(AttributeKey[sbt.UpdateReport]("update") in Scope(Build: file:/C:/Users/My%20Computer/DreamSpace/, , Project: ProjectReference(file:/C:/Users/My%20Computer/DreamSpace/,root))),true,None)
Sending msg to client play-fork-run-51f48b48-aac2-46d9-8db5-a9479f018603: TaskStarted(6,412,Some(AttributeKey[sbt.Configuration]("classpathConfiguration") in Scope(Build: file:/C:/Users/My%20Computer/DreamSpace/, , Project: ProjectReference(file:/C:/Users/My%20Computer/DreamSpace/,root), Config: compile)))
Sending msg to client play-fork-run-51f48b48-aac2-46d9-8db5-a9479f018603: TaskStarted(6,456,Some(AttributeKey[scala.collection.Seq[sbt.Attributed[java.io.File]]]("managedClasspath") in Scope(Build: file:/C:/Users/My%20Computer/DreamSpace/, , Project: ProjectReference(file:/C:/Users/My%20Computer/DreamSpace/,root), Config: docs)))
Sending msg to client play-fork-run-51f48b48-aac2-46d9-8db5-a9479f018603: TaskFinished(6,412,Some(AttributeKey[sbt.Configuration]("classpathConfiguration") in Scope(Build: file:/C:/Users/My%20Computer/DreamSpace/, , Project: ProjectReference(file:/C:/Users/My%20Computer/DreamSpace/,root), Config: compile)),true,None)
Sending msg to client play-fork-run-51f48b48-aac2-46d9-8db5-a9479f018603: TaskStarted(6,411,None)
Sending msg to client play-fork-run-51f48b48-aac2-46d9-8db5-a9479f018603: TaskFinished(6,456,Some(AttributeKey[scala.collection.Seq[sbt.Attributed[java.io.File]]]("managedClasspath") in Scope(Build: file:/C:/Users/My%20Computer/DreamSpace/, , Project: ProjectReference(file:/C:/Users/My%20Computer/DreamSpace/,root), Config: docs)),true,None)
Sending msg to client play-fork-run-51f48b48-aac2-46d9-8db5-a9479f018603: TaskFinished(6,411,None,true,None)
Sending msg to client play-fork-run-51f48b48-aac2-46d9-8db5-a9479f018603: TaskStarted(6,410,Some(AttributeKey[sbt.Configuration]("classpathConfiguration") in Scope(Build: file:/C:/Users/My%20Computer/DreamSpace/, , Project: ProjectReference(file:/C:/Users/My%20Computer/DreamSpace/,root), Config: runtime)))
Sending msg to client play-fork-run-51f48b48-aac2-46d9-8db5-a9479f018603: TaskFinished(6,410,Some(AttributeKey[sbt.Configuration]("classpathConfiguration") in Scope(Build: file:/C:/Users/My%20Computer/DreamSpace/, , Project: ProjectReference(file:/C:/Users/My%20Computer/DreamSpace/,root), Config: runtime)),true,None)
Sending msg to client play-fork-run-51f48b48-aac2-46d9-8db5-a9479f018603: TaskStarted(6,409,None)
Sending msg to client play-fork-run-51f48b48-aac2-46d9-8db5-a9479f018603: TaskFinished(6,409,None,true,None)
Sending msg to client play-fork-run-51f48b48-aac2-46d9-8db5-a9479f018603: TaskStarted(6,408,Some(AttributeKey[scala.collection.Seq[sbt.Attributed[java.io.File]]]("managedClasspath") in Scope(Build: file:/C:/Users/My%20Computer/DreamSpace/, , Project: ProjectReference(file:/C:/Users/My%20Computer/DreamSpace/,root), Config: runtime)))
Sending msg to client play-fork-run-51f48b48-aac2-46d9-8db5-a9479f018603: TaskFinished(6,408,Some(AttributeKey[scala.collection.Seq[sbt.Attributed[java.io.File]]]("managedClasspath") in Scope(Build: file:/C:/Users/My%20Computer/DreamSpace/, , Project: ProjectReference(file:/C:/Users/My%20Computer/DreamSpace/,root), Config: runtime)),true,None)
Sending msg to client play-fork-run-51f48b48-aac2-46d9-8db5-a9479f018603: TaskFinished(6,467,Some(AttributeKey[scala.collection.Seq[sbt.Attributed[java.io.File]]]("unmanagedJars") in Scope(Build: file:/C:/Users/My%20Computer/DreamSpace/, , Project: ProjectReference(file:/C:/Users/My%20Computer/DreamSpace/,root), Config: runtime)),true,None)
Sending msg to client play-fork-run-51f48b48-aac2-46d9-8db5-a9479f018603: TaskStarted(6,460,None)
Sending msg to client play-fork-run-51f48b48-aac2-46d9-8db5-a9479f018603: TaskFinished(6,460,None,true,None)
Sending msg to client play-fork-run-51f48b48-aac2-46d9-8db5-a9479f018603: TaskStarted(6,459,None)
Sending msg to client play-fork-run-51f48b48-aac2-46d9-8db5-a9479f018603: TaskFinished(6,459,None,true,None)
Sending msg to client play-fork-run-51f48b48-aac2-46d9-8db5-a9479f018603: TaskFinished(6,450,None,true,None)
Sending msg to client play-fork-run-51f48b48-aac2-46d9-8db5-a9479f018603: TaskStarted(6,448,Some(AttributeKey[scala.collection.Seq[sbt.Attributed[java.io.File]]]("unmanagedClasspath") in Scope(Build: file:/C:/Users/My%20Computer/DreamSpace/, , Project: ProjectReference(file:/C:/Users/My%20Computer/DreamSpace/,root), Config: runtime)))
Sending msg to client play-fork-run-51f48b48-aac2-46d9-8db5-a9479f018603: TaskFinished(6,448,Some(AttributeKey[scala.collection.Seq[sbt.Attributed[java.io.File]]]("unmanagedClasspath") in Scope(Build: file:/C:/Users/My%20Computer/DreamSpace/, , Project: ProjectReference(file:/C:/Users/My%20Computer/DreamSpace/,root), Config: runtime)),true,None)
Sending msg to client play-fork-run-51f48b48-aac2-46d9-8db5-a9479f018603: TaskStarted(6,407,None)
Sending msg to client play-fork-run-51f48b48-aac2-46d9-8db5-a9479f018603: TaskFinished(6,407,None,true,None)
Sending msg to client play-fork-run-51f48b48-aac2-46d9-8db5-a9479f018603: TaskStarted(6,404,Some(AttributeKey[scala.collection.Seq[sbt.Attributed[java.io.File]]]("playDependencyClasspath") in Scope(Build: file:/C:/Users/My%20Computer/DreamSpace/, , Project: ProjectReference(file:/C:/Users/My%20Computer/DreamSpace/,root))))
Sending msg to client play-fork-run-51f48b48-aac2-46d9-8db5-a9479f018603: TaskFinished(6,404,Some(AttributeKey[scala.collection.Seq[sbt.Attributed[java.io.File]]]("playDependencyClasspath") in Scope(Build: file:/C:/Users/My%20Computer/DreamSpace/, , Project: ProjectReference(file:/C:/Users/My%20Computer/DreamSpace/,root))),true,None)
Sending msg to client play-fork-run-51f48b48-aac2-46d9-8db5-a9479f018603: TaskStarted(6,403,Some(AttributeKey[play.forkrun.protocol.ForkConfig]("playForkConfig") in Scope(Build: file:/C:/Users/My%20Computer/DreamSpace/, , Project: ProjectReference(file:/C:/Users/My%20Computer/DreamSpace/,root))))
Sending msg to client play-fork-run-51f48b48-aac2-46d9-8db5-a9479f018603: TaskFinished(6,403,Some(AttributeKey[play.forkrun.protocol.ForkConfig]("playForkConfig") in Scope(Build: file:/C:/Users/My%20Computer/DreamSpace/, , Project: ProjectReference(file:/C:/Users/My%20Computer/DreamSpace/,root))),true,None)
Sending msg to client play-fork-run-51f48b48-aac2-46d9-8db5-a9479f018603: ValueChanged(AttributeKey[play.forkrun.protocol.ForkConfig]("playForkConfig") in Scope(Build: file:/C:/Users/My%20Computer/DreamSpace/, , Project: ProjectReference(file:/C:/Users/My%20Computer/DreamSpace/,root)),TaskSuccess(BuildValue(LazyValue(ForkConfig(C:\Users\My Computer\DreamSpace,List(),List(C:\Users\My Computer\.ivy2\cache\org.scala-lang\scala-library\jars\scala-library-2.11.1.jar, C:\Users\My Computer\.ivy2\cache\com.typesafe.play\twirl-api_2.11\jars\twirl-api_2.11-1.0.2.jar, C:\Users\My Computer\.ivy2\cache\org.apache.commons\commons-lang3\jars\commons-lang3-3.1.jar, C:\Users\My Computer\.ivy2\cache\org.scala-lang.modules\scala-xml_2.11\bundles\scala-xml_2.11-1.0.1.jar, C:\Users\My Computer\.ivy2\cache\com.typesafe.play\play_2.11\jars\play_2.11-2.3.8.jar, C:\Users\My Computer\.ivy2\cache\com.typesafe.play\build-link\jars\build-link-2.3.8.jar, C:\Users\My Computer\.ivy2\cache\com.typesafe.play\play-exceptions\jars\play-exceptions-2.3.8.jar, C:\Users\My Computer\.ivy2\cache\com.typesafe.play\play-iteratees_2.11\jars\play-iteratees_2.11-2.3.8.jar, C:\Users\My Computer\.ivy2\cache\org.scala-stm\scala-stm_2.11\jars\scala-stm_2.11-0.7.jar, C:\Users\My Computer\.ivy2\cache\com.typesafe\config\bundles\config-1.2.1.jar, C:\Users\My Computer\.ivy2\cache\com.typesafe.play\play-json_2.11\jars\play-json_2.11-2.3.8.jar, C:\Users\My Computer\.ivy2\cache\com.typesafe.play\play-functional_2.11\jars\play-functional_2.11-2.3.8.jar, C:\Users\My Computer\.ivy2\cache\com.typesafe.play\play-datacommons_2.11\jars\play-datacommons_2.11-2.3.8.jar, C:\Users\My Computer\.ivy2\cache\joda-time\joda-time\jars\joda-time-2.3.jar, C:\Users\My Computer\.ivy2\cache\org.joda\joda-convert\jars\joda-convert-1.6.jar, C:\Users\My Computer\.ivy2\cache\com.fasterxml.jackson.core\jackson-annotations\bundles\jackson-annotations-2.3.2.jar, C:\Users\My Computer\.ivy2\cache\com.fasterxml.jackson.core\jackson-core\bundles\jackson-core-2.3.2.jar, C:\Users\My Computer\.ivy2\cache\com.fasterxml.jackson.core\jackson-databind\bundles\jackson-databind-2.3.2.jar, C:\Users\My Computer\.ivy2\cache\org.scala-lang\scala-reflect\jars\scala-reflect-2.11.1.jar, C:\Users\My Computer\.ivy2\cache\org.scala-lang.modules\scala-parser-combinators_2.11\bundles\scala-parser-combinators_2.11-1.0.1.jar, C:\Users\My Computer\.ivy2\cache\io.netty\netty\bundles\netty-3.9.3.Final.jar, C:\Users\My Computer\.ivy2\cache\com.typesafe.netty\netty-http-pipelining\jars\netty-http-pipelining-1.1.2.jar, C:\Users\My Computer\.ivy2\cache\org.slf4j\slf4j-api\jars\slf4j-api-1.7.6.jar, C:\Users\My Computer\.ivy2\cache\org.slf4j\jul-to-slf4j\jars\jul-to-slf4j-1.7.6.jar, C:\Users\My Computer\.ivy2\cache\org.slf4j\jcl-over-slf4j\jars\jcl-over-slf4j-1.7.6.jar, C:\Users\My Computer\.ivy2\cache\ch.qos.logback\logback-core\jars\logback-core-1.1.1.jar, C:\Users\My Computer\.ivy2\cache\ch.qos.logback\logback-classic\jars\logback-classic-1.1.1.jar, C:\Users\My Computer\.ivy2\cache\com.typesafe.akka\akka-actor_2.11\jars\akka-actor_2.11-2.3.4.jar, C:\Users\My Computer\.ivy2\cache\com.typesafe.akka\akka-slf4j_2.11\jars\akka-slf4j_2.11-2.3.4.jar, C:\Users\My Computer\.ivy2\cache\commons-codec\commons-codec\jars\commons-codec-1.9.jar, C:\Users\My Computer\.ivy2\cache\xerces\xercesImpl\jars\xercesImpl-2.11.0.jar, C:\Users\My Computer\.ivy2\cache\xml-apis\xml-apis\jars\xml-apis-1.4.01.jar, C:\Users\My Computer\.ivy2\cache\javax.transaction\jta\jars\jta-1.1.jar, C:\Users\My Computer\.ivy2\cache\com.typesafe.play\play-java_2.11\jars\play-java_2.11-2.3.8.jar, C:\Users\My Computer\.ivy2\cache\org.yaml\snakeyaml\bundles\snakeyaml-1.13.jar, C:\Users\My Computer\.ivy2\cache\org.hibernate\hibernate-validator\jars\hibernate-validator-5.0.3.Final.jar, C:\Users\My Computer\.ivy2\cache\javax.validation\validation-api\jars\validation-api-1.1.0.Final.jar, C:\Users\My Computer\.ivy2\cache\com.fasterxml\classmate\bundles\classmate-1.0.0.jar, C:\Users\My Computer\.ivy2\cache\org.jboss.logging\jboss-logging\jars\jboss-logging-3.2.0.Final.jar, C:\Users\My Computer\.ivy2\cache\org.springframework\spring-context\jars\spring-context-4.0.3.RELEASE.jar, C:\Users\My Computer\.ivy2\cache\org.springframework\spring-core\jars\spring-core-4.0.3.RELEASE.jar, C:\Users\My Computer\.ivy2\cache\org.springframework\spring-beans\jars\spring-beans-4.0.3.RELEASE.jar, C:\Users\My Computer\.ivy2\cache\org.javassist\javassist\bundles\javassist-3.19.0-GA.jar, C:\Users\My Computer\.ivy2\cache\org.reflections\reflections\jars\reflections-0.9.8.jar, C:\Users\My Computer\.ivy2\cache\com.google.guava\guava\bundles\guava-16.0.1.jar, C:\Users\My Computer\.ivy2\cache\dom4j\dom4j\jars\dom4j-1.6.1.jar, C:\Users\My Computer\.ivy2\cache\com.google.code.findbugs\jsr305\jars\jsr305-2.0.3.jar, C:\Users\My Computer\.ivy2\cache\org.apache.tomcat\tomcat-servlet-api\jars\tomcat-servlet-api-8.0.5.jar, C:\Users\My Computer\.ivy2\cache\mysql\mysql-connector-java\jars\mysql-connector-java-5.1.27.jar, C:\Users\My Computer\.ivy2\cache\com.typesafe.play\play-java-jdbc_2.11\jars\play-java-jdbc_2.11-2.3.8.jar, C:\Users\My Computer\.ivy2\cache\com.typesafe.play\play-jdbc_2.11\jars\play-jdbc_2.11-2.3.8.jar, C:\Users\My Computer\.ivy2\cache\com.jolbox\bonecp\bundles\bonecp-0.8.0.RELEASE.jar, C:\Users\My Computer\.ivy2\cache\com.h2database\h2\jars\h2-1.3.175.jar, C:\Users\My Computer\.ivy2\cache\tyrex\tyrex\jars\tyrex-1.0.1.jar, C:\Users\My Computer\.ivy2\cache\com.typesafe.play\play-java-ebean_2.11\jars\play-java-ebean_2.11-2.3.8.jar, C:\Users\My Computer\.ivy2\cache\org.avaje.ebeanorm\avaje-ebeanorm\jars\avaje-ebeanorm-3.3.4.jar, C:\Users\My Computer\.ivy2\cache\org.avaje.ebeanorm\avaje-ebeanorm-agent\jars\avaje-ebeanorm-agent-3.2.2.jar, C:\Users\My Computer\.ivy2\cache\org.hibernate.javax.persistence\hibernate-jpa-2.0-api\jars\hibernate-jpa-2.0-api-1.0.1.Final.jar, C:\Users\My Computer\.ivy2\cache\com.typesafe.play\play-cache_2.11\jars\play-cache_2.11-2.3.8.jar, C:\Users\My Computer\.ivy2\cache\net.sf.ehcache\ehcache-core\jars\ehcache-core-2.6.8.jar, C:\Users\My Computer\.ivy2\cache\com.typesafe.play\play-java-ws_2.11\jars\play-java-ws_2.11-2.3.8.jar, C:\Users\My Computer\.ivy2\cache\com.typesafe.play\play-ws_2.11\jars\play-ws_2.11-2.3.8.jar, C:\Users\My Computer\.ivy2\cache\com.ning\async-http-client\jars\async-http-client-1.8.15.jar, C:\Users\My Computer\.ivy2\cache\oauth.signpost\signpost-core\jars\signpost-core-1.2.1.2.jar, C:\Users\My Computer\.ivy2\cache\oauth.signpost\signpost-commonshttp4\jars\signpost-commonshttp4-1.2.1.2.jar, C:\Users\My Computer\.ivy2\cache\org.apache.httpcomponents\httpcore\jars\httpcore-4.0.1.jar, C:\Users\My Computer\.ivy2\cache\org.apache.httpcomponents\httpclient\jars\httpclient-4.0.1.jar, C:\Users\My Computer\.ivy2\cache\commons-logging\commons-logging\jars\commons-logging-1.1.1.jar),List((public/,C:\Users\My Computer\DreamSpace\target\web\public\main)),List(C:\Users\My Computer\.ivy2\cache\com.typesafe.play\play-docs_2.11\jars\play-docs_2.11-2.3.8.jar, C:\Users\My Computer\.ivy2\cache\org.scala-lang\scala-library\jars\scala-library-2.11.1.jar, C:\Users\My Computer\.ivy2\cache\com.typesafe.play\play_2.11\jars\play_2.11-2.3.8.jar, C:\Users\My Computer\.ivy2\cache\com.typesafe.play\build-link\jars\build-link-2.3.8.jar, C:\Users\My Computer\.ivy2\cache\com.typesafe.play\play-exceptions\jars\play-exceptions-2.3.8.jar, C:\Users\My Computer\.ivy2\cache\org.javassist\javassist\bundles\javassist-3.18.2-GA.jar, C:\Users\My Computer\.ivy2\cache\com.typesafe.play\play-iteratees_2.11\jars\play-iteratees_2.11-2.3.8.jar, C:\Users\My Computer\.ivy2\cache\org.scala-stm\scala-stm_2.11\jars\scala-stm_2.11-0.7.jar, C:\Users\My Computer\.ivy2\cache\com.typesafe\config\bundles\config-1.2.1.jar, C:\Users\My Computer\.ivy2\cache\com.typesafe.play\play-json_2.11\jars\play-json_2.11-2.3.8.jar, C:\Users\My Computer\.ivy2\cache\com.typesafe.play\play-functional_2.11\jars\play-functional_2.11-2.3.8.jar, C:\Users\My Computer\.ivy2\cache\com.typesafe.play\play-datacommons_2.11\jars\play-datacommons_2.11-2.3.8.jar, C:\Users\My Computer\.ivy2\cache\joda-time\joda-time\jars\joda-time-2.3.jar, C:\Users\My Computer\.ivy2\cache\org.joda\joda-convert\jars\joda-convert-1.6.jar, C:\Users\My Computer\.ivy2\cache\com.fasterxml.jackson.core\jackson-annotations\bundles\jackson-annotations-2.3.2.jar, C:\Users\My Computer\.ivy2\cache\com.fasterxml.jackson.core\jackson-core\bundles\jackson-core-2.3.2.jar, C:\Users\My Computer\.ivy2\cache\com.fasterxml.jackson.core\jackson-databind\bundles\jackson-databind-2.3.2.jar, C:\Users\My Computer\.ivy2\cache\org.scala-lang\scala-reflect\jars\scala-reflect-2.11.1.jar, C:\Users\My Computer\.ivy2\cache\com.typesafe.play\twirl-api_2.11\jars\twirl-api_2.11-1.0.2.jar, C:\Users\My Computer\.ivy2\cache\org.apache.commons\commons-lang3\jars\commons-lang3-3.1.jar, C:\Users\My Computer\.ivy2\cache\org.scala-lang.modules\scala-xml_2.11\bundles\scala-xml_2.11-1.0.1.jar, C:\Users\My Computer\.ivy2\cache\org.scala-lang.modules\scala-parser-combinators_2.11\bundles\scala-parser-combinators_2.11-1.0.1.jar, C:\Users\My Computer\.ivy2\cache\io.netty\netty\bundles\netty-3.9.3.Final.jar, C:\Users\My Computer\.ivy2\cache\com.typesafe.netty\netty-http-pipelining\jars\netty-http-pipelining-1.1.2.jar, C:\Users\My Computer\.ivy2\cache\org.slf4j\slf4j-api\jars\slf4j-api-1.7.6.jar, C:\Users\My Computer\.ivy2\cache\org.slf4j\jul-to-slf4j\jars\jul-to-slf4j-1.7.6.jar, C:\Users\My Computer\.ivy2\cache\org.slf4j\jcl-over-slf4j\jars\jcl-over-slf4j-1.7.6.jar, C:\Users\My Computer\.ivy2\cache\ch.qos.logback\logback-core\jars\logback-core-1.1.1.jar, C:\Users\My Computer\.ivy2\cache\ch.qos.logback\logback-classic\jars\logback-classic-1.1.1.jar, C:\Users\My Computer\.ivy2\cache\com.typesafe.akka\akka-actor_2.11\jars\akka-actor_2.11-2.3.4.jar, C:\Users\My Computer\.ivy2\cache\com.typesafe.akka\akka-slf4j_2.11\jars\akka-slf4j_2.11-2.3.4.jar, C:\Users\My Computer\.ivy2\cache\commons-codec\commons-codec\jars\commons-codec-1.9.jar, C:\Users\My Computer\.ivy2\cache\xerces\xercesImpl\jars\xercesImpl-2.11.0.jar, C:\Users\My Computer\.ivy2\cache\xml-apis\xml-apis\jars\xml-apis-1.4.01.jar, C:\Users\My Computer\.ivy2\cache\javax.transaction\jta\jars\jta-1.1.jar, C:\Users\My Computer\.ivy2\cache\com.typesafe.play\play-doc_2.11\jars\play-doc_2.11-1.1.0.jar, C:\Users\My Computer\.ivy2\cache\org.pegdown\pegdown\jars\pegdown-1.4.0.jar, C:\Users\My Computer\.ivy2\cache\org.parboiled\parboiled-java\bundles\parboiled-java-1.1.5.jar, C:\Users\My Computer\.ivy2\cache\org.parboiled\parboiled-core\bundles\parboiled-core-1.1.5.jar, C:\Users\My Computer\.ivy2\cache\org.ow2.asm\asm\jars\asm-4.1.jar, C:\Users\My Computer\.ivy2\cache\org.ow2.asm\asm-tree\jars\asm-tree-4.1.jar, C:\Users\My Computer\.ivy2\cache\org.ow2.asm\asm-analysis\jars\asm-analysis-4.1.jar, C:\Users\My Computer\.ivy2\cache\org.ow2.asm\asm-util\jars\asm-util-4.1.jar, C:\Users\My Computer\.ivy2\cache\commons-io\commons-io\jars\commons-io-2.4.jar),List(),9000,DefaultWatchService,List(C:\Users\My Computer\DreamSpace\app-2.11, C:\Users\My Computer\DreamSpace\app, C:\Users\My Computer\DreamSpace\conf, C:\Users\My Computer\DreamSpace\app\assets, C:\Users\My Computer\DreamSpace\public),C:\Users\My Computer\DreamSpace\target,500,root/playForkNotifyStart,root/playForkReload,300000),scala.pickling.PicklerUnpickler$DelegatingPicklerUnpickler@70de455a),ForkConfig(C:\Users\My Computer\DreamSpace,List(),List(C:\Users\My Computer\.ivy2\cache\org.scala-lang\scala-library\jars\scala-library-2.11.1.jar, C:\Users\My Computer\.ivy2\cache\com.typesafe.play\twirl-api_2.11\jars\twirl-api_2.11-1.0.2.jar, C:\Users\My Computer\.ivy2\cache\org.apache.commons\commons-lang3\jars\commons-lang3-3.1.jar, C:\Users\My Computer\.ivy2\cache\org.scala-lang.modules\scala-xml_2.11\bundles\scala-xml_2.11-1.0.1.jar, C:\Users\My Computer\.ivy2\cache\com.typesafe.play\play_2.11\jars\play_2.11-2.3.8.jar, C:\Users\My Computer\.ivy2\cache\com.typesafe.play\build-link\jars\build-link-2.3.8.jar, C:\Users\My Computer\.ivy2\cache\com.typesafe.play\play-exceptions\jars\play-exceptions-2.3.8.jar, C:\Users\My Computer\.ivy2\cache\com.typesafe.play\play-iteratees_2.11\jars\play-iteratees_2.11-2.3.8.jar, C:\Users\My Computer\.ivy2\cache\org.scala-stm\scala-stm_2.11\jars\scala-stm_2.11-0.7.jar, C:\Users\My Computer\.ivy2\cache\com.typesafe\config\bundles\config-1.2.1.jar, C:\Users\My Computer\.ivy2\cache\com.typesafe.play\play-json_2.11\jars\play-json_2.11-2.3.8.jar, C:\Users\My Computer\.ivy2\cache\com.typesafe.play\play-functional_2.11\jars\play-functional_2.11-2.3.8.jar, C:\Users\My Computer\.ivy2\cache\com.typesafe.play\play-datacommons_2.11\jars\play-datacommons_2.11-2.3.8.jar, C:\Users\My Computer\.ivy2\cache\joda-time\joda-time\jars\joda-time-2.3.jar, C:\Users\My Computer\.ivy2\cache\org.joda\joda-convert\jars\joda-convert-1.6.jar, C:\Users\My Computer\.ivy2\cache\com.fasterxml.jackson.core\jackson-annotations\bundles\jackson-annotations-2.3.2.jar, C:\Users\My Computer\.ivy2\cache\com.fasterxml.jackson.core\jackson-core\bundles\jackson-core-2.3.2.jar, C:\Users\My Computer\.ivy2\cache\com.fasterxml.jackson.core\jackson-databind\bundles\jackson-databind-2.3.2.jar, C:\Users\My Computer\.ivy2\cache\org.scala-lang\scala-reflect\jars\scala-reflect-2.11.1.jar, C:\Users\My Computer\.ivy2\cache\org.scala-lang.modules\scala-parser-combinators_2.11\bundles\scala-parser-combinators_2.11-1.0.1.jar, C:\Users\My Computer\.ivy2\cache\io.netty\netty\bundles\netty-3.9.3.Final.jar, C:\Users\My Computer\.ivy2\cache\com.typesafe.netty\netty-http-pipelining\jars\netty-http-pipelining-1.1.2.jar, C:\Users\My Computer\.ivy2\cache\org.slf4j\slf4j-api\jars\slf4j-api-1.7.6.jar, C:\Users\My Computer\.ivy2\cache\org.slf4j\jul-to-slf4j\jars\jul-to-slf4j-1.7.6.jar, C:\Users\My Computer\.ivy2\cache\org.slf4j\jcl-over-slf4j\jars\jcl-over-slf4j-1.7.6.jar, C:\Users\My Computer\.ivy2\cache\ch.qos.logback\logback-core\jars\logback-core-1.1.1.jar, C:\Users\My Computer\.ivy2\cache\ch.qos.logback\logback-classic\jars\logback-classic-1.1.1.jar, C:\Users\My Computer\.ivy2\cache\com.typesafe.akka\akka-actor_2.11\jars\akka-actor_2.11-2.3.4.jar, C:\Users\My Computer\.ivy2\cache\com.typesafe.akka\akka-slf4j_2.11\jars\akka-slf4j_2.11-2.3.4.jar, C:\Users\My Computer\.ivy2\cache\commons-codec\commons-codec\jars\commons-codec-1.9.jar, C:\Users\My Computer\.ivy2\cache\xerces\xercesImpl\jars\xercesImpl-2.11.0.jar, C:\Users\My Computer\.ivy2\cache\xml-apis\xml-apis\jars\xml-apis-1.4.01.jar, C:\Users\My Computer\.ivy2\cache\javax.transaction\jta\jars\jta-1.1.jar, C:\Users\My Computer\.ivy2\cache\com.typesafe.play\play-java_2.11\jars\play-java_2.11-2.3.8.jar, C:\Users\My Computer\.ivy2\cache\org.yaml\snakeyaml\bundles\snakeyaml-1.13.jar, C:\Users\My Computer\.ivy2\cache\org.hibernate\hibernate-validator\jars\hibernate-validator-5.0.3.Final.jar, C:\Users\My Computer\.ivy2\cache\javax.validation\validation-api\jars\validation-api-1.1.0.Final.jar, C:\Users\My Computer\.ivy2\cache\com.fasterxml\classmate\bundles\classmate-1.0.0.jar, C:\Users\My Computer\.ivy2\cache\org.jboss.logging\jboss-logging\jars\jboss-logging-3.2.0.Final.jar, C:\Users\My Computer\.ivy2\cache\org.springframework\spring-context\jars\spring-context-4.0.3.RELEASE.jar, C:\Users\My Computer\.ivy2\cache\org.springframework\spring-core\jars\spring-core-4.0.3.RELEASE.jar, C:\Users\My Computer\.ivy2\cache\org.springframework\spring-beans\jars\spring-beans-4.0.3.RELEASE.jar, C:\Users\My Computer\.ivy2\cache\org.javassist\javassist\bundles\javassist-3.19.0-GA.jar, C:\Users\My Computer\.ivy2\cache\org.reflections\reflections\jars\reflections-0.9.8.jar, C:\Users\My Computer\.ivy2\cache\com.google.guava\guava\bundles\guava-16.0.1.jar, C:\Users\My Computer\.ivy2\cache\dom4j\dom4j\jars\dom4j-1.6.1.jar, C:\Users\My Computer\.ivy2\cache\com.google.code.findbugs\jsr305\jars\jsr305-2.0.3.jar, C:\Users\My Computer\.ivy2\cache\org.apache.tomcat\tomcat-servlet-api\jars\tomcat-servlet-api-8.0.5.jar, C:\Users\My Computer\.ivy2\cache\mysql\mysql-connector-java\jars\mysql-connector-java-5.1.27.jar, C:\Users\My Computer\.ivy2\cache\com.typesafe.play\play-java-jdbc_2.11\jars\play-java-jdbc_2.11-2.3.8.jar, C:\Users\My Computer\.ivy2\cache\com.typesafe.play\play-jdbc_2.11\jars\play-jdbc_2.11-2.3.8.jar, C:\Users\My Computer\.ivy2\cache\com.jolbox\bonecp\bundles\bonecp-0.8.0.RELEASE.jar, C:\Users\My Computer\.ivy2\cache\com.h2database\h2\jars\h2-1.3.175.jar, C:\Users\My Computer\.ivy2\cache\tyrex\tyrex\jars\tyrex-1.0.1.jar, C:\Users\My Computer\.ivy2\cache\com.typesafe.play\play-java-ebean_2.11\jars\play-java-ebean_2.11-2.3.8.jar, C:\Users\My Computer\.ivy2\cache\org.avaje.ebeanorm\avaje-ebeanorm\jars\avaje-ebeanorm-3.3.4.jar, C:\Users\My Computer\.ivy2\cache\org.avaje.ebeanorm\avaje-ebeanorm-agent\jars\avaje-ebeanorm-agent-3.2.2.jar, C:\Users\My Computer\.ivy2\cache\org.hibernate.javax.persistence\hibernate-jpa-2.0-api\jars\hibernate-jpa-2.0-api-1.0.1.Final.jar, C:\Users\My Computer\.ivy2\cache\com.typesafe.play\play-cache_2.11\jars\play-cache_2.11-2.3.8.jar, C:\Users\My Computer\.ivy2\cache\net.sf.ehcache\ehcache-core\jars\ehcache-core-2.6.8.jar, C:\Users\My Computer\.ivy2\cache\com.typesafe.play\play-java-ws_2.11\jars\play-java-ws_2.11-2.3.8.jar, C:\Users\My Computer\.ivy2\cache\com.typesafe.play\play-ws_2.11\jars\play-ws_2.11-2.3.8.jar, C:\Users\My Computer\.ivy2\cache\com.ning\async-http-client\jars\async-http-client-1.8.15.jar, C:\Users\My Computer\.ivy2\cache\oauth.signpost\signpost-core\jars\signpost-core-1.2.1.2.jar, C:\Users\My Computer\.ivy2\cache\oauth.signpost\signpost-commonshttp4\jars\signpost-commonshttp4-1.2.1.2.jar, C:\Users\My Computer\.ivy2\cache\org.apache.httpcomponents\httpcore\jars\httpcore-4.0.1.jar, C:\Users\My Computer\.ivy2\cache\org.apache.httpcomponents\httpclient\jars\httpclient-4.0.1.jar, C:\Users\My Computer\.ivy2\cache\commons-logging\commons-logging\jars\commons-logging-1.1.1.jar),List((public/,C:\Users\My Computer\DreamSpace\target\web\public\main)),List(C:\Users\My Computer\.ivy2\cache\com.typesafe.play\play-docs_2.11\jars\play-docs_2.11-2.3.8.jar, C:\Users\My Computer\.ivy2\cache\org.scala-lang\scala-library\jars\scala-library-2.11.1.jar, C:\Users\My Computer\.ivy2\cache\com.typesafe.play\play_2.11\jars\play_2.11-2.3.8.jar, C:\Users\My Computer\.ivy2\cache\com.typesafe.play\build-link\jars\build-link-2.3.8.jar, C:\Users\My Computer\.ivy2\cache\com.typesafe.play\play-exceptions\jars\play-exceptions-2.3.8.jar, C:\Users\My Computer\.ivy2\cache\org.javassist\javassist\bundles\javassist-3.18.2-GA.jar, C:\Users\My Computer\.ivy2\cache\com.typesafe.play\play-iteratees_2.11\jars\play-iteratees_2.11-2.3.8.jar, C:\Users\My Computer\.ivy2\cache\org.scala-stm\scala-stm_2.11\jars\scala-stm_2.11-0.7.jar, C:\Users\My Computer\.ivy2\cache\com.typesafe\config\bundles\config-1.2.1.jar, C:\Users\My Computer\.ivy2\cache\com.typesafe.play\play-json_2.11\jars\play-json_2.11-2.3.8.jar, C:\Users\My Computer\.ivy2\cache\com.typesafe.play\play-functional_2.11\jars\play-functional_2.11-2.3.8.jar, C:\Users\My Computer\.ivy2\cache\com.typesafe.play\play-datacommons_2.11\jars\play-datacommons_2.11-2.3.8.jar, C:\Users\My Computer\.ivy2\cache\joda-time\joda-time\jars\joda-time-2.3.jar, C:\Users\My Computer\.ivy2\cache\org.joda\joda-convert\jars\joda-convert-1.6.jar, C:\Users\My Computer\.ivy2\cache\com.fasterxml.jackson.core\jackson-annotations\bundles\jackson-annotations-2.3.2.jar, C:\Users\My Computer\.ivy2\cache\com.fasterxml.jackson.core\jackson-core\bundles\jackson-core-2.3.2.jar, C:\Users\My Computer\.ivy2\cache\com.fasterxml.jackson.core\jackson-databind\bundles\jackson-databind-2.3.2.jar, C:\Users\My Computer\.ivy2\cache\org.scala-lang\scala-reflect\jars\scala-reflect-2.11.1.jar, C:\Users\My Computer\.ivy2\cache\com.typesafe.play\twirl-api_2.11\jars\twirl-api_2.11-1.0.2.jar, C:\Users\My Computer\.ivy2\cache\org.apache.commons\commons-lang3\jars\commons-lang3-3.1.jar, C:\Users\My Computer\.ivy2\cache\org.scala-lang.modules\scala-xml_2.11\bundles\scala-xml_2.11-1.0.1.jar, C:\Users\My Computer\.ivy2\cache\org.scala-lang.modules\scala-parser-combinators_2.11\bundles\scala-parser-combinators_2.11-1.0.1.jar, C:\Users\My Computer\.ivy2\cache\io.netty\netty\bundles\netty-3.9.3.Final.jar, C:\Users\My Computer\.ivy2\cache\com.typesafe.netty\netty-http-pipelining\jars\netty-http-pipelining-1.1.2.jar, C:\Users\My Computer\.ivy2\cache\org.slf4j\slf4j-api\jars\slf4j-api-1.7.6.jar, C:\Users\My Computer\.ivy2\cache\org.slf4j\jul-to-slf4j\jars\jul-to-slf4j-1.7.6.jar, C:\Users\My Computer\.ivy2\cache\org.slf4j\jcl-over-slf4j\jars\jcl-over-slf4j-1.7.6.jar, C:\Users\My Computer\.ivy2\cache\ch.qos.logback\logback-core\jars\logback-core-1.1.1.jar, C:\Users\My Computer\.ivy2\cache\ch.qos.logback\logback-classic\jars\logback-classic-1.1.1.jar, C:\Users\My Computer\.ivy2\cache\com.typesafe.akka\akka-actor_2.11\jars\akka-actor_2.11-2.3.4.jar, C:\Users\My Computer\.ivy2\cache\com.typesafe.akka\akka-slf4j_2.11\jars\akka-slf4j_2.11-2.3.4.jar, C:\Users\My Computer\.ivy2\cache\commons-codec\commons-codec\jars\commons-codec-1.9.jar, C:\Users\My Computer\.ivy2\cache\xerces\xercesImpl\jars\xercesImpl-2.11.0.jar, C:\Users\My Computer\.ivy2\cache\xml-apis\xml-apis\jars\xml-apis-1.4.01.jar, C:\Users\My Computer\.ivy2\cache\javax.transaction\jta\jars\jta-1.1.jar, C:\Users\My Computer\.ivy2\cache\com.typesafe.play\play-doc_2.11\jars\play-doc_2.11-1.1.0.jar, C:\Users\My Computer\.ivy2\cache\org.pegdown\pegdown\jars\pegdown-1.4.0.jar, C:\Users\My Computer\.ivy2\cache\org.parboiled\parboiled-java\bundles\parboiled-java-1.1.5.jar, C:\Users\My Computer\.ivy2\cache\org.parboiled\parboiled-core\bundles\parboiled-core-1.1.5.jar, C:\Users\My Computer\.ivy2\cache\org.ow2.asm\asm\jars\asm-4.1.jar, C:\Users\My Computer\.ivy2\cache\org.ow2.asm\asm-tree\jars\asm-tree-4.1.jar, C:\Users\My Computer\.ivy2\cache\org.ow2.asm\asm-analysis\jars\asm-analysis-4.1.jar, C:\Users\My Computer\.ivy2\cache\org.ow2.asm\asm-util\jars\asm-util-4.1.jar, C:\Users\My Computer\.ivy2\cache\commons-io\commons-io\jars\commons-io-2.4.jar),List(),9000,DefaultWatchService,List(C:\Users\My Computer\DreamSpace\app-2.11, C:\Users\My Computer\DreamSpace\app, C:\Users\My Computer\DreamSpace\conf, C:\Users\My Computer\DreamSpace\app\assets, C:\Users\My Computer\DreamSpace\public),C:\Users\My Computer\DreamSpace\target,500,root/playForkNotifyStart,root/playForkReload,300000))))
Sending msg to client play-fork-run-51f48b48-aac2-46d9-8db5-a9479f018603: TaskStarted(6,402,None)
Sending msg to client play-fork-run-51f48b48-aac2-46d9-8db5-a9479f018603: TaskFinished(6,402,None,true,None)
Sending msg to client play-fork-run-51f48b48-aac2-46d9-8db5-a9479f018603: TaskStarted(6,401,None)
Sending msg to client play-fork-run-51f48b48-aac2-46d9-8db5-a9479f018603: TaskFinished(6,401,None,true,None)
Sending msg to client play-fork-run-51f48b48-aac2-46d9-8db5-a9479f018603: DetachedLogEvent(LogMessage(debug,cancel strategy finish enabled=false lastCommand=Some(LastCommand(CommandExecutionWork(ExecutionId(6),{file:/C:/Users/My%20Computer/DreamSpace/}root/*:playForkConfig,Set(LiveClient(play-fork-run 51f48b48-aac2-46d9-8db5-a9479f018603)),sbt.server.WorkCancellationStatus$$anon$1@19527d84)))))
Sending msg to client play-fork-run-51f48b48-aac2-46d9-8db5-a9479f018603: DetachedLogEvent(LogSuccess(Total time: 1 s, completed 2015-maj-15 13:47:43))
Sending msg to client play-fork-run-51f48b48-aac2-46d9-8db5-a9479f018603: DetachedLogEvent(LogMessage(debug,> server-post-command-cleanup))
Sending msg to client play-fork-run-51f48b48-aac2-46d9-8db5-a9479f018603: ExecutionSuccess(6)
Sending msg to client play-fork-run-51f48b48-aac2-46d9-8db5-a9479f018603: DetachedLogEvent(LogMessage(debug,> server-handle-next-server-request))
Sending msg to client play-fork-run-51f48b48-aac2-46d9-8db5-a9479f018603: BackgroundJobLogEvent(1,LogMessage(info,))
Sending msg to client play-fork-run-51f48b48-aac2-46d9-8db5-a9479f018603: BackgroundJobLogEvent(1,LogMessage(info,--- (Running the application, auto-reloading is enabled) ---))
Sending msg to client play-fork-run-51f48b48-aac2-46d9-8db5-a9479f018603: BackgroundJobLogEvent(1,LogMessage(info,))
Sending msg to client play-fork-run-51f48b48-aac2-46d9-8db5-a9479f018603: BackgroundJobLogEvent(1,LogMessage(info,play - Listening for HTTP on /0:0:0:0:0:0:0:0:9000))
Sending msg to client play-fork-run-51f48b48-aac2-46d9-8db5-a9479f018603: BackgroundJobLogEvent(1,LogMessage(info,))
Sending msg to client play-fork-run-51f48b48-aac2-46d9-8db5-a9479f018603: BackgroundJobLogEvent(1,LogMessage(info,(Server started, use Ctrl+D to stop and go back to the console...)))
Sending msg to client play-fork-run-51f48b48-aac2-46d9-8db5-a9479f018603: BackgroundJobLogEvent(1,LogMessage(info,))
Got request: ExecutionRequest(root/playForkNotifyStart http://localhost:9000)
Reading next message from client.
Sending msg to client play-fork-run-51f48b48-aac2-46d9-8db5-a9479f018603: (8,ExecutionRequestReceived(7))
Sending msg to client play-fork-run-51f48b48-aac2-46d9-8db5-a9479f018603: ExecutionWaiting(7,root/playForkNotifyStart http://localhost:9000,ClientInfo(51f48b48-aac2-46d9-8db5-a9479f018603,play-fork-run,Play Fork Run,1,Vector()))
Sending msg to client play-fork-run-51f48b48-aac2-46d9-8db5-a9479f018603: ExecutionStarting(7)
Sending msg to client play-fork-run-51f48b48-aac2-46d9-8db5-a9479f018603: DetachedLogEvent(LogMessage(debug,> root/playForkNotifyStart http://localhost:9000))
Sending msg to client play-fork-run-51f48b48-aac2-46d9-8db5-a9479f018603: DetachedLogEvent(LogMessage(debug,Evaluating tasks: *:playForkNotifyStart))
Sending msg to client play-fork-run-51f48b48-aac2-46d9-8db5-a9479f018603: DetachedLogEvent(LogMessage(debug,Running task... Cancel: sbt.server.ServerTaskCancellation@b831cc, check cycles: false))
Sending msg to client play-fork-run-51f48b48-aac2-46d9-8db5-a9479f018603: DetachedLogEvent(LogMessage(debug,cancel strategy start enabled=true lastCommand=Some(LastCommand(CommandExecutionWork(ExecutionId(7),root/playForkNotifyStart http://localhost:9000,Set(LiveClient(play-fork-run 51f48b48-aac2-46d9-8db5-a9479f018603)),sbt.server.WorkCancellationStatus$$anon$1@39a795f6)))))
Sending msg to client play-fork-run-51f48b48-aac2-46d9-8db5-a9479f018603: TaskStarted(7,477,Some(AttributeKey[sbt.SendEventService]("sendEventService") in Scope(Global)))
Sending msg to client play-fork-run-51f48b48-aac2-46d9-8db5-a9479f018603: TaskFinished(7,477,Some(AttributeKey[sbt.SendEventService]("sendEventService") in Scope(Global)),true,None)
Sending msg to client play-fork-run-51f48b48-aac2-46d9-8db5-a9479f018603: TaskStarted(7,476,Some(AttributeKey[scala.Function1[java.lang.String,void]]("playForkStarted") in Scope(Build: file:/C:/Users/My%20Computer/DreamSpace/, , Project: ProjectReference(file:/C:/Users/My%20Computer/DreamSpace/,root))))
Sending msg to client play-fork-run-51f48b48-aac2-46d9-8db5-a9479f018603: TaskFinished(7,476,Some(AttributeKey[scala.Function1[java.lang.String,void]]("playForkStarted") in Scope(Build: file:/C:/Users/My%20Computer/DreamSpace/, , Project: ProjectReference(file:/C:/Users/My%20Computer/DreamSpace/,root))),true,None)
Sending msg to client play-fork-run-51f48b48-aac2-46d9-8db5-a9479f018603: TaskStarted(7,475,Some(AttributeKey[void]("playForkNotifyStart") in Scope(Build: file:/C:/Users/My%20Computer/DreamSpace/, , Project: ProjectReference(file:/C:/Users/My%20Computer/DreamSpace/,root))))
Sending msg to client play-fork-run-51f48b48-aac2-46d9-8db5-a9479f018603: TaskEvent(475,LazyValue(PlayServerStarted(http://localhost:9000),play.forkrun.protocol.Serializers$PlayForkrunProtocolPlayServerStartedPickler1$2$@64098760))
Sending msg to client play-fork-run-51f48b48-aac2-46d9-8db5-a9479f018603: TaskFinished(7,475,Some(AttributeKey[void]("playForkNotifyStart") in Scope(Build: file:/C:/Users/My%20Computer/DreamSpace/, , Project: ProjectReference(file:/C:/Users/My%20Computer/DreamSpace/,root))),true,None)
Sending msg to client play-fork-run-51f48b48-aac2-46d9-8db5-a9479f018603: TaskStarted(7,474,None)
Sending msg to client play-fork-run-51f48b48-aac2-46d9-8db5-a9479f018603: TaskFinished(7,474,None,true,None)
Sending msg to client play-fork-run-51f48b48-aac2-46d9-8db5-a9479f018603: TaskStarted(7,473,None)
Sending msg to client play-fork-run-51f48b48-aac2-46d9-8db5-a9479f018603: TaskFinished(7,473,None,true,None)
Sending msg to client play-fork-run-51f48b48-aac2-46d9-8db5-a9479f018603: DetachedLogEvent(LogMessage(debug,cancel strategy finish enabled=false lastCommand=Some(LastCommand(CommandExecutionWork(ExecutionId(7),root/playForkNotifyStart http://localhost:9000,Set(LiveClient(play-fork-run 51f48b48-aac2-46d9-8db5-a9479f018603)),sbt.server.WorkCancellationStatus$$anon$1@39a795f6)))))
Sending msg to client play-fork-run-51f48b48-aac2-46d9-8db5-a9479f018603: DetachedLogEvent(LogSuccess(Total time: 0 s, completed 2015-maj-15 13:47:43))
Sending msg to client play-fork-run-51f48b48-aac2-46d9-8db5-a9479f018603: DetachedLogEvent(LogMessage(debug,> server-post-command-cleanup))
Sending msg to client play-fork-run-51f48b48-aac2-46d9-8db5-a9479f018603: ExecutionSuccess(7)
Sending msg to client play-fork-run-51f48b48-aac2-46d9-8db5-a9479f018603: DetachedLogEvent(LogMessage(debug,> server-handle-next-server-request))
