New log file opened at Tue May 12 15:24:03 CEST 2015 by 5908@noname
jvm 5908@noname
jvm vmName=Java HotSpot(TM) 64-Bit Server VM vmVendor=Oracle Corporation vmVersion=25.25-b02
jvm specName=Java Virtual Machine Specification specVendor=Oracle Corporation specVersion=1.8
jvm arguments: [-Xms256m, -Xmx1024m, -XX:MetaspaceSize=64m, -XX:MaxMetaspaceSize=256m]
Starting event engine
Starting sbt command engine
Waiting for sbt command engine
Command engine arguments=List()
Command engine baseDirectory=C:\Users\fred\DreamSpace
Command engine initial remaining commands List(--initialize, onFailure load-failed, boot, server-send-ready-for-request, server-handle-next-server-request)
> --initialize
> initialize
> onFailure load-failed
> boot
> reload
[Loading] Scanning directory C:\Users\fred\DreamSpace\project
[Loading] Found non-root projects 
[Loading] Done in C:\Users\fred\DreamSpace\project, returning: ()
deducing auto plugins based on known facts Set(Atom(sbt.plugins.CorePlugin)) and clauses Clauses(List(Clause(Atom(sbt.plugins.JvmPlugin),Set(Atom(sbt.plugins.IvyPlugin))), Clause(Atom(sbt.plugins.JUnitXmlReportPlugin),Set(Atom(sbt.plugins.JvmPlugin))), Clause(Atom(sbt.plugins.CorePlugin),Set(Atom(sbt.plugins.IvyPlugin))), Clause(Atom(sbt.plugins.IvyPlugin),Set(Atom(sbt.plugins.JvmPlugin))), Clause(Atom(sbt.plugins.JvmPlugin),Set(Atom(sbt.plugins.JUnitXmlReportPlugin)))))
  :: deduced result: Matched(sbt.plugins.CorePlugin,sbt.plugins.IvyPlugin,sbt.plugins.JvmPlugin,sbt.plugins.JUnitXmlReportPlugin)
sorting: ns: List(sbt.plugins.CorePlugin, sbt.plugins.IvyPlugin, sbt.plugins.JvmPlugin, sbt.plugins.JUnitXmlReportPlugin)
  :: sorting:: found: List(sbt.plugins.CorePlugin) not found List(sbt.plugins.IvyPlugin, sbt.plugins.JvmPlugin, sbt.plugins.JUnitXmlReportPlugin)
  :: sorting:: found: List(sbt.plugins.CorePlugin, sbt.plugins.IvyPlugin) not found List(sbt.plugins.JvmPlugin, sbt.plugins.JUnitXmlReportPlugin)
  :: sorting:: found: List(sbt.plugins.CorePlugin, sbt.plugins.IvyPlugin, sbt.plugins.JvmPlugin) not found List(sbt.plugins.JUnitXmlReportPlugin)
  :: sorting:: found: List(sbt.plugins.CorePlugin, sbt.plugins.IvyPlugin, sbt.plugins.JvmPlugin, sbt.plugins.JUnitXmlReportPlugin) not found List()
  :: sorted deduced result: List(sbt.plugins.CorePlugin, sbt.plugins.IvyPlugin, sbt.plugins.JvmPlugin, sbt.plugins.JUnitXmlReportPlugin)
[Loading] Done in C:\Users\fred\DreamSpace\project, returning: (dreamspace-build)
Loading project definition from C:\Users\fred\DreamSpace\project
Running task... Cancel: sbt.TaskCancellationStrategy$Null$@37d12863, check cycles: false

Initial source changes: 
	removed:Set()
	added: Set()
	modified: Set()
Removed products: Set()
External API changes: API Changes: Set()
Modified binary dependencies: Set()
Initial directly invalidated sources: Set()

Sources indirectly invalidated by:
	product: Set()
	binary dep: Set()
	external source: Set()
All initially invalidated sources: Set()

Copy resource mappings: 
	
[Loading] Scanning directory C:\Users\fred\DreamSpace
[Loading] Found root project root w/ remaining 
deducing auto plugins based on known facts Set(Atom(play.PlayJava), Atom(sbt.plugins.CorePlugin)) and clauses Clauses(List(Clause(Atom(sbt.plugins.JvmPlugin),Set(Atom(sbt.plugins.IvyPlugin))), Clause(Atom(sbt.plugins.JUnitXmlReportPlugin),Set(Atom(sbt.plugins.JvmPlugin))), Clause(Atom(play.sbt.forkrun.PlayForkRun),Set(Atom(sbt.plugins.BackgroundRunPlugin))), Clause(Atom(play.sbt.forkrun.PlayForkRun),Set(Atom(play.Play))), Clause(Atom(play.sbt.forkrun.PlayForkRun),Set(Atom(sbt.plugins.SerializersPlugin))), Clause(Atom(play.Play),Set(Atom(com.typesafe.sbt.webdriver.SbtWebDriver))), Clause(Atom(play.Play),Set(Atom(play.twirl.sbt.SbtTwirl))), Clause(Atom(play.Play),Set(Atom(com.typesafe.sbt.jse.SbtJsTask))), Clause(Atom(play.PlayJava),Set(Atom(play.Play))), Clause(Atom(play.PlayScala),Set(Atom(play.Play))), Clause(Atom(play.twirl.sbt.SbtTwirl),Set(Atom(sbt.plugins.JvmPlugin))), Clause(Atom(com.typesafe.sbt.packager.archetypes.AkkaAppPackaging),Set(Atom(com.typesafe.sbt.packager.archetypes.JavaAppPackaging))), Clause(Atom(com.typesafe.sbt.packager.archetypes.JavaAppPackaging),Set(Atom(com.typesafe.sbt.packager.windows.WindowsPlugin))), Clause(Atom(com.typesafe.sbt.packager.archetypes.JavaAppPackaging),Set(Atom(com.typesafe.sbt.packager.docker.DockerPlugin))), Clause(Atom(com.typesafe.sbt.packager.archetypes.JavaAppPackaging),Set(Atom(com.typesafe.sbt.packager.debian.DebianPlugin))), Clause(Atom(com.typesafe.sbt.packager.archetypes.JavaAppPackaging),Set(Atom(com.typesafe.sbt.packager.rpm.RpmPlugin))), Clause(Atom(com.typesafe.sbt.packager.archetypes.JavaServerAppPackaging),Set(Atom(com.typesafe.sbt.packager.archetypes.JavaAppPackaging))), Clause(Atom(com.typesafe.sbt.packager.archetypes.jar.ClasspathJarPlugin),Set(Atom(com.typesafe.sbt.packager.archetypes.JavaAppPackaging))), Clause(Atom(com.typesafe.sbt.packager.debian.DebianDeployPlugin),Set(Atom(com.typesafe.sbt.packager.debian.DebianPlugin))), Clause(Atom(com.typesafe.sbt.packager.debian.DebianPlugin),Set(Atom(com.typesafe.sbt.packager.linux.LinuxPlugin))), Clause(Atom(com.typesafe.sbt.packager.debian.JDebPackaging),Set(Atom(com.typesafe.sbt.packager.debian.DebianPlugin))), Clause(Atom(com.typesafe.sbt.packager.docker.DockerPlugin),Set(Atom(com.typesafe.sbt.packager.universal.UniversalPlugin))), Clause(Atom(com.typesafe.sbt.packager.jdkpackager.JDKPackagerDeployPlugin),Set(Atom(com.typesafe.sbt.packager.jdkpackager.JDKPackagerPlugin))), Clause(Atom(com.typesafe.sbt.packager.jdkpackager.JDKPackagerPlugin),Set(Atom(com.typesafe.sbt.packager.archetypes.JavaAppPackaging))), Clause(Atom(com.typesafe.sbt.packager.jdkpackager.JDKPackagerPlugin),Set(Atom(com.typesafe.sbt.packager.archetypes.jar.ClasspathJarPlugin))), Clause(Atom(com.typesafe.sbt.packager.linux.LinuxPlugin),Set(Atom(com.typesafe.sbt.packager.universal.UniversalPlugin))), Clause(Atom(com.typesafe.sbt.packager.rpm.RpmDeployPlugin),Set(Atom(com.typesafe.sbt.packager.rpm.RpmPlugin))), Clause(Atom(com.typesafe.sbt.packager.rpm.RpmPlugin),Set(Atom(com.typesafe.sbt.packager.linux.LinuxPlugin))), Clause(Atom(com.typesafe.sbt.packager.universal.UniversalDeployPlugin),Set(Atom(com.typesafe.sbt.packager.universal.UniversalPlugin))), Clause(Atom(com.typesafe.sbt.packager.universal.UniversalPlugin),Set(Atom(com.typesafe.sbt.SbtNativePackager))), Clause(Atom(com.typesafe.sbt.packager.windows.WindowsDeployPlugin),Set(Atom(com.typesafe.sbt.packager.windows.WindowsPlugin))), Clause(Atom(com.typesafe.sbt.packager.windows.WindowsPlugin),Set(Atom(com.typesafe.sbt.packager.universal.UniversalPlugin))), Clause(Atom(com.typesafe.sbt.jse.SbtJsEngine),Set(Atom(com.typesafe.sbt.web.SbtWeb))), Clause(Atom(com.typesafe.sbt.jse.SbtJsTask),Set(Atom(com.typesafe.sbt.jse.SbtJsEngine))), Clause(Atom(com.typesafe.sbt.webdriver.SbtWebDriver),Set(Atom(com.typesafe.sbt.web.SbtWeb))), Clause(Atom(sbt.plugins.BackgroundRunPlugin),Set(Atom(sbt.plugins.JvmPlugin))), Clause(Atom(com.heroku.sbt.HerokuPlugin),Set(Atom(sbt.plugins.JvmPlugin))), Clause(Atom(com.typesafe.sbt.coffeescript.SbtCoffeeScript),Set(Atom(com.typesafe.sbt.jse.SbtJsTask))), Clause(Atom(com.typesafe.sbt.less.SbtLess),Set(Atom(com.typesafe.sbt.jse.SbtJsTask))), Clause(Atom(com.typesafe.sbt.jshint.SbtJSHint),Set(Atom(com.typesafe.sbt.jse.SbtJsTask))), Clause(Atom(com.typesafe.sbt.rjs.SbtRjs),Set(Atom(com.typesafe.sbt.jse.SbtJsTask))), Clause(Atom(com.typesafe.sbt.digest.SbtDigest),Set(Atom(com.typesafe.sbt.web.SbtWeb))), Clause(Atom(com.typesafe.sbt.mocha.SbtMocha),Set(Atom(com.typesafe.sbt.jse.SbtJsTask))), Clause(Atom(sbt.plugins.CorePlugin),Set(Atom(sbt.plugins.IvyPlugin))), Clause(Atom(sbt.plugins.IvyPlugin),Set(Atom(sbt.plugins.JvmPlugin))), Clause(Atom(sbt.plugins.JvmPlugin),Set(Atom(sbt.plugins.JUnitXmlReportPlugin))), Clause(And(Set(Atom(sbt.plugins.BackgroundRunPlugin), Atom(play.Play), Atom(sbt.plugins.SerializersPlugin))),Set(Atom(play.sbt.forkrun.PlayForkRun))), Clause(Atom(com.typesafe.sbt.web.SbtWeb),Set(Atom(com.typesafe.sbt.jse.SbtJsEngine))), Clause(Atom(com.typesafe.sbt.jse.SbtJsEngine),Set(Atom(com.typesafe.sbt.jse.SbtJsTask))), Clause(Atom(com.typesafe.sbt.web.SbtWeb),Set(Atom(com.typesafe.sbt.webdriver.SbtWebDriver))), Clause(Atom(sbt.plugins.JvmPlugin),Set(Atom(sbt.plugins.BackgroundRunPlugin))), Clause(Atom(sbt.plugins.CorePlugin),Set(Atom(sbt.plugins.InteractionServicePlugin))), Clause(Atom(sbt.plugins.CorePlugin),Set(Atom(sbt.plugins.SendEventServicePlugin))), Clause(Atom(sbt.plugins.CorePlugin),Set(Atom(sbt.plugins.SerializersPlugin))), Clause(Atom(sbt.plugins.JvmPlugin),Set(Atom(com.heroku.sbt.HerokuPlugin))), Clause(Atom(com.typesafe.sbt.jse.SbtJsTask),Set(Atom(com.typesafe.sbt.coffeescript.SbtCoffeeScript))), Clause(Atom(com.typesafe.sbt.jse.SbtJsTask),Set(Atom(com.typesafe.sbt.less.SbtLess))), Clause(Atom(com.typesafe.sbt.jse.SbtJsTask),Set(Atom(com.typesafe.sbt.jshint.SbtJSHint))), Clause(Atom(com.typesafe.sbt.jse.SbtJsTask),Set(Atom(com.typesafe.sbt.rjs.SbtRjs))), Clause(Atom(com.typesafe.sbt.web.SbtWeb),Set(Atom(com.typesafe.sbt.digest.SbtDigest))), Clause(Atom(com.typesafe.sbt.jse.SbtJsTask),Set(Atom(com.typesafe.sbt.mocha.SbtMocha)))))
  :: deduced result: Matched(sbt.plugins.CorePlugin,play.PlayJava,sbt.plugins.InteractionServicePlugin,sbt.plugins.SendEventServicePlugin,play.Play,sbt.plugins.SerializersPlugin,sbt.plugins.IvyPlugin,sbt.plugins.JvmPlugin,com.typesafe.sbt.jse.SbtJsTask,play.twirl.sbt.SbtTwirl,com.typesafe.sbt.webdriver.SbtWebDriver,com.typesafe.sbt.jshint.SbtJSHint,sbt.plugins.JUnitXmlReportPlugin,com.typesafe.sbt.mocha.SbtMocha,com.typesafe.sbt.less.SbtLess,com.typesafe.sbt.web.SbtWeb,com.typesafe.sbt.rjs.SbtRjs,com.typesafe.sbt.jse.SbtJsEngine,com.typesafe.sbt.coffeescript.SbtCoffeeScript,com.heroku.sbt.HerokuPlugin,sbt.plugins.BackgroundRunPlugin,com.typesafe.sbt.digest.SbtDigest,play.sbt.forkrun.PlayForkRun)
sorting: ns: List(sbt.plugins.CorePlugin, play.PlayJava, sbt.plugins.InteractionServicePlugin, sbt.plugins.SendEventServicePlugin, play.Play, sbt.plugins.SerializersPlugin, sbt.plugins.IvyPlugin, sbt.plugins.JvmPlugin, com.typesafe.sbt.jse.SbtJsTask, play.twirl.sbt.SbtTwirl, com.typesafe.sbt.webdriver.SbtWebDriver, com.typesafe.sbt.jshint.SbtJSHint, sbt.plugins.JUnitXmlReportPlugin, com.typesafe.sbt.mocha.SbtMocha, com.typesafe.sbt.less.SbtLess, com.typesafe.sbt.web.SbtWeb, com.typesafe.sbt.rjs.SbtRjs, com.typesafe.sbt.jse.SbtJsEngine, com.typesafe.sbt.coffeescript.SbtCoffeeScript, com.heroku.sbt.HerokuPlugin, sbt.plugins.BackgroundRunPlugin, com.typesafe.sbt.digest.SbtDigest, play.sbt.forkrun.PlayForkRun)
  :: sorting:: found: List(sbt.plugins.CorePlugin, com.typesafe.sbt.web.SbtWeb) not found List(play.PlayJava, sbt.plugins.InteractionServicePlugin, sbt.plugins.SendEventServicePlugin, play.Play, sbt.plugins.SerializersPlugin, sbt.plugins.IvyPlugin, sbt.plugins.JvmPlugin, com.typesafe.sbt.jse.SbtJsTask, play.twirl.sbt.SbtTwirl, com.typesafe.sbt.webdriver.SbtWebDriver, com.typesafe.sbt.jshint.SbtJSHint, sbt.plugins.JUnitXmlReportPlugin, com.typesafe.sbt.mocha.SbtMocha, com.typesafe.sbt.less.SbtLess, com.typesafe.sbt.rjs.SbtRjs, com.typesafe.sbt.jse.SbtJsEngine, com.typesafe.sbt.coffeescript.SbtCoffeeScript, com.heroku.sbt.HerokuPlugin, sbt.plugins.BackgroundRunPlugin, com.typesafe.sbt.digest.SbtDigest, play.sbt.forkrun.PlayForkRun)
  :: sorting:: found: List(sbt.plugins.CorePlugin, com.typesafe.sbt.web.SbtWeb, sbt.plugins.InteractionServicePlugin, sbt.plugins.SendEventServicePlugin, sbt.plugins.SerializersPlugin, sbt.plugins.IvyPlugin, com.typesafe.sbt.webdriver.SbtWebDriver, com.typesafe.sbt.jse.SbtJsEngine, com.typesafe.sbt.digest.SbtDigest) not found List(play.PlayJava, play.Play, sbt.plugins.JvmPlugin, com.typesafe.sbt.jse.SbtJsTask, play.twirl.sbt.SbtTwirl, com.typesafe.sbt.jshint.SbtJSHint, sbt.plugins.JUnitXmlReportPlugin, com.typesafe.sbt.mocha.SbtMocha, com.typesafe.sbt.less.SbtLess, com.typesafe.sbt.rjs.SbtRjs, com.typesafe.sbt.coffeescript.SbtCoffeeScript, com.heroku.sbt.HerokuPlugin, sbt.plugins.BackgroundRunPlugin, play.sbt.forkrun.PlayForkRun)
  :: sorting:: found: List(sbt.plugins.CorePlugin, com.typesafe.sbt.web.SbtWeb, sbt.plugins.InteractionServicePlugin, sbt.plugins.SendEventServicePlugin, sbt.plugins.SerializersPlugin, sbt.plugins.IvyPlugin, com.typesafe.sbt.webdriver.SbtWebDriver, com.typesafe.sbt.jse.SbtJsEngine, com.typesafe.sbt.digest.SbtDigest, sbt.plugins.JvmPlugin, com.typesafe.sbt.jse.SbtJsTask) not found List(play.PlayJava, play.Play, play.twirl.sbt.SbtTwirl, com.typesafe.sbt.jshint.SbtJSHint, sbt.plugins.JUnitXmlReportPlugin, com.typesafe.sbt.mocha.SbtMocha, com.typesafe.sbt.less.SbtLess, com.typesafe.sbt.rjs.SbtRjs, com.typesafe.sbt.coffeescript.SbtCoffeeScript, com.heroku.sbt.HerokuPlugin, sbt.plugins.BackgroundRunPlugin, play.sbt.forkrun.PlayForkRun)
  :: sorting:: found: List(sbt.plugins.CorePlugin, com.typesafe.sbt.web.SbtWeb, sbt.plugins.InteractionServicePlugin, sbt.plugins.SendEventServicePlugin, sbt.plugins.SerializersPlugin, sbt.plugins.IvyPlugin, com.typesafe.sbt.webdriver.SbtWebDriver, com.typesafe.sbt.jse.SbtJsEngine, com.typesafe.sbt.digest.SbtDigest, sbt.plugins.JvmPlugin, com.typesafe.sbt.jse.SbtJsTask, play.twirl.sbt.SbtTwirl, com.typesafe.sbt.jshint.SbtJSHint, sbt.plugins.JUnitXmlReportPlugin, com.typesafe.sbt.mocha.SbtMocha, com.typesafe.sbt.less.SbtLess, com.typesafe.sbt.rjs.SbtRjs, com.typesafe.sbt.coffeescript.SbtCoffeeScript, com.heroku.sbt.HerokuPlugin, sbt.plugins.BackgroundRunPlugin) not found List(play.PlayJava, play.Play, play.sbt.forkrun.PlayForkRun)
  :: sorting:: found: List(sbt.plugins.CorePlugin, com.typesafe.sbt.web.SbtWeb, sbt.plugins.InteractionServicePlugin, sbt.plugins.SendEventServicePlugin, sbt.plugins.SerializersPlugin, sbt.plugins.IvyPlugin, com.typesafe.sbt.webdriver.SbtWebDriver, com.typesafe.sbt.jse.SbtJsEngine, com.typesafe.sbt.digest.SbtDigest, sbt.plugins.JvmPlugin, com.typesafe.sbt.jse.SbtJsTask, play.twirl.sbt.SbtTwirl, com.typesafe.sbt.jshint.SbtJSHint, sbt.plugins.JUnitXmlReportPlugin, com.typesafe.sbt.mocha.SbtMocha, com.typesafe.sbt.less.SbtLess, com.typesafe.sbt.rjs.SbtRjs, com.typesafe.sbt.coffeescript.SbtCoffeeScript, com.heroku.sbt.HerokuPlugin, sbt.plugins.BackgroundRunPlugin, play.Play) not found List(play.PlayJava, play.sbt.forkrun.PlayForkRun)
  :: sorting:: found: List(sbt.plugins.CorePlugin, com.typesafe.sbt.web.SbtWeb, sbt.plugins.InteractionServicePlugin, sbt.plugins.SendEventServicePlugin, sbt.plugins.SerializersPlugin, sbt.plugins.IvyPlugin, com.typesafe.sbt.webdriver.SbtWebDriver, com.typesafe.sbt.jse.SbtJsEngine, com.typesafe.sbt.digest.SbtDigest, sbt.plugins.JvmPlugin, com.typesafe.sbt.jse.SbtJsTask, play.twirl.sbt.SbtTwirl, com.typesafe.sbt.jshint.SbtJSHint, sbt.plugins.JUnitXmlReportPlugin, com.typesafe.sbt.mocha.SbtMocha, com.typesafe.sbt.less.SbtLess, com.typesafe.sbt.rjs.SbtRjs, com.typesafe.sbt.coffeescript.SbtCoffeeScript, com.heroku.sbt.HerokuPlugin, sbt.plugins.BackgroundRunPlugin, play.Play, play.PlayJava, play.sbt.forkrun.PlayForkRun) not found List()
  :: sorted deduced result: List(sbt.plugins.CorePlugin, com.typesafe.sbt.web.SbtWeb, sbt.plugins.InteractionServicePlugin, sbt.plugins.SendEventServicePlugin, sbt.plugins.SerializersPlugin, sbt.plugins.IvyPlugin, com.typesafe.sbt.webdriver.SbtWebDriver, com.typesafe.sbt.jse.SbtJsEngine, com.typesafe.sbt.digest.SbtDigest, sbt.plugins.JvmPlugin, com.typesafe.sbt.jse.SbtJsTask, play.twirl.sbt.SbtTwirl, com.typesafe.sbt.jshint.SbtJSHint, sbt.plugins.JUnitXmlReportPlugin, com.typesafe.sbt.mocha.SbtMocha, com.typesafe.sbt.less.SbtLess, com.typesafe.sbt.rjs.SbtRjs, com.typesafe.sbt.coffeescript.SbtCoffeeScript, com.heroku.sbt.HerokuPlugin, sbt.plugins.BackgroundRunPlugin, play.Play, play.PlayJava, play.sbt.forkrun.PlayForkRun)
[Loading] Done in C:\Users\fred\DreamSpace, returning: (root)
Set current project to DreamSpace (in build file:/C:/Users/fred/DreamSpace/)
Reapplying settings...
Set current project to DreamSpace (in build file:/C:/Users/fred/DreamSpace/)
> iflast shell
> server-send-ready-for-request
> server-handle-next-server-request
> compile
Evaluating tasks: compile:compile
Running task... Cancel: sbt.server.ServerTaskCancellation@3a577102, check cycles: false

Initial source changes: 
	removed:Set()
	added: Set()
	modified: Set(C:\Users\fred\DreamSpace\app\controllers\PacklistDatabase.java)
Removed products: Set()
External API changes: API Changes: Set()
Modified binary dependencies: Set()
Initial directly invalidated sources: Set(C:\Users\fred\DreamSpace\app\controllers\PacklistDatabase.java)

Sources indirectly invalidated by:
	product: Set()
	binary dep: Set()
	external source: Set()
All initially invalidated sources: Set(C:\Users\fred\DreamSpace\app\controllers\PacklistDatabase.java)

Read from stdout: Compiling 1 Java source to C:\Users\fred\DreamSpace\target\scala-2.11\classes...
Compiling 1 Java source to C:\Users\fred\DreamSpace\target\scala-2.11\classes...
Attempting to call com.sun.tools.javac.api.JavacTool@73b97791 directly...
Read from stdout: C:\Users\fred\DreamSpace\app\controllers\PacklistDatabase.java:41:  java.lang.String cannot be converted to boolean
C:\Users\fred\DreamSpace\app\controllers\PacklistDatabase.java:41:  java.lang.String cannot be converted to boolean
Read from stdout: PersonalComputer
PersonalComputer
Read from stdout: Some messages have been simplified; recompile with -Xdiags:verbose to get full output
Some messages have been simplified; recompile with -Xdiags:verbose to get full output
Read from stdout: (compile:compileIncremental) javac returned nonzero exit code
(compile:compileIncremental) javac returned nonzero exit code
Total time: 6 s, completed 2015-maj-12 15:24:29
> server-post-command-error-handler
> server-post-command-cleanup
> server-handle-next-server-request
> {file:/C:/Users/fred/DreamSpace/}root/compile:discoveredMainClasses
Evaluating tasks: compile:discoveredMainClasses
Running task... Cancel: sbt.server.ServerTaskCancellation@332a41c1, check cycles: false

Initial source changes: 
	removed:Set()
	added: Set()
	modified: Set(C:\Users\fred\DreamSpace\app\controllers\PacklistDatabase.java)
Removed products: Set()
External API changes: API Changes: Set()
Modified binary dependencies: Set()
Initial directly invalidated sources: Set(C:\Users\fred\DreamSpace\app\controllers\PacklistDatabase.java)

Sources indirectly invalidated by:
	product: Set()
	binary dep: Set()
	external source: Set()
All initially invalidated sources: Set(C:\Users\fred\DreamSpace\app\controllers\PacklistDatabase.java)

Read from stdout: Compiling 1 Java source to C:\Users\fred\DreamSpace\target\scala-2.11\classes...
Compiling 1 Java source to C:\Users\fred\DreamSpace\target\scala-2.11\classes...
Attempting to call com.sun.tools.javac.api.JavacTool@4a8b2207 directly...
Read from stdout: C:\Users\fred\DreamSpace\app\controllers\PacklistDatabase.java:41:  java.lang.String cannot be converted to boolean
C:\Users\fred\DreamSpace\app\controllers\PacklistDatabase.java:41:  java.lang.String cannot be converted to boolean
Read from stdout: PersonalComputer
PersonalComputer
Read from stdout: Some messages have been simplified; recompile with -Xdiags:verbose to get full output
Some messages have been simplified; recompile with -Xdiags:verbose to get full output
Read from stdout: (compile:compileIncremental) javac returned nonzero exit code
(compile:compileIncremental) javac returned nonzero exit code
Total time: 1 s, completed 2015-maj-12 15:24:30
> server-post-command-error-handler
> server-post-command-cleanup
> server-handle-next-server-request
> {file:/C:/Users/fred/DreamSpace/}root/compile:mainClass
Evaluating tasks: compile:mainClass
Running task... Cancel: sbt.server.ServerTaskCancellation@3e767a79, check cycles: false
Total time: 0 s, completed 2015-maj-12 15:24:30
> server-post-command-cleanup
> server-handle-next-server-request
> {file:/C:/Users/fred/DreamSpace/}root/compile:discoveredMainClasses
Evaluating tasks: compile:discoveredMainClasses
Running task... Cancel: sbt.server.ServerTaskCancellation@5a9ce477, check cycles: false

Initial source changes: 
	removed:Set()
	added: Set()
	modified: Set(C:\Users\fred\DreamSpace\app\controllers\PacklistDatabase.java)
Removed products: Set()
External API changes: API Changes: Set()
Modified binary dependencies: Set()
Initial directly invalidated sources: Set(C:\Users\fred\DreamSpace\app\controllers\PacklistDatabase.java)

Sources indirectly invalidated by:
	product: Set()
	binary dep: Set()
	external source: Set()
All initially invalidated sources: Set(C:\Users\fred\DreamSpace\app\controllers\PacklistDatabase.java)

Read from stdout: Compiling 1 Java source to C:\Users\fred\DreamSpace\target\scala-2.11\classes...
Compiling 1 Java source to C:\Users\fred\DreamSpace\target\scala-2.11\classes...
Attempting to call com.sun.tools.javac.api.JavacTool@177f5f93 directly...
Read from stdout: C:\Users\fred\DreamSpace\app\controllers\PacklistDatabase.java:41:  java.lang.String cannot be converted to boolean
C:\Users\fred\DreamSpace\app\controllers\PacklistDatabase.java:41:  java.lang.String cannot be converted to boolean
Read from stdout: PersonalComputer
PersonalComputer
Read from stdout: Some messages have been simplified; recompile with -Xdiags:verbose to get full output
Some messages have been simplified; recompile with -Xdiags:verbose to get full output
Read from stdout: (compile:compileIncremental) javac returned nonzero exit code
(compile:compileIncremental) javac returned nonzero exit code
Total time: 1 s, completed 2015-maj-12 15:24:32
> server-post-command-error-handler
> server-post-command-cleanup
> server-handle-next-server-request
> {file:/C:/Users/fred/DreamSpace/}root/compile:mainClass
Evaluating tasks: compile:mainClass
Running task... Cancel: sbt.server.ServerTaskCancellation@34c54b81, check cycles: false
Total time: 0 s, completed 2015-maj-12 15:24:32
> server-post-command-cleanup
> server-handle-next-server-request
> compile
Evaluating tasks: compile:compile
Running task... Cancel: sbt.server.ServerTaskCancellation@70233e0a, check cycles: false

Initial source changes: 
	removed:Set()
	added: Set()
	modified: Set(C:\Users\fred\DreamSpace\app\controllers\PacklistDatabase.java)
Removed products: Set()
External API changes: API Changes: Set()
Modified binary dependencies: Set()
Initial directly invalidated sources: Set(C:\Users\fred\DreamSpace\app\controllers\PacklistDatabase.java)

Sources indirectly invalidated by:
	product: Set()
	binary dep: Set()
	external source: Set()
All initially invalidated sources: Set(C:\Users\fred\DreamSpace\app\controllers\PacklistDatabase.java)

Read from stdout: Compiling 1 Java source to C:\Users\fred\DreamSpace\target\scala-2.11\classes...
Compiling 1 Java source to C:\Users\fred\DreamSpace\target\scala-2.11\classes...
Attempting to call com.sun.tools.javac.api.JavacTool@727ee98 directly...
Read from stdout: C:\Users\fred\DreamSpace\app\controllers\PacklistDatabase.java:41:  java.lang.String cannot be converted to boolean
C:\Users\fred\DreamSpace\app\controllers\PacklistDatabase.java:41:  java.lang.String cannot be converted to boolean
Read from stdout: PersonalComputer
PersonalComputer
Read from stdout: Some messages have been simplified; recompile with -Xdiags:verbose to get full output
Some messages have been simplified; recompile with -Xdiags:verbose to get full output
Read from stdout: (compile:compileIncremental) javac returned nonzero exit code
(compile:compileIncremental) javac returned nonzero exit code
Total time: 1 s, completed 2015-maj-12 15:25:21
> server-post-command-error-handler
> server-post-command-cleanup
> server-handle-next-server-request
> backgroundRun
Evaluating tasks: compile:backgroundRun
Running task... Cancel: sbt.server.ServerTaskCancellation@47104c8b, check cycles: false
Total time: 0 s, completed 2015-maj-12 15:25:24
> server-post-command-cleanup
> server-handle-next-server-request
> {file:/C:/Users/fred/DreamSpace/}root/*:playForkConfig
Evaluating tasks: *:playForkConfig
Running task... Cancel: sbt.server.ServerTaskCancellation@2efe14e5, check cycles: false
Total time: 1 s, completed 2015-maj-12 15:25:28
> server-post-command-cleanup
> server-handle-next-server-request
> root/playForkNotifyStart http://localhost:9000
Evaluating tasks: *:playForkNotifyStart
Running task... Cancel: sbt.server.ServerTaskCancellation@76cc0c8a, check cycles: false
Total time: 0 s, completed 2015-maj-12 15:25:29
> server-post-command-cleanup
> server-handle-next-server-request
> {file:/C:/Users/fred/DreamSpace/}root/*:playForkReload
Evaluating tasks: *:playForkReload
Running task... Cancel: sbt.server.ServerTaskCancellation@62fc75e, check cycles: false

Initial source changes: 
	removed:Set()
	added: Set()
	modified: Set(C:\Users\fred\DreamSpace\app\controllers\PacklistDatabase.java)
Removed products: Set()
External API changes: API Changes: Set()
Modified binary dependencies: Set()
Initial directly invalidated sources: Set(C:\Users\fred\DreamSpace\app\controllers\PacklistDatabase.java)

Sources indirectly invalidated by:
	product: Set()
	binary dep: Set()
	external source: Set()
All initially invalidated sources: Set(C:\Users\fred\DreamSpace\app\controllers\PacklistDatabase.java)

Read from stdout: Compiling 1 Java source to C:\Users\fred\DreamSpace\target\scala-2.11\classes...
Compiling 1 Java source to C:\Users\fred\DreamSpace\target\scala-2.11\classes...
Attempting to call com.sun.tools.javac.api.JavacTool@743de1e6 directly...
Read from stdout: C:\Users\fred\DreamSpace\app\controllers\PacklistDatabase.java:41:  java.lang.String cannot be converted to boolean
C:\Users\fred\DreamSpace\app\controllers\PacklistDatabase.java:41:  java.lang.String cannot be converted to boolean
Read from stdout: PersonalComputer
PersonalComputer
Read from stdout: Some messages have been simplified; recompile with -Xdiags:verbose to get full output
Some messages have been simplified; recompile with -Xdiags:verbose to get full output
Total time: 2 s, completed 2015-maj-12 15:25:36
> server-post-command-cleanup
> server-handle-next-server-request
> compile
Evaluating tasks: compile:compile
Running task... Cancel: sbt.server.ServerTaskCancellation@3042291, check cycles: false

Initial source changes: 
	removed:Set()
	added: Set()
	modified: Set()
Removed products: Set()
External API changes: API Changes: Set()
Modified binary dependencies: Set()
Initial directly invalidated sources: Set()

Sources indirectly invalidated by:
	product: Set()
	binary dep: Set()
	external source: Set()
All initially invalidated sources: Set()

Total time: 1 s, completed 2015-maj-12 15:25:56
> server-post-command-cleanup
> server-handle-next-server-request
> jobStop 1
Evaluating tasks: *:jobStop
Running task... Cancel: sbt.server.ServerTaskCancellation@34676657, check cycles: false
Total time: 0 s, completed 2015-maj-12 15:25:56
> server-post-command-cleanup
> server-handle-next-server-request
> backgroundRun
Evaluating tasks: compile:backgroundRun
Running task... Cancel: sbt.server.ServerTaskCancellation@64a4a0de, check cycles: false
Total time: 0 s, completed 2015-maj-12 15:25:57
> server-post-command-cleanup
> server-handle-next-server-request
> {file:/C:/Users/fred/DreamSpace/}root/*:playForkConfig
Evaluating tasks: *:playForkConfig
Running task... Cancel: sbt.server.ServerTaskCancellation@8467c81, check cycles: false
Total time: 1 s, completed 2015-maj-12 15:26:01
> server-post-command-cleanup
> server-handle-next-server-request
> root/playForkNotifyStart http://localhost:9000
Evaluating tasks: *:playForkNotifyStart
Running task... Cancel: sbt.server.ServerTaskCancellation@37e95ef9, check cycles: false
Total time: 0 s, completed 2015-maj-12 15:26:03
> server-post-command-cleanup
> server-handle-next-server-request
> {file:/C:/Users/fred/DreamSpace/}root/*:playForkReload
Evaluating tasks: *:playForkReload
Running task... Cancel: sbt.server.ServerTaskCancellation@7a5f0513, check cycles: false

Initial source changes: 
	removed:Set()
	added: Set()
	modified: Set()
Removed products: Set()
External API changes: API Changes: Set()
Modified binary dependencies: Set()
Initial directly invalidated sources: Set()

Sources indirectly invalidated by:
	product: Set()
	binary dep: Set()
	external source: Set()
All initially invalidated sources: Set()

Copy resource mappings: 
	(C:\Users\fred\DreamSpace\conf\application.conf,C:\Users\fred\DreamSpace\target\scala-2.11\classes\application.conf)
	(C:\Users\fred\DreamSpace\conf\evolutions,C:\Users\fred\DreamSpace\target\scala-2.11\classes\evolutions)
	(C:\Users\fred\DreamSpace\conf\routes,C:\Users\fred\DreamSpace\target\scala-2.11\classes\routes)
	(C:\Users\fred\DreamSpace\conf\evolutions\default,C:\Users\fred\DreamSpace\target\scala-2.11\classes\evolutions\default)
	(C:\Users\fred\DreamSpace\conf\evolutions\default\1.sql,C:\Users\fred\DreamSpace\target\scala-2.11\classes\evolutions\default\1.sql)
Total time: 2 s, completed 2015-maj-12 15:26:06
> server-post-command-cleanup
> server-handle-next-server-request
> compile
Evaluating tasks: compile:compile
Running task... Cancel: sbt.server.ServerTaskCancellation@117437c2, check cycles: false

Initial source changes: 
	removed:Set()
	added: Set(C:\Users\fred\DreamSpace\app\models\Packlist.java)
	modified: Set()
Removed products: Set()
External API changes: API Changes: Set()
Modified binary dependencies: Set()
Initial directly invalidated sources: Set(C:\Users\fred\DreamSpace\app\models\Packlist.java)

Sources indirectly invalidated by:
	product: Set()
	binary dep: Set()
	external source: Set()
All initially invalidated sources: Set(C:\Users\fred\DreamSpace\app\models\Packlist.java)

Read from stdout: Compiling 1 Java source to C:\Users\fred\DreamSpace\target\scala-2.11\classes...
Compiling 1 Java source to C:\Users\fred\DreamSpace\target\scala-2.11\classes...
Attempting to call com.sun.tools.javac.api.JavacTool@9c59910 directly...
Java compilation took 0.079199511 s
Java analysis took 0.029258237 s
Java compile + analysis took 0.161016577 s
Invalidating C:\Users\fred\DreamSpace\app\models\Packlist.java...
Invalidating (transitively) by inheritance from C:\Users\fred\DreamSpace\app\models\Packlist.java...
Initial set of included nodes: Set(C:\Users\fred\DreamSpace\app\models\Packlist.java)
Invalidated by transitive inheritance dependency: Set(C:\Users\fred\DreamSpace\app\models\Packlist.java)
The C:\Users\fred\DreamSpace\app\models\Packlist.java source file has the following regular definitions changed:
	.
All member reference dependencies will be considered within this context.
New invalidations:
	Set()
Initial set of included nodes: Set()
Previously invalidated, but (transitively) depend on new invalidations:
	Set()
All newly invalidated sources after taking into account (previously) recompiled sources:Set()
Total time: 1 s, completed 2015-maj-12 15:30:15
> server-post-command-cleanup
> server-handle-next-server-request
> jobStop 2
Evaluating tasks: *:jobStop
Running task... Cancel: sbt.server.ServerTaskCancellation@702ba054, check cycles: false
Total time: 0 s, completed 2015-maj-12 15:30:15
> server-post-command-cleanup
> server-handle-next-server-request
> backgroundRun
Evaluating tasks: compile:backgroundRun
Running task... Cancel: sbt.server.ServerTaskCancellation@4fc0da35, check cycles: false
Total time: 0 s, completed 2015-maj-12 15:30:15
> server-post-command-cleanup
> server-handle-next-server-request
> {file:/C:/Users/fred/DreamSpace/}root/*:playForkConfig
Evaluating tasks: *:playForkConfig
Running task... Cancel: sbt.server.ServerTaskCancellation@6e1a6684, check cycles: false
Total time: 0 s, completed 2015-maj-12 15:30:18
> server-post-command-cleanup
> server-handle-next-server-request
> root/playForkNotifyStart http://localhost:9000
Evaluating tasks: *:playForkNotifyStart
Running task... Cancel: sbt.server.ServerTaskCancellation@5c5f32cf, check cycles: false
Total time: 0 s, completed 2015-maj-12 15:30:19
> server-post-command-cleanup
> server-handle-next-server-request
> compile
Evaluating tasks: compile:compile
Running task... Cancel: sbt.server.ServerTaskCancellation@f62687c, check cycles: false

Initial source changes: 
	removed:Set()
	added: Set()
	modified: Set(C:\Users\fred\DreamSpace\app\models\Packlist.java)
Removed products: Set()
External API changes: API Changes: Set()
Modified binary dependencies: Set()
Initial directly invalidated sources: Set(C:\Users\fred\DreamSpace\app\models\Packlist.java)

Sources indirectly invalidated by:
	product: Set()
	binary dep: Set()
	external source: Set()
All initially invalidated sources: Set(C:\Users\fred\DreamSpace\app\models\Packlist.java)

Read from stdout: Compiling 1 Java source to C:\Users\fred\DreamSpace\target\scala-2.11\classes...
Compiling 1 Java source to C:\Users\fred\DreamSpace\target\scala-2.11\classes...
Attempting to call com.sun.tools.javac.api.JavacTool@3b31edf7 directly...
Java compilation took 0.457363126 s
Java analysis took 0.179557043 s
Java compile + analysis took 0.651960025 s
Invalidating C:\Users\fred\DreamSpace\app\models\Packlist.java...
Invalidating (transitively) by inheritance from C:\Users\fred\DreamSpace\app\models\Packlist.java...
Initial set of included nodes: Set(C:\Users\fred\DreamSpace\app\models\Packlist.java)
Invalidated by transitive inheritance dependency: Set(C:\Users\fred\DreamSpace\app\models\Packlist.java)
The C:\Users\fred\DreamSpace\app\models\Packlist.java source file has the following regular definitions changed:
	addPropertyChangeListener, notify, _ebean_setFieldIntercept, idType, cancel, uplayID, findPagingList, refresh, removePropertyChangeListener, findUnique, findFutureRowCount, nextId, findFutureList, setParameter, wait, server, userbio, deleteManyToManyAssociations, setListener, setId, steamID, equals, username, getMaxRows, _ebean_createCopy, serverName, findVisit, all, setReadOnly, Model$Finder, _ebean_setEmbeddedLoaded, query, _ebean_getIntercept, setTimeout, ref, Packlist, getFirstRow, setQuery, setOrder, _ebean_getFieldNames, byId, setAutofetch, skypeID, _ebean_getField, notifyAll, _ebean_isEmbeddedNewOrDirty, setUseQueryCache, filter, setRawSql, select, getExpressionFactory, filterMany, _ebean_getMarker, setUseCache, <init>, battlenetID, on, isForUpdate, findSet, saveManyToManyAssociations, getRawSql, order, _ebean_newInstance, findRowCount, orderBy, setMaxRows, findFutureIds, delete, findIds, fetch, copy, setLoadBeanCache, toString, getGeneratedSql, isAutofetchTuned, setMapKey, setBufferFetchSizeHint, where, setFirstRow, setOrderBy, findIterate, favouritegames, getClass, update, type, save, having, setDistinct, userID, findList, _ebean_setField, setBackgroundFetchAfter, twitchID, setForUpdate, _ebean_intercept, hashCode, findMap, _ebean_getFieldIntercept.
All member reference dependencies will be considered within this context.
Name hashing optimization doesn't apply to non-Scala dependency: C:\Users\fred\DreamSpace\app\models\Packlist.java
New invalidations:
	Set()
Initial set of included nodes: Set()
Previously invalidated, but (transitively) depend on new invalidations:
	Set()
All newly invalidated sources after taking into account (previously) recompiled sources:Set()
Total time: 2 s, completed 2015-maj-12 15:30:29
> server-post-command-cleanup
> server-handle-next-server-request
> jobStop 3
Evaluating tasks: *:jobStop
Running task... Cancel: sbt.server.ServerTaskCancellation@5409d04d, check cycles: false
Total time: 0 s, completed 2015-maj-12 15:30:29
> server-post-command-cleanup
> server-handle-next-server-request
> backgroundRun
Evaluating tasks: compile:backgroundRun
Running task... Cancel: sbt.server.ServerTaskCancellation@1733f6e7, check cycles: false
Total time: 0 s, completed 2015-maj-12 15:30:29
> server-post-command-cleanup
> server-handle-next-server-request
> {file:/C:/Users/fred/DreamSpace/}root/*:playForkConfig
Evaluating tasks: *:playForkConfig
Running task... Cancel: sbt.server.ServerTaskCancellation@2b8b4174, check cycles: false
Total time: 0 s, completed 2015-maj-12 15:30:33
> server-post-command-cleanup
> server-handle-next-server-request
> root/playForkNotifyStart http://localhost:9000
Evaluating tasks: *:playForkNotifyStart
Running task... Cancel: sbt.server.ServerTaskCancellation@7e52042c, check cycles: false
Total time: 0 s, completed 2015-maj-12 15:30:34
> server-post-command-cleanup
> server-handle-next-server-request
> compile
Evaluating tasks: compile:compile
Running task... Cancel: sbt.server.ServerTaskCancellation@7e5a0c19, check cycles: false

Initial source changes: 
	removed:Set()
	added: Set()
	modified: Set(C:\Users\fred\DreamSpace\app\models\Packlist.java)
Removed products: Set()
External API changes: API Changes: Set()
Modified binary dependencies: Set()
Initial directly invalidated sources: Set(C:\Users\fred\DreamSpace\app\models\Packlist.java)

Sources indirectly invalidated by:
	product: Set()
	binary dep: Set()
	external source: Set()
All initially invalidated sources: Set(C:\Users\fred\DreamSpace\app\models\Packlist.java)

Read from stdout: Compiling 1 Java source to C:\Users\fred\DreamSpace\target\scala-2.11\classes...
Compiling 1 Java source to C:\Users\fred\DreamSpace\target\scala-2.11\classes...
Attempting to call com.sun.tools.javac.api.JavacTool@3b2f943c directly...
Read from stdout: C:\Users\fred\DreamSpace\app\models\Packlist.java:38: variable userID is already defined in class models.Packlist
C:\Users\fred\DreamSpace\app\models\Packlist.java:38: variable userID is already defined in class models.Packlist
Read from stdout: @Constraints.Required
Read from stdout: public int userID;
@Constraints.Required
public int userID;
Read from stdout: (compile:compileIncremental) javac returned nonzero exit code
(compile:compileIncremental) javac returned nonzero exit code
Total time: 1 s, completed 2015-maj-12 15:31:08
> server-post-command-error-handler
> server-post-command-cleanup
> server-handle-next-server-request
> compile
Evaluating tasks: compile:compile
Running task... Cancel: sbt.server.ServerTaskCancellation@110f1c86, check cycles: false

Initial source changes: 
	removed:Set()
	added: Set()
	modified: Set(C:\Users\fred\DreamSpace\app\models\Packlist.java)
Removed products: Set()
External API changes: API Changes: Set()
Modified binary dependencies: Set()
Initial directly invalidated sources: Set(C:\Users\fred\DreamSpace\app\models\Packlist.java)

Sources indirectly invalidated by:
	product: Set()
	binary dep: Set()
	external source: Set()
All initially invalidated sources: Set(C:\Users\fred\DreamSpace\app\models\Packlist.java)

Read from stdout: Compiling 1 Java source to C:\Users\fred\DreamSpace\target\scala-2.11\classes...
Compiling 1 Java source to C:\Users\fred\DreamSpace\target\scala-2.11\classes...
Attempting to call com.sun.tools.javac.api.JavacTool@543dfc6d directly...
Java compilation took 0.211795337 s
Java analysis took 0.090893117 s
Java compile + analysis took 0.329811512 s
Invalidating C:\Users\fred\DreamSpace\app\models\Packlist.java...
Invalidating (transitively) by inheritance from C:\Users\fred\DreamSpace\app\models\Packlist.java...
Initial set of included nodes: Set(C:\Users\fred\DreamSpace\app\models\Packlist.java)
Invalidated by transitive inheritance dependency: Set(C:\Users\fred\DreamSpace\app\models\Packlist.java)
The C:\Users\fred\DreamSpace\app\models\Packlist.java source file has the following regular definitions changed:
	uplayID, userbio, steamID, username, PersonalComputer, skypeID, Powerstrip, battlenetID, favouritegames, userID, twitchID.
All member reference dependencies will be considered within this context.
Name hashing optimization doesn't apply to non-Scala dependency: C:\Users\fred\DreamSpace\app\models\Packlist.java
New invalidations:
	Set()
Initial set of included nodes: Set()
Previously invalidated, but (transitively) depend on new invalidations:
	Set()
All newly invalidated sources after taking into account (previously) recompiled sources:Set()
Total time: 1 s, completed 2015-maj-12 15:34:32
> server-post-command-cleanup
> server-handle-next-server-request
> jobStop 4
Evaluating tasks: *:jobStop
Running task... Cancel: sbt.server.ServerTaskCancellation@21b690c9, check cycles: false
Total time: 0 s, completed 2015-maj-12 15:34:32
> server-post-command-cleanup
> server-handle-next-server-request
> backgroundRun
Evaluating tasks: compile:backgroundRun
Running task... Cancel: sbt.server.ServerTaskCancellation@4a36145b, check cycles: false
Total time: 0 s, completed 2015-maj-12 15:34:32
> server-post-command-cleanup
> server-handle-next-server-request
> {file:/C:/Users/fred/DreamSpace/}root/*:playForkConfig
Evaluating tasks: *:playForkConfig
Running task... Cancel: sbt.server.ServerTaskCancellation@72aa5f77, check cycles: false
Total time: 0 s, completed 2015-maj-12 15:34:36
> server-post-command-cleanup
> server-handle-next-server-request
> root/playForkNotifyStart http://localhost:9000
Evaluating tasks: *:playForkNotifyStart
Running task... Cancel: sbt.server.ServerTaskCancellation@6bb74855, check cycles: false
Total time: 0 s, completed 2015-maj-12 15:34:37
> server-post-command-cleanup
> server-handle-next-server-request
> {file:/C:/Users/fred/DreamSpace/}root/*:playForkReload
Evaluating tasks: *:playForkReload
Running task... Cancel: sbt.server.ServerTaskCancellation@1c42ac9e, check cycles: false

Initial source changes: 
	removed:Set()
	added: Set()
	modified: Set()
Removed products: Set()
External API changes: API Changes: Set()
Modified binary dependencies: Set()
Initial directly invalidated sources: Set()

Sources indirectly invalidated by:
	product: Set()
	binary dep: Set()
	external source: Set()
All initially invalidated sources: Set()

Copy resource mappings: 
	(C:\Users\fred\DreamSpace\conf\application.conf,C:\Users\fred\DreamSpace\target\scala-2.11\classes\application.conf)
	(C:\Users\fred\DreamSpace\conf\evolutions,C:\Users\fred\DreamSpace\target\scala-2.11\classes\evolutions)
	(C:\Users\fred\DreamSpace\conf\routes,C:\Users\fred\DreamSpace\target\scala-2.11\classes\routes)
	(C:\Users\fred\DreamSpace\conf\evolutions\default,C:\Users\fred\DreamSpace\target\scala-2.11\classes\evolutions\default)
	(C:\Users\fred\DreamSpace\conf\evolutions\default\1.sql,C:\Users\fred\DreamSpace\target\scala-2.11\classes\evolutions\default\1.sql)
Total time: 3 s, completed 2015-maj-12 15:34:40
> server-post-command-cleanup
> server-handle-next-server-request
> compile
Evaluating tasks: compile:compile
Running task... Cancel: sbt.server.ServerTaskCancellation@2568bb2b, check cycles: false

Initial source changes: 
	removed:Set()
	added: Set()
	modified: Set()
Removed products: Set()
External API changes: API Changes: Set()
Modified binary dependencies: Set()
Initial directly invalidated sources: Set()

Sources indirectly invalidated by:
	product: Set()
	binary dep: Set()
	external source: Set()
All initially invalidated sources: Set()

Total time: 1 s, completed 2015-maj-12 15:34:42
> server-post-command-cleanup
> server-handle-next-server-request
> jobStop 5
Evaluating tasks: *:jobStop
Running task... Cancel: sbt.server.ServerTaskCancellation@4be6842d, check cycles: false
Total time: 0 s, completed 2015-maj-12 15:34:42
> server-post-command-cleanup
> server-handle-next-server-request
> backgroundRun
Evaluating tasks: compile:backgroundRun
Running task... Cancel: sbt.server.ServerTaskCancellation@201f06b4, check cycles: false
Total time: 0 s, completed 2015-maj-12 15:34:42
> server-post-command-cleanup
> server-handle-next-server-request
> {file:/C:/Users/fred/DreamSpace/}root/*:playForkConfig
Evaluating tasks: *:playForkConfig
Running task... Cancel: sbt.server.ServerTaskCancellation@634f2f6c, check cycles: false
Total time: 0 s, completed 2015-maj-12 15:34:47
> server-post-command-cleanup
> server-handle-next-server-request
> jobStop 5
Evaluating tasks: *:jobStop
Running task... Cancel: sbt.server.ServerTaskCancellation@40f89318, check cycles: false
Exception in thread "sbt-bg-threads-5" java.lang.Error: java.lang.InterruptedException: sleep interrupted
	at java.util.concurrent.ThreadPoolExecutor.runWorker(ThreadPoolExecutor.java:1148)
	at java.util.concurrent.ThreadPoolExecutor$Worker.run(ThreadPoolExecutor.java:617)
	at java.lang.Thread.run(Thread.java:745)
Caused by: java.lang.InterruptedException: sleep interrupted
	at java.lang.Thread.sleep(Native Method)
	at play.sbt.forkrun.PlayForkProcess$.timedWaitFor$1(PlayForkProcess.scala:57)
	at play.sbt.forkrun.PlayForkProcess$.play$sbt$forkrun$PlayForkProcess$$stop$1(PlayForkProcess.scala:64)
	at play.sbt.forkrun.PlayForkProcess$.run(PlayForkProcess.scala:82)
	at play.sbt.forkrun.PlayForkProcess$.apply(PlayForkProcess.scala:34)
	at play.sbt.forkrun.PlayForkRun$$anonfun$backgroundForkRunTask$1$$anonfun$apply$7$$anonfun$apply$8$$anonfun$apply$9.apply(PlayForkRun.scala:108)
	at play.sbt.forkrun.PlayForkRun$$anonfun$backgroundForkRunTask$1$$anonfun$apply$7$$anonfun$apply$8$$anonfun$apply$9.apply(PlayForkRun.scala:107)
	at sbt.BackgroundThreadPool$$anonfun$1.apply$mcV$sp(AbstractBackgroundJobService.scala:134)
	at sbt.BackgroundThreadPool$BackgroundRunnable.run(AbstractBackgroundJobService.scala:68)
	at java.util.concurrent.ThreadPoolExecutor.runWorker(ThreadPoolExecutor.java:1142)
	... 2 more
Total time: 0 s, completed 2015-maj-12 15:34:48
> server-post-command-cleanup
> server-handle-next-server-request
> jobStop 6
Evaluating tasks: *:jobStop
Running task... Cancel: sbt.server.ServerTaskCancellation@12454a48, check cycles: false
Total time: 0 s, completed 2015-maj-12 15:34:48
> server-post-command-cleanup
> server-handle-next-server-request
> root/playForkNotifyStart http://localhost:9000
Evaluating tasks: *:playForkNotifyStart
Running task... Cancel: sbt.server.ServerTaskCancellation@72e00ae1, check cycles: false
Total time: 0 s, completed 2015-maj-12 15:34:49
> server-post-command-cleanup
> server-handle-next-server-request
> backgroundRun
Evaluating tasks: compile:backgroundRun
Running task... Cancel: sbt.server.ServerTaskCancellation@69d2dc76, check cycles: false
Total time: 0 s, completed 2015-maj-12 15:34:57
> server-post-command-cleanup
> server-handle-next-server-request
> {file:/C:/Users/fred/DreamSpace/}root/*:playForkConfig
Evaluating tasks: *:playForkConfig
Running task... Cancel: sbt.server.ServerTaskCancellation@22f40679, check cycles: false
Total time: 0 s, completed 2015-maj-12 15:35:00
> server-post-command-cleanup
> server-handle-next-server-request
> root/playForkNotifyStart http://localhost:9000
Evaluating tasks: *:playForkNotifyStart
Running task... Cancel: sbt.server.ServerTaskCancellation@55423def, check cycles: false
Total time: 0 s, completed 2015-maj-12 15:35:01
> server-post-command-cleanup
> server-handle-next-server-request
> {file:/C:/Users/fred/DreamSpace/}root/*:playForkReload
Evaluating tasks: *:playForkReload
Running task... Cancel: sbt.server.ServerTaskCancellation@5bf45d07, check cycles: false

Initial source changes: 
	removed:Set()
	added: Set()
	modified: Set()
Removed products: Set()
External API changes: API Changes: Set()
Modified binary dependencies: Set()
Initial directly invalidated sources: Set()

Sources indirectly invalidated by:
	product: Set()
	binary dep: Set()
	external source: Set()
All initially invalidated sources: Set()

Copy resource mappings: 
	(C:\Users\fred\DreamSpace\conf\application.conf,C:\Users\fred\DreamSpace\target\scala-2.11\classes\application.conf)
	(C:\Users\fred\DreamSpace\conf\evolutions,C:\Users\fred\DreamSpace\target\scala-2.11\classes\evolutions)
	(C:\Users\fred\DreamSpace\conf\routes,C:\Users\fred\DreamSpace\target\scala-2.11\classes\routes)
	(C:\Users\fred\DreamSpace\conf\evolutions\default,C:\Users\fred\DreamSpace\target\scala-2.11\classes\evolutions\default)
	(C:\Users\fred\DreamSpace\conf\evolutions\default\1.sql,C:\Users\fred\DreamSpace\target\scala-2.11\classes\evolutions\default\1.sql)
Total time: 2 s, completed 2015-maj-12 15:35:05
> server-post-command-cleanup
> server-handle-next-server-request
> compile
Evaluating tasks: compile:compile
Running task... Cancel: sbt.server.ServerTaskCancellation@7b82addb, check cycles: false

Initial source changes: 
	removed:Set()
	added: Set()
	modified: Set()
Removed products: Set()
External API changes: API Changes: Set()
Modified binary dependencies: Set()
Initial directly invalidated sources: Set()

Sources indirectly invalidated by:
	product: Set()
	binary dep: Set()
	external source: Set()
All initially invalidated sources: Set()

Total time: 1 s, completed 2015-maj-12 15:59:40
> server-post-command-cleanup
> server-handle-next-server-request
> jobStop 7
Evaluating tasks: *:jobStop
Running task... Cancel: sbt.server.ServerTaskCancellation@1478c1b5, check cycles: false
Total time: 0 s, completed 2015-maj-12 15:59:40
> server-post-command-cleanup
> server-handle-next-server-request
> backgroundRun
Evaluating tasks: compile:backgroundRun
Running task... Cancel: sbt.server.ServerTaskCancellation@26a3983b, check cycles: false
Total time: 0 s, completed 2015-maj-12 15:59:41
> server-post-command-cleanup
> server-handle-next-server-request
> {file:/C:/Users/fred/DreamSpace/}root/*:playForkConfig
Evaluating tasks: *:playForkConfig
Running task... Cancel: sbt.server.ServerTaskCancellation@5289f095, check cycles: false
Total time: 0 s, completed 2015-maj-12 15:59:45
> server-post-command-cleanup
> server-handle-next-server-request
> root/playForkNotifyStart http://localhost:9000
Evaluating tasks: *:playForkNotifyStart
Running task... Cancel: sbt.server.ServerTaskCancellation@d768597, check cycles: false
Total time: 0 s, completed 2015-maj-12 15:59:46
> server-post-command-cleanup
> server-handle-next-server-request
